[0]Testing 7fb829f49000
[1]Testing 7fb829f4e000
[2]Testing 7fb829f59000
[3]Testing 7fb829f69000
[4]Testing 7fb829f85000
[5]Testing 7fb829fa2000
[6]Testing 7fb829fa3000
[7]Testing 7fb829fa8000
[8]Testing 7fb829fa9000
[9]Testing 7fb829faa000
[10]Testing 7fb829fab000
[11]Testing 7fb829fae000
[12]Testing 7fb829faf000
[13]Testing 7fb829fba000
++++++++++++++++++++
(0x7fb829fba000,0x7fb82a650000) Found [0x7fb82a672000] bitflip [544]=0xf7
(0x7fb829fba000,0x7fb82a650000) Found [0x7fb82a672000] bitflip [770]=0xf7
(0x7fb829fba000,0x7fb82a650000) Found [0x7fb82a672000] bitflip [968]=0xdf
(0x7fb829fba000,0x7fb82a650000) Found [0x7fb82a672000] bitflip [1857]=0xdf
(0x7fb829fba000,0x7fb82a650000) Found [0x7fb82a672000] bitflip [1949]=0xef
(0x7fb829fba000,0x7fb82a650000) Found [0x7fb82a672000] bitflip [3185]=0xfb
(0x7fb829fba000,0x7fb82a650000) Found [0x7fb82a672000] bitflip [3214]=0xdf
(0x7fb829fba000,0x7fb82a650000) Found [0x7fb82a672000] bitflip [3689]=0xef
(0x7fb829fba000,0x7fb82a650000) Found [0x7fb82a672000] bitflip [3864]=0xfb
---------------------
(0x7fb829fba000,0x7fb82a650000) Found [0x7fb82a673000] bitflip [2408]=0xf7
(0x7fb829fba000,0x7fb82a650000) Found [0x7fb82a673000] bitflip [3710]=0xef
---------------------
++++++++++++++++++++
(0x7fb829fba000,0x7fb82a651000) Found [0x7fb82a672000] bitflip [968]=0xdf
(0x7fb829fba000,0x7fb82a651000) Found [0x7fb82a672000] bitflip [1949]=0xef
(0x7fb829fba000,0x7fb82a651000) Found [0x7fb82a672000] bitflip [3214]=0xdf
(0x7fb829fba000,0x7fb82a651000) Found [0x7fb82a672000] bitflip [3689]=0xef
(0x7fb829fba000,0x7fb82a651000) Found [0x7fb82a672000] bitflip [3864]=0xfb
---------------------
(0x7fb829fba000,0x7fb82a651000) Found [0x7fb82a673000] bitflip [1264]=0xef
(0x7fb829fba000,0x7fb82a651000) Found [0x7fb82a673000] bitflip [2327]=0x7f
(0x7fb829fba000,0x7fb82a651000) Found [0x7fb82a673000] bitflip [2408]=0xf7
(0x7fb829fba000,0x7fb82a651000) Found [0x7fb82a673000] bitflip [3710]=0xef
---------------------
[14]Testing 7fb829fcc000
++++++++++++++++++++
(0x7fb829fcc000,0x7fb82a334000) Found [0x7fb82a4d6000] bitflip [596]=0xfd
(0x7fb829fcc000,0x7fb82a334000) Found [0x7fb82a4d6000] bitflip [2009]=0xfd
(0x7fb829fcc000,0x7fb82a334000) Found [0x7fb82a4d6000] bitflip [2442]=0xfd
---------------------
++++++++++++++++++++
(0x7fb829fcc000,0x7fb82a335000) Found [0x7fb82a4d6000] bitflip [2009]=0xfd
(0x7fb829fcc000,0x7fb82a335000) Found [0x7fb82a4d6000] bitflip [2442]=0xfd
---------------------
(0x7fb829fcc000,0x7fb82a335000) Found [0x7fb82a4d7000] bitflip [791]=0xdf
---------------------
[15]Testing 7fb829ff0000
[16]Testing 7fb829ffd000
[17]Testing 7fb82a00a000
[18]Testing 7fb82a014000
++++++++++++++++++++
(0x7fb82a014000,0x7fb82a60c000) Found [0x7fb82a62e000] bitflip [93]=0xfb
(0x7fb82a014000,0x7fb82a60c000) Found [0x7fb82a62e000] bitflip [938]=0xf7
(0x7fb82a014000,0x7fb82a60c000) Found [0x7fb82a62e000] bitflip [983]=0xf7
(0x7fb82a014000,0x7fb82a60c000) Found [0x7fb82a62e000] bitflip [1218]=0xfe
(0x7fb82a014000,0x7fb82a60c000) Found [0x7fb82a62e000] bitflip [1557]=0xf7
(0x7fb82a014000,0x7fb82a60c000) Found [0x7fb82a62e000] bitflip [3064]=0xdf
(0x7fb82a014000,0x7fb82a60c000) Found [0x7fb82a62e000] bitflip [3532]=0x7f
(0x7fb82a014000,0x7fb82a60c000) Found [0x7fb82a62e000] bitflip [3703]=0xfe
---------------------
(0x7fb82a014000,0x7fb82a60c000) Found [0x7fb82a62f000] bitflip [795]=0x7f
(0x7fb82a014000,0x7fb82a60c000) Found [0x7fb82a62f000] bitflip [1822]=0xef
(0x7fb82a014000,0x7fb82a60c000) Found [0x7fb82a62f000] bitflip [3866]=0xdf
---------------------
++++++++++++++++++++
(0x7fb82a014000,0x7fb82a60d000) Found [0x7fb82a62e000] bitflip [938]=0xf7
(0x7fb82a014000,0x7fb82a60d000) Found [0x7fb82a62e000] bitflip [3064]=0xdf
(0x7fb82a014000,0x7fb82a60d000) Found [0x7fb82a62e000] bitflip [3532]=0x7f
---------------------
(0x7fb82a014000,0x7fb82a60d000) Found [0x7fb82a62f000] bitflip [883]=0xf7
(0x7fb82a014000,0x7fb82a60d000) Found [0x7fb82a62f000] bitflip [1075]=0xbf
(0x7fb82a014000,0x7fb82a60d000) Found [0x7fb82a62f000] bitflip [2546]=0xdf
(0x7fb82a014000,0x7fb82a60d000) Found [0x7fb82a62f000] bitflip [3866]=0xdf
---------------------
[19]Testing 7fb82a042000
[20]Testing 7fb82a046000
[21]Testing 7fb82a04f000
++++++++++++++++++++
(0x7fb82a04f000,0x7fb82a726000) Found [0x7fb82a704000] bitflip [208]=0xf7
(0x7fb82a04f000,0x7fb82a726000) Found [0x7fb82a704000] bitflip [647]=0x7f
(0x7fb82a04f000,0x7fb82a726000) Found [0x7fb82a704000] bitflip [971]=0xef
(0x7fb82a04f000,0x7fb82a726000) Found [0x7fb82a704000] bitflip [1306]=0xdf
(0x7fb82a04f000,0x7fb82a726000) Found [0x7fb82a704000] bitflip [2738]=0xef
---------------------
(0x7fb82a04f000,0x7fb82a726000) Found [0x7fb82a705000] bitflip [936]=0xef
(0x7fb82a04f000,0x7fb82a726000) Found [0x7fb82a705000] bitflip [1900]=0x7f
(0x7fb82a04f000,0x7fb82a726000) Found [0x7fb82a705000] bitflip [3306]=0xfb
(0x7fb82a04f000,0x7fb82a726000) Found [0x7fb82a705000] bitflip [3483]=0x7f
(0x7fb82a04f000,0x7fb82a726000) Found [0x7fb82a705000] bitflip [4058]=0x7f
---------------------
++++++++++++++++++++
(0x7fb82a04f000,0x7fb82a727000) Found [0x7fb82a704000] bitflip [971]=0xef
(0x7fb82a04f000,0x7fb82a727000) Found [0x7fb82a704000] bitflip [1306]=0xdf
---------------------
(0x7fb82a04f000,0x7fb82a727000) Found [0x7fb82a705000] bitflip [936]=0xef
(0x7fb82a04f000,0x7fb82a727000) Found [0x7fb82a705000] bitflip [1900]=0x7f
(0x7fb82a04f000,0x7fb82a727000) Found [0x7fb82a705000] bitflip [3306]=0xfb
(0x7fb82a04f000,0x7fb82a727000) Found [0x7fb82a705000] bitflip [3483]=0x7f
(0x7fb82a04f000,0x7fb82a727000) Found [0x7fb82a705000] bitflip [4058]=0x7f
---------------------
[22]Testing 7fb82a090000
[23]Testing 7fb82a091000
[24]Testing 7fb82a0a6000
[25]Testing 7fb82a0a7000
[26]Testing 7fb82a0a8000
[27]Testing 7fb82a0a9000
[28]Testing 7fb82a0aa000
[29]Testing 7fb82a0ab000
[30]Testing 7fb82a0d6000
++++++++++++++++++++
(0x7fb82a0d6000,0x7fb82a4f8000) Found [0x7fb82a2fe000] bitflip [1387]=0xf7
(0x7fb82a0d6000,0x7fb82a4f8000) Found [0x7fb82a2fe000] bitflip [1462]=0xfe
(0x7fb82a0d6000,0x7fb82a4f8000) Found [0x7fb82a2fe000] bitflip [1567]=0xfd
(0x7fb82a0d6000,0x7fb82a4f8000) Found [0x7fb82a2fe000] bitflip [2056]=0x7f
(0x7fb82a0d6000,0x7fb82a4f8000) Found [0x7fb82a2fe000] bitflip [2788]=0xfd
(0x7fb82a0d6000,0x7fb82a4f8000) Found [0x7fb82a2fe000] bitflip [3712]=0xfe
(0x7fb82a0d6000,0x7fb82a4f8000) Found [0x7fb82a2fe000] bitflip [3754]=0x7f
(0x7fb82a0d6000,0x7fb82a4f8000) Found [0x7fb82a2fe000] bitflip [4040]=0xf7
---------------------
(0x7fb82a0d6000,0x7fb82a4f8000) Found [0x7fb82a2ff000] bitflip [3322]=0xfd
---------------------
++++++++++++++++++++
(0x7fb82a0d6000,0x7fb82a4f9000) Found [0x7fb82a2fe000] bitflip [1462]=0xfe
(0x7fb82a0d6000,0x7fb82a4f9000) Found [0x7fb82a2fe000] bitflip [2788]=0xfd
(0x7fb82a0d6000,0x7fb82a4f9000) Found [0x7fb82a2fe000] bitflip [3712]=0xfe
---------------------
(0x7fb82a0d6000,0x7fb82a4f9000) Found [0x7fb82a2ff000] bitflip [585]=0xef
(0x7fb82a0d6000,0x7fb82a4f9000) Found [0x7fb82a2ff000] bitflip [587]=0xbf
(0x7fb82a0d6000,0x7fb82a4f9000) Found [0x7fb82a2ff000] bitflip [2456]=0xef
(0x7fb82a0d6000,0x7fb82a4f9000) Found [0x7fb82a2ff000] bitflip [2825]=0xef
(0x7fb82a0d6000,0x7fb82a4f9000) Found [0x7fb82a2ff000] bitflip [3322]=0xfd
---------------------
[31]Testing 7fb82a0d7000
++++++++++++++++++++
(0x7fb82a0d7000,0x7fb82a4f8000) Found [0x7fb82a2fe000] bitflip [1387]=0xf7
(0x7fb82a0d7000,0x7fb82a4f8000) Found [0x7fb82a2fe000] bitflip [1567]=0xfd
(0x7fb82a0d7000,0x7fb82a4f8000) Found [0x7fb82a2fe000] bitflip [2056]=0x7f
(0x7fb82a0d7000,0x7fb82a4f8000) Found [0x7fb82a2fe000] bitflip [3754]=0x7f
---------------------
(0x7fb82a0d7000,0x7fb82a4f8000) Found [0x7fb82a2ff000] bitflip [848]=0xfb
(0x7fb82a0d7000,0x7fb82a4f8000) Found [0x7fb82a2ff000] bitflip [934]=0xfb
(0x7fb82a0d7000,0x7fb82a4f8000) Found [0x7fb82a2ff000] bitflip [3322]=0xfd
---------------------
++++++++++++++++++++
(0x7fb82a0d7000,0x7fb82a4f9000) Found [0x7fb82a2ff000] bitflip [585]=0xef
(0x7fb82a0d7000,0x7fb82a4f9000) Found [0x7fb82a2ff000] bitflip [934]=0xfb
(0x7fb82a0d7000,0x7fb82a4f9000) Found [0x7fb82a2ff000] bitflip [2456]=0xef
(0x7fb82a0d7000,0x7fb82a4f9000) Found [0x7fb82a2ff000] bitflip [2825]=0xef
(0x7fb82a0d7000,0x7fb82a4f9000) Found [0x7fb82a2ff000] bitflip [3322]=0xfd
---------------------
[32]Testing 7fb82a0ec000
++++++++++++++++++++
(0x7fb82a0ec000,0x7fb82a9f2000) Found [0x7fb82a9d0000] bitflip [593]=0x7f
(0x7fb82a0ec000,0x7fb82a9f2000) Found [0x7fb82a9d0000] bitflip [666]=0xfd
(0x7fb82a0ec000,0x7fb82a9f2000) Found [0x7fb82a9d0000] bitflip [1312]=0xef
(0x7fb82a0ec000,0x7fb82a9f2000) Found [0x7fb82a9d0000] bitflip [1662]=0xef
(0x7fb82a0ec000,0x7fb82a9f2000) Found [0x7fb82a9d0000] bitflip [1720]=0xbf
(0x7fb82a0ec000,0x7fb82a9f2000) Found [0x7fb82a9d0000] bitflip [2487]=0xf7
(0x7fb82a0ec000,0x7fb82a9f2000) Found [0x7fb82a9d0000] bitflip [3489]=0xbf
(0x7fb82a0ec000,0x7fb82a9f2000) Found [0x7fb82a9d0000] bitflip [3935]=0xf7
---------------------
++++++++++++++++++++
(0x7fb82a0ec000,0x7fb82a9f3000) Found [0x7fb82a9d0000] bitflip [666]=0xfd
(0x7fb82a0ec000,0x7fb82a9f3000) Found [0x7fb82a9d0000] bitflip [1288]=0xf7
(0x7fb82a0ec000,0x7fb82a9f3000) Found [0x7fb82a9d0000] bitflip [1662]=0xef
(0x7fb82a0ec000,0x7fb82a9f3000) Found [0x7fb82a9d0000] bitflip [1720]=0xbf
(0x7fb82a0ec000,0x7fb82a9f3000) Found [0x7fb82a9d0000] bitflip [3935]=0xf7
---------------------
(0x7fb82a0ec000,0x7fb82a9f3000) Found [0x7fb82a9d1000] bitflip [212]=0xf7
(0x7fb82a0ec000,0x7fb82a9f3000) Found [0x7fb82a9d1000] bitflip [513]=0xfb
(0x7fb82a0ec000,0x7fb82a9f3000) Found [0x7fb82a9d1000] bitflip [1315]=0xf7
(0x7fb82a0ec000,0x7fb82a9f3000) Found [0x7fb82a9d1000] bitflip [1398]=0xbf
(0x7fb82a0ec000,0x7fb82a9f3000) Found [0x7fb82a9d1000] bitflip [1427]=0xf7
(0x7fb82a0ec000,0x7fb82a9f3000) Found [0x7fb82a9d1000] bitflip [2886]=0xfd
(0x7fb82a0ec000,0x7fb82a9f3000) Found [0x7fb82a9d1000] bitflip [2912]=0xfe
---------------------
[33]Testing 7fb82a0ed000
++++++++++++++++++++
(0x7fb82a0ed000,0x7fb82a9f2000) Found [0x7fb82a9d0000] bitflip [593]=0x7f
(0x7fb82a0ed000,0x7fb82a9f2000) Found [0x7fb82a9d0000] bitflip [1312]=0xef
(0x7fb82a0ed000,0x7fb82a9f2000) Found [0x7fb82a9d0000] bitflip [2464]=0x7f
(0x7fb82a0ed000,0x7fb82a9f2000) Found [0x7fb82a9d0000] bitflip [3489]=0xbf
---------------------
(0x7fb82a0ed000,0x7fb82a9f2000) Found [0x7fb82a9d1000] bitflip [367]=0xf7
(0x7fb82a0ed000,0x7fb82a9f2000) Found [0x7fb82a9d1000] bitflip [792]=0xf7
(0x7fb82a0ed000,0x7fb82a9f2000) Found [0x7fb82a9d1000] bitflip [3194]=0xfd
(0x7fb82a0ed000,0x7fb82a9f2000) Found [0x7fb82a9d1000] bitflip [3528]=0xf7
(0x7fb82a0ed000,0x7fb82a9f2000) Found [0x7fb82a9d1000] bitflip [3656]=0xdf
---------------------
++++++++++++++++++++
(0x7fb82a0ed000,0x7fb82a9f3000) Found [0x7fb82a9d1000] bitflip [212]=0xf7
(0x7fb82a0ed000,0x7fb82a9f3000) Found [0x7fb82a9d1000] bitflip [367]=0xf7
(0x7fb82a0ed000,0x7fb82a9f3000) Found [0x7fb82a9d1000] bitflip [792]=0xf7
(0x7fb82a0ed000,0x7fb82a9f3000) Found [0x7fb82a9d1000] bitflip [1315]=0xf7
(0x7fb82a0ed000,0x7fb82a9f3000) Found [0x7fb82a9d1000] bitflip [1398]=0xbf
(0x7fb82a0ed000,0x7fb82a9f3000) Found [0x7fb82a9d1000] bitflip [1427]=0xf7
(0x7fb82a0ed000,0x7fb82a9f3000) Found [0x7fb82a9d1000] bitflip [2886]=0xfd
(0x7fb82a0ed000,0x7fb82a9f3000) Found [0x7fb82a9d1000] bitflip [3194]=0xfd
(0x7fb82a0ed000,0x7fb82a9f3000) Found [0x7fb82a9d1000] bitflip [3528]=0xf7
(0x7fb82a0ed000,0x7fb82a9f3000) Found [0x7fb82a9d1000] bitflip [3656]=0xdf
---------------------
[34]Testing 7fb82a0f4000
[35]Testing 7fb82a0f5000
[36]Testing 7fb82a116000
[37]Testing 7fb82a117000
[38]Testing 7fb82a154000
[39]Testing 7fb82a155000
[40]Testing 7fb82a184000
++++++++++++++++++++
(0x7fb82a184000,0x7fb82a7b4000) Found [0x7fb82a7d6000] bitflip [1310]=0xfd
(0x7fb82a184000,0x7fb82a7b4000) Found [0x7fb82a7d6000] bitflip [2091]=0xef
(0x7fb82a184000,0x7fb82a7b4000) Found [0x7fb82a7d6000] bitflip [2203]=0xfe
(0x7fb82a184000,0x7fb82a7b4000) Found [0x7fb82a7d6000] bitflip [3280]=0xf7
(0x7fb82a184000,0x7fb82a7b4000) Found [0x7fb82a7d6000] bitflip [3293]=0xdf
(0x7fb82a184000,0x7fb82a7b4000) Found [0x7fb82a7d6000] bitflip [3866]=0xfd
---------------------
++++++++++++++++++++
(0x7fb82a184000,0x7fb82a7b5000) Found [0x7fb82a7d6000] bitflip [1176]=0xf7
(0x7fb82a184000,0x7fb82a7b5000) Found [0x7fb82a7d6000] bitflip [1310]=0xfd
(0x7fb82a184000,0x7fb82a7b5000) Found [0x7fb82a7d6000] bitflip [1784]=0xbf
(0x7fb82a184000,0x7fb82a7b5000) Found [0x7fb82a7d6000] bitflip [2091]=0xef
(0x7fb82a184000,0x7fb82a7b5000) Found [0x7fb82a7d6000] bitflip [2203]=0xfe
(0x7fb82a184000,0x7fb82a7b5000) Found [0x7fb82a7d6000] bitflip [3293]=0xdf
(0x7fb82a184000,0x7fb82a7b5000) Found [0x7fb82a7d6000] bitflip [3866]=0xfd
---------------------
(0x7fb82a184000,0x7fb82a7b5000) Found [0x7fb82a7d7000] bitflip [1893]=0xfd
(0x7fb82a184000,0x7fb82a7b5000) Found [0x7fb82a7d7000] bitflip [1952]=0xfe
(0x7fb82a184000,0x7fb82a7b5000) Found [0x7fb82a7d7000] bitflip [2948]=0xfd
---------------------
[41]Testing 7fb82a185000
++++++++++++++++++++
(0x7fb82a185000,0x7fb82a7b4000) Found [0x7fb82a7d6000] bitflip [1668]=0xbf
---------------------
(0x7fb82a185000,0x7fb82a7b4000) Found [0x7fb82a7d7000] bitflip [235]=0xbf
(0x7fb82a185000,0x7fb82a7b4000) Found [0x7fb82a7d7000] bitflip [669]=0xef
(0x7fb82a185000,0x7fb82a7b4000) Found [0x7fb82a7d7000] bitflip [2175]=0x7f
(0x7fb82a185000,0x7fb82a7b4000) Found [0x7fb82a7d7000] bitflip [3215]=0xdf
---------------------
++++++++++++++++++++
(0x7fb82a185000,0x7fb82a7b5000) Found [0x7fb82a7d7000] bitflip [235]=0xbf
(0x7fb82a185000,0x7fb82a7b5000) Found [0x7fb82a7d7000] bitflip [669]=0xef
(0x7fb82a185000,0x7fb82a7b5000) Found [0x7fb82a7d7000] bitflip [1893]=0xfd
(0x7fb82a185000,0x7fb82a7b5000) Found [0x7fb82a7d7000] bitflip [1952]=0xfe
(0x7fb82a185000,0x7fb82a7b5000) Found [0x7fb82a7d7000] bitflip [2175]=0x7f
(0x7fb82a185000,0x7fb82a7b5000) Found [0x7fb82a7d7000] bitflip [2948]=0xfd
---------------------
[42]Testing 7fb82a1a0000
[43]Testing 7fb82a1a1000
[44]Testing 7fb82a1fa000
[45]Testing 7fb82a1fb000
[46]Testing 7fb82a210000
[47]Testing 7fb82a211000
[48]Testing 7fb82a26e000
[49]Testing 7fb82a26f000
[50]Testing 7fb82a286000
[51]Testing 7fb82a287000
[52]Testing 7fb82a29a000
++++++++++++++++++++
(0x7fb82a29a000,0x7fb82a4d6000) Found [0x7fb829fcc000] bitflip [476]=0xfd
---------------------
[53]Testing 7fb82a29b000
[54]Testing 7fb82a29c000
[55]Testing 7fb82a29d000
[56]Testing 7fb82a2bc000
[57]Testing 7fb82a2bd000
[58]Testing 7fb82a2ca000
[59]Testing 7fb82a2cb000
[60]Testing 7fb82a2fe000
++++++++++++++++++++
(0x7fb82a2fe000,0x7fb82a48a000) Found [0x7fb82a4f8000] bitflip [44]=0xdf
(0x7fb82a2fe000,0x7fb82a48a000) Found [0x7fb82a4f8000] bitflip [205]=0xfb
(0x7fb82a2fe000,0x7fb82a48a000) Found [0x7fb82a4f8000] bitflip [1499]=0xdf
(0x7fb82a2fe000,0x7fb82a48a000) Found [0x7fb82a4f8000] bitflip [1670]=0xdf
(0x7fb82a2fe000,0x7fb82a48a000) Found [0x7fb82a4f8000] bitflip [2391]=0x7f
---------------------
++++++++++++++++++++
(0x7fb82a2fe000,0x7fb82a48b000) Found [0x7fb82a4f8000] bitflip [44]=0xdf
(0x7fb82a2fe000,0x7fb82a48b000) Found [0x7fb82a4f8000] bitflip [205]=0xfb
(0x7fb82a2fe000,0x7fb82a48b000) Found [0x7fb82a4f8000] bitflip [1499]=0xdf
(0x7fb82a2fe000,0x7fb82a48b000) Found [0x7fb82a4f8000] bitflip [1670]=0xdf
---------------------
(0x7fb82a2fe000,0x7fb82a48b000) Found [0x7fb82a4f9000] bitflip [23]=0xdf
(0x7fb82a2fe000,0x7fb82a48b000) Found [0x7fb82a4f9000] bitflip [726]=0xfb
(0x7fb82a2fe000,0x7fb82a48b000) Found [0x7fb82a4f9000] bitflip [1025]=0xfd
(0x7fb82a2fe000,0x7fb82a48b000) Found [0x7fb82a4f9000] bitflip [1479]=0xef
(0x7fb82a2fe000,0x7fb82a48b000) Found [0x7fb82a4f9000] bitflip [3987]=0xbf
---------------------
[61]Testing 7fb82a2ff000
++++++++++++++++++++
(0x7fb82a2ff000,0x7fb82a48a000) Found [0x7fb82a4f8000] bitflip [1670]=0xdf
(0x7fb82a2ff000,0x7fb82a48a000) Found [0x7fb82a4f8000] bitflip [2391]=0x7f
---------------------
(0x7fb82a2ff000,0x7fb82a48a000) Found [0x7fb82a4f9000] bitflip [216]=0xbf
(0x7fb82a2ff000,0x7fb82a48a000) Found [0x7fb82a4f9000] bitflip [1806]=0xef
(0x7fb82a2ff000,0x7fb82a48a000) Found [0x7fb82a4f9000] bitflip [2392]=0xfe
---------------------
++++++++++++++++++++
(0x7fb82a2ff000,0x7fb82a48b000) Found [0x7fb82a4f8000] bitflip [1670]=0xdf
---------------------
(0x7fb82a2ff000,0x7fb82a48b000) Found [0x7fb82a4f9000] bitflip [23]=0xdf
(0x7fb82a2ff000,0x7fb82a48b000) Found [0x7fb82a4f9000] bitflip [216]=0xbf
(0x7fb82a2ff000,0x7fb82a48b000) Found [0x7fb82a4f9000] bitflip [726]=0xfb
(0x7fb82a2ff000,0x7fb82a48b000) Found [0x7fb82a4f9000] bitflip [1025]=0xfd
(0x7fb82a2ff000,0x7fb82a48b000) Found [0x7fb82a4f9000] bitflip [1479]=0xef
(0x7fb82a2ff000,0x7fb82a48b000) Found [0x7fb82a4f9000] bitflip [1806]=0xef
(0x7fb82a2ff000,0x7fb82a48b000) Found [0x7fb82a4f9000] bitflip [2392]=0xfe
(0x7fb82a2ff000,0x7fb82a48b000) Found [0x7fb82a4f9000] bitflip [3987]=0xbf
---------------------
[62]Testing 7fb82a312000
[63]Testing 7fb82a313000
[64]Testing 7fb82a328000
[65]Testing 7fb82a329000
