[0]Testing 7f13bed6e000
[1]Testing 7f13bed72000
[2]Testing 7f13bed82000
[3]Testing 7f13bed87000
[4]Testing 7f13bed94000
[5]Testing 7f13bedc7000
[6]Testing 7f13bedc8000
[7]Testing 7f13bedd7000
[8]Testing 7f13bede5000
[9]Testing 7f13bede7000
[10]Testing 7f13bee17000
[11]Testing 7f13bee1d000
[12]Testing 7f13bee25000
[13]Testing 7f13bee3c000
[14]Testing 7f13bee53000
[15]Testing 7f13bee59000
[16]Testing 7f13bee5f000
[17]Testing 7f13bee6e000
[18]Testing 7f13bee75000
[19]Testing 7f13bee81000
[20]Testing 7f13bee89000
[21]Testing 7f13bee8a000
[22]Testing 7f13bee92000
[23]Testing 7f13beec8000
[24]Testing 7f13beed6000
[25]Testing 7f13beed8000
[26]Testing 7f13beef1000
[27]Testing 7f13beefe000
[28]Testing 7f13bef26000
[29]Testing 7f13bef32000
[30]Testing 7f13bef39000
[31]Testing 7f13bef3d000
[32]Testing 7f13bef3f000
[33]Testing 7f13bef54000
[34]Testing 7f13bef5b000
[35]Testing 7f13bef65000
[36]Testing 7f13bef6b000
[37]Testing 7f13bef96000
[38]Testing 7f13bef9a000
[39]Testing 7f13befab000
[40]Testing 7f13befc8000
[41]Testing 7f13befd0000
[42]Testing 7f13befd1000
[43]Testing 7f13befde000
[44]Testing 7f13befeb000
[45]Testing 7f13beff0000
[46]Testing 7f13beff4000
[47]Testing 7f13beff6000
[48]Testing 7f13beff9000
[49]Testing 7f13bf000000
++++++++++++++++++++
(0x7f13bf000000,0x7f13bf0b7000) Found [0x7f13bf108000] bitflip [79]=0xfb
(0x7f13bf000000,0x7f13bf0b7000) Found [0x7f13bf108000] bitflip [1341]=0xf7
(0x7f13bf000000,0x7f13bf0b7000) Found [0x7f13bf108000] bitflip [1534]=0x7f
(0x7f13bf000000,0x7f13bf0b7000) Found [0x7f13bf108000] bitflip [1665]=0xfe
(0x7f13bf000000,0x7f13bf0b7000) Found [0x7f13bf108000] bitflip [2921]=0xbf
---------------------
[50]Testing 7f13bf005000
[51]Testing 7f13bf00b000
[52]Testing 7f13bf00c000
[53]Testing 7f13bf01a000
[54]Testing 7f13bf02c000
[55]Testing 7f13bf033000
[56]Testing 7f13bf064000
[57]Testing 7f13bf08a000
[58]Testing 7f13bf08b000
[59]Testing 7f13bf08f000
[60]Testing 7f13bf09c000
