#./tcrh -s 16 -o vm-16mb-20min.log -e $((20*60))
#475 bit flips of which 297 are unique: cut -d" " -f3,5 vm-16mb-20min.log | sort | uniq | wc -l

[0]Testing 7fa5d396b000
[1]Testing 7fa5d39a1000
[2]Testing 7fa5d39b6000
[3]Testing 7fa5d39b7000
[4]Testing 7fa5d39c1000
[5]Testing 7fa5d39c2000
[6]Testing 7fa5d39db000
[7]Testing 7fa5d39e6000
[8]Testing 7fa5d39f3000
[9]Testing 7fa5d3a04000
++++++++++++++++++++
(0x7fa5d3a04000,0x7fa5d40f4000) Found [0x7fa5d4112000] bitflip [848]=0xfe
(0x7fa5d3a04000,0x7fa5d40f4000) Found [0x7fa5d4112000] bitflip [1138]=0xbf
(0x7fa5d3a04000,0x7fa5d40f4000) Found [0x7fa5d4112000] bitflip [1634]=0xfd
(0x7fa5d3a04000,0x7fa5d40f4000) Found [0x7fa5d4112000] bitflip [1635]=0xdf
(0x7fa5d3a04000,0x7fa5d40f4000) Found [0x7fa5d4112000] bitflip [2929]=0xbf
(0x7fa5d3a04000,0x7fa5d40f4000) Found [0x7fa5d4112000] bitflip [3032]=0xf7
(0x7fa5d3a04000,0x7fa5d40f4000) Found [0x7fa5d4112000] bitflip [3984]=0xfb
(0x7fa5d3a04000,0x7fa5d40f4000) Found [0x7fa5d4112000] bitflip [4073]=0xef
---------------------
++++++++++++++++++++
(0x7fa5d3a04000,0x7fa5d40f5000) Found [0x7fa5d4112000] bitflip [2793]=0xfe
(0x7fa5d3a04000,0x7fa5d40f5000) Found [0x7fa5d4112000] bitflip [3032]=0xf7
(0x7fa5d3a04000,0x7fa5d40f5000) Found [0x7fa5d4112000] bitflip [4073]=0xef
---------------------
(0x7fa5d3a04000,0x7fa5d40f5000) Found [0x7fa5d4113000] bitflip [258]=0x7f
(0x7fa5d3a04000,0x7fa5d40f5000) Found [0x7fa5d4113000] bitflip [1008]=0xfe
(0x7fa5d3a04000,0x7fa5d40f5000) Found [0x7fa5d4113000] bitflip [3237]=0xdf
---------------------
++++++++++++++++++++
(0x7fa5d3a04000,0x7fa5d41c8000) Found [0x7fa5d3a22000] bitflip [2400]=0xfb
(0x7fa5d3a04000,0x7fa5d41c8000) Found [0x7fa5d3a22000] bitflip [2595]=0xfb
(0x7fa5d3a04000,0x7fa5d41c8000) Found [0x7fa5d3a22000] bitflip [3799]=0xf7
---------------------
[10]Testing 7fa5d3a05000
++++++++++++++++++++
(0x7fa5d3a05000,0x7fa5d40f4000) Found [0x7fa5d4112000] bitflip [848]=0xfe
(0x7fa5d3a05000,0x7fa5d40f4000) Found [0x7fa5d4112000] bitflip [1138]=0xbf
(0x7fa5d3a05000,0x7fa5d40f4000) Found [0x7fa5d4112000] bitflip [1634]=0xfd
(0x7fa5d3a05000,0x7fa5d40f4000) Found [0x7fa5d4112000] bitflip [1635]=0xdf
(0x7fa5d3a05000,0x7fa5d40f4000) Found [0x7fa5d4112000] bitflip [2929]=0xbf
(0x7fa5d3a05000,0x7fa5d40f4000) Found [0x7fa5d4112000] bitflip [3032]=0xf7
(0x7fa5d3a05000,0x7fa5d40f4000) Found [0x7fa5d4112000] bitflip [3984]=0xfb
---------------------
(0x7fa5d3a05000,0x7fa5d40f4000) Found [0x7fa5d4113000] bitflip [26]=0xfe
(0x7fa5d3a05000,0x7fa5d40f4000) Found [0x7fa5d4113000] bitflip [1965]=0x7f
---------------------
++++++++++++++++++++
(0x7fa5d3a05000,0x7fa5d40f5000) Found [0x7fa5d4112000] bitflip [3032]=0xf7
---------------------
(0x7fa5d3a05000,0x7fa5d40f5000) Found [0x7fa5d4113000] bitflip [26]=0xfe
(0x7fa5d3a05000,0x7fa5d40f5000) Found [0x7fa5d4113000] bitflip [258]=0x7f
(0x7fa5d3a05000,0x7fa5d40f5000) Found [0x7fa5d4113000] bitflip [1008]=0xfe
(0x7fa5d3a05000,0x7fa5d40f5000) Found [0x7fa5d4113000] bitflip [1965]=0x7f
---------------------
++++++++++++++++++++
(0x7fa5d3a05000,0x7fa5d41c8000) Found [0x7fa5d3a22000] bitflip [2717]=0x7f
---------------------
(0x7fa5d3a05000,0x7fa5d41c8000) Found [0x7fa5d3a23000] bitflip [2711]=0xbf
(0x7fa5d3a05000,0x7fa5d41c8000) Found [0x7fa5d3a23000] bitflip [2802]=0xbf
(0x7fa5d3a05000,0x7fa5d41c8000) Found [0x7fa5d3a23000] bitflip [3379]=0xbf
---------------------
[11]Testing 7fa5d3a22000
++++++++++++++++++++
(0x7fa5d3a22000,0x7fa5d4113000) Found [0x7fa5d3a04000] bitflip [1136]=0x7f
(0x7fa5d3a22000,0x7fa5d4113000) Found [0x7fa5d3a04000] bitflip [1793]=0xfb
(0x7fa5d3a22000,0x7fa5d4113000) Found [0x7fa5d3a04000] bitflip [3185]=0x7f
---------------------
(0x7fa5d3a22000,0x7fa5d4113000) Found [0x7fa5d3a05000] bitflip [281]=0xbf
(0x7fa5d3a22000,0x7fa5d4113000) Found [0x7fa5d3a05000] bitflip [361]=0xfe
(0x7fa5d3a22000,0x7fa5d4113000) Found [0x7fa5d3a05000] bitflip [2959]=0x7f
(0x7fa5d3a22000,0x7fa5d4113000) Found [0x7fa5d3a05000] bitflip [3128]=0x7f
---------------------
++++++++++++++++++++
(0x7fa5d3a22000,0x7fa5d41e6000) Found [0x7fa5d41c8000] bitflip [393]=0xbf
(0x7fa5d3a22000,0x7fa5d41e6000) Found [0x7fa5d41c8000] bitflip [627]=0xef
(0x7fa5d3a22000,0x7fa5d41e6000) Found [0x7fa5d41c8000] bitflip [1496]=0x7f
(0x7fa5d3a22000,0x7fa5d41e6000) Found [0x7fa5d41c8000] bitflip [2689]=0x7f
(0x7fa5d3a22000,0x7fa5d41e6000) Found [0x7fa5d41c8000] bitflip [3200]=0x7f
(0x7fa5d3a22000,0x7fa5d41e6000) Found [0x7fa5d41c8000] bitflip [3267]=0xfb
---------------------
++++++++++++++++++++
(0x7fa5d3a22000,0x7fa5d41e7000) Found [0x7fa5d41c8000] bitflip [393]=0xbf
(0x7fa5d3a22000,0x7fa5d41e7000) Found [0x7fa5d41c8000] bitflip [1496]=0x7f
---------------------
(0x7fa5d3a22000,0x7fa5d41e7000) Found [0x7fa5d41c9000] bitflip [416]=0xfd
(0x7fa5d3a22000,0x7fa5d41e7000) Found [0x7fa5d41c9000] bitflip [1477]=0xdf
(0x7fa5d3a22000,0x7fa5d41e7000) Found [0x7fa5d41c9000] bitflip [2112]=0xef
---------------------
[12]Testing 7fa5d3a23000
++++++++++++++++++++
(0x7fa5d3a23000,0x7fa5d4112000) Found [0x7fa5d3a04000] bitflip [2383]=0xdf
(0x7fa5d3a23000,0x7fa5d4112000) Found [0x7fa5d3a04000] bitflip [2763]=0xf7
(0x7fa5d3a23000,0x7fa5d4112000) Found [0x7fa5d3a04000] bitflip [3599]=0xfd
---------------------
(0x7fa5d3a23000,0x7fa5d4112000) Found [0x7fa5d3a05000] bitflip [128]=0xfb
(0x7fa5d3a23000,0x7fa5d4112000) Found [0x7fa5d3a05000] bitflip [881]=0xfe
(0x7fa5d3a23000,0x7fa5d4112000) Found [0x7fa5d3a05000] bitflip [912]=0xf7
(0x7fa5d3a23000,0x7fa5d4112000) Found [0x7fa5d3a05000] bitflip [3490]=0xf7
---------------------
++++++++++++++++++++
(0x7fa5d3a23000,0x7fa5d4113000) Found [0x7fa5d3a05000] bitflip [128]=0xfb
(0x7fa5d3a23000,0x7fa5d4113000) Found [0x7fa5d3a05000] bitflip [281]=0xbf
(0x7fa5d3a23000,0x7fa5d4113000) Found [0x7fa5d3a05000] bitflip [361]=0xfe
(0x7fa5d3a23000,0x7fa5d4113000) Found [0x7fa5d3a05000] bitflip [881]=0xfe
(0x7fa5d3a23000,0x7fa5d4113000) Found [0x7fa5d3a05000] bitflip [912]=0xf7
(0x7fa5d3a23000,0x7fa5d4113000) Found [0x7fa5d3a05000] bitflip [2959]=0x7f
(0x7fa5d3a23000,0x7fa5d4113000) Found [0x7fa5d3a05000] bitflip [3128]=0x7f
(0x7fa5d3a23000,0x7fa5d4113000) Found [0x7fa5d3a05000] bitflip [3490]=0xf7
---------------------
++++++++++++++++++++
(0x7fa5d3a23000,0x7fa5d41e6000) Found [0x7fa5d41c8000] bitflip [627]=0xef
(0x7fa5d3a23000,0x7fa5d41e6000) Found [0x7fa5d41c8000] bitflip [2689]=0x7f
(0x7fa5d3a23000,0x7fa5d41e6000) Found [0x7fa5d41c8000] bitflip [3200]=0x7f
(0x7fa5d3a23000,0x7fa5d41e6000) Found [0x7fa5d41c8000] bitflip [3267]=0xfb
---------------------
(0x7fa5d3a23000,0x7fa5d41e6000) Found [0x7fa5d41c9000] bitflip [360]=0xbf
(0x7fa5d3a23000,0x7fa5d41e6000) Found [0x7fa5d41c9000] bitflip [557]=0xfd
(0x7fa5d3a23000,0x7fa5d41e6000) Found [0x7fa5d41c9000] bitflip [1115]=0xfb
(0x7fa5d3a23000,0x7fa5d41e6000) Found [0x7fa5d41c9000] bitflip [1582]=0xfd
---------------------
[13]Testing 7fa5d3a40000
++++++++++++++++++++
(0x7fa5d3a40000,0x7fa5d3a7c000) Found [0x7fa5d3a5e000] bitflip [116]=0xfd
(0x7fa5d3a40000,0x7fa5d3a7c000) Found [0x7fa5d3a5e000] bitflip [493]=0xfb
(0x7fa5d3a40000,0x7fa5d3a7c000) Found [0x7fa5d3a5e000] bitflip [2570]=0xfe
(0x7fa5d3a40000,0x7fa5d3a7c000) Found [0x7fa5d3a5e000] bitflip [3047]=0xfb
(0x7fa5d3a40000,0x7fa5d3a7c000) Found [0x7fa5d3a5e000] bitflip [3730]=0x7f
---------------------
++++++++++++++++++++
(0x7fa5d3a40000,0x7fa5d3a7d000) Found [0x7fa5d3a5e000] bitflip [116]=0xfd
(0x7fa5d3a40000,0x7fa5d3a7d000) Found [0x7fa5d3a5e000] bitflip [3047]=0xfb
(0x7fa5d3a40000,0x7fa5d3a7d000) Found [0x7fa5d3a5e000] bitflip [3730]=0x7f
---------------------
(0x7fa5d3a40000,0x7fa5d3a7d000) Found [0x7fa5d3a5f000] bitflip [3258]=0xfb
---------------------
[14]Testing 7fa5d3a41000
++++++++++++++++++++
(0x7fa5d3a41000,0x7fa5d3a7d000) Found [0x7fa5d3a5f000] bitflip [373]=0xfd
(0x7fa5d3a41000,0x7fa5d3a7d000) Found [0x7fa5d3a5f000] bitflip [1077]=0xf7
(0x7fa5d3a41000,0x7fa5d3a7d000) Found [0x7fa5d3a5f000] bitflip [1297]=0xfb
(0x7fa5d3a41000,0x7fa5d3a7d000) Found [0x7fa5d3a5f000] bitflip [2176]=0xbf
(0x7fa5d3a41000,0x7fa5d3a7d000) Found [0x7fa5d3a5f000] bitflip [2759]=0xfe
(0x7fa5d3a41000,0x7fa5d3a7d000) Found [0x7fa5d3a5f000] bitflip [3258]=0xfb
(0x7fa5d3a41000,0x7fa5d3a7d000) Found [0x7fa5d3a5f000] bitflip [3424]=0xfb
---------------------
[15]Testing 7fa5d3a5e000
++++++++++++++++++++
(0x7fa5d3a5e000,0x7fa5d3a9a000) Found [0x7fa5d3a7c000] bitflip [1726]=0xfd
(0x7fa5d3a5e000,0x7fa5d3a9a000) Found [0x7fa5d3a7c000] bitflip [1784]=0xfe
(0x7fa5d3a5e000,0x7fa5d3a9a000) Found [0x7fa5d3a7c000] bitflip [1802]=0xfd
(0x7fa5d3a5e000,0x7fa5d3a9a000) Found [0x7fa5d3a7c000] bitflip [2246]=0xbf
(0x7fa5d3a5e000,0x7fa5d3a9a000) Found [0x7fa5d3a7c000] bitflip [2674]=0x7f
(0x7fa5d3a5e000,0x7fa5d3a9a000) Found [0x7fa5d3a7c000] bitflip [2776]=0xfb
(0x7fa5d3a5e000,0x7fa5d3a9a000) Found [0x7fa5d3a7c000] bitflip [2904]=0xef
(0x7fa5d3a5e000,0x7fa5d3a9a000) Found [0x7fa5d3a7c000] bitflip [3858]=0xfb
---------------------
(0x7fa5d3a5e000,0x7fa5d3a9a000) Found [0x7fa5d3a7d000] bitflip [1109]=0xfe
---------------------
++++++++++++++++++++
(0x7fa5d3a5e000,0x7fa5d3a9b000) Found [0x7fa5d3a7c000] bitflip [1726]=0xfd
(0x7fa5d3a5e000,0x7fa5d3a9b000) Found [0x7fa5d3a7c000] bitflip [1784]=0xfe
(0x7fa5d3a5e000,0x7fa5d3a9b000) Found [0x7fa5d3a7c000] bitflip [1802]=0xfd
(0x7fa5d3a5e000,0x7fa5d3a9b000) Found [0x7fa5d3a7c000] bitflip [2522]=0x7f
(0x7fa5d3a5e000,0x7fa5d3a9b000) Found [0x7fa5d3a7c000] bitflip [2776]=0xfb
(0x7fa5d3a5e000,0x7fa5d3a9b000) Found [0x7fa5d3a7c000] bitflip [2904]=0xef
---------------------
(0x7fa5d3a5e000,0x7fa5d3a9b000) Found [0x7fa5d3a7d000] bitflip [6]=0xbf
(0x7fa5d3a5e000,0x7fa5d3a9b000) Found [0x7fa5d3a7d000] bitflip [1109]=0xfe
(0x7fa5d3a5e000,0x7fa5d3a9b000) Found [0x7fa5d3a7d000] bitflip [1217]=0xbf
(0x7fa5d3a5e000,0x7fa5d3a9b000) Found [0x7fa5d3a7d000] bitflip [2181]=0xfd
(0x7fa5d3a5e000,0x7fa5d3a9b000) Found [0x7fa5d3a7d000] bitflip [2482]=0xfe
(0x7fa5d3a5e000,0x7fa5d3a9b000) Found [0x7fa5d3a7d000] bitflip [3874]=0xfe
---------------------
[16]Testing 7fa5d3a5f000
++++++++++++++++++++
(0x7fa5d3a5f000,0x7fa5d3a9a000) Found [0x7fa5d3a7c000] bitflip [2246]=0xbf
(0x7fa5d3a5f000,0x7fa5d3a9a000) Found [0x7fa5d3a7c000] bitflip [2674]=0x7f
(0x7fa5d3a5f000,0x7fa5d3a9a000) Found [0x7fa5d3a7c000] bitflip [3858]=0xfb
---------------------
(0x7fa5d3a5f000,0x7fa5d3a9a000) Found [0x7fa5d3a7d000] bitflip [3257]=0xfb
(0x7fa5d3a5f000,0x7fa5d3a9a000) Found [0x7fa5d3a7d000] bitflip [3321]=0xbf
(0x7fa5d3a5f000,0x7fa5d3a9a000) Found [0x7fa5d3a7d000] bitflip [4062]=0xdf
---------------------
++++++++++++++++++++
(0x7fa5d3a5f000,0x7fa5d3a9b000) Found [0x7fa5d3a7d000] bitflip [1109]=0xfe
(0x7fa5d3a5f000,0x7fa5d3a9b000) Found [0x7fa5d3a7d000] bitflip [1217]=0xbf
(0x7fa5d3a5f000,0x7fa5d3a9b000) Found [0x7fa5d3a7d000] bitflip [1629]=0xfd
(0x7fa5d3a5f000,0x7fa5d3a9b000) Found [0x7fa5d3a7d000] bitflip [2482]=0xfe
(0x7fa5d3a5f000,0x7fa5d3a9b000) Found [0x7fa5d3a7d000] bitflip [3257]=0xfb
(0x7fa5d3a5f000,0x7fa5d3a9b000) Found [0x7fa5d3a7d000] bitflip [3321]=0xbf
(0x7fa5d3a5f000,0x7fa5d3a9b000) Found [0x7fa5d3a7d000] bitflip [3874]=0xfe
(0x7fa5d3a5f000,0x7fa5d3a9b000) Found [0x7fa5d3a7d000] bitflip [4062]=0xdf
---------------------
[17]Testing 7fa5d3a7c000
++++++++++++++++++++
(0x7fa5d3a7c000,0x7fa5d3ab8000) Found [0x7fa5d3a9a000] bitflip [347]=0xfd
(0x7fa5d3a7c000,0x7fa5d3ab8000) Found [0x7fa5d3a9a000] bitflip [816]=0xbf
(0x7fa5d3a7c000,0x7fa5d3ab8000) Found [0x7fa5d3a9a000] bitflip [1283]=0xfe
(0x7fa5d3a7c000,0x7fa5d3ab8000) Found [0x7fa5d3a9a000] bitflip [1722]=0xfd
(0x7fa5d3a7c000,0x7fa5d3ab8000) Found [0x7fa5d3a9a000] bitflip [3370]=0xfe
(0x7fa5d3a7c000,0x7fa5d3ab8000) Found [0x7fa5d3a9a000] bitflip [3479]=0xbf
(0x7fa5d3a7c000,0x7fa5d3ab8000) Found [0x7fa5d3a9a000] bitflip [3712]=0xfb
(0x7fa5d3a7c000,0x7fa5d3ab8000) Found [0x7fa5d3a9a000] bitflip [3894]=0xfb
(0x7fa5d3a7c000,0x7fa5d3ab8000) Found [0x7fa5d3a9a000] bitflip [3932]=0xfd
---------------------
++++++++++++++++++++
(0x7fa5d3a7c000,0x7fa5d3ab9000) Found [0x7fa5d3a9a000] bitflip [816]=0xbf
(0x7fa5d3a7c000,0x7fa5d3ab9000) Found [0x7fa5d3a9a000] bitflip [1283]=0xfe
(0x7fa5d3a7c000,0x7fa5d3ab9000) Found [0x7fa5d3a9a000] bitflip [3479]=0xbf
(0x7fa5d3a7c000,0x7fa5d3ab9000) Found [0x7fa5d3a9a000] bitflip [3712]=0xfb
(0x7fa5d3a7c000,0x7fa5d3ab9000) Found [0x7fa5d3a9a000] bitflip [3894]=0xfb
---------------------
(0x7fa5d3a7c000,0x7fa5d3ab9000) Found [0x7fa5d3a9b000] bitflip [651]=0xbf
(0x7fa5d3a7c000,0x7fa5d3ab9000) Found [0x7fa5d3a9b000] bitflip [1064]=0xf7
(0x7fa5d3a7c000,0x7fa5d3ab9000) Found [0x7fa5d3a9b000] bitflip [1657]=0xef
(0x7fa5d3a7c000,0x7fa5d3ab9000) Found [0x7fa5d3a9b000] bitflip [3432]=0xdf
---------------------
[18]Testing 7fa5d3a7d000
++++++++++++++++++++
(0x7fa5d3a7d000,0x7fa5d3ab8000) Found [0x7fa5d3a9a000] bitflip [347]=0xfd
(0x7fa5d3a7d000,0x7fa5d3ab8000) Found [0x7fa5d3a9a000] bitflip [1722]=0xfd
(0x7fa5d3a7d000,0x7fa5d3ab8000) Found [0x7fa5d3a9a000] bitflip [3359]=0xfe
(0x7fa5d3a7d000,0x7fa5d3ab8000) Found [0x7fa5d3a9a000] bitflip [3370]=0xfe
(0x7fa5d3a7d000,0x7fa5d3ab8000) Found [0x7fa5d3a9a000] bitflip [3932]=0xfd
---------------------
(0x7fa5d3a7d000,0x7fa5d3ab8000) Found [0x7fa5d3a9b000] bitflip [979]=0xfd
(0x7fa5d3a7d000,0x7fa5d3ab8000) Found [0x7fa5d3a9b000] bitflip [1415]=0x7f
(0x7fa5d3a7d000,0x7fa5d3ab8000) Found [0x7fa5d3a9b000] bitflip [2375]=0xf7
(0x7fa5d3a7d000,0x7fa5d3ab8000) Found [0x7fa5d3a9b000] bitflip [3025]=0xbf
---------------------
++++++++++++++++++++
(0x7fa5d3a7d000,0x7fa5d3ab9000) Found [0x7fa5d3a9b000] bitflip [651]=0xbf
(0x7fa5d3a7d000,0x7fa5d3ab9000) Found [0x7fa5d3a9b000] bitflip [979]=0xfd
(0x7fa5d3a7d000,0x7fa5d3ab9000) Found [0x7fa5d3a9b000] bitflip [1064]=0xf7
(0x7fa5d3a7d000,0x7fa5d3ab9000) Found [0x7fa5d3a9b000] bitflip [1415]=0x7f
(0x7fa5d3a7d000,0x7fa5d3ab9000) Found [0x7fa5d3a9b000] bitflip [1657]=0xef
(0x7fa5d3a7d000,0x7fa5d3ab9000) Found [0x7fa5d3a9b000] bitflip [2375]=0xf7
(0x7fa5d3a7d000,0x7fa5d3ab9000) Found [0x7fa5d3a9b000] bitflip [3180]=0xdf
(0x7fa5d3a7d000,0x7fa5d3ab9000) Found [0x7fa5d3a9b000] bitflip [3432]=0xdf
---------------------
[19]Testing 7fa5d3a9a000
++++++++++++++++++++
(0x7fa5d3a9a000,0x7fa5d3ad6000) Found [0x7fa5d3ab8000] bitflip [190]=0xf7
(0x7fa5d3a9a000,0x7fa5d3ad6000) Found [0x7fa5d3ab8000] bitflip [1491]=0xfd
(0x7fa5d3a9a000,0x7fa5d3ad6000) Found [0x7fa5d3ab8000] bitflip [2106]=0xfb
(0x7fa5d3a9a000,0x7fa5d3ad6000) Found [0x7fa5d3ab8000] bitflip [2288]=0xfb
---------------------
(0x7fa5d3a9a000,0x7fa5d3ad6000) Found [0x7fa5d3ab9000] bitflip [3738]=0xfb
---------------------
++++++++++++++++++++
(0x7fa5d3a9a000,0x7fa5d3ad7000) Found [0x7fa5d3ab8000] bitflip [190]=0xf7
(0x7fa5d3a9a000,0x7fa5d3ad7000) Found [0x7fa5d3ab8000] bitflip [2106]=0xfb
---------------------
(0x7fa5d3a9a000,0x7fa5d3ad7000) Found [0x7fa5d3ab9000] bitflip [688]=0xfd
(0x7fa5d3a9a000,0x7fa5d3ad7000) Found [0x7fa5d3ab9000] bitflip [1812]=0xfb
(0x7fa5d3a9a000,0x7fa5d3ad7000) Found [0x7fa5d3ab9000] bitflip [2097]=0xfd
(0x7fa5d3a9a000,0x7fa5d3ad7000) Found [0x7fa5d3ab9000] bitflip [2867]=0xfb
(0x7fa5d3a9a000,0x7fa5d3ad7000) Found [0x7fa5d3ab9000] bitflip [3738]=0xfb
---------------------
[20]Testing 7fa5d3a9b000
++++++++++++++++++++
(0x7fa5d3a9b000,0x7fa5d3ad6000) Found [0x7fa5d3ab8000] bitflip [294]=0xef
(0x7fa5d3a9b000,0x7fa5d3ad6000) Found [0x7fa5d3ab8000] bitflip [1491]=0xfd
(0x7fa5d3a9b000,0x7fa5d3ad6000) Found [0x7fa5d3ab8000] bitflip [2288]=0xfb
---------------------
(0x7fa5d3a9b000,0x7fa5d3ad6000) Found [0x7fa5d3ab9000] bitflip [345]=0xef
(0x7fa5d3a9b000,0x7fa5d3ad6000) Found [0x7fa5d3ab9000] bitflip [347]=0xef
(0x7fa5d3a9b000,0x7fa5d3ad6000) Found [0x7fa5d3ab9000] bitflip [587]=0xbf
(0x7fa5d3a9b000,0x7fa5d3ad6000) Found [0x7fa5d3ab9000] bitflip [744]=0x7f
(0x7fa5d3a9b000,0x7fa5d3ad6000) Found [0x7fa5d3ab9000] bitflip [3738]=0xfb
---------------------
++++++++++++++++++++
(0x7fa5d3a9b000,0x7fa5d3ad7000) Found [0x7fa5d3ab9000] bitflip [282]=0xfe
(0x7fa5d3a9b000,0x7fa5d3ad7000) Found [0x7fa5d3ab9000] bitflip [345]=0xef
(0x7fa5d3a9b000,0x7fa5d3ad7000) Found [0x7fa5d3ab9000] bitflip [587]=0xbf
(0x7fa5d3a9b000,0x7fa5d3ad7000) Found [0x7fa5d3ab9000] bitflip [744]=0x7f
(0x7fa5d3a9b000,0x7fa5d3ad7000) Found [0x7fa5d3ab9000] bitflip [1812]=0xfb
(0x7fa5d3a9b000,0x7fa5d3ad7000) Found [0x7fa5d3ab9000] bitflip [2097]=0xfd
(0x7fa5d3a9b000,0x7fa5d3ad7000) Found [0x7fa5d3ab9000] bitflip [2867]=0xfb
(0x7fa5d3a9b000,0x7fa5d3ad7000) Found [0x7fa5d3ab9000] bitflip [3738]=0xfb
---------------------
[21]Testing 7fa5d3ab8000
++++++++++++++++++++
(0x7fa5d3ab8000,0x7fa5d3af4000) Found [0x7fa5d3ad6000] bitflip [192]=0xbf
(0x7fa5d3ab8000,0x7fa5d3af4000) Found [0x7fa5d3ad6000] bitflip [307]=0xdf
(0x7fa5d3ab8000,0x7fa5d3af4000) Found [0x7fa5d3ad6000] bitflip [534]=0xfe
(0x7fa5d3ab8000,0x7fa5d3af4000) Found [0x7fa5d3ad6000] bitflip [1095]=0xef
(0x7fa5d3ab8000,0x7fa5d3af4000) Found [0x7fa5d3ad6000] bitflip [1564]=0xfb
(0x7fa5d3ab8000,0x7fa5d3af4000) Found [0x7fa5d3ad6000] bitflip [1584]=0xfe
(0x7fa5d3ab8000,0x7fa5d3af4000) Found [0x7fa5d3ad6000] bitflip [2776]=0xef
(0x7fa5d3ab8000,0x7fa5d3af4000) Found [0x7fa5d3ad6000] bitflip [3523]=0xdf
(0x7fa5d3ab8000,0x7fa5d3af4000) Found [0x7fa5d3ad6000] bitflip [3570]=0xfe
---------------------
++++++++++++++++++++
(0x7fa5d3ab8000,0x7fa5d3af5000) Found [0x7fa5d3ad6000] bitflip [192]=0xbf
(0x7fa5d3ab8000,0x7fa5d3af5000) Found [0x7fa5d3ad6000] bitflip [307]=0xdf
(0x7fa5d3ab8000,0x7fa5d3af5000) Found [0x7fa5d3ad6000] bitflip [534]=0xfe
(0x7fa5d3ab8000,0x7fa5d3af5000) Found [0x7fa5d3ad6000] bitflip [1095]=0xef
(0x7fa5d3ab8000,0x7fa5d3af5000) Found [0x7fa5d3ad6000] bitflip [1345]=0xef
(0x7fa5d3ab8000,0x7fa5d3af5000) Found [0x7fa5d3ad6000] bitflip [1584]=0xfe
(0x7fa5d3ab8000,0x7fa5d3af5000) Found [0x7fa5d3ad6000] bitflip [3523]=0xdf
(0x7fa5d3ab8000,0x7fa5d3af5000) Found [0x7fa5d3ad6000] bitflip [3570]=0xfe
---------------------
(0x7fa5d3ab8000,0x7fa5d3af5000) Found [0x7fa5d3ad7000] bitflip [924]=0xfe
(0x7fa5d3ab8000,0x7fa5d3af5000) Found [0x7fa5d3ad7000] bitflip [1354]=0xf7
(0x7fa5d3ab8000,0x7fa5d3af5000) Found [0x7fa5d3ad7000] bitflip [2766]=0xbf
(0x7fa5d3ab8000,0x7fa5d3af5000) Found [0x7fa5d3ad7000] bitflip [3096]=0xfb
(0x7fa5d3ab8000,0x7fa5d3af5000) Found [0x7fa5d3ad7000] bitflip [3240]=0xdf
(0x7fa5d3ab8000,0x7fa5d3af5000) Found [0x7fa5d3ad7000] bitflip [3308]=0xfb
(0x7fa5d3ab8000,0x7fa5d3af5000) Found [0x7fa5d3ad7000] bitflip [3672]=0xdf
---------------------
[22]Testing 7fa5d3ab9000
++++++++++++++++++++
(0x7fa5d3ab9000,0x7fa5d3af4000) Found [0x7fa5d3ad6000] bitflip [1564]=0xfb
(0x7fa5d3ab9000,0x7fa5d3af4000) Found [0x7fa5d3ad6000] bitflip [2570]=0xfe
(0x7fa5d3ab9000,0x7fa5d3af4000) Found [0x7fa5d3ad6000] bitflip [2776]=0xef
---------------------
(0x7fa5d3ab9000,0x7fa5d3af4000) Found [0x7fa5d3ad7000] bitflip [467]=0xfe
(0x7fa5d3ab9000,0x7fa5d3af4000) Found [0x7fa5d3ad7000] bitflip [2146]=0x7f
---------------------
++++++++++++++++++++
(0x7fa5d3ab9000,0x7fa5d3af5000) Found [0x7fa5d3ad7000] bitflip [467]=0xfe
(0x7fa5d3ab9000,0x7fa5d3af5000) Found [0x7fa5d3ad7000] bitflip [924]=0xfe
(0x7fa5d3ab9000,0x7fa5d3af5000) Found [0x7fa5d3ad7000] bitflip [1354]=0xf7
(0x7fa5d3ab9000,0x7fa5d3af5000) Found [0x7fa5d3ad7000] bitflip [2146]=0x7f
(0x7fa5d3ab9000,0x7fa5d3af5000) Found [0x7fa5d3ad7000] bitflip [2656]=0xfe
(0x7fa5d3ab9000,0x7fa5d3af5000) Found [0x7fa5d3ad7000] bitflip [2766]=0xbf
(0x7fa5d3ab9000,0x7fa5d3af5000) Found [0x7fa5d3ad7000] bitflip [3240]=0xdf
(0x7fa5d3ab9000,0x7fa5d3af5000) Found [0x7fa5d3ad7000] bitflip [3308]=0xfb
(0x7fa5d3ab9000,0x7fa5d3af5000) Found [0x7fa5d3ad7000] bitflip [3672]=0xdf
---------------------
[23]Testing 7fa5d3ad6000
++++++++++++++++++++
(0x7fa5d3ad6000,0x7fa5d3b12000) Found [0x7fa5d3af4000] bitflip [279]=0xfe
(0x7fa5d3ad6000,0x7fa5d3b12000) Found [0x7fa5d3af4000] bitflip [619]=0xdf
(0x7fa5d3ad6000,0x7fa5d3b12000) Found [0x7fa5d3af4000] bitflip [985]=0xfe
(0x7fa5d3ad6000,0x7fa5d3b12000) Found [0x7fa5d3af4000] bitflip [987]=0xdf
(0x7fa5d3ad6000,0x7fa5d3b12000) Found [0x7fa5d3af4000] bitflip [1632]=0xdf
(0x7fa5d3ad6000,0x7fa5d3b12000) Found [0x7fa5d3af4000] bitflip [1656]=0xfd
(0x7fa5d3ad6000,0x7fa5d3b12000) Found [0x7fa5d3af4000] bitflip [2389]=0xdf
(0x7fa5d3ad6000,0x7fa5d3b12000) Found [0x7fa5d3af4000] bitflip [3759]=0xf7
---------------------
++++++++++++++++++++
(0x7fa5d3ad6000,0x7fa5d3b13000) Found [0x7fa5d3af4000] bitflip [619]=0xdf
(0x7fa5d3ad6000,0x7fa5d3b13000) Found [0x7fa5d3af4000] bitflip [985]=0xfe
(0x7fa5d3ad6000,0x7fa5d3b13000) Found [0x7fa5d3af4000] bitflip [987]=0xdf
(0x7fa5d3ad6000,0x7fa5d3b13000) Found [0x7fa5d3af4000] bitflip [1656]=0xfd
(0x7fa5d3ad6000,0x7fa5d3b13000) Found [0x7fa5d3af4000] bitflip [3759]=0xf7
---------------------
(0x7fa5d3ad6000,0x7fa5d3b13000) Found [0x7fa5d3af5000] bitflip [2208]=0xdf
(0x7fa5d3ad6000,0x7fa5d3b13000) Found [0x7fa5d3af5000] bitflip [2338]=0xef
(0x7fa5d3ad6000,0x7fa5d3b13000) Found [0x7fa5d3af5000] bitflip [2487]=0x7f
---------------------
[24]Testing 7fa5d3ad7000
++++++++++++++++++++
(0x7fa5d3ad7000,0x7fa5d3b12000) Found [0x7fa5d3af4000] bitflip [279]=0xfe
(0x7fa5d3ad7000,0x7fa5d3b12000) Found [0x7fa5d3af4000] bitflip [619]=0xdf
(0x7fa5d3ad7000,0x7fa5d3b12000) Found [0x7fa5d3af4000] bitflip [1632]=0xdf
(0x7fa5d3ad7000,0x7fa5d3b12000) Found [0x7fa5d3af4000] bitflip [1776]=0x7f
(0x7fa5d3ad7000,0x7fa5d3b12000) Found [0x7fa5d3af4000] bitflip [2389]=0xdf
---------------------
(0x7fa5d3ad7000,0x7fa5d3b12000) Found [0x7fa5d3af5000] bitflip [1322]=0xfe
(0x7fa5d3ad7000,0x7fa5d3b12000) Found [0x7fa5d3af5000] bitflip [3422]=0xfe
---------------------
++++++++++++++++++++
(0x7fa5d3ad7000,0x7fa5d3b13000) Found [0x7fa5d3af4000] bitflip [619]=0xdf
---------------------
(0x7fa5d3ad7000,0x7fa5d3b13000) Found [0x7fa5d3af5000] bitflip [1322]=0xfe
(0x7fa5d3ad7000,0x7fa5d3b13000) Found [0x7fa5d3af5000] bitflip [2208]=0xdf
(0x7fa5d3ad7000,0x7fa5d3b13000) Found [0x7fa5d3af5000] bitflip [2487]=0x7f
---------------------
[25]Testing 7fa5d3af4000
++++++++++++++++++++
(0x7fa5d3af4000,0x7fa5d3c04000) Found [0x7fa5d3b12000] bitflip [1473]=0xfb
(0x7fa5d3af4000,0x7fa5d3c04000) Found [0x7fa5d3b12000] bitflip [2731]=0xfb
(0x7fa5d3af4000,0x7fa5d3c04000) Found [0x7fa5d3b12000] bitflip [2926]=0xdf
(0x7fa5d3af4000,0x7fa5d3c04000) Found [0x7fa5d3b12000] bitflip [2950]=0xfd
(0x7fa5d3af4000,0x7fa5d3c04000) Found [0x7fa5d3b12000] bitflip [2960]=0xfd
(0x7fa5d3af4000,0x7fa5d3c04000) Found [0x7fa5d3b12000] bitflip [3489]=0xfd
(0x7fa5d3af4000,0x7fa5d3c04000) Found [0x7fa5d3b12000] bitflip [3677]=0xfd
---------------------
++++++++++++++++++++
(0x7fa5d3af4000,0x7fa5d3c05000) Found [0x7fa5d3b12000] bitflip [1473]=0xfb
(0x7fa5d3af4000,0x7fa5d3c05000) Found [0x7fa5d3b12000] bitflip [2950]=0xfd
(0x7fa5d3af4000,0x7fa5d3c05000) Found [0x7fa5d3b12000] bitflip [3489]=0xfd
---------------------
(0x7fa5d3af4000,0x7fa5d3c05000) Found [0x7fa5d3b13000] bitflip [360]=0xdf
(0x7fa5d3af4000,0x7fa5d3c05000) Found [0x7fa5d3b13000] bitflip [1816]=0xfe
(0x7fa5d3af4000,0x7fa5d3c05000) Found [0x7fa5d3b13000] bitflip [2221]=0x7f
(0x7fa5d3af4000,0x7fa5d3c05000) Found [0x7fa5d3b13000] bitflip [2795]=0x7f
---------------------
[26]Testing 7fa5d3af5000
++++++++++++++++++++
(0x7fa5d3af5000,0x7fa5d3c04000) Found [0x7fa5d3b12000] bitflip [2731]=0xfb
(0x7fa5d3af5000,0x7fa5d3c04000) Found [0x7fa5d3b12000] bitflip [2926]=0xdf
(0x7fa5d3af5000,0x7fa5d3c04000) Found [0x7fa5d3b12000] bitflip [3677]=0xfd
---------------------
(0x7fa5d3af5000,0x7fa5d3c04000) Found [0x7fa5d3b13000] bitflip [882]=0xfe
(0x7fa5d3af5000,0x7fa5d3c04000) Found [0x7fa5d3b13000] bitflip [1536]=0xf7
(0x7fa5d3af5000,0x7fa5d3c04000) Found [0x7fa5d3b13000] bitflip [3413]=0xef
(0x7fa5d3af5000,0x7fa5d3c04000) Found [0x7fa5d3b13000] bitflip [3520]=0xfb
(0x7fa5d3af5000,0x7fa5d3c04000) Found [0x7fa5d3b13000] bitflip [3938]=0xfb
---------------------
++++++++++++++++++++
(0x7fa5d3af5000,0x7fa5d3c05000) Found [0x7fa5d3b13000] bitflip [266]=0xfe
(0x7fa5d3af5000,0x7fa5d3c05000) Found [0x7fa5d3b13000] bitflip [360]=0xdf
(0x7fa5d3af5000,0x7fa5d3c05000) Found [0x7fa5d3b13000] bitflip [882]=0xfe
(0x7fa5d3af5000,0x7fa5d3c05000) Found [0x7fa5d3b13000] bitflip [1454]=0x7f
(0x7fa5d3af5000,0x7fa5d3c05000) Found [0x7fa5d3b13000] bitflip [1536]=0xf7
(0x7fa5d3af5000,0x7fa5d3c05000) Found [0x7fa5d3b13000] bitflip [1816]=0xfe
(0x7fa5d3af5000,0x7fa5d3c05000) Found [0x7fa5d3b13000] bitflip [2221]=0x7f
(0x7fa5d3af5000,0x7fa5d3c05000) Found [0x7fa5d3b13000] bitflip [2795]=0x7f
(0x7fa5d3af5000,0x7fa5d3c05000) Found [0x7fa5d3b13000] bitflip [3520]=0xfb
---------------------
[27]Testing 7fa5d3b12000
[28]Testing 7fa5d3b13000
++++++++++++++++++++
(0x7fa5d3b13000,0x7fa5d3c22000) Found [0x7fa5d3c04000] bitflip [1767]=0xef
(0x7fa5d3b13000,0x7fa5d3c22000) Found [0x7fa5d3c04000] bitflip [1781]=0xf7
(0x7fa5d3b13000,0x7fa5d3c22000) Found [0x7fa5d3c04000] bitflip [2083]=0xdf
(0x7fa5d3b13000,0x7fa5d3c22000) Found [0x7fa5d3c04000] bitflip [2183]=0xbf
---------------------
(0x7fa5d3b13000,0x7fa5d3c22000) Found [0x7fa5d3c05000] bitflip [445]=0xdf
(0x7fa5d3b13000,0x7fa5d3c22000) Found [0x7fa5d3c05000] bitflip [858]=0xfe
(0x7fa5d3b13000,0x7fa5d3c22000) Found [0x7fa5d3c05000] bitflip [2472]=0xfb
(0x7fa5d3b13000,0x7fa5d3c22000) Found [0x7fa5d3c05000] bitflip [3019]=0xdf
---------------------
++++++++++++++++++++
(0x7fa5d3b13000,0x7fa5d3c23000) Found [0x7fa5d3c05000] bitflip [445]=0xdf
(0x7fa5d3b13000,0x7fa5d3c23000) Found [0x7fa5d3c05000] bitflip [858]=0xfe
(0x7fa5d3b13000,0x7fa5d3c23000) Found [0x7fa5d3c05000] bitflip [1072]=0xbf
(0x7fa5d3b13000,0x7fa5d3c23000) Found [0x7fa5d3c05000] bitflip [2472]=0xfb
---------------------
[29]Testing 7fa5d3b50000
++++++++++++++++++++
(0x7fa5d3b50000,0x7fa5d3b8c000) Found [0x7fa5d3baa000] bitflip [2888]=0xbf
(0x7fa5d3b50000,0x7fa5d3b8c000) Found [0x7fa5d3baa000] bitflip [3640]=0xf7
(0x7fa5d3b50000,0x7fa5d3b8c000) Found [0x7fa5d3baa000] bitflip [3818]=0xfe
---------------------
++++++++++++++++++++
(0x7fa5d3b50000,0x7fa5d3b8d000) Found [0x7fa5d3baa000] bitflip [2888]=0xbf
(0x7fa5d3b50000,0x7fa5d3b8d000) Found [0x7fa5d3baa000] bitflip [3640]=0xf7
(0x7fa5d3b50000,0x7fa5d3b8d000) Found [0x7fa5d3baa000] bitflip [3818]=0xfe
---------------------
(0x7fa5d3b50000,0x7fa5d3b8d000) Found [0x7fa5d3bab000] bitflip [819]=0xfe
(0x7fa5d3b50000,0x7fa5d3b8d000) Found [0x7fa5d3bab000] bitflip [2307]=0xef
(0x7fa5d3b50000,0x7fa5d3b8d000) Found [0x7fa5d3bab000] bitflip [3923]=0xbf
---------------------
++++++++++++++++++++
(0x7fa5d3b50000,0x7fa5d3c41000) Found [0x7fa5d3b6e000] bitflip [563]=0xfd
(0x7fa5d3b50000,0x7fa5d3c41000) Found [0x7fa5d3b6e000] bitflip [691]=0xfb
(0x7fa5d3b50000,0x7fa5d3c41000) Found [0x7fa5d3b6e000] bitflip [2277]=0xf7
---------------------
(0x7fa5d3b50000,0x7fa5d3c41000) Found [0x7fa5d3b6f000] bitflip [526]=0xbf
(0x7fa5d3b50000,0x7fa5d3c41000) Found [0x7fa5d3b6f000] bitflip [2014]=0xdf
(0x7fa5d3b50000,0x7fa5d3c41000) Found [0x7fa5d3b6f000] bitflip [3451]=0xdf
---------------------
[30]Testing 7fa5d3b51000
++++++++++++++++++++
(0x7fa5d3b51000,0x7fa5d3c40000) Found [0x7fa5d3b6e000] bitflip [77]=0xef
(0x7fa5d3b51000,0x7fa5d3c40000) Found [0x7fa5d3b6e000] bitflip [1661]=0xdf
(0x7fa5d3b51000,0x7fa5d3c40000) Found [0x7fa5d3b6e000] bitflip [2411]=0xdf
(0x7fa5d3b51000,0x7fa5d3c40000) Found [0x7fa5d3b6e000] bitflip [2457]=0xdf
(0x7fa5d3b51000,0x7fa5d3c40000) Found [0x7fa5d3b6e000] bitflip [2664]=0xfd
(0x7fa5d3b51000,0x7fa5d3c40000) Found [0x7fa5d3b6e000] bitflip [3933]=0xfb
---------------------
(0x7fa5d3b51000,0x7fa5d3c40000) Found [0x7fa5d3b6f000] bitflip [66]=0xfb
(0x7fa5d3b51000,0x7fa5d3c40000) Found [0x7fa5d3b6f000] bitflip [752]=0xdf
(0x7fa5d3b51000,0x7fa5d3c40000) Found [0x7fa5d3b6f000] bitflip [2307]=0xfd
(0x7fa5d3b51000,0x7fa5d3c40000) Found [0x7fa5d3b6f000] bitflip [3750]=0xdf
---------------------
++++++++++++++++++++
(0x7fa5d3b51000,0x7fa5d3c41000) Found [0x7fa5d3b6f000] bitflip [66]=0xfb
(0x7fa5d3b51000,0x7fa5d3c41000) Found [0x7fa5d3b6f000] bitflip [752]=0xdf
(0x7fa5d3b51000,0x7fa5d3c41000) Found [0x7fa5d3b6f000] bitflip [2014]=0xdf
(0x7fa5d3b51000,0x7fa5d3c41000) Found [0x7fa5d3b6f000] bitflip [3750]=0xdf
---------------------
[31]Testing 7fa5d3b6e000
++++++++++++++++++++
(0x7fa5d3b6e000,0x7fa5d3bab000) Found [0x7fa5d3b50000] bitflip [2240]=0xfd
(0x7fa5d3b6e000,0x7fa5d3bab000) Found [0x7fa5d3b50000] bitflip [2817]=0xbf
---------------------
(0x7fa5d3b6e000,0x7fa5d3bab000) Found [0x7fa5d3b51000] bitflip [458]=0xf7
(0x7fa5d3b6e000,0x7fa5d3bab000) Found [0x7fa5d3b51000] bitflip [1944]=0x7f
(0x7fa5d3b6e000,0x7fa5d3bab000) Found [0x7fa5d3b51000] bitflip [2794]=0xbf
(0x7fa5d3b6e000,0x7fa5d3bab000) Found [0x7fa5d3b51000] bitflip [3245]=0xfe
(0x7fa5d3b6e000,0x7fa5d3bab000) Found [0x7fa5d3b51000] bitflip [3549]=0xef
(0x7fa5d3b6e000,0x7fa5d3bab000) Found [0x7fa5d3b51000] bitflip [3771]=0xdf
---------------------
++++++++++++++++++++
(0x7fa5d3b6e000,0x7fa5d3c5e000) Found [0x7fa5d3c40000] bitflip [133]=0xf7
(0x7fa5d3b6e000,0x7fa5d3c5e000) Found [0x7fa5d3c40000] bitflip [468]=0xdf
(0x7fa5d3b6e000,0x7fa5d3c5e000) Found [0x7fa5d3c40000] bitflip [2768]=0xdf
---------------------
[32]Testing 7fa5d3b6f000
++++++++++++++++++++
(0x7fa5d3b6f000,0x7fa5d3baa000) Found [0x7fa5d3b50000] bitflip [1720]=0xdf
(0x7fa5d3b6f000,0x7fa5d3baa000) Found [0x7fa5d3b50000] bitflip [1784]=0xf7
(0x7fa5d3b6f000,0x7fa5d3baa000) Found [0x7fa5d3b50000] bitflip [2474]=0xfd
(0x7fa5d3b6f000,0x7fa5d3baa000) Found [0x7fa5d3b50000] bitflip [3053]=0xdf
---------------------
(0x7fa5d3b6f000,0x7fa5d3baa000) Found [0x7fa5d3b51000] bitflip [195]=0xdf
(0x7fa5d3b6f000,0x7fa5d3baa000) Found [0x7fa5d3b51000] bitflip [1670]=0xef
(0x7fa5d3b6f000,0x7fa5d3baa000) Found [0x7fa5d3b51000] bitflip [2039]=0xdf
(0x7fa5d3b6f000,0x7fa5d3baa000) Found [0x7fa5d3b51000] bitflip [3458]=0xfe
---------------------
++++++++++++++++++++
(0x7fa5d3b6f000,0x7fa5d3bab000) Found [0x7fa5d3b51000] bitflip [1670]=0xef
(0x7fa5d3b6f000,0x7fa5d3bab000) Found [0x7fa5d3b51000] bitflip [1944]=0x7f
(0x7fa5d3b6f000,0x7fa5d3bab000) Found [0x7fa5d3b51000] bitflip [2039]=0xdf
(0x7fa5d3b6f000,0x7fa5d3bab000) Found [0x7fa5d3b51000] bitflip [2794]=0xbf
(0x7fa5d3b6f000,0x7fa5d3bab000) Found [0x7fa5d3b51000] bitflip [3245]=0xfe
(0x7fa5d3b6f000,0x7fa5d3bab000) Found [0x7fa5d3b51000] bitflip [3458]=0xfe
(0x7fa5d3b6f000,0x7fa5d3bab000) Found [0x7fa5d3b51000] bitflip [3771]=0xdf
---------------------
++++++++++++++++++++
(0x7fa5d3b6f000,0x7fa5d3c5e000) Found [0x7fa5d3c40000] bitflip [133]=0xf7
(0x7fa5d3b6f000,0x7fa5d3c5e000) Found [0x7fa5d3c40000] bitflip [468]=0xdf
(0x7fa5d3b6f000,0x7fa5d3c5e000) Found [0x7fa5d3c40000] bitflip [2768]=0xdf
---------------------
[33]Testing 7fa5d3b8c000
++++++++++++++++++++
(0x7fa5d3b8c000,0x7fa5d3bc8000) Found [0x7fa5d3be6000] bitflip [8]=0xdf
(0x7fa5d3b8c000,0x7fa5d3bc8000) Found [0x7fa5d3be6000] bitflip [642]=0xef
(0x7fa5d3b8c000,0x7fa5d3bc8000) Found [0x7fa5d3be6000] bitflip [1187]=0xdf
(0x7fa5d3b8c000,0x7fa5d3bc8000) Found [0x7fa5d3be6000] bitflip [3313]=0xdf
(0x7fa5d3b8c000,0x7fa5d3bc8000) Found [0x7fa5d3be6000] bitflip [3891]=0xdf
(0x7fa5d3b8c000,0x7fa5d3bc8000) Found [0x7fa5d3be6000] bitflip [4069]=0xbf
(0x7fa5d3b8c000,0x7fa5d3bc8000) Found [0x7fa5d3be6000] bitflip [4093]=0xdf
---------------------
++++++++++++++++++++
(0x7fa5d3b8c000,0x7fa5d3bc9000) Found [0x7fa5d3be6000] bitflip [8]=0xdf
(0x7fa5d3b8c000,0x7fa5d3bc9000) Found [0x7fa5d3be6000] bitflip [4093]=0xdf
---------------------
(0x7fa5d3b8c000,0x7fa5d3bc9000) Found [0x7fa5d3be7000] bitflip [370]=0xdf
(0x7fa5d3b8c000,0x7fa5d3bc9000) Found [0x7fa5d3be7000] bitflip [403]=0xfb
(0x7fa5d3b8c000,0x7fa5d3bc9000) Found [0x7fa5d3be7000] bitflip [613]=0xfd
(0x7fa5d3b8c000,0x7fa5d3bc9000) Found [0x7fa5d3be7000] bitflip [666]=0xdf
(0x7fa5d3b8c000,0x7fa5d3bc9000) Found [0x7fa5d3be7000] bitflip [1440]=0xfd
(0x7fa5d3b8c000,0x7fa5d3bc9000) Found [0x7fa5d3be7000] bitflip [1520]=0xfb
(0x7fa5d3b8c000,0x7fa5d3bc9000) Found [0x7fa5d3be7000] bitflip [2711]=0xbf
---------------------
[34]Testing 7fa5d3b8d000
++++++++++++++++++++
(0x7fa5d3b8d000,0x7fa5d3bc8000) Found [0x7fa5d3be6000] bitflip [642]=0xef
(0x7fa5d3b8d000,0x7fa5d3bc8000) Found [0x7fa5d3be6000] bitflip [1187]=0xdf
(0x7fa5d3b8d000,0x7fa5d3bc8000) Found [0x7fa5d3be6000] bitflip [3313]=0xdf
(0x7fa5d3b8d000,0x7fa5d3bc8000) Found [0x7fa5d3be6000] bitflip [3891]=0xdf
(0x7fa5d3b8d000,0x7fa5d3bc8000) Found [0x7fa5d3be6000] bitflip [4069]=0xbf
---------------------
(0x7fa5d3b8d000,0x7fa5d3bc8000) Found [0x7fa5d3be7000] bitflip [24]=0x7f
(0x7fa5d3b8d000,0x7fa5d3bc8000) Found [0x7fa5d3be7000] bitflip [666]=0xdf
(0x7fa5d3b8d000,0x7fa5d3bc8000) Found [0x7fa5d3be7000] bitflip [2863]=0xfe
(0x7fa5d3b8d000,0x7fa5d3bc8000) Found [0x7fa5d3be7000] bitflip [3688]=0xef
---------------------
++++++++++++++++++++
(0x7fa5d3b8d000,0x7fa5d3bc9000) Found [0x7fa5d3be7000] bitflip [24]=0x7f
(0x7fa5d3b8d000,0x7fa5d3bc9000) Found [0x7fa5d3be7000] bitflip [403]=0xfb
(0x7fa5d3b8d000,0x7fa5d3bc9000) Found [0x7fa5d3be7000] bitflip [666]=0xdf
(0x7fa5d3b8d000,0x7fa5d3bc9000) Found [0x7fa5d3be7000] bitflip [1440]=0xfd
(0x7fa5d3b8d000,0x7fa5d3bc9000) Found [0x7fa5d3be7000] bitflip [1520]=0xfb
(0x7fa5d3b8d000,0x7fa5d3bc9000) Found [0x7fa5d3be7000] bitflip [2064]=0xfd
(0x7fa5d3b8d000,0x7fa5d3bc9000) Found [0x7fa5d3be7000] bitflip [2711]=0xbf
(0x7fa5d3b8d000,0x7fa5d3bc9000) Found [0x7fa5d3be7000] bitflip [2863]=0xfe
(0x7fa5d3b8d000,0x7fa5d3bc9000) Found [0x7fa5d3be7000] bitflip [3688]=0xef
---------------------
[35]Testing 7fa5d3baa000
++++++++++++++++++++
(0x7fa5d3baa000,0x7fa5d3be6000) Found [0x7fa5d3b8c000] bitflip [656]=0xfb
(0x7fa5d3baa000,0x7fa5d3be6000) Found [0x7fa5d3b8c000] bitflip [1523]=0xbf
(0x7fa5d3baa000,0x7fa5d3be6000) Found [0x7fa5d3b8c000] bitflip [2418]=0xef
(0x7fa5d3baa000,0x7fa5d3be6000) Found [0x7fa5d3b8c000] bitflip [2583]=0x7f
(0x7fa5d3baa000,0x7fa5d3be6000) Found [0x7fa5d3b8c000] bitflip [3477]=0x7f
---------------------
(0x7fa5d3baa000,0x7fa5d3be6000) Found [0x7fa5d3b8d000] bitflip [4010]=0xfb
---------------------
[36]Testing 7fa5d3bab000
++++++++++++++++++++
(0x7fa5d3bab000,0x7fa5d3be7000) Found [0x7fa5d3b8d000] bitflip [843]=0xbf
(0x7fa5d3bab000,0x7fa5d3be7000) Found [0x7fa5d3b8d000] bitflip [1437]=0xfe
(0x7fa5d3bab000,0x7fa5d3be7000) Found [0x7fa5d3b8d000] bitflip [2099]=0xfe
(0x7fa5d3bab000,0x7fa5d3be7000) Found [0x7fa5d3b8d000] bitflip [2672]=0xdf
(0x7fa5d3bab000,0x7fa5d3be7000) Found [0x7fa5d3b8d000] bitflip [2842]=0xef
(0x7fa5d3bab000,0x7fa5d3be7000) Found [0x7fa5d3b8d000] bitflip [4010]=0xfb
---------------------
[37]Testing 7fa5d3bc8000
++++++++++++++++++++
(0x7fa5d3bc8000,0x7fa5d3c04000) Found [0x7fa5d3c22000] bitflip [624]=0xdf
(0x7fa5d3bc8000,0x7fa5d3c04000) Found [0x7fa5d3c22000] bitflip [1511]=0xef
(0x7fa5d3bc8000,0x7fa5d3c04000) Found [0x7fa5d3c22000] bitflip [1689]=0x7f
(0x7fa5d3bc8000,0x7fa5d3c04000) Found [0x7fa5d3c22000] bitflip [2027]=0xdf
(0x7fa5d3bc8000,0x7fa5d3c04000) Found [0x7fa5d3c22000] bitflip [2790]=0xfb
(0x7fa5d3bc8000,0x7fa5d3c04000) Found [0x7fa5d3c22000] bitflip [2883]=0xef
(0x7fa5d3bc8000,0x7fa5d3c04000) Found [0x7fa5d3c22000] bitflip [3352]=0xfe
(0x7fa5d3bc8000,0x7fa5d3c04000) Found [0x7fa5d3c22000] bitflip [3505]=0xfd
---------------------
++++++++++++++++++++
(0x7fa5d3bc8000,0x7fa5d3c05000) Found [0x7fa5d3c22000] bitflip [624]=0xdf
(0x7fa5d3bc8000,0x7fa5d3c05000) Found [0x7fa5d3c22000] bitflip [1689]=0x7f
(0x7fa5d3bc8000,0x7fa5d3c05000) Found [0x7fa5d3c22000] bitflip [2027]=0xdf
(0x7fa5d3bc8000,0x7fa5d3c05000) Found [0x7fa5d3c22000] bitflip [3352]=0xfe
---------------------
(0x7fa5d3bc8000,0x7fa5d3c05000) Found [0x7fa5d3c23000] bitflip [886]=0x7f
(0x7fa5d3bc8000,0x7fa5d3c05000) Found [0x7fa5d3c23000] bitflip [1025]=0xef
(0x7fa5d3bc8000,0x7fa5d3c05000) Found [0x7fa5d3c23000] bitflip [1091]=0x7f
(0x7fa5d3bc8000,0x7fa5d3c05000) Found [0x7fa5d3c23000] bitflip [1139]=0xbf
(0x7fa5d3bc8000,0x7fa5d3c05000) Found [0x7fa5d3c23000] bitflip [3382]=0xbd
---------------------
[38]Testing 7fa5d3bc9000
++++++++++++++++++++
(0x7fa5d3bc9000,0x7fa5d3c04000) Found [0x7fa5d3c22000] bitflip [624]=0xdf
(0x7fa5d3bc9000,0x7fa5d3c04000) Found [0x7fa5d3c22000] bitflip [1511]=0xef
(0x7fa5d3bc9000,0x7fa5d3c04000) Found [0x7fa5d3c22000] bitflip [2790]=0xfb
(0x7fa5d3bc9000,0x7fa5d3c04000) Found [0x7fa5d3c22000] bitflip [2883]=0xef
(0x7fa5d3bc9000,0x7fa5d3c04000) Found [0x7fa5d3c22000] bitflip [3505]=0xfd
---------------------
(0x7fa5d3bc9000,0x7fa5d3c04000) Found [0x7fa5d3c23000] bitflip [1704]=0xfe
---------------------
++++++++++++++++++++
(0x7fa5d3bc9000,0x7fa5d3c05000) Found [0x7fa5d3c22000] bitflip [624]=0xdf
---------------------
(0x7fa5d3bc9000,0x7fa5d3c05000) Found [0x7fa5d3c23000] bitflip [886]=0x7f
(0x7fa5d3bc9000,0x7fa5d3c05000) Found [0x7fa5d3c23000] bitflip [1025]=0xef
(0x7fa5d3bc9000,0x7fa5d3c05000) Found [0x7fa5d3c23000] bitflip [1139]=0xbf
(0x7fa5d3bc9000,0x7fa5d3c05000) Found [0x7fa5d3c23000] bitflip [3382]=0xbd
---------------------
[39]Testing 7fa5d3be6000
++++++++++++++++++++
(0x7fa5d3be6000,0x7fa5d3c22000) Found [0x7fa5d3bc8000] bitflip [936]=0xbf
(0x7fa5d3be6000,0x7fa5d3c22000) Found [0x7fa5d3bc8000] bitflip [1216]=0xdf
(0x7fa5d3be6000,0x7fa5d3c22000) Found [0x7fa5d3bc8000] bitflip [2133]=0xfb
(0x7fa5d3be6000,0x7fa5d3c22000) Found [0x7fa5d3bc8000] bitflip [3620]=0xef
---------------------
++++++++++++++++++++
(0x7fa5d3be6000,0x7fa5d3c23000) Found [0x7fa5d3bc8000] bitflip [1216]=0xdf
(0x7fa5d3be6000,0x7fa5d3c23000) Found [0x7fa5d3bc8000] bitflip [2133]=0xfb
(0x7fa5d3be6000,0x7fa5d3c23000) Found [0x7fa5d3bc8000] bitflip [2448]=0xbf
(0x7fa5d3be6000,0x7fa5d3c23000) Found [0x7fa5d3bc8000] bitflip [3620]=0xef
---------------------
(0x7fa5d3be6000,0x7fa5d3c23000) Found [0x7fa5d3bc9000] bitflip [1956]=0xbf
(0x7fa5d3be6000,0x7fa5d3c23000) Found [0x7fa5d3bc9000] bitflip [1960]=0xfe
(0x7fa5d3be6000,0x7fa5d3c23000) Found [0x7fa5d3bc9000] bitflip [3946]=0xf7
---------------------
[40]Testing 7fa5d3be7000
++++++++++++++++++++
(0x7fa5d3be7000,0x7fa5d3c22000) Found [0x7fa5d3bc8000] bitflip [936]=0xbf
---------------------
(0x7fa5d3be7000,0x7fa5d3c22000) Found [0x7fa5d3bc9000] bitflip [256]=0xef
(0x7fa5d3be7000,0x7fa5d3c22000) Found [0x7fa5d3bc9000] bitflip [3427]=0xfb
(0x7fa5d3be7000,0x7fa5d3c22000) Found [0x7fa5d3bc9000] bitflip [3824]=0xef
---------------------
++++++++++++++++++++
(0x7fa5d3be7000,0x7fa5d3c23000) Found [0x7fa5d3bc9000] bitflip [256]=0xef
(0x7fa5d3be7000,0x7fa5d3c23000) Found [0x7fa5d3bc9000] bitflip [1956]=0xbf
(0x7fa5d3be7000,0x7fa5d3c23000) Found [0x7fa5d3bc9000] bitflip [3427]=0xfb
(0x7fa5d3be7000,0x7fa5d3c23000) Found [0x7fa5d3bc9000] bitflip [3824]=0xef
(0x7fa5d3be7000,0x7fa5d3c23000) Found [0x7fa5d3bc9000] bitflip [3946]=0xf7
---------------------
[41]Testing 7fa5d3c04000
[42]Testing 7fa5d3c05000
[43]Testing 7fa5d3c22000
[44]Testing 7fa5d3c23000
[45]Testing 7fa5d3c40000
++++++++++++++++++++
(0x7fa5d3c40000,0x7fa5d3c7c000) Found [0x7fa5d3c5e000] bitflip [616]=0xef
(0x7fa5d3c40000,0x7fa5d3c7c000) Found [0x7fa5d3c5e000] bitflip [915]=0x7f
(0x7fa5d3c40000,0x7fa5d3c7c000) Found [0x7fa5d3c5e000] bitflip [2130]=0xfb
(0x7fa5d3c40000,0x7fa5d3c7c000) Found [0x7fa5d3c5e000] bitflip [2498]=0xfe
---------------------
[46]Testing 7fa5d3c41000
++++++++++++++++++++
(0x7fa5d3c41000,0x7fa5d3c7c000) Found [0x7fa5d3c5e000] bitflip [616]=0xef
(0x7fa5d3c41000,0x7fa5d3c7c000) Found [0x7fa5d3c5e000] bitflip [747]=0xfb
(0x7fa5d3c41000,0x7fa5d3c7c000) Found [0x7fa5d3c5e000] bitflip [2431]=0xef
---------------------
(0x7fa5d3c41000,0x7fa5d3c7c000) Found [0x7fa5d3c5f000] bitflip [3573]=0xfe
---------------------
++++++++++++++++++++
(0x7fa5d3c41000,0x7fa5d3c7d000) Found [0x7fa5d3c5f000] bitflip [358]=0xfe
(0x7fa5d3c41000,0x7fa5d3c7d000) Found [0x7fa5d3c5f000] bitflip [2856]=0xdf
(0x7fa5d3c41000,0x7fa5d3c7d000) Found [0x7fa5d3c5f000] bitflip [3573]=0xfe
---------------------
[47]Testing 7fa5d3c5c000
[48]Testing 7fa5d3c5e000
++++++++++++++++++++
(0x7fa5d3c5e000,0x7fa5d3c9a000) Found [0x7fa5d3c7c000] bitflip [421]=0x7f
(0x7fa5d3c5e000,0x7fa5d3c9a000) Found [0x7fa5d3c7c000] bitflip [662]=0xfd
(0x7fa5d3c5e000,0x7fa5d3c9a000) Found [0x7fa5d3c7c000] bitflip [2359]=0xfb
(0x7fa5d3c5e000,0x7fa5d3c9a000) Found [0x7fa5d3c7c000] bitflip [3369]=0x7f
(0x7fa5d3c5e000,0x7fa5d3c9a000) Found [0x7fa5d3c7c000] bitflip [3687]=0xbf
---------------------
++++++++++++++++++++
(0x7fa5d3c5e000,0x7fa5d3c9b000) Found [0x7fa5d3c7c000] bitflip [3369]=0x7f
---------------------
(0x7fa5d3c5e000,0x7fa5d3c9b000) Found [0x7fa5d3c7d000] bitflip [757]=0xf7
(0x7fa5d3c5e000,0x7fa5d3c9b000) Found [0x7fa5d3c7d000] bitflip [1170]=0xfe
(0x7fa5d3c5e000,0x7fa5d3c9b000) Found [0x7fa5d3c7d000] bitflip [3248]=0xfb
---------------------
[49]Testing 7fa5d3c5f000
++++++++++++++++++++
(0x7fa5d3c5f000,0x7fa5d3c9a000) Found [0x7fa5d3c7c000] bitflip [662]=0xfd
(0x7fa5d3c5f000,0x7fa5d3c9a000) Found [0x7fa5d3c7c000] bitflip [2359]=0xfb
(0x7fa5d3c5f000,0x7fa5d3c9a000) Found [0x7fa5d3c7c000] bitflip [3687]=0xbf
---------------------
(0x7fa5d3c5f000,0x7fa5d3c9a000) Found [0x7fa5d3c7d000] bitflip [2312]=0xdf
(0x7fa5d3c5f000,0x7fa5d3c9a000) Found [0x7fa5d3c7d000] bitflip [3354]=0xf7
---------------------
++++++++++++++++++++
