[0]Testing 7ffa44083000
[1]Testing 7ffa44086000
[2]Testing 7ffa44087000
[3]Testing 7ffa44088000
[4]Testing 7ffa44091000
[5]Testing 7ffa44094000
[6]Testing 7ffa4409c000
[7]Testing 7ffa440c3000
[8]Testing 7ffa440d1000
[9]Testing 7ffa440d6000
[10]Testing 7ffa440ed000
[11]Testing 7ffa440fd000
[12]Testing 7ffa44106000
[13]Testing 7ffa44120000
[14]Testing 7ffa44132000
[15]Testing 7ffa44136000
[16]Testing 7ffa4414e000
[17]Testing 7ffa44155000
[18]Testing 7ffa44181000
[19]Testing 7ffa4418a000
[20]Testing 7ffa4418e000
[21]Testing 7ffa441aa000
[22]Testing 7ffa441b3000
[23]Testing 7ffa441c1000
[24]Testing 7ffa441d9000
[25]Testing 7ffa441dc000
[26]Testing 7ffa441ed000
[27]Testing 7ffa441f0000
[28]Testing 7ffa441f5000
[29]Testing 7ffa441f7000
[30]Testing 7ffa44206000
++++++++++++++++++++
(0x7ffa44206000,0x7ffa4423a000) Found [0x7ffa44228000] bitflip [1020]=0xf7
(0x7ffa44206000,0x7ffa4423a000) Found [0x7ffa44228000] bitflip [2448]=0xfd
---------------------
++++++++++++++++++++
(0x7ffa44206000,0x7ffa4423b000) Found [0x7ffa44228000] bitflip [1020]=0xf7
(0x7ffa44206000,0x7ffa4423b000) Found [0x7ffa44228000] bitflip [2448]=0xfd
---------------------
(0x7ffa44206000,0x7ffa4423b000) Found [0x7ffa44229000] bitflip [872]=0xf7
(0x7ffa44206000,0x7ffa4423b000) Found [0x7ffa44229000] bitflip [1641]=0xfd
(0x7ffa44206000,0x7ffa4423b000) Found [0x7ffa44229000] bitflip [2361]=0xdf
(0x7ffa44206000,0x7ffa4423b000) Found [0x7ffa44229000] bitflip [2395]=0xfe
---------------------
[31]Testing 7ffa44207000
++++++++++++++++++++
(0x7ffa44207000,0x7ffa4423a000) Found [0x7ffa44229000] bitflip [1013]=0x7f
(0x7ffa44207000,0x7ffa4423a000) Found [0x7ffa44229000] bitflip [2035]=0xfe
---------------------
++++++++++++++++++++
(0x7ffa44207000,0x7ffa4423b000) Found [0x7ffa44229000] bitflip [1013]=0x7f
(0x7ffa44207000,0x7ffa4423b000) Found [0x7ffa44229000] bitflip [1641]=0xfd
(0x7ffa44207000,0x7ffa4423b000) Found [0x7ffa44229000] bitflip [2035]=0xfe
(0x7ffa44207000,0x7ffa4423b000) Found [0x7ffa44229000] bitflip [2361]=0xdf
(0x7ffa44207000,0x7ffa4423b000) Found [0x7ffa44229000] bitflip [2395]=0xfe
---------------------
[32]Testing 7ffa44228000
++++++++++++++++++++
(0x7ffa44228000,0x7ffa4425d000) Found [0x7ffa4423b000] bitflip [369]=0xef
(0x7ffa44228000,0x7ffa4425d000) Found [0x7ffa4423b000] bitflip [2162]=0xdf
---------------------
[33]Testing 7ffa44229000
++++++++++++++++++++
(0x7ffa44229000,0x7ffa4425c000) Found [0x7ffa4423a000] bitflip [226]=0xfe
(0x7ffa44229000,0x7ffa4425c000) Found [0x7ffa4423a000] bitflip [1665]=0x7f
---------------------
(0x7ffa44229000,0x7ffa4425c000) Found [0x7ffa4423b000] bitflip [3021]=0xdf
(0x7ffa44229000,0x7ffa4425c000) Found [0x7ffa4423b000] bitflip [3864]=0xdf
(0x7ffa44229000,0x7ffa4425c000) Found [0x7ffa4423b000] bitflip [4031]=0xfb
---------------------
++++++++++++++++++++
(0x7ffa44229000,0x7ffa4425d000) Found [0x7ffa4423b000] bitflip [369]=0xef
(0x7ffa44229000,0x7ffa4425d000) Found [0x7ffa4423b000] bitflip [2162]=0xdf
(0x7ffa44229000,0x7ffa4425d000) Found [0x7ffa4423b000] bitflip [2363]=0xef
(0x7ffa44229000,0x7ffa4425d000) Found [0x7ffa4423b000] bitflip [3021]=0xdf
(0x7ffa44229000,0x7ffa4425d000) Found [0x7ffa4423b000] bitflip [4031]=0xfb
---------------------
[34]Testing 7ffa4423a000
++++++++++++++++++++
(0x7ffa4423a000,0x7ffa4427e000) Found [0x7ffa4425c000] bitflip [526]=0xbf
(0x7ffa4423a000,0x7ffa4427e000) Found [0x7ffa4425c000] bitflip [1371]=0xbf
(0x7ffa4423a000,0x7ffa4427e000) Found [0x7ffa4425c000] bitflip [1568]=0xef
(0x7ffa4423a000,0x7ffa4427e000) Found [0x7ffa4425c000] bitflip [2002]=0xbf
(0x7ffa4423a000,0x7ffa4427e000) Found [0x7ffa4425c000] bitflip [2961]=0xdf
(0x7ffa4423a000,0x7ffa4427e000) Found [0x7ffa4425c000] bitflip [3850]=0xdf
---------------------
[35]Testing 7ffa4423b000
++++++++++++++++++++
(0x7ffa4423b000,0x7ffa4427e000) Found [0x7ffa4425c000] bitflip [526]=0xbf
(0x7ffa4423b000,0x7ffa4427e000) Found [0x7ffa4425c000] bitflip [1371]=0xbf
(0x7ffa4423b000,0x7ffa4427e000) Found [0x7ffa4425c000] bitflip [3850]=0xdf
---------------------
(0x7ffa4423b000,0x7ffa4427e000) Found [0x7ffa4425d000] bitflip [496]=0xfe
(0x7ffa4423b000,0x7ffa4427e000) Found [0x7ffa4425d000] bitflip [1648]=0xf7
(0x7ffa4423b000,0x7ffa4427e000) Found [0x7ffa4425d000] bitflip [2448]=0xfb
---------------------
++++++++++++++++++++
(0x7ffa4423b000,0x7ffa4427f000) Found [0x7ffa4425d000] bitflip [496]=0xfe
(0x7ffa4423b000,0x7ffa4427f000) Found [0x7ffa4425d000] bitflip [1648]=0xf7
(0x7ffa4423b000,0x7ffa4427f000) Found [0x7ffa4425d000] bitflip [2448]=0xfb
---------------------
[36]Testing 7ffa4425c000
++++++++++++++++++++
(0x7ffa4425c000,0x7ffa442a0000) Found [0x7ffa4427e000] bitflip [263]=0xfd
(0x7ffa4425c000,0x7ffa442a0000) Found [0x7ffa4427e000] bitflip [291]=0xbf
(0x7ffa4425c000,0x7ffa442a0000) Found [0x7ffa4427e000] bitflip [1004]=0x7f
(0x7ffa4425c000,0x7ffa442a0000) Found [0x7ffa4427e000] bitflip [2471]=0xfb
(0x7ffa4425c000,0x7ffa442a0000) Found [0x7ffa4427e000] bitflip [4081]=0xef
---------------------
(0x7ffa4425c000,0x7ffa442a0000) Found [0x7ffa4427f000] bitflip [2176]=0xfb
---------------------
++++++++++++++++++++
(0x7ffa4425c000,0x7ffa442a1000) Found [0x7ffa4427e000] bitflip [1004]=0x7f
---------------------
(0x7ffa4425c000,0x7ffa442a1000) Found [0x7ffa4427f000] bitflip [434]=0xfb
(0x7ffa4425c000,0x7ffa442a1000) Found [0x7ffa4427f000] bitflip [1029]=0xfd
(0x7ffa4425c000,0x7ffa442a1000) Found [0x7ffa4427f000] bitflip [1426]=0xbf
(0x7ffa4425c000,0x7ffa442a1000) Found [0x7ffa4427f000] bitflip [1793]=0xfd
(0x7ffa4425c000,0x7ffa442a1000) Found [0x7ffa4427f000] bitflip [2176]=0xfb
---------------------
[37]Testing 7ffa4425d000
++++++++++++++++++++
(0x7ffa4425d000,0x7ffa442a0000) Found [0x7ffa4427e000] bitflip [263]=0xfd
(0x7ffa4425d000,0x7ffa442a0000) Found [0x7ffa4427e000] bitflip [291]=0xbf
(0x7ffa4425d000,0x7ffa442a0000) Found [0x7ffa4427e000] bitflip [2471]=0xfb
(0x7ffa4425d000,0x7ffa442a0000) Found [0x7ffa4427e000] bitflip [4081]=0xef
---------------------
(0x7ffa4425d000,0x7ffa442a0000) Found [0x7ffa4427f000] bitflip [3609]=0xfd
---------------------
++++++++++++++++++++
(0x7ffa4425d000,0x7ffa442a1000) Found [0x7ffa4427f000] bitflip [434]=0xfb
(0x7ffa4425d000,0x7ffa442a1000) Found [0x7ffa4427f000] bitflip [1029]=0xfd
(0x7ffa4425d000,0x7ffa442a1000) Found [0x7ffa4427f000] bitflip [1426]=0xbf
(0x7ffa4425d000,0x7ffa442a1000) Found [0x7ffa4427f000] bitflip [1793]=0xfd
(0x7ffa4425d000,0x7ffa442a1000) Found [0x7ffa4427f000] bitflip [2176]=0xfb
(0x7ffa4425d000,0x7ffa442a1000) Found [0x7ffa4427f000] bitflip [3609]=0xfd
---------------------
[38]Testing 7ffa4427e000
++++++++++++++++++++
(0x7ffa4427e000,0x7ffa4438f000) Found [0x7ffa442a0000] bitflip [2579]=0xbf
---------------------
(0x7ffa4427e000,0x7ffa4438f000) Found [0x7ffa442a1000] bitflip [201]=0x7f
(0x7ffa4427e000,0x7ffa4438f000) Found [0x7ffa442a1000] bitflip [990]=0xdf
(0x7ffa4427e000,0x7ffa4438f000) Found [0x7ffa442a1000] bitflip [1035]=0xfd
(0x7ffa4427e000,0x7ffa4438f000) Found [0x7ffa442a1000] bitflip [1325]=0xfb
(0x7ffa4427e000,0x7ffa4438f000) Found [0x7ffa442a1000] bitflip [1993]=0xbf
(0x7ffa4427e000,0x7ffa4438f000) Found [0x7ffa442a1000] bitflip [2697]=0xbf
(0x7ffa4427e000,0x7ffa4438f000) Found [0x7ffa442a1000] bitflip [3725]=0xf7
---------------------
[39]Testing 7ffa4427f000
++++++++++++++++++++
(0x7ffa4427f000,0x7ffa4438e000) Found [0x7ffa442a0000] bitflip [3659]=0xef
(0x7ffa4427f000,0x7ffa4438e000) Found [0x7ffa442a0000] bitflip [3690]=0xbf
---------------------
(0x7ffa4427f000,0x7ffa4438e000) Found [0x7ffa442a1000] bitflip [201]=0x7f
(0x7ffa4427f000,0x7ffa4438e000) Found [0x7ffa442a1000] bitflip [1107]=0x7f
(0x7ffa4427f000,0x7ffa4438e000) Found [0x7ffa442a1000] bitflip [2806]=0x7f
(0x7ffa4427f000,0x7ffa4438e000) Found [0x7ffa442a1000] bitflip [3542]=0xfd
---------------------
++++++++++++++++++++
(0x7ffa4427f000,0x7ffa4438f000) Found [0x7ffa442a1000] bitflip [201]=0x7f
(0x7ffa4427f000,0x7ffa4438f000) Found [0x7ffa442a1000] bitflip [990]=0xdf
(0x7ffa4427f000,0x7ffa4438f000) Found [0x7ffa442a1000] bitflip [1035]=0xfd
(0x7ffa4427f000,0x7ffa4438f000) Found [0x7ffa442a1000] bitflip [1107]=0x7f
(0x7ffa4427f000,0x7ffa4438f000) Found [0x7ffa442a1000] bitflip [1325]=0xfb
(0x7ffa4427f000,0x7ffa4438f000) Found [0x7ffa442a1000] bitflip [1654]=0xfb
(0x7ffa4427f000,0x7ffa4438f000) Found [0x7ffa442a1000] bitflip [1993]=0xbf
(0x7ffa4427f000,0x7ffa4438f000) Found [0x7ffa442a1000] bitflip [2697]=0xbf
(0x7ffa4427f000,0x7ffa4438f000) Found [0x7ffa442a1000] bitflip [2806]=0x7f
(0x7ffa4427f000,0x7ffa4438f000) Found [0x7ffa442a1000] bitflip [3542]=0xfd
---------------------
[40]Testing 7ffa442a0000
++++++++++++++++++++
(0x7ffa442a0000,0x7ffa443b0000) Found [0x7ffa4438e000] bitflip [74]=0xf7
(0x7ffa442a0000,0x7ffa443b0000) Found [0x7ffa4438e000] bitflip [905]=0x7f
(0x7ffa442a0000,0x7ffa443b0000) Found [0x7ffa4438e000] bitflip [924]=0xbf
(0x7ffa442a0000,0x7ffa443b0000) Found [0x7ffa4438e000] bitflip [2146]=0xef
(0x7ffa442a0000,0x7ffa443b0000) Found [0x7ffa4438e000] bitflip [2444]=0xef
(0x7ffa442a0000,0x7ffa443b0000) Found [0x7ffa4438e000] bitflip [2717]=0xbf
(0x7ffa442a0000,0x7ffa443b0000) Found [0x7ffa4438e000] bitflip [2767]=0xf7
(0x7ffa442a0000,0x7ffa443b0000) Found [0x7ffa4438e000] bitflip [3025]=0x7f
---------------------
++++++++++++++++++++
(0x7ffa442a0000,0x7ffa443b1000) Found [0x7ffa4438e000] bitflip [74]=0xf7
(0x7ffa442a0000,0x7ffa443b1000) Found [0x7ffa4438e000] bitflip [905]=0x7f
(0x7ffa442a0000,0x7ffa443b1000) Found [0x7ffa4438e000] bitflip [924]=0xbf
(0x7ffa442a0000,0x7ffa443b1000) Found [0x7ffa4438e000] bitflip [2444]=0xef
(0x7ffa442a0000,0x7ffa443b1000) Found [0x7ffa4438e000] bitflip [2717]=0xbf
(0x7ffa442a0000,0x7ffa443b1000) Found [0x7ffa4438e000] bitflip [2767]=0xf7
---------------------
(0x7ffa442a0000,0x7ffa443b1000) Found [0x7ffa4438f000] bitflip [1105]=0xfb
(0x7ffa442a0000,0x7ffa443b1000) Found [0x7ffa4438f000] bitflip [2305]=0xfd
(0x7ffa442a0000,0x7ffa443b1000) Found [0x7ffa4438f000] bitflip [3174]=0xfb
---------------------
[41]Testing 7ffa442a1000
++++++++++++++++++++
(0x7ffa442a1000,0x7ffa443b1000) Found [0x7ffa4438f000] bitflip [1105]=0xfb
(0x7ffa442a1000,0x7ffa443b1000) Found [0x7ffa4438f000] bitflip [3174]=0xfb
---------------------
[42]Testing 7ffa442d2000
++++++++++++++++++++
(0x7ffa442d2000,0x7ffa44316000) Found [0x7ffa44338000] bitflip [1206]=0xbf
(0x7ffa442d2000,0x7ffa44316000) Found [0x7ffa44338000] bitflip [1502]=0xef
(0x7ffa442d2000,0x7ffa44316000) Found [0x7ffa44338000] bitflip [2623]=0xfd
(0x7ffa442d2000,0x7ffa44316000) Found [0x7ffa44338000] bitflip [3639]=0xfe
---------------------
(0x7ffa442d2000,0x7ffa44316000) Found [0x7ffa44339000] bitflip [3297]=0xf7
---------------------
++++++++++++++++++++
(0x7ffa442d2000,0x7ffa44317000) Found [0x7ffa44338000] bitflip [1502]=0xef
(0x7ffa442d2000,0x7ffa44317000) Found [0x7ffa44338000] bitflip [2623]=0xfd
---------------------
(0x7ffa442d2000,0x7ffa44317000) Found [0x7ffa44339000] bitflip [1478]=0xfb
(0x7ffa442d2000,0x7ffa44317000) Found [0x7ffa44339000] bitflip [3297]=0xf7
---------------------
[43]Testing 7ffa442d3000
++++++++++++++++++++
(0x7ffa442d3000,0x7ffa44316000) Found [0x7ffa44338000] bitflip [1206]=0xbf
(0x7ffa442d3000,0x7ffa44316000) Found [0x7ffa44338000] bitflip [3639]=0xfe
---------------------
(0x7ffa442d3000,0x7ffa44316000) Found [0x7ffa44339000] bitflip [3297]=0xf7
(0x7ffa442d3000,0x7ffa44316000) Found [0x7ffa44339000] bitflip [3534]=0xf7
(0x7ffa442d3000,0x7ffa44316000) Found [0x7ffa44339000] bitflip [3627]=0xf7
(0x7ffa442d3000,0x7ffa44316000) Found [0x7ffa44339000] bitflip [4074]=0x7f
---------------------
[44]Testing 7ffa442f4000
++++++++++++++++++++
(0x7ffa442f4000,0x7ffa44338000) Found [0x7ffa442d2000] bitflip [354]=0x7f
(0x7ffa442f4000,0x7ffa44338000) Found [0x7ffa442d2000] bitflip [2065]=0xdf
(0x7ffa442f4000,0x7ffa44338000) Found [0x7ffa442d2000] bitflip [2079]=0xfb
(0x7ffa442f4000,0x7ffa44338000) Found [0x7ffa442d2000] bitflip [2553]=0xfe
(0x7ffa442f4000,0x7ffa44338000) Found [0x7ffa442d2000] bitflip [3539]=0xfb
(0x7ffa442f4000,0x7ffa44338000) Found [0x7ffa442d2000] bitflip [3630]=0xef
(0x7ffa442f4000,0x7ffa44338000) Found [0x7ffa442d2000] bitflip [3745]=0xef
(0x7ffa442f4000,0x7ffa44338000) Found [0x7ffa442d2000] bitflip [3983]=0xfb
---------------------
(0x7ffa442f4000,0x7ffa44338000) Found [0x7ffa442d3000] bitflip [2657]=0xf7
---------------------
++++++++++++++++++++
(0x7ffa442f4000,0x7ffa44339000) Found [0x7ffa442d2000] bitflip [354]=0x7f
(0x7ffa442f4000,0x7ffa44339000) Found [0x7ffa442d2000] bitflip [2065]=0xdf
(0x7ffa442f4000,0x7ffa44339000) Found [0x7ffa442d2000] bitflip [3539]=0xfb
(0x7ffa442f4000,0x7ffa44339000) Found [0x7ffa442d2000] bitflip [3630]=0xef
(0x7ffa442f4000,0x7ffa44339000) Found [0x7ffa442d2000] bitflip [3680]=0xfe
(0x7ffa442f4000,0x7ffa44339000) Found [0x7ffa442d2000] bitflip [3745]=0xef
---------------------
(0x7ffa442f4000,0x7ffa44339000) Found [0x7ffa442d3000] bitflip [986]=0xfe
(0x7ffa442f4000,0x7ffa44339000) Found [0x7ffa442d3000] bitflip [1675]=0x7f
(0x7ffa442f4000,0x7ffa44339000) Found [0x7ffa442d3000] bitflip [2040]=0xfb
(0x7ffa442f4000,0x7ffa44339000) Found [0x7ffa442d3000] bitflip [2657]=0xf7
(0x7ffa442f4000,0x7ffa44339000) Found [0x7ffa442d3000] bitflip [3709]=0xfb
---------------------
[45]Testing 7ffa442f5000
++++++++++++++++++++
(0x7ffa442f5000,0x7ffa44338000) Found [0x7ffa442d2000] bitflip [2079]=0xfb
(0x7ffa442f5000,0x7ffa44338000) Found [0x7ffa442d2000] bitflip [2553]=0xfe
(0x7ffa442f5000,0x7ffa44338000) Found [0x7ffa442d2000] bitflip [3630]=0xef
(0x7ffa442f5000,0x7ffa44338000) Found [0x7ffa442d2000] bitflip [3983]=0xfb
---------------------
(0x7ffa442f5000,0x7ffa44338000) Found [0x7ffa442d3000] bitflip [144]=0xfe
(0x7ffa442f5000,0x7ffa44338000) Found [0x7ffa442d3000] bitflip [550]=0xbf
(0x7ffa442f5000,0x7ffa44338000) Found [0x7ffa442d3000] bitflip [563]=0xdf
(0x7ffa442f5000,0x7ffa44338000) Found [0x7ffa442d3000] bitflip [2657]=0xf7
---------------------
++++++++++++++++++++
(0x7ffa442f5000,0x7ffa44339000) Found [0x7ffa442d2000] bitflip [3630]=0xef
---------------------
(0x7ffa442f5000,0x7ffa44339000) Found [0x7ffa442d3000] bitflip [106]=0xfd
(0x7ffa442f5000,0x7ffa44339000) Found [0x7ffa442d3000] bitflip [144]=0xfe
(0x7ffa442f5000,0x7ffa44339000) Found [0x7ffa442d3000] bitflip [550]=0xbf
(0x7ffa442f5000,0x7ffa44339000) Found [0x7ffa442d3000] bitflip [563]=0xdf
(0x7ffa442f5000,0x7ffa44339000) Found [0x7ffa442d3000] bitflip [986]=0xfe
(0x7ffa442f5000,0x7ffa44339000) Found [0x7ffa442d3000] bitflip [1361]=0xfd
(0x7ffa442f5000,0x7ffa44339000) Found [0x7ffa442d3000] bitflip [1675]=0x7f
(0x7ffa442f5000,0x7ffa44339000) Found [0x7ffa442d3000] bitflip [2040]=0xfb
(0x7ffa442f5000,0x7ffa44339000) Found [0x7ffa442d3000] bitflip [2657]=0xf7
---------------------
[46]Testing 7ffa44316000
++++++++++++++++++++
(0x7ffa44316000,0x7ffa4434a000) Found [0x7ffa4436c000] bitflip [493]=0xfe
(0x7ffa44316000,0x7ffa4434a000) Found [0x7ffa4436c000] bitflip [1792]=0x7f
(0x7ffa44316000,0x7ffa4434a000) Found [0x7ffa4436c000] bitflip [2297]=0xef
(0x7ffa44316000,0x7ffa4434a000) Found [0x7ffa4436c000] bitflip [3916]=0xbf
---------------------
++++++++++++++++++++
(0x7ffa44316000,0x7ffa4434b000) Found [0x7ffa4436c000] bitflip [493]=0xfe
(0x7ffa44316000,0x7ffa4434b000) Found [0x7ffa4436c000] bitflip [2297]=0xef
(0x7ffa44316000,0x7ffa4434b000) Found [0x7ffa4436c000] bitflip [3916]=0xbf
---------------------
(0x7ffa44316000,0x7ffa4434b000) Found [0x7ffa4436d000] bitflip [1458]=0xf7
(0x7ffa44316000,0x7ffa4434b000) Found [0x7ffa4436d000] bitflip [1520]=0xfe
(0x7ffa44316000,0x7ffa4434b000) Found [0x7ffa4436d000] bitflip [2022]=0xfd
---------------------
[47]Testing 7ffa44317000
++++++++++++++++++++
(0x7ffa44317000,0x7ffa4434a000) Found [0x7ffa4436c000] bitflip [493]=0xfe
(0x7ffa44317000,0x7ffa4434a000) Found [0x7ffa4436c000] bitflip [1792]=0x7f
---------------------
(0x7ffa44317000,0x7ffa4434a000) Found [0x7ffa4436d000] bitflip [555]=0xdf
(0x7ffa44317000,0x7ffa4434a000) Found [0x7ffa4436d000] bitflip [2238]=0xdf
---------------------
[48]Testing 7ffa44338000
++++++++++++++++++++
(0x7ffa44338000,0x7ffa4436c000) Found [0x7ffa44316000] bitflip [0]=0xbf
(0x7ffa44338000,0x7ffa4436c000) Found [0x7ffa44316000] bitflip [512]=0xf7
(0x7ffa44338000,0x7ffa4436c000) Found [0x7ffa44316000] bitflip [2030]=0xfb
(0x7ffa44338000,0x7ffa4436c000) Found [0x7ffa44316000] bitflip [2363]=0xf7
(0x7ffa44338000,0x7ffa4436c000) Found [0x7ffa44316000] bitflip [2439]=0x7f
(0x7ffa44338000,0x7ffa4436c000) Found [0x7ffa44316000] bitflip [2493]=0xfb
(0x7ffa44338000,0x7ffa4436c000) Found [0x7ffa44316000] bitflip [2947]=0xbf
(0x7ffa44338000,0x7ffa4436c000) Found [0x7ffa44316000] bitflip [3506]=0xef
(0x7ffa44338000,0x7ffa4436c000) Found [0x7ffa44316000] bitflip [3681]=0xfb
---------------------
(0x7ffa44338000,0x7ffa4436c000) Found [0x7ffa44317000] bitflip [2586]=0xfd
---------------------
[49]Testing 7ffa44339000
++++++++++++++++++++
(0x7ffa44339000,0x7ffa4436c000) Found [0x7ffa44316000] bitflip [2030]=0xfb
(0x7ffa44339000,0x7ffa4436c000) Found [0x7ffa44316000] bitflip [2363]=0xf7
(0x7ffa44339000,0x7ffa4436c000) Found [0x7ffa44316000] bitflip [2493]=0xfb
---------------------
(0x7ffa44339000,0x7ffa4436c000) Found [0x7ffa44317000] bitflip [1091]=0xfd
(0x7ffa44339000,0x7ffa4436c000) Found [0x7ffa44317000] bitflip [1430]=0xdf
(0x7ffa44339000,0x7ffa4436c000) Found [0x7ffa44317000] bitflip [1877]=0xf7
(0x7ffa44339000,0x7ffa4436c000) Found [0x7ffa44317000] bitflip [3842]=0xdf
---------------------
++++++++++++++++++++
(0x7ffa44339000,0x7ffa4436d000) Found [0x7ffa44317000] bitflip [537]=0xbf
(0x7ffa44339000,0x7ffa4436d000) Found [0x7ffa44317000] bitflip [634]=0xbf
(0x7ffa44339000,0x7ffa4436d000) Found [0x7ffa44317000] bitflip [1091]=0xfd
(0x7ffa44339000,0x7ffa4436d000) Found [0x7ffa44317000] bitflip [1430]=0xdf
(0x7ffa44339000,0x7ffa4436d000) Found [0x7ffa44317000] bitflip [2586]=0xfd
(0x7ffa44339000,0x7ffa4436d000) Found [0x7ffa44317000] bitflip [3842]=0xdf
---------------------
[50]Testing 7ffa4434a000
++++++++++++++++++++
(0x7ffa4434a000,0x7ffa4438e000) Found [0x7ffa443b0000] bitflip [1416]=0xdf
(0x7ffa4434a000,0x7ffa4438e000) Found [0x7ffa443b0000] bitflip [1560]=0xfe
(0x7ffa4434a000,0x7ffa4438e000) Found [0x7ffa443b0000] bitflip [2433]=0xfb
(0x7ffa4434a000,0x7ffa4438e000) Found [0x7ffa443b0000] bitflip [2480]=0xfb
(0x7ffa4434a000,0x7ffa4438e000) Found [0x7ffa443b0000] bitflip [3223]=0xdf
(0x7ffa4434a000,0x7ffa4438e000) Found [0x7ffa443b0000] bitflip [3246]=0xfe
---------------------
++++++++++++++++++++
(0x7ffa4434a000,0x7ffa4438f000) Found [0x7ffa443b0000] bitflip [345]=0xfe
(0x7ffa4434a000,0x7ffa4438f000) Found [0x7ffa443b0000] bitflip [1416]=0xdf
(0x7ffa4434a000,0x7ffa4438f000) Found [0x7ffa443b0000] bitflip [1560]=0xfe
(0x7ffa4434a000,0x7ffa4438f000) Found [0x7ffa443b0000] bitflip [3246]=0xfe
---------------------
(0x7ffa4434a000,0x7ffa4438f000) Found [0x7ffa443b1000] bitflip [1523]=0x7f
(0x7ffa4434a000,0x7ffa4438f000) Found [0x7ffa443b1000] bitflip [3715]=0xdf
---------------------
[51]Testing 7ffa4434b000
++++++++++++++++++++
(0x7ffa4434b000,0x7ffa4438e000) Found [0x7ffa443b0000] bitflip [512]=0xf7
(0x7ffa4434b000,0x7ffa4438e000) Found [0x7ffa443b0000] bitflip [1155]=0xfb
(0x7ffa4434b000,0x7ffa4438e000) Found [0x7ffa443b0000] bitflip [2055]=0xfd
(0x7ffa4434b000,0x7ffa4438e000) Found [0x7ffa443b0000] bitflip [2433]=0xfb
(0x7ffa4434b000,0x7ffa4438e000) Found [0x7ffa443b0000] bitflip [2480]=0xfb
(0x7ffa4434b000,0x7ffa4438e000) Found [0x7ffa443b0000] bitflip [2882]=0xdf
(0x7ffa4434b000,0x7ffa4438e000) Found [0x7ffa443b0000] bitflip [3223]=0xdf
---------------------
(0x7ffa4434b000,0x7ffa4438e000) Found [0x7ffa443b1000] bitflip [154]=0xdf
---------------------
[52]Testing 7ffa4436c000
++++++++++++++++++++
(0x7ffa4436c000,0x7ffa443b0000) Found [0x7ffa4434a000] bitflip [966]=0xbf
(0x7ffa4436c000,0x7ffa443b0000) Found [0x7ffa4434a000] bitflip [1344]=0xfe
(0x7ffa4436c000,0x7ffa443b0000) Found [0x7ffa4434a000] bitflip [1696]=0xfb
(0x7ffa4436c000,0x7ffa443b0000) Found [0x7ffa4434a000] bitflip [1723]=0x7f
(0x7ffa4436c000,0x7ffa443b0000) Found [0x7ffa4434a000] bitflip [1890]=0xfd
(0x7ffa4436c000,0x7ffa443b0000) Found [0x7ffa4434a000] bitflip [2945]=0xbf
(0x7ffa4436c000,0x7ffa443b0000) Found [0x7ffa4434a000] bitflip [3158]=0xfe
(0x7ffa4436c000,0x7ffa443b0000) Found [0x7ffa4434a000] bitflip [3655]=0xf7
(0x7ffa4436c000,0x7ffa443b0000) Found [0x7ffa4434a000] bitflip [4024]=0xbf
---------------------
++++++++++++++++++++
(0x7ffa4436c000,0x7ffa443b1000) Found [0x7ffa4434a000] bitflip [966]=0xbf
(0x7ffa4436c000,0x7ffa443b1000) Found [0x7ffa4434a000] bitflip [1344]=0xfe
(0x7ffa4436c000,0x7ffa443b1000) Found [0x7ffa4434a000] bitflip [1696]=0xfb
(0x7ffa4436c000,0x7ffa443b1000) Found [0x7ffa4434a000] bitflip [1890]=0xfd
(0x7ffa4436c000,0x7ffa443b1000) Found [0x7ffa4434a000] bitflip [2945]=0xbf
(0x7ffa4436c000,0x7ffa443b1000) Found [0x7ffa4434a000] bitflip [3158]=0xfe
---------------------
(0x7ffa4436c000,0x7ffa443b1000) Found [0x7ffa4434b000] bitflip [170]=0xbf
(0x7ffa4436c000,0x7ffa443b1000) Found [0x7ffa4434b000] bitflip [1963]=0xdf
(0x7ffa4436c000,0x7ffa443b1000) Found [0x7ffa4434b000] bitflip [2280]=0xbf
---------------------
[53]Testing 7ffa4436d000
++++++++++++++++++++
(0x7ffa4436d000,0x7ffa443b0000) Found [0x7ffa4434a000] bitflip [1723]=0x7f
(0x7ffa4436d000,0x7ffa443b0000) Found [0x7ffa4434a000] bitflip [2945]=0xbf
(0x7ffa4436d000,0x7ffa443b0000) Found [0x7ffa4434a000] bitflip [3228]=0xef
(0x7ffa4436d000,0x7ffa443b0000) Found [0x7ffa4434a000] bitflip [4024]=0xbf
---------------------
(0x7ffa4436d000,0x7ffa443b0000) Found [0x7ffa4434b000] bitflip [2694]=0xbf
(0x7ffa4436d000,0x7ffa443b0000) Found [0x7ffa4434b000] bitflip [3376]=0xfd
---------------------
++++++++++++++++++++
(0x7ffa4436d000,0x7ffa443b1000) Found [0x7ffa4434a000] bitflip [2945]=0xbf
---------------------
(0x7ffa4436d000,0x7ffa443b1000) Found [0x7ffa4434b000] bitflip [1963]=0xdf
(0x7ffa4436d000,0x7ffa443b1000) Found [0x7ffa4434b000] bitflip [2280]=0xbf
(0x7ffa4436d000,0x7ffa443b1000) Found [0x7ffa4434b000] bitflip [2694]=0xbf
(0x7ffa4436d000,0x7ffa443b1000) Found [0x7ffa4434b000] bitflip [3376]=0xfd
---------------------
[54]Testing 7ffa4438e000
[55]Testing 7ffa4438f000
