[0]Testing 7fc6c4b13000
[1]Testing 7fc6c4b30000
[2]Testing 7fc6c4b44000
[3]Testing 7fc6c4b5e000
[4]Testing 7fc6c4b6c000
[5]Testing 7fc6c4b80000
[6]Testing 7fc6c4bab000
[7]Testing 7fc6c4bc0000
[8]Testing 7fc6c4bd7000
[9]Testing 7fc6c4bed000
[10]Testing 7fc6c4bf4000
[11]Testing 7fc6c4bf8000
[12]Testing 7fc6c4bf9000
[13]Testing 7fc6c4bfc000
[14]Testing 7fc6c4c0c000
[15]Testing 7fc6c4c0d000
[16]Testing 7fc6c4c24000
+++++[16]+++++++[19]++++++++
Victim Row ID=22
(0x7fc6c4c24000,0x7fc6c4c3d000) Found [0x7fc6c4c64000] bitflip [423]=0xfe
(0x7fc6c4c24000,0x7fc6c4c3d000) Found [0x7fc6c4c64000] bitflip [869]=0xdf
---------------------
Victim Row ID=23
(0x7fc6c4c24000,0x7fc6c4c3d000) Found [0x7fc6c4c65000] bitflip [2013]=0xf7
(0x7fc6c4c24000,0x7fc6c4c3d000) Found [0x7fc6c4c65000] bitflip [2494]=0xf7
(0x7fc6c4c24000,0x7fc6c4c3d000) Found [0x7fc6c4c65000] bitflip [3135]=0xfb
(0x7fc6c4c24000,0x7fc6c4c3d000) Found [0x7fc6c4c65000] bitflip [3369]=0xef
---------------------
[17]Testing 7fc6c4c25000
[18]Testing 7fc6c4c3c000
[19]Testing 7fc6c4c3d000
[20]Testing 7fc6c4c3f000
+++++[20]+++++++[22]++++++++
Victim Row ID=18
(0x7fc6c4c3f000,0x7fc6c4c64000) Found [0x7fc6c4c3c000] bitflip [184]=0xfd
(0x7fc6c4c3f000,0x7fc6c4c64000) Found [0x7fc6c4c3c000] bitflip [722]=0xbf
(0x7fc6c4c3f000,0x7fc6c4c64000) Found [0x7fc6c4c3c000] bitflip [1350]=0xef
(0x7fc6c4c3f000,0x7fc6c4c64000) Found [0x7fc6c4c3c000] bitflip [1424]=0xdf
(0x7fc6c4c3f000,0x7fc6c4c64000) Found [0x7fc6c4c3c000] bitflip [2147]=0xfb
(0x7fc6c4c3f000,0x7fc6c4c64000) Found [0x7fc6c4c3c000] bitflip [4006]=0xf7
---------------------
Victim Row ID=19
(0x7fc6c4c3f000,0x7fc6c4c64000) Found [0x7fc6c4c3d000] bitflip [3736]=0xf7
---------------------
+++++[20]+++++++[23]++++++++
Victim Row ID=18
(0x7fc6c4c3f000,0x7fc6c4c65000) Found [0x7fc6c4c3c000] bitflip [722]=0xbf
(0x7fc6c4c3f000,0x7fc6c4c65000) Found [0x7fc6c4c3c000] bitflip [1424]=0xdf
(0x7fc6c4c3f000,0x7fc6c4c65000) Found [0x7fc6c4c3c000] bitflip [4006]=0xf7
---------------------
Victim Row ID=19
(0x7fc6c4c3f000,0x7fc6c4c65000) Found [0x7fc6c4c3d000] bitflip [2344]=0xdf
(0x7fc6c4c3f000,0x7fc6c4c65000) Found [0x7fc6c4c3d000] bitflip [2473]=0x7f
(0x7fc6c4c3f000,0x7fc6c4c65000) Found [0x7fc6c4c3d000] bitflip [2842]=0xbf
(0x7fc6c4c3f000,0x7fc6c4c65000) Found [0x7fc6c4c3d000] bitflip [3736]=0xf7
---------------------
[21]Testing 7fc6c4c40000
[22]Testing 7fc6c4c64000
[23]Testing 7fc6c4c65000
[24]Testing 7fc6c4c76000
[25]Testing 7fc6c4c77000
+++++[25]+++++++[28]++++++++
Victim Row ID=26
(0x7fc6c4c77000,0x7fc6c4cba000) Found [0x7fc6c4c98000] bitflip [696]=0xef
(0x7fc6c4c77000,0x7fc6c4cba000) Found [0x7fc6c4c98000] bitflip [2344]=0xfb
---------------------
Victim Row ID=27
(0x7fc6c4c77000,0x7fc6c4cba000) Found [0x7fc6c4c99000] bitflip [296]=0xfe
(0x7fc6c4c77000,0x7fc6c4cba000) Found [0x7fc6c4c99000] bitflip [439]=0xfd
(0x7fc6c4c77000,0x7fc6c4cba000) Found [0x7fc6c4c99000] bitflip [2022]=0xfd
(0x7fc6c4c77000,0x7fc6c4cba000) Found [0x7fc6c4c99000] bitflip [2739]=0xfd
---------------------
+++++[25]+++++++[29]++++++++
Victim Row ID=27
(0x7fc6c4c77000,0x7fc6c4cbb000) Found [0x7fc6c4c99000] bitflip [296]=0xfe
(0x7fc6c4c77000,0x7fc6c4cbb000) Found [0x7fc6c4c99000] bitflip [439]=0xfd
(0x7fc6c4c77000,0x7fc6c4cbb000) Found [0x7fc6c4c99000] bitflip [1689]=0xfe
(0x7fc6c4c77000,0x7fc6c4cbb000) Found [0x7fc6c4c99000] bitflip [2022]=0xfd
(0x7fc6c4c77000,0x7fc6c4cbb000) Found [0x7fc6c4c99000] bitflip [2351]=0xef
(0x7fc6c4c77000,0x7fc6c4cbb000) Found [0x7fc6c4c99000] bitflip [2735]=0xf7
(0x7fc6c4c77000,0x7fc6c4cbb000) Found [0x7fc6c4c99000] bitflip [2739]=0xfd
---------------------
[26]Testing 7fc6c4c98000
[27]Testing 7fc6c4c99000
[28]Testing 7fc6c4cba000
[29]Testing 7fc6c4cbb000
[30]Testing 7fc6c4d2b000
[31]Testing 7fc6c4d2c000
[32]Testing 7fc6c4d41000
[33]Testing 7fc6c4d42000
+++++[33]+++++++[34]++++++++
Victim Row ID=35
(0x7fc6c4d42000,0x7fc6c4d61000) Found [0x7fc6c4d83000] bitflip [1552]=0xfb
(0x7fc6c4d42000,0x7fc6c4d61000) Found [0x7fc6c4d83000] bitflip [2288]=0xf7
(0x7fc6c4d42000,0x7fc6c4d61000) Found [0x7fc6c4d83000] bitflip [3638]=0xdf
---------------------
Victim Row ID=36
(0x7fc6c4d42000,0x7fc6c4d61000) Found [0x7fc6c4d84000] bitflip [1196]=0xfd
(0x7fc6c4d42000,0x7fc6c4d61000) Found [0x7fc6c4d84000] bitflip [1274]=0x7f
(0x7fc6c4d42000,0x7fc6c4d61000) Found [0x7fc6c4d84000] bitflip [1976]=0xdf
(0x7fc6c4d42000,0x7fc6c4d61000) Found [0x7fc6c4d84000] bitflip [2379]=0xf7
(0x7fc6c4d42000,0x7fc6c4d61000) Found [0x7fc6c4d84000] bitflip [3149]=0xfb
---------------------
[34]Testing 7fc6c4d61000
+++++[34]+++++++[38]++++++++
Victim Row ID=39
(0x7fc6c4d61000,0x7fc6c4d96000) Found [0x7fc6c4db7000] bitflip [792]=0xfd
(0x7fc6c4d61000,0x7fc6c4d96000) Found [0x7fc6c4db7000] bitflip [1627]=0xbf
(0x7fc6c4d61000,0x7fc6c4d96000) Found [0x7fc6c4db7000] bitflip [1855]=0xfb
(0x7fc6c4d61000,0x7fc6c4d96000) Found [0x7fc6c4db7000] bitflip [3146]=0xbf
---------------------
Victim Row ID=39
(0x7fc6c4d61000,0x7fc6c4d96000) Found [0x7fc6c4db8000] bitflip [22]=0xdf
(0x7fc6c4d61000,0x7fc6c4d96000) Found [0x7fc6c4db8000] bitflip [294]=0xfd
(0x7fc6c4d61000,0x7fc6c4d96000) Found [0x7fc6c4db8000] bitflip [976]=0xbf
(0x7fc6c4d61000,0x7fc6c4d96000) Found [0x7fc6c4db8000] bitflip [2373]=0xdf
(0x7fc6c4d61000,0x7fc6c4d96000) Found [0x7fc6c4db8000] bitflip [3014]=0xfb
(0x7fc6c4d61000,0x7fc6c4d96000) Found [0x7fc6c4db8000] bitflip [3137]=0xf7
---------------------
[35]Testing 7fc6c4d83000
[36]Testing 7fc6c4d84000
[37]Testing 7fc6c4d95000
[38]Testing 7fc6c4d96000
[39]Testing 7fc6c4db7000
+++++[39]+++++++[41]++++++++
Victim Row ID=37
(0x7fc6c4db7000,0x7fc6c4dfb000) Found [0x7fc6c4d95000] bitflip [1736]=0xf7
(0x7fc6c4db7000,0x7fc6c4dfb000) Found [0x7fc6c4d95000] bitflip [2064]=0xfe
(0x7fc6c4db7000,0x7fc6c4dfb000) Found [0x7fc6c4d95000] bitflip [2140]=0xf7
(0x7fc6c4db7000,0x7fc6c4dfb000) Found [0x7fc6c4d95000] bitflip [2510]=0xef
(0x7fc6c4db7000,0x7fc6c4dfb000) Found [0x7fc6c4d95000] bitflip [2522]=0xef
(0x7fc6c4db7000,0x7fc6c4dfb000) Found [0x7fc6c4d95000] bitflip [3440]=0xf7
(0x7fc6c4db7000,0x7fc6c4dfb000) Found [0x7fc6c4d95000] bitflip [3467]=0xbf
(0x7fc6c4db7000,0x7fc6c4dfb000) Found [0x7fc6c4d95000] bitflip [3471]=0xbf
---------------------
Victim Row ID=38
(0x7fc6c4db7000,0x7fc6c4dfb000) Found [0x7fc6c4d96000] bitflip [32]=0xbf
(0x7fc6c4db7000,0x7fc6c4dfb000) Found [0x7fc6c4d96000] bitflip [728]=0xfd
(0x7fc6c4db7000,0x7fc6c4dfb000) Found [0x7fc6c4d96000] bitflip [1999]=0xbf
(0x7fc6c4db7000,0x7fc6c4dfb000) Found [0x7fc6c4d96000] bitflip [2119]=0xfd
(0x7fc6c4db7000,0x7fc6c4dfb000) Found [0x7fc6c4d96000] bitflip [3422]=0xf7
---------------------
[40]Testing 7fc6c4dd9000
[41]Testing 7fc6c4dfb000
[42]Testing 7fc6c4e2e000
[43]Testing 7fc6c4e32000
[44]Testing 7fc6c4e3a000
[45]Testing 7fc6c4e68000
[46]Testing 7fc6c4e69000
[47]Testing 7fc6c4e72000
[48]Testing 7fc6c4e73000
[49]Testing 7fc6c4e78000
[50]Testing 7fc6c4e79000
[51]Testing 7fc6c4e89000
[52]Testing 7fc6c4e95000
[53]Testing 7fc6c4eac000
[54]Testing 7fc6c4ec2000
[55]Testing 7fc6c4eea000
[56]Testing 7fc6c4f01000
[57]Testing 7fc6c4f16000
[58]Testing 7fc6c4f18000
[59]Testing 7fc6c4f36000
[60]Testing 7fc6c4f7d000
[61]Testing 7fc6c4f9b000
[62]Testing 7fc6c4fbc000
[63]Testing 7fc6c4fc0000
[64]Testing 7fc6c4fdb000
[65]Testing 7fc6c5024000
+++++[65]+++++++[68]++++++++
Victim Row ID=70
(0x7fc6c5024000,0x7fc6c5068000) Found [0x7fc6c508a000] bitflip [474]=0x7f
(0x7fc6c5024000,0x7fc6c5068000) Found [0x7fc6c508a000] bitflip [1872]=0xf7
(0x7fc6c5024000,0x7fc6c5068000) Found [0x7fc6c508a000] bitflip [2885]=0xfb
---------------------
[66]Testing 7fc6c5025000
+++++[66]+++++++[68]++++++++
Victim Row ID=70
(0x7fc6c5025000,0x7fc6c5068000) Found [0x7fc6c508a000] bitflip [1872]=0xf7
---------------------
Victim Row ID=71
(0x7fc6c5025000,0x7fc6c5068000) Found [0x7fc6c508b000] bitflip [3177]=0xf7
---------------------
[67]Testing 7fc6c5047000
[68]Testing 7fc6c5068000
+++++[68]+++++++[72]++++++++
Victim Row ID=73
(0x7fc6c5068000,0x7fc6c509c000) Found [0x7fc6c50be000] bitflip [557]=0xfb
(0x7fc6c5068000,0x7fc6c509c000) Found [0x7fc6c50be000] bitflip [738]=0x7f
(0x7fc6c5068000,0x7fc6c509c000) Found [0x7fc6c50be000] bitflip [922]=0xef
(0x7fc6c5068000,0x7fc6c509c000) Found [0x7fc6c50be000] bitflip [1225]=0xdf
(0x7fc6c5068000,0x7fc6c509c000) Found [0x7fc6c50be000] bitflip [1234]=0xdf
(0x7fc6c5068000,0x7fc6c509c000) Found [0x7fc6c50be000] bitflip [3345]=0xfd
(0x7fc6c5068000,0x7fc6c509c000) Found [0x7fc6c50be000] bitflip [3838]=0xfe
---------------------
Victim Row ID=73
(0x7fc6c5068000,0x7fc6c509c000) Found [0x7fc6c50bf000] bitflip [1074]=0xbf
(0x7fc6c5068000,0x7fc6c509c000) Found [0x7fc6c50bf000] bitflip [1488]=0xdf
(0x7fc6c5068000,0x7fc6c509c000) Found [0x7fc6c50bf000] bitflip [3366]=0xfd
---------------------
[69]Testing 7fc6c5069000
[70]Testing 7fc6c508a000
[71]Testing 7fc6c508b000
+++++[71]+++++++[73]++++++++
Victim Row ID=68
(0x7fc6c508b000,0x7fc6c50be000) Found [0x7fc6c5068000] bitflip [3449]=0xdf
---------------------
Victim Row ID=69
(0x7fc6c508b000,0x7fc6c50be000) Found [0x7fc6c5069000] bitflip [1256]=0xf7
(0x7fc6c508b000,0x7fc6c50be000) Found [0x7fc6c5069000] bitflip [2338]=0xbf
(0x7fc6c508b000,0x7fc6c50be000) Found [0x7fc6c5069000] bitflip [3159]=0xfb
(0x7fc6c508b000,0x7fc6c50be000) Found [0x7fc6c5069000] bitflip [3183]=0xef
(0x7fc6c508b000,0x7fc6c50be000) Found [0x7fc6c5069000] bitflip [3223]=0xef
---------------------
[72]Testing 7fc6c509c000
+++++[72]+++++++[74]++++++++
Victim Row ID=75
(0x7fc6c509c000,0x7fc6c50e0000) Found [0x7fc6c5102000] bitflip [266]=0xef
(0x7fc6c509c000,0x7fc6c50e0000) Found [0x7fc6c5102000] bitflip [1186]=0xf7
(0x7fc6c509c000,0x7fc6c50e0000) Found [0x7fc6c5102000] bitflip [1873]=0xfe
(0x7fc6c509c000,0x7fc6c50e0000) Found [0x7fc6c5102000] bitflip [2007]=0xfb
(0x7fc6c509c000,0x7fc6c50e0000) Found [0x7fc6c5102000] bitflip [2473]=0xef
(0x7fc6c509c000,0x7fc6c50e0000) Found [0x7fc6c5102000] bitflip [2893]=0x7f
(0x7fc6c509c000,0x7fc6c50e0000) Found [0x7fc6c5102000] bitflip [4008]=0xef
(0x7fc6c509c000,0x7fc6c50e0000) Found [0x7fc6c5102000] bitflip [4091]=0xef
---------------------
Victim Row ID=75
(0x7fc6c509c000,0x7fc6c50e0000) Found [0x7fc6c5103000] bitflip [377]=0xbf
(0x7fc6c509c000,0x7fc6c50e0000) Found [0x7fc6c5103000] bitflip [488]=0xef
(0x7fc6c509c000,0x7fc6c50e0000) Found [0x7fc6c5103000] bitflip [1176]=0xfd
(0x7fc6c509c000,0x7fc6c50e0000) Found [0x7fc6c5103000] bitflip [4031]=0xf7
---------------------
[73]Testing 7fc6c50be000
+++++[73]+++++++[75]++++++++
Victim Row ID=72
(0x7fc6c50be000,0x7fc6c5102000) Found [0x7fc6c509c000] bitflip [208]=0xfe
(0x7fc6c50be000,0x7fc6c5102000) Found [0x7fc6c509c000] bitflip [401]=0xfe
(0x7fc6c50be000,0x7fc6c5102000) Found [0x7fc6c509c000] bitflip [1456]=0x7f
(0x7fc6c50be000,0x7fc6c5102000) Found [0x7fc6c509c000] bitflip [1516]=0xef
(0x7fc6c50be000,0x7fc6c5102000) Found [0x7fc6c509c000] bitflip [1695]=0xdf
(0x7fc6c50be000,0x7fc6c5102000) Found [0x7fc6c509c000] bitflip [3297]=0xef
(0x7fc6c50be000,0x7fc6c5102000) Found [0x7fc6c509c000] bitflip [3749]=0xef
---------------------
Victim Row ID=72
(0x7fc6c50be000,0x7fc6c5102000) Found [0x7fc6c509d000] bitflip [3748]=0xfe
(0x7fc6c50be000,0x7fc6c5102000) Found [0x7fc6c509d000] bitflip [3983]=0xfb
---------------------
[74]Testing 7fc6c50e0000
[75]Testing 7fc6c5102000
[76]Testing 7fc6c5114000
+++++[76]+++++++[79]++++++++
Victim Row ID=78
(0x7fc6c5114000,0x7fc6c5158000) Found [0x7fc6c5136000] bitflip [686]=0xfd
(0x7fc6c5114000,0x7fc6c5158000) Found [0x7fc6c5136000] bitflip [796]=0xfb
(0x7fc6c5114000,0x7fc6c5158000) Found [0x7fc6c5136000] bitflip [1056]=0xbf
(0x7fc6c5114000,0x7fc6c5158000) Found [0x7fc6c5136000] bitflip [1853]=0xfb
(0x7fc6c5114000,0x7fc6c5158000) Found [0x7fc6c5136000] bitflip [2281]=0x7f
(0x7fc6c5114000,0x7fc6c5158000) Found [0x7fc6c5136000] bitflip [2850]=0xef
---------------------
Victim Row ID=78
(0x7fc6c5114000,0x7fc6c5158000) Found [0x7fc6c5137000] bitflip [10]=0xef
(0x7fc6c5114000,0x7fc6c5158000) Found [0x7fc6c5137000] bitflip [602]=0xbf
(0x7fc6c5114000,0x7fc6c5158000) Found [0x7fc6c5137000] bitflip [1210]=0xfe
(0x7fc6c5114000,0x7fc6c5158000) Found [0x7fc6c5137000] bitflip [1295]=0xef
(0x7fc6c5114000,0x7fc6c5158000) Found [0x7fc6c5137000] bitflip [2008]=0xf7
(0x7fc6c5114000,0x7fc6c5158000) Found [0x7fc6c5137000] bitflip [2875]=0xf7
(0x7fc6c5114000,0x7fc6c5158000) Found [0x7fc6c5137000] bitflip [3693]=0xfd
---------------------
[77]Testing 7fc6c5115000
+++++[77]+++++++[79]++++++++
Victim Row ID=78
(0x7fc6c5115000,0x7fc6c5158000) Found [0x7fc6c5136000] bitflip [686]=0xfd
(0x7fc6c5115000,0x7fc6c5158000) Found [0x7fc6c5136000] bitflip [796]=0xfb
(0x7fc6c5115000,0x7fc6c5158000) Found [0x7fc6c5136000] bitflip [1056]=0xbf
(0x7fc6c5115000,0x7fc6c5158000) Found [0x7fc6c5136000] bitflip [1853]=0xfb
(0x7fc6c5115000,0x7fc6c5158000) Found [0x7fc6c5136000] bitflip [2281]=0x7f
(0x7fc6c5115000,0x7fc6c5158000) Found [0x7fc6c5136000] bitflip [3817]=0xdf
---------------------
Victim Row ID=78
(0x7fc6c5115000,0x7fc6c5158000) Found [0x7fc6c5137000] bitflip [205]=0xf7
(0x7fc6c5115000,0x7fc6c5158000) Found [0x7fc6c5137000] bitflip [368]=0xbf
(0x7fc6c5115000,0x7fc6c5158000) Found [0x7fc6c5137000] bitflip [602]=0xbf
(0x7fc6c5115000,0x7fc6c5158000) Found [0x7fc6c5137000] bitflip [1210]=0xfe
(0x7fc6c5115000,0x7fc6c5158000) Found [0x7fc6c5137000] bitflip [1295]=0xef
(0x7fc6c5115000,0x7fc6c5158000) Found [0x7fc6c5137000] bitflip [1608]=0xdf
(0x7fc6c5115000,0x7fc6c5158000) Found [0x7fc6c5137000] bitflip [1691]=0xdf
(0x7fc6c5115000,0x7fc6c5158000) Found [0x7fc6c5137000] bitflip [2008]=0xf7
(0x7fc6c5115000,0x7fc6c5158000) Found [0x7fc6c5137000] bitflip [2229]=0xfe
(0x7fc6c5115000,0x7fc6c5158000) Found [0x7fc6c5137000] bitflip [2875]=0xf7
(0x7fc6c5115000,0x7fc6c5158000) Found [0x7fc6c5137000] bitflip [3693]=0xfd
---------------------
[78]Testing 7fc6c5136000
[79]Testing 7fc6c5158000
+++++[79]+++++++[81]++++++++
Victim Row ID=80
(0x7fc6c5158000,0x7fc6c518c000) Found [0x7fc6c517a000] bitflip [1374]=0xef
(0x7fc6c5158000,0x7fc6c518c000) Found [0x7fc6c517a000] bitflip [1648]=0xbf
(0x7fc6c5158000,0x7fc6c518c000) Found [0x7fc6c517a000] bitflip [1914]=0xfe
(0x7fc6c5158000,0x7fc6c518c000) Found [0x7fc6c517a000] bitflip [2000]=0xf7
(0x7fc6c5158000,0x7fc6c518c000) Found [0x7fc6c517a000] bitflip [2235]=0xfd
---------------------
Victim Row ID=80
(0x7fc6c5158000,0x7fc6c518c000) Found [0x7fc6c517b000] bitflip [89]=0x7f
(0x7fc6c5158000,0x7fc6c518c000) Found [0x7fc6c517b000] bitflip [697]=0xbf
(0x7fc6c5158000,0x7fc6c518c000) Found [0x7fc6c517b000] bitflip [790]=0xfe
(0x7fc6c5158000,0x7fc6c518c000) Found [0x7fc6c517b000] bitflip [1912]=0xfd
(0x7fc6c5158000,0x7fc6c518c000) Found [0x7fc6c517b000] bitflip [2009]=0xef
(0x7fc6c5158000,0x7fc6c518c000) Found [0x7fc6c517b000] bitflip [2573]=0xdf
(0x7fc6c5158000,0x7fc6c518c000) Found [0x7fc6c517b000] bitflip [3722]=0xfd
---------------------
[80]Testing 7fc6c517a000
[81]Testing 7fc6c518c000
[82]Testing 7fc6c51d0000
[83]Testing 7fc6c51f2000
[84]Testing 7fc6c5213000
[85]Testing 7fc6c5237000
[86]Testing 7fc6c5241000
[87]Testing 7fc6c5297000
[88]Testing 7fc6c52b7000
[89]Testing 7fc6c52e3000
[90]Testing 7fc6c52f7000
[91]Testing 7fc6c5309000
[92]Testing 7fc6c5313000
[93]Testing 7fc6c5333000
[94]Testing 7fc6c534f000
[95]Testing 7fc6c537b000
[96]Testing 7fc6c538f000
[97]Testing 7fc6c53b1000
[98]Testing 7fc6c53cb000
[99]Testing 7fc6c53e5000
[100]Testing 7fc6c53f9000
[101]Testing 7fc6c5406000
[102]Testing 7fc6c5438000
+++++[102]+++++++[104]++++++++
Victim Row ID=105
(0x7fc6c5438000,0x7fc6c547c000) Found [0x7fc6c549e000] bitflip [670]=0xef
(0x7fc6c5438000,0x7fc6c547c000) Found [0x7fc6c549e000] bitflip [1722]=0xfd
(0x7fc6c5438000,0x7fc6c547c000) Found [0x7fc6c549e000] bitflip [1931]=0xdf
(0x7fc6c5438000,0x7fc6c547c000) Found [0x7fc6c549e000] bitflip [2220]=0xf7
(0x7fc6c5438000,0x7fc6c547c000) Found [0x7fc6c549e000] bitflip [3145]=0xf7
(0x7fc6c5438000,0x7fc6c547c000) Found [0x7fc6c549e000] bitflip [3419]=0x7f
(0x7fc6c5438000,0x7fc6c547c000) Found [0x7fc6c549e000] bitflip [3619]=0xfe
---------------------
Victim Row ID=105
(0x7fc6c5438000,0x7fc6c547c000) Found [0x7fc6c549f000] bitflip [192]=0xfe
(0x7fc6c5438000,0x7fc6c547c000) Found [0x7fc6c549f000] bitflip [464]=0xef
(0x7fc6c5438000,0x7fc6c547c000) Found [0x7fc6c549f000] bitflip [957]=0xdf
(0x7fc6c5438000,0x7fc6c547c000) Found [0x7fc6c549f000] bitflip [1881]=0xfb
(0x7fc6c5438000,0x7fc6c547c000) Found [0x7fc6c549f000] bitflip [2245]=0xfd
(0x7fc6c5438000,0x7fc6c547c000) Found [0x7fc6c549f000] bitflip [3104]=0xf7
---------------------
[103]Testing 7fc6c545a000
+++++[103]+++++++[105]++++++++
Victim Row ID=102
(0x7fc6c545a000,0x7fc6c549e000) Found [0x7fc6c5438000] bitflip [293]=0xfb
(0x7fc6c545a000,0x7fc6c549e000) Found [0x7fc6c5438000] bitflip [668]=0xfb
(0x7fc6c545a000,0x7fc6c549e000) Found [0x7fc6c5438000] bitflip [896]=0xbf
(0x7fc6c545a000,0x7fc6c549e000) Found [0x7fc6c5438000] bitflip [1525]=0xfb
(0x7fc6c545a000,0x7fc6c549e000) Found [0x7fc6c5438000] bitflip [2863]=0x7f
(0x7fc6c545a000,0x7fc6c549e000) Found [0x7fc6c5438000] bitflip [3000]=0xf7
(0x7fc6c545a000,0x7fc6c549e000) Found [0x7fc6c5438000] bitflip [3412]=0xfb
---------------------
Victim Row ID=102
(0x7fc6c545a000,0x7fc6c549e000) Found [0x7fc6c5439000] bitflip [1771]=0xbf
(0x7fc6c545a000,0x7fc6c549e000) Found [0x7fc6c5439000] bitflip [2112]=0xdf
(0x7fc6c545a000,0x7fc6c549e000) Found [0x7fc6c5439000] bitflip [2709]=0xfd
(0x7fc6c545a000,0x7fc6c549e000) Found [0x7fc6c5439000] bitflip [2741]=0xbf
(0x7fc6c545a000,0x7fc6c549e000) Found [0x7fc6c5439000] bitflip [3640]=0x7f
(0x7fc6c545a000,0x7fc6c549e000) Found [0x7fc6c5439000] bitflip [3730]=0xbf
(0x7fc6c545a000,0x7fc6c549e000) Found [0x7fc6c5439000] bitflip [3806]=0x7f
---------------------
[104]Testing 7fc6c547c000
+++++[104]+++++++[106]++++++++
Victim Row ID=107
(0x7fc6c547c000,0x7fc6c54b0000) Found [0x7fc6c54d2000] bitflip [360]=0xfe
(0x7fc6c547c000,0x7fc6c54b0000) Found [0x7fc6c54d2000] bitflip [963]=0xdf
(0x7fc6c547c000,0x7fc6c54b0000) Found [0x7fc6c54d2000] bitflip [1522]=0xf7
(0x7fc6c547c000,0x7fc6c54b0000) Found [0x7fc6c54d2000] bitflip [2842]=0xfd
(0x7fc6c547c000,0x7fc6c54b0000) Found [0x7fc6c54d2000] bitflip [2982]=0xf7
(0x7fc6c547c000,0x7fc6c54b0000) Found [0x7fc6c54d2000] bitflip [3100]=0xdf
---------------------
Victim Row ID=107
(0x7fc6c547c000,0x7fc6c54b0000) Found [0x7fc6c54d3000] bitflip [480]=0xfd
(0x7fc6c547c000,0x7fc6c54b0000) Found [0x7fc6c54d3000] bitflip [611]=0xfd
(0x7fc6c547c000,0x7fc6c54b0000) Found [0x7fc6c54d3000] bitflip [1622]=0xf7
(0x7fc6c547c000,0x7fc6c54b0000) Found [0x7fc6c54d3000] bitflip [1758]=0xfb
(0x7fc6c547c000,0x7fc6c54b0000) Found [0x7fc6c54d3000] bitflip [2616]=0x7f
(0x7fc6c547c000,0x7fc6c54b0000) Found [0x7fc6c54d3000] bitflip [2752]=0xfe
---------------------
[105]Testing 7fc6c549e000
[106]Testing 7fc6c54b0000
[107]Testing 7fc6c54d2000
+++++[107]+++++++[109]++++++++
Victim Row ID=106
(0x7fc6c54d2000,0x7fc6c5516000) Found [0x7fc6c54b0000] bitflip [2337]=0xbf
(0x7fc6c54d2000,0x7fc6c5516000) Found [0x7fc6c54b0000] bitflip [2630]=0xf7
(0x7fc6c54d2000,0x7fc6c5516000) Found [0x7fc6c54b0000] bitflip [2776]=0xfb
(0x7fc6c54d2000,0x7fc6c5516000) Found [0x7fc6c54b0000] bitflip [2880]=0xef
(0x7fc6c54d2000,0x7fc6c5516000) Found [0x7fc6c54b0000] bitflip [3079]=0xef
---------------------
Victim Row ID=106
(0x7fc6c54d2000,0x7fc6c5516000) Found [0x7fc6c54b1000] bitflip [88]=0xfd
(0x7fc6c54d2000,0x7fc6c5516000) Found [0x7fc6c54b1000] bitflip [640]=0xfe
(0x7fc6c54d2000,0x7fc6c5516000) Found [0x7fc6c54b1000] bitflip [1106]=0xef
(0x7fc6c54d2000,0x7fc6c5516000) Found [0x7fc6c54b1000] bitflip [1579]=0xfb
(0x7fc6c54d2000,0x7fc6c5516000) Found [0x7fc6c54b1000] bitflip [3827]=0xfe
(0x7fc6c54d2000,0x7fc6c5516000) Found [0x7fc6c54b1000] bitflip [4049]=0xfd
---------------------
[108]Testing 7fc6c54f4000
[109]Testing 7fc6c5516000
[110]Testing 7fc6c5528000
+++++[110]+++++++[112]++++++++
Victim Row ID=111
(0x7fc6c5528000,0x7fc6c556c000) Found [0x7fc6c554a000] bitflip [32]=0xfe
(0x7fc6c5528000,0x7fc6c556c000) Found [0x7fc6c554a000] bitflip [947]=0xfe
(0x7fc6c5528000,0x7fc6c556c000) Found [0x7fc6c554a000] bitflip [1417]=0xfd
(0x7fc6c5528000,0x7fc6c556c000) Found [0x7fc6c554a000] bitflip [1986]=0x7f
(0x7fc6c5528000,0x7fc6c556c000) Found [0x7fc6c554a000] bitflip [2831]=0xdf
(0x7fc6c5528000,0x7fc6c556c000) Found [0x7fc6c554a000] bitflip [2868]=0xfd
(0x7fc6c5528000,0x7fc6c556c000) Found [0x7fc6c554a000] bitflip [3317]=0xef
(0x7fc6c5528000,0x7fc6c556c000) Found [0x7fc6c554a000] bitflip [3568]=0xfe
---------------------
Victim Row ID=111
(0x7fc6c5528000,0x7fc6c556c000) Found [0x7fc6c554b000] bitflip [447]=0xf7
(0x7fc6c5528000,0x7fc6c556c000) Found [0x7fc6c554b000] bitflip [722]=0xfe
(0x7fc6c5528000,0x7fc6c556c000) Found [0x7fc6c554b000] bitflip [1016]=0xbf
(0x7fc6c5528000,0x7fc6c556c000) Found [0x7fc6c554b000] bitflip [1065]=0xfd
(0x7fc6c5528000,0x7fc6c556c000) Found [0x7fc6c554b000] bitflip [2123]=0xbf
(0x7fc6c5528000,0x7fc6c556c000) Found [0x7fc6c554b000] bitflip [2765]=0xdf
---------------------
Victim Row ID=113
(0x7fc6c5528000,0x7fc6c556c000) Found [0x7fc6c558f000] bitflip [1200]=0xf7
---------------------
[111]Testing 7fc6c554a000
+++++[111]+++++++[113]++++++++
Victim Row ID=112
(0x7fc6c554a000,0x7fc6c558e000) Found [0x7fc6c556c000] bitflip [28]=0xfb
(0x7fc6c554a000,0x7fc6c558e000) Found [0x7fc6c556c000] bitflip [50]=0xfd
(0x7fc6c554a000,0x7fc6c558e000) Found [0x7fc6c556c000] bitflip [311]=0xdf
(0x7fc6c554a000,0x7fc6c558e000) Found [0x7fc6c556c000] bitflip [966]=0xfd
(0x7fc6c554a000,0x7fc6c558e000) Found [0x7fc6c556c000] bitflip [2376]=0x7f
(0x7fc6c554a000,0x7fc6c558e000) Found [0x7fc6c556c000] bitflip [2456]=0xbf
(0x7fc6c554a000,0x7fc6c558e000) Found [0x7fc6c556c000] bitflip [3008]=0x7f
---------------------
Victim Row ID=112
(0x7fc6c554a000,0x7fc6c558e000) Found [0x7fc6c556d000] bitflip [112]=0xfb
(0x7fc6c554a000,0x7fc6c558e000) Found [0x7fc6c556d000] bitflip [666]=0xdf
(0x7fc6c554a000,0x7fc6c558e000) Found [0x7fc6c556d000] bitflip [2449]=0xbf
(0x7fc6c554a000,0x7fc6c558e000) Found [0x7fc6c556d000] bitflip [2528]=0xdf
(0x7fc6c554a000,0x7fc6c558e000) Found [0x7fc6c556d000] bitflip [2840]=0xfd
(0x7fc6c554a000,0x7fc6c558e000) Found [0x7fc6c556d000] bitflip [3101]=0x7f
(0x7fc6c554a000,0x7fc6c558e000) Found [0x7fc6c556d000] bitflip [3442]=0x7f
---------------------
[112]Testing 7fc6c556c000
+++++[112]+++++++[114]++++++++
Victim Row ID=113
(0x7fc6c556c000,0x7fc6c55a0000) Found [0x7fc6c558e000] bitflip [819]=0xbf
(0x7fc6c556c000,0x7fc6c55a0000) Found [0x7fc6c558e000] bitflip [2736]=0x7f
(0x7fc6c556c000,0x7fc6c55a0000) Found [0x7fc6c558e000] bitflip [3521]=0xfd
(0x7fc6c556c000,0x7fc6c55a0000) Found [0x7fc6c558e000] bitflip [4054]=0xfb
---------------------
Victim Row ID=113
(0x7fc6c556c000,0x7fc6c55a0000) Found [0x7fc6c558f000] bitflip [619]=0xfb
(0x7fc6c556c000,0x7fc6c55a0000) Found [0x7fc6c558f000] bitflip [1200]=0xf7
(0x7fc6c556c000,0x7fc6c55a0000) Found [0x7fc6c558f000] bitflip [3690]=0x7f
(0x7fc6c556c000,0x7fc6c55a0000) Found [0x7fc6c558f000] bitflip [3954]=0x7f
---------------------
[113]Testing 7fc6c558e000
+++++[113]+++++++[115]++++++++
Victim Row ID=114
(0x7fc6c558e000,0x7fc6c55c2000) Found [0x7fc6c55a0000] bitflip [640]=0xfb
(0x7fc6c558e000,0x7fc6c55c2000) Found [0x7fc6c55a0000] bitflip [2535]=0xf7
(0x7fc6c558e000,0x7fc6c55c2000) Found [0x7fc6c55a0000] bitflip [2961]=0xbf
(0x7fc6c558e000,0x7fc6c55c2000) Found [0x7fc6c55a0000] bitflip [3219]=0xef
(0x7fc6c558e000,0x7fc6c55c2000) Found [0x7fc6c55a0000] bitflip [3239]=0xbf
(0x7fc6c558e000,0x7fc6c55c2000) Found [0x7fc6c55a0000] bitflip [3689]=0xfb
(0x7fc6c558e000,0x7fc6c55c2000) Found [0x7fc6c55a0000] bitflip [3827]=0x7f
---------------------
Victim Row ID=114
(0x7fc6c558e000,0x7fc6c55c2000) Found [0x7fc6c55a1000] bitflip [803]=0xdf
(0x7fc6c558e000,0x7fc6c55c2000) Found [0x7fc6c55a1000] bitflip [920]=0xfe
(0x7fc6c558e000,0x7fc6c55c2000) Found [0x7fc6c55a1000] bitflip [1494]=0xfb
(0x7fc6c558e000,0x7fc6c55c2000) Found [0x7fc6c55a1000] bitflip [1582]=0x7f
(0x7fc6c558e000,0x7fc6c55c2000) Found [0x7fc6c55a1000] bitflip [1923]=0xf7
(0x7fc6c558e000,0x7fc6c55c2000) Found [0x7fc6c55a1000] bitflip [2010]=0xdf
(0x7fc6c558e000,0x7fc6c55c2000) Found [0x7fc6c55a1000] bitflip [2544]=0xfb
(0x7fc6c558e000,0x7fc6c55c2000) Found [0x7fc6c55a1000] bitflip [2688]=0xfe
(0x7fc6c558e000,0x7fc6c55c2000) Found [0x7fc6c55a1000] bitflip [2696]=0xfb
(0x7fc6c558e000,0x7fc6c55c2000) Found [0x7fc6c55a1000] bitflip [3154]=0xdf
(0x7fc6c558e000,0x7fc6c55c2000) Found [0x7fc6c55a1000] bitflip [3383]=0xfd
(0x7fc6c558e000,0x7fc6c55c2000) Found [0x7fc6c55a1000] bitflip [3778]=0xef
---------------------
[114]Testing 7fc6c55a0000
+++++[114]+++++++[116]++++++++
Victim Row ID=115
(0x7fc6c55a0000,0x7fc6c55e4000) Found [0x7fc6c55c2000] bitflip [425]=0xfb
(0x7fc6c55a0000,0x7fc6c55e4000) Found [0x7fc6c55c2000] bitflip [777]=0xef
(0x7fc6c55a0000,0x7fc6c55e4000) Found [0x7fc6c55c2000] bitflip [1160]=0xf7
(0x7fc6c55a0000,0x7fc6c55e4000) Found [0x7fc6c55c2000] bitflip [1317]=0xef
(0x7fc6c55a0000,0x7fc6c55e4000) Found [0x7fc6c55c2000] bitflip [1704]=0xbf
(0x7fc6c55a0000,0x7fc6c55e4000) Found [0x7fc6c55c2000] bitflip [2815]=0xef
(0x7fc6c55a0000,0x7fc6c55e4000) Found [0x7fc6c55c2000] bitflip [3427]=0xfb
---------------------
Victim Row ID=115
(0x7fc6c55a0000,0x7fc6c55e4000) Found [0x7fc6c55c3000] bitflip [2116]=0xdf
---------------------
+++++[114]+++++++[117]++++++++
Victim Row ID=115
(0x7fc6c55a0000,0x7fc6c55e5000) Found [0x7fc6c55c2000] bitflip [1317]=0xef
(0x7fc6c55a0000,0x7fc6c55e5000) Found [0x7fc6c55c2000] bitflip [3427]=0xfb
---------------------
Victim Row ID=115
(0x7fc6c55a0000,0x7fc6c55e5000) Found [0x7fc6c55c3000] bitflip [2116]=0xdf
---------------------
[115]Testing 7fc6c55c2000
[116]Testing 7fc6c55e4000
[117]Testing 7fc6c55e5000
[118]Testing 7fc6c5610000
[119]Testing 7fc6c5622000
+++++[119]+++++++[121]++++++++
Victim Row ID=122
(0x7fc6c5622000,0x7fc6c5666000) Found [0x7fc6c5688000] bitflip [295]=0xfb
(0x7fc6c5622000,0x7fc6c5666000) Found [0x7fc6c5688000] bitflip [488]=0xef
(0x7fc6c5622000,0x7fc6c5666000) Found [0x7fc6c5688000] bitflip [655]=0xdf
(0x7fc6c5622000,0x7fc6c5666000) Found [0x7fc6c5688000] bitflip [1689]=0xdf
(0x7fc6c5622000,0x7fc6c5666000) Found [0x7fc6c5688000] bitflip [2733]=0xf7
---------------------
Victim Row ID=122
(0x7fc6c5622000,0x7fc6c5666000) Found [0x7fc6c5689000] bitflip [136]=0xf7
(0x7fc6c5622000,0x7fc6c5666000) Found [0x7fc6c5689000] bitflip [906]=0x7f
(0x7fc6c5622000,0x7fc6c5666000) Found [0x7fc6c5689000] bitflip [2266]=0x7f
(0x7fc6c5622000,0x7fc6c5666000) Found [0x7fc6c5689000] bitflip [3582]=0xf7
---------------------
[120]Testing 7fc6c5644000
[121]Testing 7fc6c5666000
[122]Testing 7fc6c5688000
[123]Testing 7fc6c569a000
+++++[123]+++++++[125]++++++++
Victim Row ID=124
(0x7fc6c569a000,0x7fc6c56de000) Found [0x7fc6c56bc000] bitflip [758]=0x7f
(0x7fc6c569a000,0x7fc6c56de000) Found [0x7fc6c56bc000] bitflip [1352]=0xfe
(0x7fc6c569a000,0x7fc6c56de000) Found [0x7fc6c56bc000] bitflip [2009]=0xef
(0x7fc6c569a000,0x7fc6c56de000) Found [0x7fc6c56bc000] bitflip [2076]=0xfe
(0x7fc6c569a000,0x7fc6c56de000) Found [0x7fc6c56bc000] bitflip [3936]=0x7f
---------------------
Victim Row ID=124
(0x7fc6c569a000,0x7fc6c56de000) Found [0x7fc6c56bd000] bitflip [105]=0x7f
(0x7fc6c569a000,0x7fc6c56de000) Found [0x7fc6c56bd000] bitflip [318]=0xbf
(0x7fc6c569a000,0x7fc6c56de000) Found [0x7fc6c56bd000] bitflip [528]=0xef
(0x7fc6c569a000,0x7fc6c56de000) Found [0x7fc6c56bd000] bitflip [2199]=0xfe
(0x7fc6c569a000,0x7fc6c56de000) Found [0x7fc6c56bd000] bitflip [2296]=0xdf
(0x7fc6c569a000,0x7fc6c56de000) Found [0x7fc6c56bd000] bitflip [3487]=0xfb
---------------------
[124]Testing 7fc6c56bc000
[125]Testing 7fc6c56de000
+++++[125]+++++++[127]++++++++
Victim Row ID=126
(0x7fc6c56de000,0x7fc6c5712000) Found [0x7fc6c5700000] bitflip [188]=0xfd
(0x7fc6c56de000,0x7fc6c5712000) Found [0x7fc6c5700000] bitflip [808]=0xf7
(0x7fc6c56de000,0x7fc6c5712000) Found [0x7fc6c5700000] bitflip [3214]=0xbf
---------------------
Victim Row ID=126
(0x7fc6c56de000,0x7fc6c5712000) Found [0x7fc6c5701000] bitflip [467]=0xfd
(0x7fc6c56de000,0x7fc6c5712000) Found [0x7fc6c5701000] bitflip [1339]=0xef
(0x7fc6c56de000,0x7fc6c5712000) Found [0x7fc6c5701000] bitflip [1536]=0xfd
(0x7fc6c56de000,0x7fc6c5712000) Found [0x7fc6c5701000] bitflip [1851]=0x7f
(0x7fc6c56de000,0x7fc6c5712000) Found [0x7fc6c5701000] bitflip [2818]=0x7f
(0x7fc6c56de000,0x7fc6c5712000) Found [0x7fc6c5701000] bitflip [2827]=0xfb
(0x7fc6c56de000,0x7fc6c5712000) Found [0x7fc6c5701000] bitflip [3480]=0xfd
---------------------
[126]Testing 7fc6c5700000
[127]Testing 7fc6c5712000
+++++[127]+++++++[129]++++++++
Victim Row ID=128
(0x7fc6c5712000,0x7fc6c5756000) Found [0x7fc6c5734000] bitflip [200]=0xfe
(0x7fc6c5712000,0x7fc6c5756000) Found [0x7fc6c5734000] bitflip [1253]=0xf7
(0x7fc6c5712000,0x7fc6c5756000) Found [0x7fc6c5734000] bitflip [2742]=0xfd
(0x7fc6c5712000,0x7fc6c5756000) Found [0x7fc6c5734000] bitflip [3303]=0xbf
(0x7fc6c5712000,0x7fc6c5756000) Found [0x7fc6c5734000] bitflip [3391]=0xbf
---------------------
Victim Row ID=128
(0x7fc6c5712000,0x7fc6c5756000) Found [0x7fc6c5735000] bitflip [2317]=0xfb
(0x7fc6c5712000,0x7fc6c5756000) Found [0x7fc6c5735000] bitflip [3620]=0xbf
---------------------
[128]Testing 7fc6c5734000
+++++[128]+++++++[130]++++++++
Victim Row ID=129
(0x7fc6c5734000,0x7fc6c5778000) Found [0x7fc6c5756000] bitflip [1507]=0xef
(0x7fc6c5734000,0x7fc6c5778000) Found [0x7fc6c5756000] bitflip [1513]=0xfe
(0x7fc6c5734000,0x7fc6c5778000) Found [0x7fc6c5756000] bitflip [1906]=0xfb
(0x7fc6c5734000,0x7fc6c5778000) Found [0x7fc6c5756000] bitflip [2104]=0x7f
(0x7fc6c5734000,0x7fc6c5778000) Found [0x7fc6c5756000] bitflip [3022]=0xfb
(0x7fc6c5734000,0x7fc6c5778000) Found [0x7fc6c5756000] bitflip [3749]=0xef
(0x7fc6c5734000,0x7fc6c5778000) Found [0x7fc6c5756000] bitflip [3955]=0xfb
(0x7fc6c5734000,0x7fc6c5778000) Found [0x7fc6c5756000] bitflip [3985]=0xfe
---------------------
Victim Row ID=129
(0x7fc6c5734000,0x7fc6c5778000) Found [0x7fc6c5757000] bitflip [688]=0xdf
(0x7fc6c5734000,0x7fc6c5778000) Found [0x7fc6c5757000] bitflip [1891]=0xbf
(0x7fc6c5734000,0x7fc6c5778000) Found [0x7fc6c5757000] bitflip [3017]=0xfd
(0x7fc6c5734000,0x7fc6c5778000) Found [0x7fc6c5757000] bitflip [3394]=0xfd
(0x7fc6c5734000,0x7fc6c5778000) Found [0x7fc6c5757000] bitflip [3957]=0xfe
---------------------
[129]Testing 7fc6c5756000
[130]Testing 7fc6c5778000
[131]Testing 7fc6c578b000
[132]Testing 7fc6c57ad000
[133]Testing 7fc6c57cf000
[134]Testing 7fc6c57f3000
[135]Testing 7fc6c5834000
[136]Testing 7fc6c584a000
[137]Testing 7fc6c587f000
[138]Testing 7fc6c5883000
[139]Testing 7fc6c588b000
[140]Testing 7fc6c5894000
[141]Testing 7fc6c58af000
[142]Testing 7fc6c58b7000
[143]Testing 7fc6c58de000
[144]Testing 7fc6c58ec000
[145]Testing 7fc6c58ee000
[146]Testing 7fc6c5937000
[147]Testing 7fc6c5996000
[148]Testing 7fc6c59a7000
[149]Testing 7fc6c59f9000
[150]Testing 7fc6c5a03000
[151]Testing 7fc6c5a12000
[152]Testing 7fc6c5a34000
[153]Testing 7fc6c5a3a000
[154]Testing 7fc6c5a3f000
[155]Testing 7fc6c5a44000
[156]Testing 7fc6c5a70000
[157]Testing 7fc6c5a7b000
[158]Testing 7fc6c5a8e000
[159]Testing 7fc6c5a92000
[160]Testing 7fc6c5a99000
[161]Testing 7fc6c5a9d000
[162]Testing 7fc6c5aab000
[163]Testing 7fc6c5aaf000
[164]Testing 7fc6c5ab1000
[165]Testing 7fc6c5ab5000
[166]Testing 7fc6c5ab7000
[167]Testing 7fc6c5ae2000
[168]Testing 7fc6c5ae5000
[169]Testing 7fc6c5afc000
