[0]Testing 7fabd54a8000
[1]Testing 7fabd54ab000
[2]Testing 7fabd54b7000
[3]Testing 7fabd54cc000
[4]Testing 7fabd54cf000
[5]Testing 7fabd54d4000
[6]Testing 7fabd54f8000
[7]Testing 7fabd553b000
[8]Testing 7fabd5541000
[9]Testing 7fabd554e000
[10]Testing 7fabd555b000
[11]Testing 7fabd556f000
[12]Testing 7fabd5570000
[13]Testing 7fabd557d000
[14]Testing 7fabd559d000
[15]Testing 7fabd55b3000
[16]Testing 7fabd55d5000
[17]Testing 7fabd55d7000
[18]Testing 7fabd55e9000
[19]Testing 7fabd5610000
[20]Testing 7fabd562e000
[21]Testing 7fabd562f000
[22]Testing 7fabd564c000
+++++[22]+++++++[25]++++++++
Victim Row ID=20
(0x7fabd564c000,0x7fabd5688000) Found [0x7fabd562e000] bitflip [470]=0xf7
(0x7fabd564c000,0x7fabd5688000) Found [0x7fabd562e000] bitflip [762]=0x7f
(0x7fabd564c000,0x7fabd5688000) Found [0x7fabd562e000] bitflip [2073]=0x7f
(0x7fabd564c000,0x7fabd5688000) Found [0x7fabd562e000] bitflip [2346]=0xfb
(0x7fabd564c000,0x7fabd5688000) Found [0x7fabd562e000] bitflip [2468]=0xef
(0x7fabd564c000,0x7fabd5688000) Found [0x7fabd562e000] bitflip [2994]=0xbf
(0x7fabd564c000,0x7fabd5688000) Found [0x7fabd562e000] bitflip [3114]=0xfe
(0x7fabd564c000,0x7fabd5688000) Found [0x7fabd562e000] bitflip [3298]=0xfb
---------------------
Victim Row ID=21
(0x7fabd564c000,0x7fabd5688000) Found [0x7fabd562f000] bitflip [856]=0x7f
(0x7fabd564c000,0x7fabd5688000) Found [0x7fabd562f000] bitflip [3439]=0x7f
(0x7fabd564c000,0x7fabd5688000) Found [0x7fabd562f000] bitflip [3615]=0xfb
(0x7fabd564c000,0x7fabd5688000) Found [0x7fabd562f000] bitflip [4077]=0xef
---------------------
[23]Testing 7fabd564d000
+++++[23]+++++++[25]++++++++
Victim Row ID=20
(0x7fabd564d000,0x7fabd5688000) Found [0x7fabd562e000] bitflip [762]=0x7f
(0x7fabd564d000,0x7fabd5688000) Found [0x7fabd562e000] bitflip [2073]=0x7f
(0x7fabd564d000,0x7fabd5688000) Found [0x7fabd562e000] bitflip [2346]=0xfb
(0x7fabd564d000,0x7fabd5688000) Found [0x7fabd562e000] bitflip [3114]=0xfe
---------------------
Victim Row ID=21
(0x7fabd564d000,0x7fabd5688000) Found [0x7fabd562f000] bitflip [856]=0x7f
(0x7fabd564d000,0x7fabd5688000) Found [0x7fabd562f000] bitflip [3439]=0x7f
(0x7fabd564d000,0x7fabd5688000) Found [0x7fabd562f000] bitflip [3615]=0xfb
(0x7fabd564d000,0x7fabd5688000) Found [0x7fabd562f000] bitflip [4077]=0xef
---------------------
[24]Testing 7fabd566a000
+++++[24]+++++++[26]++++++++
Victim Row ID=28
(0x7fabd566a000,0x7fabd56a6000) Found [0x7fabd56c4000] bitflip [1053]=0xfb
(0x7fabd566a000,0x7fabd56a6000) Found [0x7fabd56c4000] bitflip [2590]=0xfd
(0x7fabd566a000,0x7fabd56a6000) Found [0x7fabd56c4000] bitflip [3766]=0x7f
---------------------
Victim Row ID=28
(0x7fabd566a000,0x7fabd56a6000) Found [0x7fabd56c5000] bitflip [3243]=0x7f
(0x7fabd566a000,0x7fabd56a6000) Found [0x7fabd56c5000] bitflip [3546]=0xfe
---------------------
+++++[24]+++++++[27]++++++++
Victim Row ID=28
(0x7fabd566a000,0x7fabd56a7000) Found [0x7fabd56c4000] bitflip [1053]=0xfb
(0x7fabd566a000,0x7fabd56a7000) Found [0x7fabd56c4000] bitflip [2590]=0xfd
---------------------
Victim Row ID=28
(0x7fabd566a000,0x7fabd56a7000) Found [0x7fabd56c5000] bitflip [1362]=0xbf
(0x7fabd566a000,0x7fabd56a7000) Found [0x7fabd56c5000] bitflip [2585]=0xfb
(0x7fabd566a000,0x7fabd56a7000) Found [0x7fabd56c5000] bitflip [3243]=0x7f
(0x7fabd566a000,0x7fabd56a7000) Found [0x7fabd56c5000] bitflip [3546]=0xfe
(0x7fabd566a000,0x7fabd56a7000) Found [0x7fabd56c5000] bitflip [3888]=0xf7
---------------------
[25]Testing 7fabd5688000
+++++[25]+++++++[28]++++++++
Victim Row ID=24
(0x7fabd5688000,0x7fabd56c4000) Found [0x7fabd566a000] bitflip [18]=0x7f
(0x7fabd5688000,0x7fabd56c4000) Found [0x7fabd566a000] bitflip [242]=0xef
(0x7fabd5688000,0x7fabd56c4000) Found [0x7fabd566a000] bitflip [1408]=0xef
(0x7fabd5688000,0x7fabd56c4000) Found [0x7fabd566a000] bitflip [2757]=0xfe
(0x7fabd5688000,0x7fabd56c4000) Found [0x7fabd566a000] bitflip [3608]=0xfb
---------------------
Victim Row ID=24
(0x7fabd5688000,0x7fabd56c4000) Found [0x7fabd566b000] bitflip [458]=0xdf
(0x7fabd5688000,0x7fabd56c4000) Found [0x7fabd566b000] bitflip [1219]=0xbf
(0x7fabd5688000,0x7fabd56c4000) Found [0x7fabd566b000] bitflip [2410]=0xdf
(0x7fabd5688000,0x7fabd56c4000) Found [0x7fabd566b000] bitflip [3632]=0xfb
---------------------
[26]Testing 7fabd56a6000
+++++[26]+++++++[29]++++++++
Victim Row ID=30
(0x7fabd56a6000,0x7fabd56e2000) Found [0x7fabd5700000] bitflip [864]=0xfe
(0x7fabd56a6000,0x7fabd56e2000) Found [0x7fabd5700000] bitflip [1089]=0xfd
(0x7fabd56a6000,0x7fabd56e2000) Found [0x7fabd5700000] bitflip [1344]=0xfb
---------------------
Victim Row ID=31
(0x7fabd56a6000,0x7fabd56e2000) Found [0x7fabd5701000] bitflip [1280]=0x7f
(0x7fabd56a6000,0x7fabd56e2000) Found [0x7fabd5701000] bitflip [1329]=0xfd
(0x7fabd56a6000,0x7fabd56e2000) Found [0x7fabd5701000] bitflip [3025]=0xfb
(0x7fabd56a6000,0x7fabd56e2000) Found [0x7fabd5701000] bitflip [3302]=0xbf
(0x7fabd56a6000,0x7fabd56e2000) Found [0x7fabd5701000] bitflip [3456]=0xfe
(0x7fabd56a6000,0x7fabd56e2000) Found [0x7fabd5701000] bitflip [3507]=0xdf
---------------------
[27]Testing 7fabd56a7000
[28]Testing 7fabd56c4000
+++++[28]+++++++[30]++++++++
Victim Row ID=26
(0x7fabd56c4000,0x7fabd5700000) Found [0x7fabd56a6000] bitflip [1105]=0xfd
(0x7fabd56c4000,0x7fabd5700000) Found [0x7fabd56a6000] bitflip [1321]=0xf7
(0x7fabd56c4000,0x7fabd5700000) Found [0x7fabd56a6000] bitflip [1816]=0x7f
(0x7fabd56c4000,0x7fabd5700000) Found [0x7fabd56a6000] bitflip [2161]=0xbf
(0x7fabd56c4000,0x7fabd5700000) Found [0x7fabd56a6000] bitflip [2530]=0x7f
---------------------
Victim Row ID=27
(0x7fabd56c4000,0x7fabd5700000) Found [0x7fabd56a7000] bitflip [1222]=0xfb
(0x7fabd56c4000,0x7fabd5700000) Found [0x7fabd56a7000] bitflip [1314]=0xfe
(0x7fabd56c4000,0x7fabd5700000) Found [0x7fabd56a7000] bitflip [1445]=0xfb
(0x7fabd56c4000,0x7fabd5700000) Found [0x7fabd56a7000] bitflip [3110]=0xef
(0x7fabd56c4000,0x7fabd5700000) Found [0x7fabd56a7000] bitflip [3975]=0xfe
---------------------
+++++[28]+++++++[31]++++++++
Victim Row ID=26
(0x7fabd56c4000,0x7fabd5701000) Found [0x7fabd56a6000] bitflip [674]=0xef
(0x7fabd56c4000,0x7fabd5701000) Found [0x7fabd56a6000] bitflip [1105]=0xfd
(0x7fabd56c4000,0x7fabd5701000) Found [0x7fabd56a6000] bitflip [2161]=0xbf
(0x7fabd56c4000,0x7fabd5701000) Found [0x7fabd56a6000] bitflip [2530]=0x7f
(0x7fabd56c4000,0x7fabd5701000) Found [0x7fabd56a6000] bitflip [2659]=0xdf
(0x7fabd56c4000,0x7fabd5701000) Found [0x7fabd56a6000] bitflip [3767]=0xfe
---------------------
Victim Row ID=27
(0x7fabd56c4000,0x7fabd5701000) Found [0x7fabd56a7000] bitflip [61]=0xfd
(0x7fabd56c4000,0x7fabd5701000) Found [0x7fabd56a7000] bitflip [1176]=0xfb
(0x7fabd56c4000,0x7fabd5701000) Found [0x7fabd56a7000] bitflip [1222]=0xfb
(0x7fabd56c4000,0x7fabd5701000) Found [0x7fabd56a7000] bitflip [1314]=0xfe
(0x7fabd56c4000,0x7fabd5701000) Found [0x7fabd56a7000] bitflip [3593]=0xfd
(0x7fabd56c4000,0x7fabd5701000) Found [0x7fabd56a7000] bitflip [3975]=0xfe
---------------------
[29]Testing 7fabd56e2000
[30]Testing 7fabd5700000
[31]Testing 7fabd5701000
[32]Testing 7fabd573e000
+++++[32]+++++++[34]++++++++
Victim Row ID=33
(0x7fabd573e000,0x7fabd577a000) Found [0x7fabd575c000] bitflip [727]=0xfb
(0x7fabd573e000,0x7fabd577a000) Found [0x7fabd575c000] bitflip [800]=0x7f
(0x7fabd573e000,0x7fabd577a000) Found [0x7fabd575c000] bitflip [1599]=0xfe
(0x7fabd573e000,0x7fabd577a000) Found [0x7fabd575c000] bitflip [3080]=0x7f
(0x7fabd573e000,0x7fabd577a000) Found [0x7fabd575c000] bitflip [3163]=0x7f
(0x7fabd573e000,0x7fabd577a000) Found [0x7fabd575c000] bitflip [3589]=0x7f
(0x7fabd573e000,0x7fabd577a000) Found [0x7fabd575c000] bitflip [3649]=0x7f
(0x7fabd573e000,0x7fabd577a000) Found [0x7fabd575c000] bitflip [3731]=0xdf
---------------------
Victim Row ID=33
(0x7fabd573e000,0x7fabd577a000) Found [0x7fabd575d000] bitflip [1057]=0x7f
(0x7fabd573e000,0x7fabd577a000) Found [0x7fabd575d000] bitflip [3238]=0xef
(0x7fabd573e000,0x7fabd577a000) Found [0x7fabd575d000] bitflip [3430]=0xfe
(0x7fabd573e000,0x7fabd577a000) Found [0x7fabd575d000] bitflip [3715]=0xbf
---------------------
+++++[32]+++++++[35]++++++++
Victim Row ID=33
(0x7fabd573e000,0x7fabd577b000) Found [0x7fabd575c000] bitflip [727]=0xfb
(0x7fabd573e000,0x7fabd577b000) Found [0x7fabd575c000] bitflip [800]=0x7f
(0x7fabd573e000,0x7fabd577b000) Found [0x7fabd575c000] bitflip [3589]=0x7f
(0x7fabd573e000,0x7fabd577b000) Found [0x7fabd575c000] bitflip [3731]=0xdf
---------------------
Victim Row ID=33
(0x7fabd573e000,0x7fabd577b000) Found [0x7fabd575d000] bitflip [1057]=0x7f
(0x7fabd573e000,0x7fabd577b000) Found [0x7fabd575d000] bitflip [3238]=0xef
(0x7fabd573e000,0x7fabd577b000) Found [0x7fabd575d000] bitflip [3715]=0xbf
---------------------
[33]Testing 7fabd575c000
[34]Testing 7fabd577a000
[35]Testing 7fabd577b000
[36]Testing 7fabd5798000
+++++[36]+++++++[39]++++++++
Victim Row ID=38
(0x7fabd5798000,0x7fabd57d4000) Found [0x7fabd57b6000] bitflip [333]=0xef
(0x7fabd5798000,0x7fabd57d4000) Found [0x7fabd57b6000] bitflip [384]=0xf7
(0x7fabd5798000,0x7fabd57d4000) Found [0x7fabd57b6000] bitflip [856]=0x7f
(0x7fabd5798000,0x7fabd57d4000) Found [0x7fabd57b6000] bitflip [1074]=0xbf
(0x7fabd5798000,0x7fabd57d4000) Found [0x7fabd57b6000] bitflip [2167]=0xbf
(0x7fabd5798000,0x7fabd57d4000) Found [0x7fabd57b6000] bitflip [3801]=0xfb
---------------------
Victim Row ID=38
(0x7fabd5798000,0x7fabd57d4000) Found [0x7fabd57b7000] bitflip [790]=0xdf
(0x7fabd5798000,0x7fabd57d4000) Found [0x7fabd57b7000] bitflip [2483]=0xfd
(0x7fabd5798000,0x7fabd57d4000) Found [0x7fabd57b7000] bitflip [3841]=0xbf
(0x7fabd5798000,0x7fabd57d4000) Found [0x7fabd57b7000] bitflip [3922]=0xbf
---------------------
[37]Testing 7fabd5799000
+++++[37]+++++++[39]++++++++
Victim Row ID=38
(0x7fabd5799000,0x7fabd57d4000) Found [0x7fabd57b6000] bitflip [384]=0xf7
(0x7fabd5799000,0x7fabd57d4000) Found [0x7fabd57b6000] bitflip [1074]=0xbf
(0x7fabd5799000,0x7fabd57d4000) Found [0x7fabd57b6000] bitflip [1109]=0xef
(0x7fabd5799000,0x7fabd57d4000) Found [0x7fabd57b6000] bitflip [2135]=0x7f
(0x7fabd5799000,0x7fabd57d4000) Found [0x7fabd57b6000] bitflip [2167]=0xbf
(0x7fabd5799000,0x7fabd57d4000) Found [0x7fabd57b6000] bitflip [2775]=0xfb
---------------------
Victim Row ID=38
(0x7fabd5799000,0x7fabd57d4000) Found [0x7fabd57b7000] bitflip [471]=0xbf
(0x7fabd5799000,0x7fabd57d4000) Found [0x7fabd57b7000] bitflip [666]=0x7f
(0x7fabd5799000,0x7fabd57d4000) Found [0x7fabd57b7000] bitflip [790]=0xdf
(0x7fabd5799000,0x7fabd57d4000) Found [0x7fabd57b7000] bitflip [959]=0xfb
(0x7fabd5799000,0x7fabd57d4000) Found [0x7fabd57b7000] bitflip [2458]=0xfb
(0x7fabd5799000,0x7fabd57d4000) Found [0x7fabd57b7000] bitflip [2483]=0xfd
(0x7fabd5799000,0x7fabd57d4000) Found [0x7fabd57b7000] bitflip [2651]=0xf7
(0x7fabd5799000,0x7fabd57d4000) Found [0x7fabd57b7000] bitflip [2904]=0xef
(0x7fabd5799000,0x7fabd57d4000) Found [0x7fabd57b7000] bitflip [3841]=0xbf
(0x7fabd5799000,0x7fabd57d4000) Found [0x7fabd57b7000] bitflip [3922]=0xbf
---------------------
[38]Testing 7fabd57b6000
+++++[38]+++++++[40]++++++++
Victim Row ID=39
(0x7fabd57b6000,0x7fabd57f2000) Found [0x7fabd57d4000] bitflip [195]=0xfe
(0x7fabd57b6000,0x7fabd57f2000) Found [0x7fabd57d4000] bitflip [434]=0xef
(0x7fabd57b6000,0x7fabd57f2000) Found [0x7fabd57d4000] bitflip [784]=0xfd
(0x7fabd57b6000,0x7fabd57f2000) Found [0x7fabd57d4000] bitflip [1040]=0x7f
(0x7fabd57b6000,0x7fabd57f2000) Found [0x7fabd57d4000] bitflip [2006]=0x7f
(0x7fabd57b6000,0x7fabd57f2000) Found [0x7fabd57d4000] bitflip [3162]=0xef
(0x7fabd57b6000,0x7fabd57f2000) Found [0x7fabd57d4000] bitflip [3323]=0xef
(0x7fabd57b6000,0x7fabd57f2000) Found [0x7fabd57d4000] bitflip [3882]=0xfe
(0x7fabd57b6000,0x7fabd57f2000) Found [0x7fabd57d4000] bitflip [4006]=0xbf
(0x7fabd57b6000,0x7fabd57f2000) Found [0x7fabd57d4000] bitflip [4049]=0xfb
---------------------
Victim Row ID=39
(0x7fabd57b6000,0x7fabd57f2000) Found [0x7fabd57d5000] bitflip [2]=0xbf
(0x7fabd57b6000,0x7fabd57f2000) Found [0x7fabd57d5000] bitflip [722]=0xfe
(0x7fabd57b6000,0x7fabd57f2000) Found [0x7fabd57d5000] bitflip [2099]=0xfb
---------------------
+++++[38]+++++++[41]++++++++
Victim Row ID=39
(0x7fabd57b6000,0x7fabd57f3000) Found [0x7fabd57d4000] bitflip [195]=0xfe
(0x7fabd57b6000,0x7fabd57f3000) Found [0x7fabd57d4000] bitflip [434]=0xef
(0x7fabd57b6000,0x7fabd57f3000) Found [0x7fabd57d4000] bitflip [784]=0xfd
(0x7fabd57b6000,0x7fabd57f3000) Found [0x7fabd57d4000] bitflip [1040]=0x7f
(0x7fabd57b6000,0x7fabd57f3000) Found [0x7fabd57d4000] bitflip [2006]=0x7f
(0x7fabd57b6000,0x7fabd57f3000) Found [0x7fabd57d4000] bitflip [4006]=0xbf
(0x7fabd57b6000,0x7fabd57f3000) Found [0x7fabd57d4000] bitflip [4049]=0xfb
---------------------
Victim Row ID=39
(0x7fabd57b6000,0x7fabd57f3000) Found [0x7fabd57d5000] bitflip [2099]=0xfb
---------------------
[39]Testing 7fabd57d4000
[40]Testing 7fabd57f2000
[41]Testing 7fabd57f3000
[42]Testing 7fabd5829000
[43]Testing 7fabd582a000
[44]Testing 7fabd5851000
[45]Testing 7fabd5855000
[46]Testing 7fabd5856000
[47]Testing 7fabd5867000
[48]Testing 7fabd5868000
[49]Testing 7fabd5885000
[50]Testing 7fabd58a3000
[51]Testing 7fabd58c7000
[52]Testing 7fabd58db000
[53]Testing 7fabd5923000
[54]Testing 7fabd595f000
[55]Testing 7fabd596b000
[56]Testing 7fabd599f000
[57]Testing 7fabd59b5000
[58]Testing 7fabd59b6000
[59]Testing 7fabd59d5000
[60]Testing 7fabd5a1a000
+++++[60]+++++++[63]++++++++
Victim Row ID=65
(0x7fabd5a1a000,0x7fabd5a56000) Found [0x7fabd5a74000] bitflip [2250]=0xf7
(0x7fabd5a1a000,0x7fabd5a56000) Found [0x7fabd5a74000] bitflip [2680]=0x7f
(0x7fabd5a1a000,0x7fabd5a56000) Found [0x7fabd5a74000] bitflip [3072]=0xfd
(0x7fabd5a1a000,0x7fabd5a56000) Found [0x7fabd5a74000] bitflip [3923]=0xfe
(0x7fabd5a1a000,0x7fabd5a56000) Found [0x7fabd5a74000] bitflip [4012]=0xf7
---------------------
+++++[60]+++++++[64]++++++++
Victim Row ID=65
(0x7fabd5a1a000,0x7fabd5a57000) Found [0x7fabd5a74000] bitflip [2250]=0xf7
(0x7fabd5a1a000,0x7fabd5a57000) Found [0x7fabd5a74000] bitflip [2680]=0x7f
(0x7fabd5a1a000,0x7fabd5a57000) Found [0x7fabd5a74000] bitflip [3034]=0xfe
(0x7fabd5a1a000,0x7fabd5a57000) Found [0x7fabd5a74000] bitflip [3960]=0xfd
(0x7fabd5a1a000,0x7fabd5a57000) Found [0x7fabd5a74000] bitflip [4012]=0xf7
---------------------
Victim Row ID=65
(0x7fabd5a1a000,0x7fabd5a57000) Found [0x7fabd5a75000] bitflip [230]=0xef
(0x7fabd5a1a000,0x7fabd5a57000) Found [0x7fabd5a75000] bitflip [247]=0xfe
(0x7fabd5a1a000,0x7fabd5a57000) Found [0x7fabd5a75000] bitflip [1683]=0x7f
(0x7fabd5a1a000,0x7fabd5a57000) Found [0x7fabd5a75000] bitflip [2451]=0xdf
---------------------
[61]Testing 7fabd5a1b000
[62]Testing 7fabd5a38000
+++++[62]+++++++[65]++++++++
Victim Row ID=60
(0x7fabd5a38000,0x7fabd5a74000) Found [0x7fabd5a1a000] bitflip [232]=0xdf
(0x7fabd5a38000,0x7fabd5a74000) Found [0x7fabd5a1a000] bitflip [1363]=0xf7
(0x7fabd5a38000,0x7fabd5a74000) Found [0x7fabd5a1a000] bitflip [2141]=0xef
(0x7fabd5a38000,0x7fabd5a74000) Found [0x7fabd5a1a000] bitflip [3971]=0xef
---------------------
Victim Row ID=61
(0x7fabd5a38000,0x7fabd5a74000) Found [0x7fabd5a1b000] bitflip [95]=0xfd
(0x7fabd5a38000,0x7fabd5a74000) Found [0x7fabd5a1b000] bitflip [890]=0xfb
(0x7fabd5a38000,0x7fabd5a74000) Found [0x7fabd5a1b000] bitflip [2107]=0xfb
(0x7fabd5a38000,0x7fabd5a74000) Found [0x7fabd5a1b000] bitflip [3216]=0xfe
---------------------
[63]Testing 7fabd5a56000
[64]Testing 7fabd5a57000
[65]Testing 7fabd5a74000
+++++[65]+++++++[67]++++++++
Victim Row ID=63
(0x7fabd5a74000,0x7fabd5ab1000) Found [0x7fabd5a56000] bitflip [2418]=0xfb
(0x7fabd5a74000,0x7fabd5ab1000) Found [0x7fabd5a56000] bitflip [2932]=0xdf
(0x7fabd5a74000,0x7fabd5ab1000) Found [0x7fabd5a56000] bitflip [4080]=0xfb
---------------------
Victim Row ID=64
(0x7fabd5a74000,0x7fabd5ab1000) Found [0x7fabd5a57000] bitflip [1675]=0xf7
(0x7fabd5a74000,0x7fabd5ab1000) Found [0x7fabd5a57000] bitflip [2298]=0x7f
(0x7fabd5a74000,0x7fabd5ab1000) Found [0x7fabd5a57000] bitflip [3927]=0xbf
(0x7fabd5a74000,0x7fabd5ab1000) Found [0x7fabd5a57000] bitflip [4000]=0xef
---------------------
[66]Testing 7fabd5a92000
[67]Testing 7fabd5ab1000
+++++[67]+++++++[70]++++++++
Victim Row ID=66
(0x7fabd5ab1000,0x7fabd5aec000) Found [0x7fabd5a92000] bitflip [1694]=0xbf
(0x7fabd5ab1000,0x7fabd5aec000) Found [0x7fabd5a92000] bitflip [2543]=0xdf
---------------------
Victim Row ID=66
(0x7fabd5ab1000,0x7fabd5aec000) Found [0x7fabd5a93000] bitflip [219]=0xbf
(0x7fabd5ab1000,0x7fabd5aec000) Found [0x7fabd5a93000] bitflip [962]=0xef
(0x7fabd5ab1000,0x7fabd5aec000) Found [0x7fabd5a93000] bitflip [2298]=0xbf
(0x7fabd5ab1000,0x7fabd5aec000) Found [0x7fabd5a93000] bitflip [2775]=0xfb
---------------------
[68]Testing 7fabd5ace000
[69]Testing 7fabd5acf000
[70]Testing 7fabd5aec000
[71]Testing 7fabd5b2a000
[72]Testing 7fabd5b48000
+++++[72]+++++++[75]++++++++
Victim Row ID=64
(0x7fabd5b48000,0x7fabd5b84000) Found [0x7fabd5b66000] bitflip [177]=0xfd
(0x7fabd5b48000,0x7fabd5b84000) Found [0x7fabd5b66000] bitflip [858]=0x7f
(0x7fabd5b48000,0x7fabd5b84000) Found [0x7fabd5b66000] bitflip [1248]=0x7f
(0x7fabd5b48000,0x7fabd5b84000) Found [0x7fabd5b66000] bitflip [1530]=0xfd
(0x7fabd5b48000,0x7fabd5b84000) Found [0x7fabd5b66000] bitflip [2605]=0xfe
(0x7fabd5b48000,0x7fabd5b84000) Found [0x7fabd5b66000] bitflip [3106]=0xdf
---------------------
[73]Testing 7fabd5b49000
[74]Testing 7fabd5b67000
+++++[74]+++++++[76]++++++++
Victim Row ID=75
(0x7fabd5b67000,0x7fabd5ba3000) Found [0x7fabd5b85000] bitflip [518]=0xf7
(0x7fabd5b67000,0x7fabd5ba3000) Found [0x7fabd5b85000] bitflip [2209]=0xf7
(0x7fabd5b67000,0x7fabd5ba3000) Found [0x7fabd5b85000] bitflip [2578]=0xfb
(0x7fabd5b67000,0x7fabd5ba3000) Found [0x7fabd5b85000] bitflip [3238]=0xdf
---------------------
[75]Testing 7fabd5b84000
[76]Testing 7fabd5ba3000
[77]Testing 7fabd5bc0000
[78]Testing 7fabd5bde000
[79]Testing 7fabd5bfc000
[80]Testing 7fabd5bfd000
[81]Testing 7fabd5c05000
[82]Testing 7fabd5c06000
[83]Testing 7fabd5c17000
[84]Testing 7fabd5c1e000
[85]Testing 7fabd5c22000
[86]Testing 7fabd5c9b000
[87]Testing 7fabd5ccc000
[88]Testing 7fabd5ce6000
[89]Testing 7fabd5d0d000
[90]Testing 7fabd5d28000
[91]Testing 7fabd5d32000
[92]Testing 7fabd5d3c000
[93]Testing 7fabd5d3d000
[94]Testing 7fabd5d52000
[95]Testing 7fabd5d53000
[96]Testing 7fabd5d5e000
[97]Testing 7fabd5da3000
[98]Testing 7fabd5dc6000
[99]Testing 7fabd5dd1000
[100]Testing 7fabd5dd2000
[101]Testing 7fabd5df2000
[102]Testing 7fabd5df6000
[103]Testing 7fabd5df7000
[104]Testing 7fabd5dfc000
[105]Testing 7fabd5e34000
[106]Testing 7fabd5e35000
[107]Testing 7fabd5e52000
[108]Testing 7fabd5e53000
[109]Testing 7fabd5e7e000
[110]Testing 7fabd5e7f000
[111]Testing 7fabd5e9c000
[112]Testing 7fabd5e9d000
+++++[112]+++++++[114]++++++++
Victim Row ID=115
(0x7fabd5e9d000,0x7fabd5ed8000) Found [0x7fabd5ef6000] bitflip [371]=0xfd
(0x7fabd5e9d000,0x7fabd5ed8000) Found [0x7fabd5ef6000] bitflip [1781]=0xf7
---------------------
Victim Row ID=116
(0x7fabd5e9d000,0x7fabd5ed8000) Found [0x7fabd5ef7000] bitflip [208]=0xfe
(0x7fabd5e9d000,0x7fabd5ed8000) Found [0x7fabd5ef7000] bitflip [289]=0xfb
(0x7fabd5e9d000,0x7fabd5ed8000) Found [0x7fabd5ef7000] bitflip [438]=0xf7
(0x7fabd5e9d000,0x7fabd5ed8000) Found [0x7fabd5ef7000] bitflip [831]=0xdf
(0x7fabd5e9d000,0x7fabd5ed8000) Found [0x7fabd5ef7000] bitflip [1957]=0x7f
(0x7fabd5e9d000,0x7fabd5ed8000) Found [0x7fabd5ef7000] bitflip [2063]=0xef
(0x7fabd5e9d000,0x7fabd5ed8000) Found [0x7fabd5ef7000] bitflip [2720]=0x7f
(0x7fabd5e9d000,0x7fabd5ed8000) Found [0x7fabd5ef7000] bitflip [3083]=0xdf
---------------------
[113]Testing 7fabd5eba000
[114]Testing 7fabd5ed8000
[115]Testing 7fabd5ef6000
[116]Testing 7fabd5ef7000
[117]Testing 7fabd5f15000
+++++[117]+++++++[121]++++++++
Victim Row ID=119
(0x7fabd5f15000,0x7fabd5f51000) Found [0x7fabd5f33000] bitflip [918]=0xef
(0x7fabd5f15000,0x7fabd5f51000) Found [0x7fabd5f33000] bitflip [1508]=0xf7
(0x7fabd5f15000,0x7fabd5f51000) Found [0x7fabd5f33000] bitflip [1635]=0xfb
(0x7fabd5f15000,0x7fabd5f51000) Found [0x7fabd5f33000] bitflip [2656]=0xfb
(0x7fabd5f15000,0x7fabd5f51000) Found [0x7fabd5f33000] bitflip [3256]=0xbf
(0x7fabd5f15000,0x7fabd5f51000) Found [0x7fabd5f33000] bitflip [3785]=0xfb
---------------------
+++++[117]+++++++[122]++++++++
Victim Row ID=119
(0x7fabd5f15000,0x7fabd5f52000) Found [0x7fabd5f33000] bitflip [211]=0xfe
(0x7fabd5f15000,0x7fabd5f52000) Found [0x7fabd5f33000] bitflip [918]=0xef
(0x7fabd5f15000,0x7fabd5f52000) Found [0x7fabd5f33000] bitflip [1508]=0xf7
(0x7fabd5f15000,0x7fabd5f52000) Found [0x7fabd5f33000] bitflip [1616]=0xdf
(0x7fabd5f15000,0x7fabd5f52000) Found [0x7fabd5f33000] bitflip [1635]=0xfb
(0x7fabd5f15000,0x7fabd5f52000) Found [0x7fabd5f33000] bitflip [2656]=0xfb
---------------------
Victim Row ID=120
(0x7fabd5f15000,0x7fabd5f52000) Found [0x7fabd5f34000] bitflip [2686]=0xdf
(0x7fabd5f15000,0x7fabd5f52000) Found [0x7fabd5f34000] bitflip [2767]=0xfe
(0x7fabd5f15000,0x7fabd5f52000) Found [0x7fabd5f34000] bitflip [3950]=0xbf
---------------------
[118]Testing 7fabd5f16000
[119]Testing 7fabd5f33000
+++++[119]+++++++[123]++++++++
Victim Row ID=121
(0x7fabd5f33000,0x7fabd5f6f000) Found [0x7fabd5f51000] bitflip [2717]=0xf7
(0x7fabd5f33000,0x7fabd5f6f000) Found [0x7fabd5f51000] bitflip [3050]=0xef
(0x7fabd5f33000,0x7fabd5f6f000) Found [0x7fabd5f51000] bitflip [3210]=0xf7
---------------------
Victim Row ID=122
(0x7fabd5f33000,0x7fabd5f6f000) Found [0x7fabd5f52000] bitflip [659]=0xdf
(0x7fabd5f33000,0x7fabd5f6f000) Found [0x7fabd5f52000] bitflip [850]=0xf7
(0x7fabd5f33000,0x7fabd5f6f000) Found [0x7fabd5f52000] bitflip [1377]=0x7f
(0x7fabd5f33000,0x7fabd5f6f000) Found [0x7fabd5f52000] bitflip [1586]=0xf7
(0x7fabd5f33000,0x7fabd5f6f000) Found [0x7fabd5f52000] bitflip [2523]=0xf7
---------------------
[120]Testing 7fabd5f34000
[121]Testing 7fabd5f51000
+++++[121]+++++++[124]++++++++
Victim Row ID=123
(0x7fabd5f51000,0x7fabd5f8d000) Found [0x7fabd5f6f000] bitflip [624]=0xfb
(0x7fabd5f51000,0x7fabd5f8d000) Found [0x7fabd5f6f000] bitflip [1011]=0xef
(0x7fabd5f51000,0x7fabd5f8d000) Found [0x7fabd5f6f000] bitflip [1327]=0xfe
(0x7fabd5f51000,0x7fabd5f8d000) Found [0x7fabd5f6f000] bitflip [1805]=0xdf
(0x7fabd5f51000,0x7fabd5f8d000) Found [0x7fabd5f6f000] bitflip [3152]=0x7f
---------------------
+++++[121]+++++++[125]++++++++
Victim Row ID=123
(0x7fabd5f51000,0x7fabd5f8e000) Found [0x7fabd5f6f000] bitflip [624]=0xfb
(0x7fabd5f51000,0x7fabd5f8e000) Found [0x7fabd5f6f000] bitflip [1011]=0xef
(0x7fabd5f51000,0x7fabd5f8e000) Found [0x7fabd5f6f000] bitflip [3152]=0x7f
---------------------
Victim Row ID=123
(0x7fabd5f51000,0x7fabd5f8e000) Found [0x7fabd5f70000] bitflip [1517]=0xef
(0x7fabd5f51000,0x7fabd5f8e000) Found [0x7fabd5f70000] bitflip [3851]=0xfd
(0x7fabd5f51000,0x7fabd5f8e000) Found [0x7fabd5f70000] bitflip [4013]=0xfd
---------------------
[122]Testing 7fabd5f52000
+++++[122]+++++++[124]++++++++
Victim Row ID=123
(0x7fabd5f52000,0x7fabd5f8d000) Found [0x7fabd5f6f000] bitflip [1327]=0xfe
(0x7fabd5f52000,0x7fabd5f8d000) Found [0x7fabd5f6f000] bitflip [1805]=0xdf
---------------------
Victim Row ID=123
(0x7fabd5f52000,0x7fabd5f8d000) Found [0x7fabd5f70000] bitflip [1251]=0xf7
(0x7fabd5f52000,0x7fabd5f8d000) Found [0x7fabd5f70000] bitflip [2402]=0xbf
(0x7fabd5f52000,0x7fabd5f8d000) Found [0x7fabd5f70000] bitflip [2962]=0xf7
(0x7fabd5f52000,0x7fabd5f8d000) Found [0x7fabd5f70000] bitflip [3333]=0xfb
---------------------
+++++[122]+++++++[125]++++++++
Victim Row ID=123
(0x7fabd5f52000,0x7fabd5f8e000) Found [0x7fabd5f70000] bitflip [444]=0xfb
(0x7fabd5f52000,0x7fabd5f8e000) Found [0x7fabd5f70000] bitflip [1251]=0xf7
(0x7fabd5f52000,0x7fabd5f8e000) Found [0x7fabd5f70000] bitflip [1517]=0xef
(0x7fabd5f52000,0x7fabd5f8e000) Found [0x7fabd5f70000] bitflip [2402]=0xbf
(0x7fabd5f52000,0x7fabd5f8e000) Found [0x7fabd5f70000] bitflip [2962]=0xf7
(0x7fabd5f52000,0x7fabd5f8e000) Found [0x7fabd5f70000] bitflip [3333]=0xfb
(0x7fabd5f52000,0x7fabd5f8e000) Found [0x7fabd5f70000] bitflip [3851]=0xfd
---------------------
[123]Testing 7fabd5f6f000
[124]Testing 7fabd5f8d000
[125]Testing 7fabd5f8e000
[126]Testing 7fabd5faa000
[127]Testing 7fabd5fc7000
[128]Testing 7fabd5fe5000
[129]Testing 7fabd5ff0000
[130]Testing 7fabd6015000
+++++[130]+++++++[132]++++++++
Victim Row ID=95
(0x7fabd6015000,0x7fabd603e000) Found [0x7fabd602a000] bitflip [293]=0xfd
(0x7fabd6015000,0x7fabd603e000) Found [0x7fabd602a000] bitflip [837]=0xfb
(0x7fabd6015000,0x7fabd603e000) Found [0x7fabd602a000] bitflip [1114]=0xfe
(0x7fabd6015000,0x7fabd603e000) Found [0x7fabd602a000] bitflip [1816]=0xf7
(0x7fabd6015000,0x7fabd603e000) Found [0x7fabd602a000] bitflip [2126]=0xfd
(0x7fabd6015000,0x7fabd603e000) Found [0x7fabd602a000] bitflip [2311]=0xef
(0x7fabd6015000,0x7fabd603e000) Found [0x7fabd602a000] bitflip [2419]=0xf7
(0x7fabd6015000,0x7fabd603e000) Found [0x7fabd602a000] bitflip [3374]=0xfd
(0x7fabd6015000,0x7fabd603e000) Found [0x7fabd602a000] bitflip [4032]=0xdf
(0x7fabd6015000,0x7fabd603e000) Found [0x7fabd602a000] bitflip [4080]=0xfe
---------------------
Victim Row ID=131
(0x7fabd6015000,0x7fabd603e000) Found [0x7fabd6029000] bitflip [1344]=0xfe
(0x7fabd6015000,0x7fabd603e000) Found [0x7fabd6029000] bitflip [1838]=0xdf
(0x7fabd6015000,0x7fabd603e000) Found [0x7fabd6029000] bitflip [2453]=0xfe
(0x7fabd6015000,0x7fabd603e000) Found [0x7fabd6029000] bitflip [2470]=0x7f
---------------------
[131]Testing 7fabd6029000
[132]Testing 7fabd603e000
[133]Testing 7fabd6067000
+++++[133]+++++++[138]++++++++
Victim Row ID=136
(0x7fabd6067000,0x7fabd60c8000) Found [0x7fabd60b3000] bitflip [554]=0xbf
(0x7fabd6067000,0x7fabd60c8000) Found [0x7fabd60b3000] bitflip [1273]=0xef
(0x7fabd6067000,0x7fabd60c8000) Found [0x7fabd60b3000] bitflip [1446]=0x7f
(0x7fabd6067000,0x7fabd60c8000) Found [0x7fabd60b3000] bitflip [2434]=0xfe
---------------------
Victim Row ID=137
(0x7fabd6067000,0x7fabd60c8000) Found [0x7fabd60b4000] bitflip [602]=0x7f
(0x7fabd6067000,0x7fabd60c8000) Found [0x7fabd60b4000] bitflip [1176]=0xfb
(0x7fabd6067000,0x7fabd60c8000) Found [0x7fabd60b4000] bitflip [3166]=0xef
---------------------
[134]Testing 7fabd609e000
[135]Testing 7fabd609f000
[136]Testing 7fabd60b3000
[137]Testing 7fabd60b4000
[138]Testing 7fabd60c8000
[139]Testing 7fabd60de000
[140]Testing 7fabd60df000
[141]Testing 7fabd6128000
[142]Testing 7fabd6129000
[143]Testing 7fabd613e000
[144]Testing 7fabd6154000
[145]Testing 7fabd6155000
[146]Testing 7fabd618b000
[147]Testing 7fabd618c000
[148]Testing 7fabd61a0000
[149]Testing 7fabd61a1000
