[0]Testing 7f3434066000
[1]Testing 7f3434069000
[2]Testing 7f3434078000
[3]Testing 7f34340a4000
[4]Testing 7f34340ba000
[5]Testing 7f34340bc000
[6]Testing 7f34340c0000
[7]Testing 7f34340d2000
[8]Testing 7f3434105000
[9]Testing 7f343411a000
[10]Testing 7f3434134000
[11]Testing 7f3434138000
[12]Testing 7f3434149000
[13]Testing 7f3434150000
[14]Testing 7f3434161000
[15]Testing 7f3434167000
[16]Testing 7f343416e000
[17]Testing 7f3434175000
[18]Testing 7f343418b000
[19]Testing 7f343418e000
[20]Testing 7f343419a000
[21]Testing 7f343419c000
[22]Testing 7f34341b1000
[23]Testing 7f34341c5000
[24]Testing 7f34341d5000
[25]Testing 7f34341d6000
[26]Testing 7f34341ee000
[27]Testing 7f3434229000
[28]Testing 7f343422a000
[29]Testing 7f3434251000
[30]Testing 7f3434255000
[31]Testing 7f3434267000
[32]Testing 7f3434285000
[33]Testing 7f3434286000
[34]Testing 7f34342a3000
[35]Testing 7f34342a4000
[36]Testing 7f34342c7000
[37]Testing 7f34342db000
[38]Testing 7f3434323000
[39]Testing 7f3434324000
[40]Testing 7f343435f000
[41]Testing 7f343436b000
[42]Testing 7f343439f000
[43]Testing 7f34343b5000
[44]Testing 7f34343b6000
[45]Testing 7f34343d5000
[46]Testing 7f3434410000
+++++[46]+++++++[56]++++++++
Victim Row ID=55
(0x7f3434410000,0x7f3434500000) Found [0x7f34344e2000] bitflip [2157]=0xbf
(0x7f3434410000,0x7f3434500000) Found [0x7f34344e2000] bitflip [2570]=0xfb
(0x7f3434410000,0x7f3434500000) Found [0x7f34344e2000] bitflip [3687]=0xfd
---------------------
Victim Row ID=55
(0x7f3434410000,0x7f3434500000) Found [0x7f34344e3000] bitflip [1734]=0xbf
(0x7f3434410000,0x7f3434500000) Found [0x7f34344e3000] bitflip [2628]=0xfb
---------------------
[47]Testing 7f3434411000
+++++[47]+++++++[56]++++++++
Victim Row ID=55
(0x7f3434411000,0x7f3434500000) Found [0x7f34344e2000] bitflip [2177]=0xef
(0x7f3434411000,0x7f3434500000) Found [0x7f34344e2000] bitflip [3687]=0xfd
---------------------
Victim Row ID=55
(0x7f3434411000,0x7f3434500000) Found [0x7f34344e3000] bitflip [14]=0xfd
(0x7f3434411000,0x7f3434500000) Found [0x7f34344e3000] bitflip [1734]=0xbf
(0x7f3434411000,0x7f3434500000) Found [0x7f34344e3000] bitflip [1976]=0xfb
(0x7f3434411000,0x7f3434500000) Found [0x7f34344e3000] bitflip [2628]=0xfb
---------------------
[48]Testing 7f343442e000
+++++[48]+++++++[50]++++++++
Victim Row ID=51
(0x7f343442e000,0x7f343446a000) Found [0x7f3434488000] bitflip [1585]=0xef
(0x7f343442e000,0x7f343446a000) Found [0x7f3434488000] bitflip [2200]=0xfb
(0x7f343442e000,0x7f343446a000) Found [0x7f3434488000] bitflip [2289]=0xf7
(0x7f343442e000,0x7f343446a000) Found [0x7f3434488000] bitflip [2303]=0xfd
(0x7f343442e000,0x7f343446a000) Found [0x7f3434488000] bitflip [3387]=0xef
(0x7f343442e000,0x7f343446a000) Found [0x7f3434488000] bitflip [3818]=0xf7
---------------------
Victim Row ID=51
(0x7f343442e000,0x7f343446a000) Found [0x7f3434489000] bitflip [632]=0x7f
(0x7f343442e000,0x7f343446a000) Found [0x7f3434489000] bitflip [727]=0xdf
(0x7f343442e000,0x7f343446a000) Found [0x7f3434489000] bitflip [3186]=0x7f
---------------------
[49]Testing 7f343444c000
+++++[49]+++++++[51]++++++++
Victim Row ID=48
(0x7f343444c000,0x7f3434488000) Found [0x7f343442e000] bitflip [470]=0xf7
(0x7f343444c000,0x7f3434488000) Found [0x7f343442e000] bitflip [762]=0x7f
(0x7f343444c000,0x7f3434488000) Found [0x7f343442e000] bitflip [2073]=0x7f
(0x7f343444c000,0x7f3434488000) Found [0x7f343442e000] bitflip [2346]=0xfb
(0x7f343444c000,0x7f3434488000) Found [0x7f343442e000] bitflip [2468]=0xef
(0x7f343444c000,0x7f3434488000) Found [0x7f343442e000] bitflip [2994]=0xbf
(0x7f343444c000,0x7f3434488000) Found [0x7f343442e000] bitflip [3114]=0xfe
(0x7f343444c000,0x7f3434488000) Found [0x7f343442e000] bitflip [3298]=0xfb
---------------------
Victim Row ID=48
(0x7f343444c000,0x7f3434488000) Found [0x7f343442f000] bitflip [122]=0xfe
(0x7f343444c000,0x7f3434488000) Found [0x7f343442f000] bitflip [856]=0x7f
(0x7f343444c000,0x7f3434488000) Found [0x7f343442f000] bitflip [3439]=0x7f
(0x7f343444c000,0x7f3434488000) Found [0x7f343442f000] bitflip [3615]=0xfb
(0x7f343444c000,0x7f3434488000) Found [0x7f343442f000] bitflip [4077]=0xef
---------------------
[50]Testing 7f343446a000
+++++[50]+++++++[52]++++++++
Victim Row ID=53
(0x7f343446a000,0x7f34344a6000) Found [0x7f34344c4000] bitflip [1053]=0xfb
(0x7f343446a000,0x7f34344a6000) Found [0x7f34344c4000] bitflip [2590]=0xfd
(0x7f343446a000,0x7f34344a6000) Found [0x7f34344c4000] bitflip [3766]=0x7f
---------------------
Victim Row ID=54
(0x7f343446a000,0x7f34344a6000) Found [0x7f34344c5000] bitflip [1362]=0xbf
(0x7f343446a000,0x7f34344a6000) Found [0x7f34344c5000] bitflip [2585]=0xfb
(0x7f343446a000,0x7f34344a6000) Found [0x7f34344c5000] bitflip [2597]=0x7f
(0x7f343446a000,0x7f34344a6000) Found [0x7f34344c5000] bitflip [3243]=0x7f
(0x7f343446a000,0x7f34344a6000) Found [0x7f34344c5000] bitflip [3546]=0xfe
(0x7f343446a000,0x7f34344a6000) Found [0x7f34344c5000] bitflip [3888]=0xf7
---------------------
[51]Testing 7f3434488000
+++++[51]+++++++[53]++++++++
Victim Row ID=50
(0x7f3434488000,0x7f34344c4000) Found [0x7f343446a000] bitflip [18]=0x7f
(0x7f3434488000,0x7f34344c4000) Found [0x7f343446a000] bitflip [242]=0xef
(0x7f3434488000,0x7f34344c4000) Found [0x7f343446a000] bitflip [1408]=0xef
(0x7f3434488000,0x7f34344c4000) Found [0x7f343446a000] bitflip [2757]=0xfe
(0x7f3434488000,0x7f34344c4000) Found [0x7f343446a000] bitflip [3608]=0xfb
---------------------
Victim Row ID=50
(0x7f3434488000,0x7f34344c4000) Found [0x7f343446b000] bitflip [1219]=0xbf
(0x7f3434488000,0x7f34344c4000) Found [0x7f343446b000] bitflip [3632]=0xfb
---------------------
+++++[51]+++++++[54]++++++++
Victim Row ID=50
(0x7f3434488000,0x7f34344c5000) Found [0x7f343446a000] bitflip [18]=0x7f
(0x7f3434488000,0x7f34344c5000) Found [0x7f343446a000] bitflip [242]=0xef
(0x7f3434488000,0x7f34344c5000) Found [0x7f343446a000] bitflip [1408]=0xef
(0x7f3434488000,0x7f34344c5000) Found [0x7f343446a000] bitflip [2757]=0xfe
---------------------
Victim Row ID=50
(0x7f3434488000,0x7f34344c5000) Found [0x7f343446b000] bitflip [458]=0xdf
(0x7f3434488000,0x7f34344c5000) Found [0x7f343446b000] bitflip [1219]=0xbf
(0x7f3434488000,0x7f34344c5000) Found [0x7f343446b000] bitflip [2410]=0xdf
(0x7f3434488000,0x7f34344c5000) Found [0x7f343446b000] bitflip [3632]=0xfb
---------------------
[52]Testing 7f34344a6000
+++++[52]+++++++[55]++++++++
Victim Row ID=56
(0x7f34344a6000,0x7f34344e2000) Found [0x7f3434500000] bitflip [864]=0xfe
(0x7f34344a6000,0x7f34344e2000) Found [0x7f3434500000] bitflip [1089]=0xfd
(0x7f34344a6000,0x7f34344e2000) Found [0x7f3434500000] bitflip [1344]=0xfb
---------------------
Victim Row ID=56
(0x7f34344a6000,0x7f34344e2000) Found [0x7f3434501000] bitflip [255]=0xef
(0x7f34344a6000,0x7f34344e2000) Found [0x7f3434501000] bitflip [780]=0xdf
(0x7f34344a6000,0x7f34344e2000) Found [0x7f3434501000] bitflip [1182]=0xbf
(0x7f34344a6000,0x7f34344e2000) Found [0x7f3434501000] bitflip [1329]=0xfd
(0x7f34344a6000,0x7f34344e2000) Found [0x7f3434501000] bitflip [1802]=0xef
(0x7f34344a6000,0x7f34344e2000) Found [0x7f3434501000] bitflip [1885]=0x7f
(0x7f34344a6000,0x7f34344e2000) Found [0x7f3434501000] bitflip [2310]=0xbf
(0x7f34344a6000,0x7f34344e2000) Found [0x7f3434501000] bitflip [3025]=0xfb
(0x7f34344a6000,0x7f34344e2000) Found [0x7f3434501000] bitflip [3302]=0xbf
(0x7f34344a6000,0x7f34344e2000) Found [0x7f3434501000] bitflip [3456]=0xfe
---------------------
[53]Testing 7f34344c4000
+++++[53]+++++++[56]++++++++
Victim Row ID=52
(0x7f34344c4000,0x7f3434500000) Found [0x7f34344a6000] bitflip [1105]=0xfd
(0x7f34344c4000,0x7f3434500000) Found [0x7f34344a6000] bitflip [1321]=0xf7
(0x7f34344c4000,0x7f3434500000) Found [0x7f34344a6000] bitflip [1816]=0x7f
(0x7f34344c4000,0x7f3434500000) Found [0x7f34344a6000] bitflip [2161]=0xbf
(0x7f34344c4000,0x7f3434500000) Found [0x7f34344a6000] bitflip [2530]=0x7f
---------------------
Victim Row ID=52
(0x7f34344c4000,0x7f3434500000) Found [0x7f34344a7000] bitflip [1176]=0xfb
(0x7f34344c4000,0x7f3434500000) Found [0x7f34344a7000] bitflip [3593]=0xfd
---------------------
[54]Testing 7f34344c5000
+++++[54]+++++++[56]++++++++
Victim Row ID=52
(0x7f34344c5000,0x7f3434500000) Found [0x7f34344a6000] bitflip [1816]=0x7f
---------------------
Victim Row ID=52
(0x7f34344c5000,0x7f3434500000) Found [0x7f34344a7000] bitflip [1176]=0xfb
(0x7f34344c5000,0x7f3434500000) Found [0x7f34344a7000] bitflip [1222]=0xfb
(0x7f34344c5000,0x7f3434500000) Found [0x7f34344a7000] bitflip [1314]=0xfe
(0x7f34344c5000,0x7f3434500000) Found [0x7f34344a7000] bitflip [2151]=0x7f
(0x7f34344c5000,0x7f3434500000) Found [0x7f34344a7000] bitflip [3593]=0xfd
(0x7f34344c5000,0x7f3434500000) Found [0x7f34344a7000] bitflip [3975]=0xfe
---------------------
[55]Testing 7f34344e2000
[56]Testing 7f3434500000
[57]Testing 7f343453e000
+++++[57]+++++++[61]++++++++
Victim Row ID=59
(0x7f343453e000,0x7f343457a000) Found [0x7f343455c000] bitflip [800]=0x7f
(0x7f343453e000,0x7f343457a000) Found [0x7f343455c000] bitflip [1599]=0xfe
(0x7f343453e000,0x7f343457a000) Found [0x7f343455c000] bitflip [3080]=0x7f
(0x7f343453e000,0x7f343457a000) Found [0x7f343455c000] bitflip [3163]=0x7f
(0x7f343453e000,0x7f343457a000) Found [0x7f343455c000] bitflip [3589]=0x7f
---------------------
+++++[57]+++++++[62]++++++++
Victim Row ID=59
(0x7f343453e000,0x7f343457b000) Found [0x7f343455c000] bitflip [800]=0x7f
(0x7f343453e000,0x7f343457b000) Found [0x7f343455c000] bitflip [3589]=0x7f
---------------------
[58]Testing 7f343453f000
+++++[58]+++++++[61]++++++++
Victim Row ID=59
(0x7f343453f000,0x7f343457a000) Found [0x7f343455c000] bitflip [1599]=0xfe
(0x7f343453f000,0x7f343457a000) Found [0x7f343455c000] bitflip [3080]=0x7f
(0x7f343453f000,0x7f343457a000) Found [0x7f343455c000] bitflip [3163]=0x7f
---------------------
Victim Row ID=60
(0x7f343453f000,0x7f343457a000) Found [0x7f343455d000] bitflip [3238]=0xef
(0x7f343453f000,0x7f343457a000) Found [0x7f343455d000] bitflip [3715]=0xbf
---------------------
[59]Testing 7f343455c000
[60]Testing 7f343455d000
+++++[60]+++++++[63]++++++++
Victim Row ID=62
(0x7f343455d000,0x7f3434598000) Found [0x7f343457b000] bitflip [2042]=0xbf
(0x7f343455d000,0x7f3434598000) Found [0x7f343457b000] bitflip [3338]=0xf7
---------------------
+++++[60]+++++++[64]++++++++
Victim Row ID=62
(0x7f343455d000,0x7f3434599000) Found [0x7f343457b000] bitflip [816]=0xf7
(0x7f343455d000,0x7f3434599000) Found [0x7f343457b000] bitflip [2042]=0xbf
(0x7f343455d000,0x7f3434599000) Found [0x7f343457b000] bitflip [2195]=0xef
---------------------
[61]Testing 7f343457a000
[62]Testing 7f343457b000
+++++[62]+++++++[65]++++++++
Victim Row ID=64
(0x7f343457b000,0x7f34345b6000) Found [0x7f3434599000] bitflip [960]=0xdf
(0x7f343457b000,0x7f34345b6000) Found [0x7f3434599000] bitflip [1875]=0x7f
(0x7f343457b000,0x7f34345b6000) Found [0x7f3434599000] bitflip [2179]=0x7f
(0x7f343457b000,0x7f34345b6000) Found [0x7f3434599000] bitflip [3409]=0xef
---------------------
[63]Testing 7f3434598000
+++++[63]+++++++[66]++++++++
Victim Row ID=65
(0x7f3434598000,0x7f34345d4000) Found [0x7f34345b6000] bitflip [384]=0xf7
(0x7f3434598000,0x7f34345d4000) Found [0x7f34345b6000] bitflip [856]=0x7f
(0x7f3434598000,0x7f34345d4000) Found [0x7f34345b6000] bitflip [1074]=0xbf
(0x7f3434598000,0x7f34345d4000) Found [0x7f34345b6000] bitflip [2167]=0xbf
---------------------
[64]Testing 7f3434599000
+++++[64]+++++++[66]++++++++
Victim Row ID=65
(0x7f3434599000,0x7f34345d4000) Found [0x7f34345b6000] bitflip [384]=0xf7
(0x7f3434599000,0x7f34345d4000) Found [0x7f34345b6000] bitflip [1074]=0xbf
(0x7f3434599000,0x7f34345d4000) Found [0x7f34345b6000] bitflip [1109]=0xef
(0x7f3434599000,0x7f34345d4000) Found [0x7f34345b6000] bitflip [2135]=0x7f
(0x7f3434599000,0x7f34345d4000) Found [0x7f34345b6000] bitflip [2167]=0xbf
(0x7f3434599000,0x7f34345d4000) Found [0x7f34345b6000] bitflip [2775]=0xfb
---------------------
Victim Row ID=65
(0x7f3434599000,0x7f34345d4000) Found [0x7f34345b7000] bitflip [666]=0x7f
(0x7f3434599000,0x7f34345d4000) Found [0x7f34345b7000] bitflip [959]=0xfb
(0x7f3434599000,0x7f34345d4000) Found [0x7f34345b7000] bitflip [2458]=0xfb
(0x7f3434599000,0x7f34345d4000) Found [0x7f34345b7000] bitflip [2651]=0xf7
(0x7f3434599000,0x7f34345d4000) Found [0x7f34345b7000] bitflip [2904]=0xef
---------------------
[65]Testing 7f34345b6000
+++++[65]+++++++[68]++++++++
Victim Row ID=66
(0x7f34345b6000,0x7f34345f2000) Found [0x7f34345d4000] bitflip [195]=0xfe
(0x7f34345b6000,0x7f34345f2000) Found [0x7f34345d4000] bitflip [434]=0xef
(0x7f34345b6000,0x7f34345f2000) Found [0x7f34345d4000] bitflip [2006]=0x7f
(0x7f34345b6000,0x7f34345f2000) Found [0x7f34345d4000] bitflip [3162]=0xef
(0x7f34345b6000,0x7f34345f2000) Found [0x7f34345d4000] bitflip [3882]=0xfe
(0x7f34345b6000,0x7f34345f2000) Found [0x7f34345d4000] bitflip [4049]=0xfb
---------------------
Victim Row ID=67
(0x7f34345b6000,0x7f34345f2000) Found [0x7f34345d5000] bitflip [2099]=0xfb
---------------------
[66]Testing 7f34345d4000
[67]Testing 7f34345d5000
[68]Testing 7f34345f2000
[69]Testing 7f343461a000
[70]Testing 7f3434638000
[71]Testing 7f3434656000
+++++[71]+++++++[73]++++++++
Victim Row ID=74
(0x7f3434656000,0x7f3434692000) Found [0x7f34346b0000] bitflip [1278]=0x7f
(0x7f3434656000,0x7f3434692000) Found [0x7f34346b0000] bitflip [1946]=0xdf
(0x7f3434656000,0x7f3434692000) Found [0x7f34346b0000] bitflip [3013]=0xfe
---------------------
Victim Row ID=74
(0x7f3434656000,0x7f3434692000) Found [0x7f34346b1000] bitflip [392]=0xfe
---------------------
[72]Testing 7f3434674000
+++++[72]+++++++[74]++++++++
Victim Row ID=71
(0x7f3434674000,0x7f34346b0000) Found [0x7f3434656000] bitflip [762]=0xdf
(0x7f3434674000,0x7f34346b0000) Found [0x7f3434656000] bitflip [2932]=0xdf
(0x7f3434674000,0x7f34346b0000) Found [0x7f3434656000] bitflip [3083]=0xdf
(0x7f3434674000,0x7f34346b0000) Found [0x7f3434656000] bitflip [3098]=0xfe
(0x7f3434674000,0x7f34346b0000) Found [0x7f3434656000] bitflip [4080]=0xfb
---------------------
Victim Row ID=71
(0x7f3434674000,0x7f34346b0000) Found [0x7f3434657000] bitflip [1675]=0xf7
(0x7f3434674000,0x7f34346b0000) Found [0x7f3434657000] bitflip [2298]=0x7f
(0x7f3434674000,0x7f34346b0000) Found [0x7f3434657000] bitflip [3927]=0xbf
(0x7f3434674000,0x7f34346b0000) Found [0x7f3434657000] bitflip [4000]=0xef
---------------------
[73]Testing 7f3434692000
[74]Testing 7f34346b0000
[75]Testing 7f34346ce000
[76]Testing 7f34346ec000
[77]Testing 7f343472a000
[78]Testing 7f343472b000
[79]Testing 7f3434748000
[80]Testing 7f3434749000
[81]Testing 7f3434766000
[82]Testing 7f3434767000
[83]Testing 7f3434784000
+++++[83]+++++++[87]++++++++
Victim Row ID=85
(0x7f3434784000,0x7f34347c0000) Found [0x7f34347a2000] bitflip [177]=0xdf
(0x7f3434784000,0x7f34347c0000) Found [0x7f34347a2000] bitflip [681]=0xf7
(0x7f3434784000,0x7f34347c0000) Found [0x7f34347a2000] bitflip [2277]=0xfb
(0x7f3434784000,0x7f34347c0000) Found [0x7f34347a2000] bitflip [3256]=0xbf
---------------------
Victim Row ID=86
(0x7f3434784000,0x7f34347c0000) Found [0x7f34347a3000] bitflip [2103]=0xbf
---------------------
[84]Testing 7f3434785000
[85]Testing 7f34347a2000
+++++[85]+++++++[88]++++++++
Victim Row ID=87
(0x7f34347a2000,0x7f34347de000) Found [0x7f34347c0000] bitflip [1736]=0xfe
(0x7f34347a2000,0x7f34347de000) Found [0x7f34347c0000] bitflip [1763]=0xdf
(0x7f34347a2000,0x7f34347de000) Found [0x7f34347c0000] bitflip [2726]=0xf7
(0x7f34347a2000,0x7f34347de000) Found [0x7f34347c0000] bitflip [3378]=0xef
(0x7f34347a2000,0x7f34347de000) Found [0x7f34347c0000] bitflip [3913]=0xdf
---------------------
[86]Testing 7f34347a3000
[87]Testing 7f34347c0000
[88]Testing 7f34347de000
[89]Testing 7f34347df000
[90]Testing 7f34347fc000
[91]Testing 7f3434816000
+++++[91]+++++++[93]++++++++
Victim Row ID=94
(0x7f3434816000,0x7f3434852000) Found [0x7f3434870000] bitflip [2960]=0xf7
---------------------
Victim Row ID=94
(0x7f3434816000,0x7f3434852000) Found [0x7f3434871000] bitflip [249]=0xbf
(0x7f3434816000,0x7f3434852000) Found [0x7f3434871000] bitflip [363]=0xfe
(0x7f3434816000,0x7f3434852000) Found [0x7f3434871000] bitflip [2120]=0xdf
(0x7f3434816000,0x7f3434852000) Found [0x7f3434871000] bitflip [3963]=0xf7
---------------------
[92]Testing 7f3434834000
[93]Testing 7f3434852000
[94]Testing 7f3434870000
[95]Testing 7f34348ae000
+++++[95]+++++++[98]++++++++
Victim Row ID=96
(0x7f34348ae000,0x7f34348ea000) Found [0x7f34348cc000] bitflip [1365]=0xef
(0x7f34348ae000,0x7f34348ea000) Found [0x7f34348cc000] bitflip [2308]=0xef
---------------------
Victim Row ID=97
(0x7f34348ae000,0x7f34348ea000) Found [0x7f34348cd000] bitflip [3552]=0x7f
(0x7f34348ae000,0x7f34348ea000) Found [0x7f34348cd000] bitflip [3984]=0xbf
---------------------
[96]Testing 7f34348cc000
+++++[96]+++++++[99]++++++++
Victim Row ID=6
(0x7f34348cc000,0x7f3434908000) Found [0x7f34348eb000] bitflip [1156]=0xef
---------------------
Victim Row ID=98
(0x7f34348cc000,0x7f3434908000) Found [0x7f34348ea000] bitflip [2000]=0xef
(0x7f34348cc000,0x7f3434908000) Found [0x7f34348ea000] bitflip [2755]=0xfe
---------------------
+++++[96]+++++++[100]++++++++
Victim Row ID=6
(0x7f34348cc000,0x7f3434909000) Found [0x7f34348eb000] bitflip [1120]=0xbf
(0x7f34348cc000,0x7f3434909000) Found [0x7f34348eb000] bitflip [1156]=0xef
(0x7f34348cc000,0x7f3434909000) Found [0x7f34348eb000] bitflip [1346]=0xfb
(0x7f34348cc000,0x7f3434909000) Found [0x7f34348eb000] bitflip [3043]=0x7f
---------------------
[97]Testing 7f34348cd000
+++++[97]+++++++[100]++++++++
Victim Row ID=6
(0x7f34348cd000,0x7f3434909000) Found [0x7f34348eb000] bitflip [431]=0xbf
(0x7f34348cd000,0x7f3434909000) Found [0x7f34348eb000] bitflip [1156]=0xef
(0x7f34348cd000,0x7f3434909000) Found [0x7f34348eb000] bitflip [3598]=0xdf
(0x7f34348cd000,0x7f3434909000) Found [0x7f34348eb000] bitflip [3659]=0xfd
---------------------
[98]Testing 7f34348ea000
[99]Testing 7f3434908000
+++++[99]+++++++[102]++++++++
Victim Row ID=101
(0x7f3434908000,0x7f3434944000) Found [0x7f3434926000] bitflip [82]=0xef
(0x7f3434908000,0x7f3434944000) Found [0x7f3434926000] bitflip [317]=0xfd
(0x7f3434908000,0x7f3434944000) Found [0x7f3434926000] bitflip [1330]=0xdf
(0x7f3434908000,0x7f3434944000) Found [0x7f3434926000] bitflip [1626]=0xfe
(0x7f3434908000,0x7f3434944000) Found [0x7f3434926000] bitflip [1655]=0xfe
(0x7f3434908000,0x7f3434944000) Found [0x7f3434926000] bitflip [2032]=0xfe
(0x7f3434908000,0x7f3434944000) Found [0x7f3434926000] bitflip [3216]=0xfb
(0x7f3434908000,0x7f3434944000) Found [0x7f3434926000] bitflip [3685]=0x7f
(0x7f3434908000,0x7f3434944000) Found [0x7f3434926000] bitflip [4037]=0xfd
---------------------
+++++[99]+++++++[103]++++++++
Victim Row ID=101
(0x7f3434908000,0x7f3434945000) Found [0x7f3434926000] bitflip [1626]=0xfe
---------------------
Victim Row ID=101
(0x7f3434908000,0x7f3434945000) Found [0x7f3434927000] bitflip [2359]=0xfd
(0x7f3434908000,0x7f3434945000) Found [0x7f3434927000] bitflip [4071]=0xfd
---------------------
[100]Testing 7f3434909000
+++++[100]+++++++[102]++++++++
Victim Row ID=101
(0x7f3434909000,0x7f3434944000) Found [0x7f3434926000] bitflip [82]=0xef
(0x7f3434909000,0x7f3434944000) Found [0x7f3434926000] bitflip [1330]=0xdf
(0x7f3434909000,0x7f3434944000) Found [0x7f3434926000] bitflip [1655]=0xfe
(0x7f3434909000,0x7f3434944000) Found [0x7f3434926000] bitflip [3216]=0xfb
---------------------
Victim Row ID=101
(0x7f3434909000,0x7f3434944000) Found [0x7f3434927000] bitflip [1950]=0xfd
(0x7f3434909000,0x7f3434944000) Found [0x7f3434927000] bitflip [2680]=0xef
(0x7f3434909000,0x7f3434944000) Found [0x7f3434927000] bitflip [3464]=0xbf
---------------------
+++++[100]+++++++[103]++++++++
Victim Row ID=101
(0x7f3434909000,0x7f3434945000) Found [0x7f3434927000] bitflip [1950]=0xfd
(0x7f3434909000,0x7f3434945000) Found [0x7f3434927000] bitflip [2359]=0xfd
(0x7f3434909000,0x7f3434945000) Found [0x7f3434927000] bitflip [2680]=0xef
(0x7f3434909000,0x7f3434945000) Found [0x7f3434927000] bitflip [3464]=0xbf
(0x7f3434909000,0x7f3434945000) Found [0x7f3434927000] bitflip [4071]=0xfd
---------------------
[101]Testing 7f3434926000
+++++[101]+++++++[107]++++++++
Victim Row ID=102
(0x7f3434926000,0x7f34349a2000) Found [0x7f3434944000] bitflip [568]=0xef
(0x7f3434926000,0x7f34349a2000) Found [0x7f3434944000] bitflip [1200]=0x7f
(0x7f3434926000,0x7f34349a2000) Found [0x7f3434944000] bitflip [2578]=0xbf
(0x7f3434926000,0x7f34349a2000) Found [0x7f3434944000] bitflip [3335]=0xf7
(0x7f3434926000,0x7f34349a2000) Found [0x7f3434944000] bitflip [3948]=0xdf
---------------------
Victim Row ID=103
(0x7f3434926000,0x7f34349a2000) Found [0x7f3434945000] bitflip [184]=0xf7
(0x7f3434926000,0x7f34349a2000) Found [0x7f3434945000] bitflip [354]=0xfb
(0x7f3434926000,0x7f34349a2000) Found [0x7f3434945000] bitflip [1304]=0xf7
(0x7f3434926000,0x7f34349a2000) Found [0x7f3434945000] bitflip [1990]=0xfb
---------------------
[102]Testing 7f3434944000
+++++[102]+++++++[106]++++++++
Victim Row ID=107
(0x7f3434944000,0x7f3434977000) Found [0x7f34349a2000] bitflip [651]=0xef
(0x7f3434944000,0x7f3434977000) Found [0x7f34349a2000] bitflip [1373]=0xef
---------------------
Victim Row ID=107
(0x7f3434944000,0x7f3434977000) Found [0x7f34349a3000] bitflip [1232]=0xfb
(0x7f3434944000,0x7f3434977000) Found [0x7f34349a3000] bitflip [3090]=0xdf
---------------------
[103]Testing 7f3434945000
[104]Testing 7f3434950000
[105]Testing 7f3434976000
+++++[105]+++++++[115]++++++++
Victim Row ID=114
(0x7f3434976000,0x7f3434a72000) Found [0x7f3434a54000] bitflip [744]=0xf7
(0x7f3434976000,0x7f3434a72000) Found [0x7f3434a54000] bitflip [2521]=0xdf
---------------------
Victim Row ID=114
(0x7f3434976000,0x7f3434a72000) Found [0x7f3434a55000] bitflip [1027]=0xf7
(0x7f3434976000,0x7f3434a72000) Found [0x7f3434a55000] bitflip [3992]=0xdf
---------------------
[106]Testing 7f3434977000
+++++[106]+++++++[115]++++++++
Victim Row ID=114
(0x7f3434977000,0x7f3434a72000) Found [0x7f3434a55000] bitflip [703]=0xef
(0x7f3434977000,0x7f3434a72000) Found [0x7f3434a55000] bitflip [1027]=0xf7
(0x7f3434977000,0x7f3434a72000) Found [0x7f3434a55000] bitflip [1816]=0xfd
(0x7f3434977000,0x7f3434a72000) Found [0x7f3434a55000] bitflip [3528]=0xf7
(0x7f3434977000,0x7f3434a72000) Found [0x7f3434a55000] bitflip [3698]=0xef
(0x7f3434977000,0x7f3434a72000) Found [0x7f3434a55000] bitflip [3834]=0xf7
(0x7f3434977000,0x7f3434a72000) Found [0x7f3434a55000] bitflip [3992]=0xdf
---------------------
[107]Testing 7f34349a2000
+++++[107]+++++++[114]++++++++
Victim Row ID=105
(0x7f34349a2000,0x7f3434a54000) Found [0x7f3434976000] bitflip [830]=0xf7
(0x7f34349a2000,0x7f3434a54000) Found [0x7f3434976000] bitflip [1773]=0xf7
(0x7f34349a2000,0x7f3434a54000) Found [0x7f3434976000] bitflip [1842]=0xbf
(0x7f34349a2000,0x7f3434a54000) Found [0x7f3434976000] bitflip [2040]=0xfd
(0x7f34349a2000,0x7f3434a54000) Found [0x7f3434976000] bitflip [2070]=0xfb
(0x7f34349a2000,0x7f3434a54000) Found [0x7f3434976000] bitflip [2990]=0x7f
(0x7f34349a2000,0x7f3434a54000) Found [0x7f3434976000] bitflip [3601]=0xfe
---------------------
Victim Row ID=106
(0x7f34349a2000,0x7f3434a54000) Found [0x7f3434977000] bitflip [445]=0xdf
(0x7f34349a2000,0x7f3434a54000) Found [0x7f3434977000] bitflip [1024]=0xbf
(0x7f34349a2000,0x7f3434a54000) Found [0x7f3434977000] bitflip [1978]=0xdf
(0x7f34349a2000,0x7f3434a54000) Found [0x7f3434977000] bitflip [2138]=0xfe
(0x7f34349a2000,0x7f3434a54000) Found [0x7f3434977000] bitflip [2557]=0xfb
---------------------
[108]Testing 7f34349be000
[109]Testing 7f34349dc000
+++++[109]+++++++[111]++++++++
Victim Row ID=112
(0x7f34349dc000,0x7f3434a18000) Found [0x7f3434a36000] bitflip [591]=0xfe
(0x7f34349dc000,0x7f3434a18000) Found [0x7f3434a36000] bitflip [696]=0xfd
(0x7f34349dc000,0x7f3434a18000) Found [0x7f3434a36000] bitflip [1808]=0xfe
(0x7f34349dc000,0x7f3434a18000) Found [0x7f3434a36000] bitflip [2877]=0x7f
(0x7f34349dc000,0x7f3434a18000) Found [0x7f3434a36000] bitflip [3183]=0xdf
(0x7f34349dc000,0x7f3434a18000) Found [0x7f3434a36000] bitflip [3797]=0xdf
(0x7f34349dc000,0x7f3434a18000) Found [0x7f3434a36000] bitflip [3834]=0xf7
---------------------
Victim Row ID=113
(0x7f34349dc000,0x7f3434a18000) Found [0x7f3434a37000] bitflip [506]=0xfe
(0x7f34349dc000,0x7f3434a18000) Found [0x7f3434a37000] bitflip [609]=0xf7
(0x7f34349dc000,0x7f3434a18000) Found [0x7f3434a37000] bitflip [2680]=0x7f
---------------------
[110]Testing 7f34349fa000
[111]Testing 7f3434a18000
+++++[111]+++++++[114]++++++++
Victim Row ID=115
(0x7f3434a18000,0x7f3434a54000) Found [0x7f3434a72000] bitflip [180]=0xbf
(0x7f3434a18000,0x7f3434a54000) Found [0x7f3434a72000] bitflip [592]=0xbf
(0x7f3434a18000,0x7f3434a54000) Found [0x7f3434a72000] bitflip [818]=0xfd
(0x7f3434a18000,0x7f3434a54000) Found [0x7f3434a72000] bitflip [1226]=0xdf
(0x7f3434a18000,0x7f3434a54000) Found [0x7f3434a72000] bitflip [2570]=0xef
(0x7f3434a18000,0x7f3434a54000) Found [0x7f3434a72000] bitflip [2953]=0xfd
(0x7f3434a18000,0x7f3434a54000) Found [0x7f3434a72000] bitflip [3354]=0xfe
(0x7f3434a18000,0x7f3434a54000) Found [0x7f3434a72000] bitflip [3409]=0xf7
(0x7f3434a18000,0x7f3434a54000) Found [0x7f3434a72000] bitflip [3598]=0xfb
(0x7f3434a18000,0x7f3434a54000) Found [0x7f3434a72000] bitflip [3991]=0xef
---------------------
Victim Row ID=115
(0x7f3434a18000,0x7f3434a54000) Found [0x7f3434a73000] bitflip [80]=0x7f
(0x7f3434a18000,0x7f3434a54000) Found [0x7f3434a73000] bitflip [2400]=0xfe
(0x7f3434a18000,0x7f3434a54000) Found [0x7f3434a73000] bitflip [3303]=0xfe
---------------------
[112]Testing 7f3434a36000
[113]Testing 7f3434a37000
[114]Testing 7f3434a54000
[115]Testing 7f3434a72000
[116]Testing 7f3434ab0000
+++++[116]+++++++[119]++++++++
Victim Row ID=117
(0x7f3434ab0000,0x7f3434aec000) Found [0x7f3434ace000] bitflip [555]=0xdf
(0x7f3434ab0000,0x7f3434aec000) Found [0x7f3434ace000] bitflip [1067]=0xef
(0x7f3434ab0000,0x7f3434aec000) Found [0x7f3434ace000] bitflip [1655]=0xef
(0x7f3434ab0000,0x7f3434aec000) Found [0x7f3434ace000] bitflip [2129]=0xbf
(0x7f3434ab0000,0x7f3434aec000) Found [0x7f3434ace000] bitflip [2250]=0xfb
(0x7f3434ab0000,0x7f3434aec000) Found [0x7f3434ace000] bitflip [2454]=0xfb
(0x7f3434ab0000,0x7f3434aec000) Found [0x7f3434ace000] bitflip [3043]=0x7f
(0x7f3434ab0000,0x7f3434aec000) Found [0x7f3434ace000] bitflip [3809]=0x7f
---------------------
Victim Row ID=118
(0x7f3434ab0000,0x7f3434aec000) Found [0x7f3434acf000] bitflip [1674]=0xef
(0x7f3434ab0000,0x7f3434aec000) Found [0x7f3434acf000] bitflip [2357]=0xbf
(0x7f3434ab0000,0x7f3434aec000) Found [0x7f3434acf000] bitflip [2456]=0xef
(0x7f3434ab0000,0x7f3434aec000) Found [0x7f3434acf000] bitflip [3394]=0xbf
(0x7f3434ab0000,0x7f3434aec000) Found [0x7f3434acf000] bitflip [3821]=0xfe
---------------------
[117]Testing 7f3434ace000
+++++[117]+++++++[120]++++++++
Victim Row ID=119
(0x7f3434ace000,0x7f3434b0a000) Found [0x7f3434aec000] bitflip [454]=0xfb
(0x7f3434ace000,0x7f3434b0a000) Found [0x7f3434aec000] bitflip [1354]=0xf7
(0x7f3434ace000,0x7f3434b0a000) Found [0x7f3434aec000] bitflip [1512]=0xbf
(0x7f3434ace000,0x7f3434b0a000) Found [0x7f3434aec000] bitflip [2128]=0xfd
(0x7f3434ace000,0x7f3434b0a000) Found [0x7f3434aec000] bitflip [3082]=0xdf
---------------------
Victim Row ID=119
(0x7f3434ace000,0x7f3434b0a000) Found [0x7f3434aed000] bitflip [2402]=0xfe
---------------------
[118]Testing 7f3434acf000
[119]Testing 7f3434aec000
[120]Testing 7f3434b0a000
+++++[120]+++++++[122]++++++++
Victim Row ID=121
(0x7f3434b0a000,0x7f3434b46000) Found [0x7f3434b28000] bitflip [838]=0xdf
(0x7f3434b0a000,0x7f3434b46000) Found [0x7f3434b28000] bitflip [1354]=0xfd
(0x7f3434b0a000,0x7f3434b46000) Found [0x7f3434b28000] bitflip [1359]=0xbf
(0x7f3434b0a000,0x7f3434b46000) Found [0x7f3434b28000] bitflip [2434]=0xfe
(0x7f3434b0a000,0x7f3434b46000) Found [0x7f3434b28000] bitflip [3146]=0xef
(0x7f3434b0a000,0x7f3434b46000) Found [0x7f3434b28000] bitflip [4025]=0xfe
---------------------
Victim Row ID=121
(0x7f3434b0a000,0x7f3434b46000) Found [0x7f3434b29000] bitflip [2005]=0x7f
(0x7f3434b0a000,0x7f3434b46000) Found [0x7f3434b29000] bitflip [2362]=0xfb
(0x7f3434b0a000,0x7f3434b46000) Found [0x7f3434b29000] bitflip [3574]=0x7f
---------------------
[121]Testing 7f3434b28000
+++++[121]+++++++[123]++++++++
Victim Row ID=122
(0x7f3434b28000,0x7f3434b64000) Found [0x7f3434b46000] bitflip [700]=0xef
(0x7f3434b28000,0x7f3434b64000) Found [0x7f3434b46000] bitflip [1295]=0xdf
(0x7f3434b28000,0x7f3434b64000) Found [0x7f3434b46000] bitflip [2745]=0xbf
---------------------
Victim Row ID=122
(0x7f3434b28000,0x7f3434b64000) Found [0x7f3434b47000] bitflip [1243]=0xfe
(0x7f3434b28000,0x7f3434b64000) Found [0x7f3434b47000] bitflip [1297]=0xdf
(0x7f3434b28000,0x7f3434b64000) Found [0x7f3434b47000] bitflip [1471]=0xf7
(0x7f3434b28000,0x7f3434b64000) Found [0x7f3434b47000] bitflip [2491]=0xef
(0x7f3434b28000,0x7f3434b64000) Found [0x7f3434b47000] bitflip [3531]=0xef
---------------------
[122]Testing 7f3434b46000
[123]Testing 7f3434b64000
[124]Testing 7f3434b81000
+++++[124]+++++++[129]++++++++
Victim Row ID=130
(0x7f3434b81000,0x7f3434bbe000) Found [0x7f3434bdb000] bitflip [744]=0xfd
(0x7f3434b81000,0x7f3434bbe000) Found [0x7f3434bdb000] bitflip [3213]=0xfe
---------------------
Victim Row ID=131
(0x7f3434b81000,0x7f3434bbe000) Found [0x7f3434bdc000] bitflip [2183]=0xfd
(0x7f3434b81000,0x7f3434bbe000) Found [0x7f3434bdc000] bitflip [3142]=0xfd
---------------------
[125]Testing 7f3434b82000
+++++[125]+++++++[129]++++++++
Victim Row ID=131
(0x7f3434b82000,0x7f3434bbe000) Found [0x7f3434bdc000] bitflip [106]=0xbf
(0x7f3434b82000,0x7f3434bbe000) Found [0x7f3434bdc000] bitflip [974]=0x7f
(0x7f3434b82000,0x7f3434bbe000) Found [0x7f3434bdc000] bitflip [2007]=0xfb
(0x7f3434b82000,0x7f3434bbe000) Found [0x7f3434bdc000] bitflip [3115]=0xef
(0x7f3434b82000,0x7f3434bbe000) Found [0x7f3434bdc000] bitflip [3142]=0xfd
---------------------
[126]Testing 7f3434b9f000
[127]Testing 7f3434ba0000
[128]Testing 7f3434bbd000
[129]Testing 7f3434bbe000
[130]Testing 7f3434bdb000
[131]Testing 7f3434bdc000
[132]Testing 7f3434c15000
+++++[132]+++++++[134]++++++++
Victim Row ID=82
(0x7f3434c15000,0x7f3434c3e000) Found [0x7f3434c29000] bitflip [1344]=0xfe
(0x7f3434c15000,0x7f3434c3e000) Found [0x7f3434c29000] bitflip [1838]=0xdf
(0x7f3434c15000,0x7f3434c3e000) Found [0x7f3434c29000] bitflip [2453]=0xfe
(0x7f3434c15000,0x7f3434c3e000) Found [0x7f3434c29000] bitflip [2470]=0x7f
---------------------
Victim Row ID=133
(0x7f3434c15000,0x7f3434c3e000) Found [0x7f3434c2a000] bitflip [293]=0xfd
(0x7f3434c15000,0x7f3434c3e000) Found [0x7f3434c2a000] bitflip [837]=0xfb
(0x7f3434c15000,0x7f3434c3e000) Found [0x7f3434c2a000] bitflip [1114]=0xfe
(0x7f3434c15000,0x7f3434c3e000) Found [0x7f3434c2a000] bitflip [1816]=0xf7
(0x7f3434c15000,0x7f3434c3e000) Found [0x7f3434c2a000] bitflip [2126]=0xfd
(0x7f3434c15000,0x7f3434c3e000) Found [0x7f3434c2a000] bitflip [2311]=0xef
(0x7f3434c15000,0x7f3434c3e000) Found [0x7f3434c2a000] bitflip [2419]=0xf7
(0x7f3434c15000,0x7f3434c3e000) Found [0x7f3434c2a000] bitflip [2728]=0xf7
(0x7f3434c15000,0x7f3434c3e000) Found [0x7f3434c2a000] bitflip [3374]=0xfd
(0x7f3434c15000,0x7f3434c3e000) Found [0x7f3434c2a000] bitflip [3720]=0xfe
(0x7f3434c15000,0x7f3434c3e000) Found [0x7f3434c2a000] bitflip [4032]=0xdf
(0x7f3434c15000,0x7f3434c3e000) Found [0x7f3434c2a000] bitflip [4080]=0xfe
---------------------
[133]Testing 7f3434c2a000
[134]Testing 7f3434c3e000
[135]Testing 7f3434c67000
+++++[135]+++++++[139]++++++++
Victim Row ID=137
(0x7f3434c67000,0x7f3434cc8000) Found [0x7f3434cb3000] bitflip [554]=0xbf
(0x7f3434c67000,0x7f3434cc8000) Found [0x7f3434cb3000] bitflip [1273]=0xef
(0x7f3434c67000,0x7f3434cc8000) Found [0x7f3434cb3000] bitflip [1446]=0x7f
(0x7f3434c67000,0x7f3434cc8000) Found [0x7f3434cb3000] bitflip [2434]=0xfe
---------------------
Victim Row ID=138
(0x7f3434c67000,0x7f3434cc8000) Found [0x7f3434cb4000] bitflip [602]=0x7f
(0x7f3434c67000,0x7f3434cc8000) Found [0x7f3434cb4000] bitflip [880]=0xef
(0x7f3434c67000,0x7f3434cc8000) Found [0x7f3434cb4000] bitflip [1176]=0xfb
(0x7f3434c67000,0x7f3434cc8000) Found [0x7f3434cb4000] bitflip [1975]=0xbf
(0x7f3434c67000,0x7f3434cc8000) Found [0x7f3434cb4000] bitflip [2563]=0xbf
(0x7f3434c67000,0x7f3434cc8000) Found [0x7f3434cb4000] bitflip [3166]=0xef
---------------------
[136]Testing 7f3434c9e000
[137]Testing 7f3434cb3000
[138]Testing 7f3434cb4000
[139]Testing 7f3434cc8000
[140]Testing 7f3434cde000
[141]Testing 7f3434cdf000
[142]Testing 7f3434d28000
[143]Testing 7f3434d29000
[144]Testing 7f3434d3e000
[145]Testing 7f3434d54000
[146]Testing 7f3434d8b000
[147]Testing 7f3434da1000
[148]Testing 7f3434db6000
[149]Testing 7f3434dcb000
[150]Testing 7f3434dcc000
[151]Testing 7f3434ddf000
[152]Testing 7f3434e02000
[153]Testing 7f3434e17000
[154]Testing 7f3434e18000
[155]Testing 7f3434e43000
[156]Testing 7f3434e79000
[157]Testing 7f3434e8f000
[158]Testing 7f3434ea4000
[159]Testing 7f3434eba000
[160]Testing 7f3434ebb000
[161]Testing 7f3434ef2000
[162]Testing 7f3434ef3000
[163]Testing 7f3434f07000
[164]Testing 7f3434f32000
+++++[164]+++++++[166]++++++++
Victim Row ID=165
(0x7f3434f32000,0x7f3434f7e000) Found [0x7f3434f69000] bitflip [613]=0x7f
(0x7f3434f32000,0x7f3434f7e000) Found [0x7f3434f69000] bitflip [3090]=0xbf
(0x7f3434f32000,0x7f3434f7e000) Found [0x7f3434f69000] bitflip [4032]=0xf7
---------------------
Victim Row ID=165
(0x7f3434f32000,0x7f3434f7e000) Found [0x7f3434f6a000] bitflip [2175]=0xfd
(0x7f3434f32000,0x7f3434f7e000) Found [0x7f3434f6a000] bitflip [3560]=0xfe
(0x7f3434f32000,0x7f3434f7e000) Found [0x7f3434f6a000] bitflip [3563]=0xfd
---------------------
+++++[164]+++++++[167]++++++++
Victim Row ID=165
(0x7f3434f32000,0x7f3434f7f000) Found [0x7f3434f6a000] bitflip [386]=0xdf
(0x7f3434f32000,0x7f3434f7f000) Found [0x7f3434f6a000] bitflip [455]=0xfd
(0x7f3434f32000,0x7f3434f7f000) Found [0x7f3434f6a000] bitflip [2175]=0xfd
(0x7f3434f32000,0x7f3434f7f000) Found [0x7f3434f6a000] bitflip [2291]=0xfb
(0x7f3434f32000,0x7f3434f7f000) Found [0x7f3434f6a000] bitflip [3560]=0xfe
(0x7f3434f32000,0x7f3434f7f000) Found [0x7f3434f6a000] bitflip [3563]=0xfd
---------------------
[165]Testing 7f3434f69000
+++++[165]+++++++[168]++++++++
Victim Row ID=166
(0x7f3434f69000,0x7f3434f93000) Found [0x7f3434f7e000] bitflip [1562]=0xbf
(0x7f3434f69000,0x7f3434f93000) Found [0x7f3434f7e000] bitflip [2445]=0xf7
(0x7f3434f69000,0x7f3434f93000) Found [0x7f3434f7e000] bitflip [3739]=0x7f
(0x7f3434f69000,0x7f3434f93000) Found [0x7f3434f7e000] bitflip [3920]=0xfe
---------------------
Victim Row ID=167
(0x7f3434f69000,0x7f3434f93000) Found [0x7f3434f7f000] bitflip [794]=0xbf
(0x7f3434f69000,0x7f3434f93000) Found [0x7f3434f7f000] bitflip [1466]=0xef
(0x7f3434f69000,0x7f3434f93000) Found [0x7f3434f7f000] bitflip [1912]=0xdf
(0x7f3434f69000,0x7f3434f93000) Found [0x7f3434f7f000] bitflip [2610]=0xfd
(0x7f3434f69000,0x7f3434f93000) Found [0x7f3434f7f000] bitflip [2650]=0xdf
(0x7f3434f69000,0x7f3434f93000) Found [0x7f3434f7f000] bitflip [3390]=0xdf
---------------------
[166]Testing 7f3434f7e000
[167]Testing 7f3434f7f000
[168]Testing 7f3434f93000
[169]Testing 7f3434faa000
[170]Testing 7f3434fde000
[171]Testing 7f3434fdf000
[172]Testing 7f3434ff3000
[173]Testing 7f3435013000
