Hammering 0x7f0f3f079000 and 0x7f0f3f0bd000 -> Channel=0, Dimm=0, Rank=0, Bank=0, relRow1=0
Hammering 0x7f0f3f09b000 and 0x7f0f3f0df000 -> Channel=0, Dimm=0, Rank=0, Bank=0, relRow1=1
[0]Found bitflip addr[0]=0x7f0f3f0bd000[37] 0xff->0xf7
[0]Found bitflip addr[0]=0x7f0f3f0bd000[690] 0xff->0x7f
[0]Found bitflip addr[0]=0x7f0f3f0bd000[871] 0xff->0xef
[0]Found bitflip addr[0]=0x7f0f3f0bd000[1335] 0xff->0xfd
[0]Found bitflip addr[0]=0x7f0f3f0bd000[2979] 0xff->0xf7
[0]Found bitflip addr[0]=0x7f0f3f0bd000[4197] 0xff->0xbf
[0]Found bitflip addr[0]=0x7f0f3f0bd000[4551] 0xff->0xdf
[0]Found bitflip addr[0]=0x7f0f3f0bd000[5030] 0xff->0xfe
[0]Found bitflip addr[0]=0x7f0f3f0bd000[7553] 0xff->0xdf
Hammering 0x7f0f3f0bd000 and 0x7f0f3f101000 -> Channel=0, Dimm=0, Rank=0, Bank=0, relRow1=2
[0]Found bitflip addr[0]=0x7f0f3f0df000[2024] 0xff->0xfb
[0]Found bitflip addr[0]=0x7f0f3f0df000[2875] 0xff->0x7f
[0]Found bitflip addr[0]=0x7f0f3f0df000[3213] 0xff->0xfd
[0]Found bitflip addr[0]=0x7f0f3f0df000[3806] 0xff->0xfd
[0]Found bitflip addr[0]=0x7f0f3f0df000[4043] 0xff->0xbf
[0]Found bitflip addr[0]=0x7f0f3f0df000[4569] 0xff->0x7f
[0]Found bitflip addr[0]=0x7f0f3f0df000[4987] 0xff->0xbf
[0]Found bitflip addr[0]=0x7f0f3f0df000[5833] 0xff->0xfe
[0]Found bitflip addr[0]=0x7f0f3f0df000[8173] 0xff->0xfb
Hammering 0x7f0f3f0df000 and 0x7f0f3f123000 -> Channel=0, Dimm=0, Rank=0, Bank=0, relRow1=3
[0]Found bitflip addr[0]=0x7f0f3f101000[846] 0xff->0xfd
[0]Found bitflip addr[0]=0x7f0f3f101000[1878] 0xff->0xfb
[0]Found bitflip addr[0]=0x7f0f3f101000[3090] 0xff->0xfd
[0]Found bitflip addr[0]=0x7f0f3f101000[4915] 0xff->0xdf
[0]Found bitflip addr[0]=0x7f0f3f101000[5190] 0xff->0xfd
[0]Found bitflip addr[0]=0x7f0f3f101000[6983] 0xff->0x7f
Hammering 0x7f0f3f101000 and 0x7f0f3f145000 -> Channel=0, Dimm=0, Rank=0, Bank=0, relRow1=4
[0]Found bitflip addr[0]=0x7f0f3f123000[110] 0xff->0xdf
[0]Found bitflip addr[0]=0x7f0f3f123000[5279] 0xff->0xfe
[0]Found bitflip addr[0]=0x7f0f3f123000[7163] 0xff->0xbf
[0]Found bitflip addr[0]=0x7f0f3f123000[7996] 0xff->0xdf
Hammering 0x7f0f3f123000 and 0x7f0f3f167000 -> Channel=0, Dimm=0, Rank=0, Bank=0, relRow1=5
[0]Found bitflip addr[0]=0x7f0f3f145000[753] 0xff->0xfb
[0]Found bitflip addr[0]=0x7f0f3f145000[820] 0xff->0x7f
[0]Found bitflip addr[0]=0x7f0f3f145000[1107] 0xff->0xef
[0]Found bitflip addr[0]=0x7f0f3f145000[1476] 0xff->0xfe
[0]Found bitflip addr[0]=0x7f0f3f145000[2546] 0xff->0xfb
[0]Found bitflip addr[0]=0x7f0f3f145000[2548] 0xff->0xdf
[0]Found bitflip addr[0]=0x7f0f3f145000[3074] 0xff->0x7f
[0]Found bitflip addr[0]=0x7f0f3f145000[4423] 0xff->0xfb
[0]Found bitflip addr[0]=0x7f0f3f145000[6048] 0xff->0xfb
[0]Found bitflip addr[0]=0x7f0f3f145000[6455] 0xff->0xdf
Hammering 0x7f0f3f145000 and 0x7f0f3f245000 -> Channel=0, Dimm=0, Rank=0, Bank=0, relRow1=6
Hammering 0x7f0f3f167000 and 0x7f0f3f267000 -> Channel=0, Dimm=0, Rank=0, Bank=0, relRow1=7
Hammering 0x7f0f3f245000 and 0x7f0f3f201000 -> Channel=0, Dimm=0, Rank=0, Bank=0, relRow1=8
Hammering 0x7f0f3f267000 and 0x7f0f3f223000 -> Channel=0, Dimm=0, Rank=0, Bank=0, relRow1=9
Hammering 0x7f0f3f201000 and 0x7f0f3f1bd000 -> Channel=0, Dimm=0, Rank=0, Bank=0, relRow1=10
Hammering 0x7f0f3f223000 and 0x7f0f3f1df000 -> Channel=0, Dimm=0, Rank=0, Bank=0, relRow1=11
Hammering 0x7f0f3f1bd000 and 0x7f0f3f179000 -> Channel=0, Dimm=0, Rank=0, Bank=0, relRow1=12
Hammering 0x7f0f3f1df000 and 0x7f0f3f19b000 -> Channel=0, Dimm=0, Rank=0, Bank=0, relRow1=13
Hammering 0x7f0f3f179000 and 0x7f0f3f07b000 -> Channel=0, Dimm=0, Rank=0, Bank=0, relRow1=14
Hammering 0x7f0f3f19b000 and 0x7f0f3f099000 -> Channel=0, Dimm=0, Rank=0, Bank=0, relRow1=15
Hammering 0x7f0f3f07b000 and 0x7f0f3f0bf000 -> Channel=0, Dimm=0, Rank=0, Bank=1, relRow1=0
Hammering 0x7f0f3f099000 and 0x7f0f3f0dd000 -> Channel=0, Dimm=0, Rank=0, Bank=1, relRow1=1
Hammering 0x7f0f3f0bf000 and 0x7f0f3f103000 -> Channel=0, Dimm=0, Rank=0, Bank=1, relRow1=2
Hammering 0x7f0f3f0dd000 and 0x7f0f3f121000 -> Channel=0, Dimm=0, Rank=0, Bank=1, relRow1=3
Hammering 0x7f0f3f103000 and 0x7f0f3f147000 -> Channel=0, Dimm=0, Rank=0, Bank=1, relRow1=4
Hammering 0x7f0f3f121000 and 0x7f0f3f165000 -> Channel=0, Dimm=0, Rank=0, Bank=1, relRow1=5
Hammering 0x7f0f3f147000 and 0x7f0f3f247000 -> Channel=0, Dimm=0, Rank=0, Bank=1, relRow1=6
Hammering 0x7f0f3f165000 and 0x7f0f3f265000 -> Channel=0, Dimm=0, Rank=0, Bank=1, relRow1=7
Hammering 0x7f0f3f247000 and 0x7f0f3f203000 -> Channel=0, Dimm=0, Rank=0, Bank=1, relRow1=8
Hammering 0x7f0f3f265000 and 0x7f0f3f221000 -> Channel=0, Dimm=0, Rank=0, Bank=1, relRow1=9
Hammering 0x7f0f3f203000 and 0x7f0f3f1bf000 -> Channel=0, Dimm=0, Rank=0, Bank=1, relRow1=10
Hammering 0x7f0f3f221000 and 0x7f0f3f1dd000 -> Channel=0, Dimm=0, Rank=0, Bank=1, relRow1=11
Hammering 0x7f0f3f1bf000 and 0x7f0f3f17b000 -> Channel=0, Dimm=0, Rank=0, Bank=1, relRow1=12
Hammering 0x7f0f3f1dd000 and 0x7f0f3f199000 -> Channel=0, Dimm=0, Rank=0, Bank=1, relRow1=13
Hammering 0x7f0f3f17b000 and 0x7f0f3f07d000 -> Channel=0, Dimm=0, Rank=0, Bank=1, relRow1=14
Hammering 0x7f0f3f199000 and 0x7f0f3f09f000 -> Channel=0, Dimm=0, Rank=0, Bank=1, relRow1=15
Hammering 0x7f0f3f07d000 and 0x7f0f3f0b9000 -> Channel=0, Dimm=0, Rank=0, Bank=2, relRow1=0
Hammering 0x7f0f3f09f000 and 0x7f0f3f0db000 -> Channel=0, Dimm=0, Rank=0, Bank=2, relRow1=1
Hammering 0x7f0f3f0b9000 and 0x7f0f3f105000 -> Channel=0, Dimm=0, Rank=0, Bank=2, relRow1=2
Hammering 0x7f0f3f0db000 and 0x7f0f3f127000 -> Channel=0, Dimm=0, Rank=0, Bank=2, relRow1=3
Hammering 0x7f0f3f105000 and 0x7f0f3f141000 -> Channel=0, Dimm=0, Rank=0, Bank=2, relRow1=4
Hammering 0x7f0f3f127000 and 0x7f0f3f163000 -> Channel=0, Dimm=0, Rank=0, Bank=2, relRow1=5
Hammering 0x7f0f3f141000 and 0x7f0f3f241000 -> Channel=0, Dimm=0, Rank=0, Bank=2, relRow1=6
Hammering 0x7f0f3f163000 and 0x7f0f3f263000 -> Channel=0, Dimm=0, Rank=0, Bank=2, relRow1=7
Hammering 0x7f0f3f241000 and 0x7f0f3f205000 -> Channel=0, Dimm=0, Rank=0, Bank=2, relRow1=8
Hammering 0x7f0f3f263000 and 0x7f0f3f227000 -> Channel=0, Dimm=0, Rank=0, Bank=2, relRow1=9
Hammering 0x7f0f3f205000 and 0x7f0f3f1b9000 -> Channel=0, Dimm=0, Rank=0, Bank=2, relRow1=10
Hammering 0x7f0f3f227000 and 0x7f0f3f1db000 -> Channel=0, Dimm=0, Rank=0, Bank=2, relRow1=11
Hammering 0x7f0f3f1b9000 and 0x7f0f3f17d000 -> Channel=0, Dimm=0, Rank=0, Bank=2, relRow1=12
Hammering 0x7f0f3f1db000 and 0x7f0f3f19f000 -> Channel=0, Dimm=0, Rank=0, Bank=2, relRow1=13
Hammering 0x7f0f3f17d000 and 0x7f0f3f07f000 -> Channel=0, Dimm=0, Rank=0, Bank=2, relRow1=14
Hammering 0x7f0f3f19f000 and 0x7f0f3f09d000 -> Channel=0, Dimm=0, Rank=0, Bank=2, relRow1=15
Hammering 0x7f0f3f07f000 and 0x7f0f3f0bb000 -> Channel=0, Dimm=0, Rank=0, Bank=3, relRow1=0
Hammering 0x7f0f3f09d000 and 0x7f0f3f0d9000 -> Channel=0, Dimm=0, Rank=0, Bank=3, relRow1=1
Hammering 0x7f0f3f0bb000 and 0x7f0f3f107000 -> Channel=0, Dimm=0, Rank=0, Bank=3, relRow1=2
Hammering 0x7f0f3f0d9000 and 0x7f0f3f125000 -> Channel=0, Dimm=0, Rank=0, Bank=3, relRow1=3
Hammering 0x7f0f3f107000 and 0x7f0f3f143000 -> Channel=0, Dimm=0, Rank=0, Bank=3, relRow1=4
Hammering 0x7f0f3f125000 and 0x7f0f3f161000 -> Channel=0, Dimm=0, Rank=0, Bank=3, relRow1=5
Hammering 0x7f0f3f143000 and 0x7f0f3f243000 -> Channel=0, Dimm=0, Rank=0, Bank=3, relRow1=6
Hammering 0x7f0f3f161000 and 0x7f0f3f261000 -> Channel=0, Dimm=0, Rank=0, Bank=3, relRow1=7
Hammering 0x7f0f3f243000 and 0x7f0f3f207000 -> Channel=0, Dimm=0, Rank=0, Bank=3, relRow1=8
Hammering 0x7f0f3f261000 and 0x7f0f3f225000 -> Channel=0, Dimm=0, Rank=0, Bank=3, relRow1=9
Hammering 0x7f0f3f207000 and 0x7f0f3f1bb000 -> Channel=0, Dimm=0, Rank=0, Bank=3, relRow1=10
Hammering 0x7f0f3f225000 and 0x7f0f3f1d9000 -> Channel=0, Dimm=0, Rank=0, Bank=3, relRow1=11
Hammering 0x7f0f3f1bb000 and 0x7f0f3f17f000 -> Channel=0, Dimm=0, Rank=0, Bank=3, relRow1=12
Hammering 0x7f0f3f1d9000 and 0x7f0f3f19d000 -> Channel=0, Dimm=0, Rank=0, Bank=3, relRow1=13
Hammering 0x7f0f3f17f000 and 0x7f0f3f081000 -> Channel=0, Dimm=0, Rank=0, Bank=3, relRow1=14
Hammering 0x7f0f3f19d000 and 0x7f0f3f0a3000 -> Channel=0, Dimm=0, Rank=0, Bank=3, relRow1=15
Hammering 0x7f0f3f081000 and 0x7f0f3f0c5000 -> Channel=0, Dimm=0, Rank=0, Bank=4, relRow1=0
Hammering 0x7f0f3f0a3000 and 0x7f0f3f0e7000 -> Channel=0, Dimm=0, Rank=0, Bank=4, relRow1=1
[0]Found bitflip addr[0]=0x7f0f3f0c5000[1859] 0xff->0xbf
[0]Found bitflip addr[0]=0x7f0f3f0c5000[2391] 0xff->0xef
[0]Found bitflip addr[0]=0x7f0f3f0c5000[3876] 0xff->0xf7
[0]Found bitflip addr[0]=0x7f0f3f0c5000[5698] 0xff->0xbf
Hammering 0x7f0f3f0c5000 and 0x7f0f3f0f9000 -> Channel=0, Dimm=0, Rank=0, Bank=4, relRow1=2
Hammering 0x7f0f3f0e7000 and 0x7f0f3f11b000 -> Channel=0, Dimm=0, Rank=0, Bank=4, relRow1=3
Hammering 0x7f0f3f0f9000 and 0x7f0f3f13d000 -> Channel=0, Dimm=0, Rank=0, Bank=4, relRow1=4
Hammering 0x7f0f3f11b000 and 0x7f0f3f15f000 -> Channel=0, Dimm=0, Rank=0, Bank=4, relRow1=5
[0]Found bitflip addr[0]=0x7f0f3f13d000[1379] 0xff->0xdf
[0]Found bitflip addr[0]=0x7f0f3f13d000[1763] 0xff->0xbf
[0]Found bitflip addr[0]=0x7f0f3f13d000[4115] 0xff->0x7f
[0]Found bitflip addr[0]=0x7f0f3f13d000[8169] 0xff->0xfd
Hammering 0x7f0f3f13d000 and 0x7f0f3f23d000 -> Channel=0, Dimm=0, Rank=0, Bank=4, relRow1=6
Hammering 0x7f0f3f15f000 and 0x7f0f3f25f000 -> Channel=0, Dimm=0, Rank=0, Bank=4, relRow1=7
Hammering 0x7f0f3f23d000 and 0x7f0f3f1f9000 -> Channel=0, Dimm=0, Rank=0, Bank=4, relRow1=8
Hammering 0x7f0f3f25f000 and 0x7f0f3f21b000 -> Channel=0, Dimm=0, Rank=0, Bank=4, relRow1=9
Hammering 0x7f0f3f1f9000 and 0x7f0f3f1c5000 -> Channel=0, Dimm=0, Rank=0, Bank=4, relRow1=10
Hammering 0x7f0f3f21b000 and 0x7f0f3f1e7000 -> Channel=0, Dimm=0, Rank=0, Bank=4, relRow1=11
Hammering 0x7f0f3f1c5000 and 0x7f0f3f181000 -> Channel=0, Dimm=0, Rank=0, Bank=4, relRow1=12
Hammering 0x7f0f3f1e7000 and 0x7f0f3f1a3000 -> Channel=0, Dimm=0, Rank=0, Bank=4, relRow1=13
Hammering 0x7f0f3f181000 and 0x7f0f3f083000 -> Channel=0, Dimm=0, Rank=0, Bank=4, relRow1=14
Hammering 0x7f0f3f1a3000 and 0x7f0f3f0a1000 -> Channel=0, Dimm=0, Rank=0, Bank=4, relRow1=15
Hammering 0x7f0f3f083000 and 0x7f0f3f0c7000 -> Channel=0, Dimm=0, Rank=0, Bank=5, relRow1=0
Hammering 0x7f0f3f0a1000 and 0x7f0f3f0e5000 -> Channel=0, Dimm=0, Rank=0, Bank=5, relRow1=1
Hammering 0x7f0f3f0c7000 and 0x7f0f3f0fb000 -> Channel=0, Dimm=0, Rank=0, Bank=5, relRow1=2
Hammering 0x7f0f3f0e5000 and 0x7f0f3f119000 -> Channel=0, Dimm=0, Rank=0, Bank=5, relRow1=3
Hammering 0x7f0f3f0fb000 and 0x7f0f3f13f000 -> Channel=0, Dimm=0, Rank=0, Bank=5, relRow1=4
Hammering 0x7f0f3f119000 and 0x7f0f3f15d000 -> Channel=0, Dimm=0, Rank=0, Bank=5, relRow1=5
Hammering 0x7f0f3f13f000 and 0x7f0f3f23f000 -> Channel=0, Dimm=0, Rank=0, Bank=5, relRow1=6
Hammering 0x7f0f3f15d000 and 0x7f0f3f25d000 -> Channel=0, Dimm=0, Rank=0, Bank=5, relRow1=7
Hammering 0x7f0f3f23f000 and 0x7f0f3f1fb000 -> Channel=0, Dimm=0, Rank=0, Bank=5, relRow1=8
Hammering 0x7f0f3f25d000 and 0x7f0f3f219000 -> Channel=0, Dimm=0, Rank=0, Bank=5, relRow1=9
Hammering 0x7f0f3f1fb000 and 0x7f0f3f1c7000 -> Channel=0, Dimm=0, Rank=0, Bank=5, relRow1=10
Hammering 0x7f0f3f219000 and 0x7f0f3f1e5000 -> Channel=0, Dimm=0, Rank=0, Bank=5, relRow1=11
Hammering 0x7f0f3f1c7000 and 0x7f0f3f183000 -> Channel=0, Dimm=0, Rank=0, Bank=5, relRow1=12
Hammering 0x7f0f3f1e5000 and 0x7f0f3f1a1000 -> Channel=0, Dimm=0, Rank=0, Bank=5, relRow1=13
Hammering 0x7f0f3f183000 and 0x7f0f3f085000 -> Channel=0, Dimm=0, Rank=0, Bank=5, relRow1=14
Hammering 0x7f0f3f1a1000 and 0x7f0f3f0a7000 -> Channel=0, Dimm=0, Rank=0, Bank=5, relRow1=15
Hammering 0x7f0f3f085000 and 0x7f0f3f0c1000 -> Channel=0, Dimm=0, Rank=0, Bank=6, relRow1=0
Hammering 0x7f0f3f0a7000 and 0x7f0f3f0e3000 -> Channel=0, Dimm=0, Rank=0, Bank=6, relRow1=1
Hammering 0x7f0f3f0c1000 and 0x7f0f3f0fd000 -> Channel=0, Dimm=0, Rank=0, Bank=6, relRow1=2
Hammering 0x7f0f3f0e3000 and 0x7f0f3f11f000 -> Channel=0, Dimm=0, Rank=0, Bank=6, relRow1=3
Hammering 0x7f0f3f0fd000 and 0x7f0f3f139000 -> Channel=0, Dimm=0, Rank=0, Bank=6, relRow1=4
Hammering 0x7f0f3f11f000 and 0x7f0f3f15b000 -> Channel=0, Dimm=0, Rank=0, Bank=6, relRow1=5
Hammering 0x7f0f3f139000 and 0x7f0f3f239000 -> Channel=0, Dimm=0, Rank=0, Bank=6, relRow1=6
Hammering 0x7f0f3f15b000 and 0x7f0f3f25b000 -> Channel=0, Dimm=0, Rank=0, Bank=6, relRow1=7
Hammering 0x7f0f3f239000 and 0x7f0f3f1fd000 -> Channel=0, Dimm=0, Rank=0, Bank=6, relRow1=8
Hammering 0x7f0f3f25b000 and 0x7f0f3f21f000 -> Channel=0, Dimm=0, Rank=0, Bank=6, relRow1=9
Hammering 0x7f0f3f1fd000 and 0x7f0f3f1c1000 -> Channel=0, Dimm=0, Rank=0, Bank=6, relRow1=10
Hammering 0x7f0f3f21f000 and 0x7f0f3f1e3000 -> Channel=0, Dimm=0, Rank=0, Bank=6, relRow1=11
Hammering 0x7f0f3f1c1000 and 0x7f0f3f185000 -> Channel=0, Dimm=0, Rank=0, Bank=6, relRow1=12
Hammering 0x7f0f3f1e3000 and 0x7f0f3f1a7000 -> Channel=0, Dimm=0, Rank=0, Bank=6, relRow1=13
Hammering 0x7f0f3f185000 and 0x7f0f3f087000 -> Channel=0, Dimm=0, Rank=0, Bank=6, relRow1=14
Hammering 0x7f0f3f1a7000 and 0x7f0f3f0a5000 -> Channel=0, Dimm=0, Rank=0, Bank=6, relRow1=15
Hammering 0x7f0f3f087000 and 0x7f0f3f0c3000 -> Channel=0, Dimm=0, Rank=0, Bank=7, relRow1=0
Hammering 0x7f0f3f0a5000 and 0x7f0f3f0e1000 -> Channel=0, Dimm=0, Rank=0, Bank=7, relRow1=1
Hammering 0x7f0f3f0c3000 and 0x7f0f3f0ff000 -> Channel=0, Dimm=0, Rank=0, Bank=7, relRow1=2
Hammering 0x7f0f3f0e1000 and 0x7f0f3f11d000 -> Channel=0, Dimm=0, Rank=0, Bank=7, relRow1=3
Hammering 0x7f0f3f0ff000 and 0x7f0f3f13b000 -> Channel=0, Dimm=0, Rank=0, Bank=7, relRow1=4
Hammering 0x7f0f3f11d000 and 0x7f0f3f159000 -> Channel=0, Dimm=0, Rank=0, Bank=7, relRow1=5
Hammering 0x7f0f3f13b000 and 0x7f0f3f23b000 -> Channel=0, Dimm=0, Rank=0, Bank=7, relRow1=6
Hammering 0x7f0f3f159000 and 0x7f0f3f259000 -> Channel=0, Dimm=0, Rank=0, Bank=7, relRow1=7
Hammering 0x7f0f3f23b000 and 0x7f0f3f1ff000 -> Channel=0, Dimm=0, Rank=0, Bank=7, relRow1=8
Hammering 0x7f0f3f259000 and 0x7f0f3f21d000 -> Channel=0, Dimm=0, Rank=0, Bank=7, relRow1=9
Hammering 0x7f0f3f1ff000 and 0x7f0f3f1c3000 -> Channel=0, Dimm=0, Rank=0, Bank=7, relRow1=10
Hammering 0x7f0f3f21d000 and 0x7f0f3f1e1000 -> Channel=0, Dimm=0, Rank=0, Bank=7, relRow1=11
Hammering 0x7f0f3f1c3000 and 0x7f0f3f187000 -> Channel=0, Dimm=0, Rank=0, Bank=7, relRow1=12
Hammering 0x7f0f3f1e1000 and 0x7f0f3f1a5000 -> Channel=0, Dimm=0, Rank=0, Bank=7, relRow1=13
Hammering 0x7f0f3f187000 and 0x7f0f3f089000 -> Channel=0, Dimm=0, Rank=0, Bank=7, relRow1=14
Hammering 0x7f0f3f1a5000 and 0x7f0f3f0ab000 -> Channel=0, Dimm=0, Rank=0, Bank=7, relRow1=15
Hammering 0x7f0f3f089000 and 0x7f0f3f0cd000 -> Channel=0, Dimm=0, Rank=1, Bank=0, relRow1=0
Hammering 0x7f0f3f0ab000 and 0x7f0f3f0ef000 -> Channel=0, Dimm=0, Rank=1, Bank=0, relRow1=1
Hammering 0x7f0f3f0cd000 and 0x7f0f3f111000 -> Channel=0, Dimm=0, Rank=1, Bank=0, relRow1=2
Hammering 0x7f0f3f0ef000 and 0x7f0f3f133000 -> Channel=0, Dimm=0, Rank=1, Bank=0, relRow1=3
Hammering 0x7f0f3f111000 and 0x7f0f3f155000 -> Channel=0, Dimm=0, Rank=1, Bank=0, relRow1=4
Hammering 0x7f0f3f133000 and 0x7f0f3f177000 -> Channel=0, Dimm=0, Rank=1, Bank=0, relRow1=5
Hammering 0x7f0f3f155000 and 0x7f0f3f255000 -> Channel=0, Dimm=0, Rank=1, Bank=0, relRow1=6
Hammering 0x7f0f3f177000 and 0x7f0f3f277000 -> Channel=0, Dimm=0, Rank=1, Bank=0, relRow1=7
Hammering 0x7f0f3f255000 and 0x7f0f3f211000 -> Channel=0, Dimm=0, Rank=1, Bank=0, relRow1=8
Hammering 0x7f0f3f277000 and 0x7f0f3f233000 -> Channel=0, Dimm=0, Rank=1, Bank=0, relRow1=9
Hammering 0x7f0f3f211000 and 0x7f0f3f1cd000 -> Channel=0, Dimm=0, Rank=1, Bank=0, relRow1=10
Hammering 0x7f0f3f233000 and 0x7f0f3f1ef000 -> Channel=0, Dimm=0, Rank=1, Bank=0, relRow1=11
Hammering 0x7f0f3f1cd000 and 0x7f0f3f189000 -> Channel=0, Dimm=0, Rank=1, Bank=0, relRow1=12
Hammering 0x7f0f3f1ef000 and 0x7f0f3f1ab000 -> Channel=0, Dimm=0, Rank=1, Bank=0, relRow1=13
Hammering 0x7f0f3f189000 and 0x7f0f3f08b000 -> Channel=0, Dimm=0, Rank=1, Bank=0, relRow1=14
Hammering 0x7f0f3f1ab000 and 0x7f0f3f0a9000 -> Channel=0, Dimm=0, Rank=1, Bank=0, relRow1=15
Hammering 0x7f0f3f08b000 and 0x7f0f3f0cf000 -> Channel=0, Dimm=0, Rank=1, Bank=1, relRow1=0
Hammering 0x7f0f3f0a9000 and 0x7f0f3f0ed000 -> Channel=0, Dimm=0, Rank=1, Bank=1, relRow1=1
Hammering 0x7f0f3f0cf000 and 0x7f0f3f113000 -> Channel=0, Dimm=0, Rank=1, Bank=1, relRow1=2
Hammering 0x7f0f3f0ed000 and 0x7f0f3f131000 -> Channel=0, Dimm=0, Rank=1, Bank=1, relRow1=3
Hammering 0x7f0f3f113000 and 0x7f0f3f157000 -> Channel=0, Dimm=0, Rank=1, Bank=1, relRow1=4
Hammering 0x7f0f3f131000 and 0x7f0f3f175000 -> Channel=0, Dimm=0, Rank=1, Bank=1, relRow1=5
Hammering 0x7f0f3f157000 and 0x7f0f3f257000 -> Channel=0, Dimm=0, Rank=1, Bank=1, relRow1=6
Hammering 0x7f0f3f175000 and 0x7f0f3f275000 -> Channel=0, Dimm=0, Rank=1, Bank=1, relRow1=7
Hammering 0x7f0f3f257000 and 0x7f0f3f213000 -> Channel=0, Dimm=0, Rank=1, Bank=1, relRow1=8
Hammering 0x7f0f3f275000 and 0x7f0f3f231000 -> Channel=0, Dimm=0, Rank=1, Bank=1, relRow1=9
Hammering 0x7f0f3f213000 and 0x7f0f3f1cf000 -> Channel=0, Dimm=0, Rank=1, Bank=1, relRow1=10
Hammering 0x7f0f3f231000 and 0x7f0f3f1ed000 -> Channel=0, Dimm=0, Rank=1, Bank=1, relRow1=11
Hammering 0x7f0f3f1cf000 and 0x7f0f3f18b000 -> Channel=0, Dimm=0, Rank=1, Bank=1, relRow1=12
Hammering 0x7f0f3f1ed000 and 0x7f0f3f1a9000 -> Channel=0, Dimm=0, Rank=1, Bank=1, relRow1=13
Hammering 0x7f0f3f18b000 and 0x7f0f3f08d000 -> Channel=0, Dimm=0, Rank=1, Bank=1, relRow1=14
Hammering 0x7f0f3f1a9000 and 0x7f0f3f0af000 -> Channel=0, Dimm=0, Rank=1, Bank=1, relRow1=15
Hammering 0x7f0f3f08d000 and 0x7f0f3f0c9000 -> Channel=0, Dimm=0, Rank=1, Bank=2, relRow1=0
Hammering 0x7f0f3f0af000 and 0x7f0f3f0eb000 -> Channel=0, Dimm=0, Rank=1, Bank=2, relRow1=1
Hammering 0x7f0f3f0c9000 and 0x7f0f3f115000 -> Channel=0, Dimm=0, Rank=1, Bank=2, relRow1=2
Hammering 0x7f0f3f0eb000 and 0x7f0f3f137000 -> Channel=0, Dimm=0, Rank=1, Bank=2, relRow1=3
Hammering 0x7f0f3f115000 and 0x7f0f3f151000 -> Channel=0, Dimm=0, Rank=1, Bank=2, relRow1=4
Hammering 0x7f0f3f137000 and 0x7f0f3f173000 -> Channel=0, Dimm=0, Rank=1, Bank=2, relRow1=5
Hammering 0x7f0f3f151000 and 0x7f0f3f251000 -> Channel=0, Dimm=0, Rank=1, Bank=2, relRow1=6
Hammering 0x7f0f3f173000 and 0x7f0f3f273000 -> Channel=0, Dimm=0, Rank=1, Bank=2, relRow1=7
Hammering 0x7f0f3f251000 and 0x7f0f3f215000 -> Channel=0, Dimm=0, Rank=1, Bank=2, relRow1=8
Hammering 0x7f0f3f273000 and 0x7f0f3f237000 -> Channel=0, Dimm=0, Rank=1, Bank=2, relRow1=9
Hammering 0x7f0f3f215000 and 0x7f0f3f1c9000 -> Channel=0, Dimm=0, Rank=1, Bank=2, relRow1=10
Hammering 0x7f0f3f237000 and 0x7f0f3f1eb000 -> Channel=0, Dimm=0, Rank=1, Bank=2, relRow1=11
Hammering 0x7f0f3f1c9000 and 0x7f0f3f18d000 -> Channel=0, Dimm=0, Rank=1, Bank=2, relRow1=12
Hammering 0x7f0f3f1eb000 and 0x7f0f3f1af000 -> Channel=0, Dimm=0, Rank=1, Bank=2, relRow1=13
Hammering 0x7f0f3f18d000 and 0x7f0f3f08f000 -> Channel=0, Dimm=0, Rank=1, Bank=2, relRow1=14
Hammering 0x7f0f3f1af000 and 0x7f0f3f0ad000 -> Channel=0, Dimm=0, Rank=1, Bank=2, relRow1=15
Hammering 0x7f0f3f08f000 and 0x7f0f3f0cb000 -> Channel=0, Dimm=0, Rank=1, Bank=3, relRow1=0
Hammering 0x7f0f3f0ad000 and 0x7f0f3f0e9000 -> Channel=0, Dimm=0, Rank=1, Bank=3, relRow1=1
Hammering 0x7f0f3f0cb000 and 0x7f0f3f117000 -> Channel=0, Dimm=0, Rank=1, Bank=3, relRow1=2
Hammering 0x7f0f3f0e9000 and 0x7f0f3f135000 -> Channel=0, Dimm=0, Rank=1, Bank=3, relRow1=3
Hammering 0x7f0f3f117000 and 0x7f0f3f153000 -> Channel=0, Dimm=0, Rank=1, Bank=3, relRow1=4
Hammering 0x7f0f3f135000 and 0x7f0f3f171000 -> Channel=0, Dimm=0, Rank=1, Bank=3, relRow1=5
Hammering 0x7f0f3f153000 and 0x7f0f3f253000 -> Channel=0, Dimm=0, Rank=1, Bank=3, relRow1=6
Hammering 0x7f0f3f171000 and 0x7f0f3f271000 -> Channel=0, Dimm=0, Rank=1, Bank=3, relRow1=7
Hammering 0x7f0f3f253000 and 0x7f0f3f217000 -> Channel=0, Dimm=0, Rank=1, Bank=3, relRow1=8
Hammering 0x7f0f3f271000 and 0x7f0f3f235000 -> Channel=0, Dimm=0, Rank=1, Bank=3, relRow1=9
Hammering 0x7f0f3f217000 and 0x7f0f3f1cb000 -> Channel=0, Dimm=0, Rank=1, Bank=3, relRow1=10
Hammering 0x7f0f3f235000 and 0x7f0f3f1e9000 -> Channel=0, Dimm=0, Rank=1, Bank=3, relRow1=11
Hammering 0x7f0f3f1cb000 and 0x7f0f3f18f000 -> Channel=0, Dimm=0, Rank=1, Bank=3, relRow1=12
Hammering 0x7f0f3f1e9000 and 0x7f0f3f1ad000 -> Channel=0, Dimm=0, Rank=1, Bank=3, relRow1=13
Hammering 0x7f0f3f18f000 and 0x7f0f3f091000 -> Channel=0, Dimm=0, Rank=1, Bank=3, relRow1=14
Hammering 0x7f0f3f1ad000 and 0x7f0f3f0b3000 -> Channel=0, Dimm=0, Rank=1, Bank=3, relRow1=15
Hammering 0x7f0f3f091000 and 0x7f0f3f0d5000 -> Channel=0, Dimm=0, Rank=1, Bank=4, relRow1=0
Hammering 0x7f0f3f0b3000 and 0x7f0f3f0f7000 -> Channel=0, Dimm=0, Rank=1, Bank=4, relRow1=1
Hammering 0x7f0f3f0d5000 and 0x7f0f3f109000 -> Channel=0, Dimm=0, Rank=1, Bank=4, relRow1=2
Hammering 0x7f0f3f0f7000 and 0x7f0f3f12b000 -> Channel=0, Dimm=0, Rank=1, Bank=4, relRow1=3
Hammering 0x7f0f3f109000 and 0x7f0f3f14d000 -> Channel=0, Dimm=0, Rank=1, Bank=4, relRow1=4
Hammering 0x7f0f3f12b000 and 0x7f0f3f16f000 -> Channel=0, Dimm=0, Rank=1, Bank=4, relRow1=5
Hammering 0x7f0f3f14d000 and 0x7f0f3f24d000 -> Channel=0, Dimm=0, Rank=1, Bank=4, relRow1=6
Hammering 0x7f0f3f16f000 and 0x7f0f3f26f000 -> Channel=0, Dimm=0, Rank=1, Bank=4, relRow1=7
Hammering 0x7f0f3f24d000 and 0x7f0f3f209000 -> Channel=0, Dimm=0, Rank=1, Bank=4, relRow1=8
Hammering 0x7f0f3f26f000 and 0x7f0f3f22b000 -> Channel=0, Dimm=0, Rank=1, Bank=4, relRow1=9
Hammering 0x7f0f3f209000 and 0x7f0f3f1d5000 -> Channel=0, Dimm=0, Rank=1, Bank=4, relRow1=10
Hammering 0x7f0f3f22b000 and 0x7f0f3f1f7000 -> Channel=0, Dimm=0, Rank=1, Bank=4, relRow1=11
Hammering 0x7f0f3f1d5000 and 0x7f0f3f191000 -> Channel=0, Dimm=0, Rank=1, Bank=4, relRow1=12
Hammering 0x7f0f3f1f7000 and 0x7f0f3f1b3000 -> Channel=0, Dimm=0, Rank=1, Bank=4, relRow1=13
Hammering 0x7f0f3f191000 and 0x7f0f3f093000 -> Channel=0, Dimm=0, Rank=1, Bank=4, relRow1=14
Hammering 0x7f0f3f1b3000 and 0x7f0f3f0b1000 -> Channel=0, Dimm=0, Rank=1, Bank=4, relRow1=15
Hammering 0x7f0f3f093000 and 0x7f0f3f0d7000 -> Channel=0, Dimm=0, Rank=1, Bank=5, relRow1=0
Hammering 0x7f0f3f0b1000 and 0x7f0f3f0f5000 -> Channel=0, Dimm=0, Rank=1, Bank=5, relRow1=1
Hammering 0x7f0f3f0d7000 and 0x7f0f3f10b000 -> Channel=0, Dimm=0, Rank=1, Bank=5, relRow1=2
Hammering 0x7f0f3f0f5000 and 0x7f0f3f129000 -> Channel=0, Dimm=0, Rank=1, Bank=5, relRow1=3
Hammering 0x7f0f3f10b000 and 0x7f0f3f14f000 -> Channel=0, Dimm=0, Rank=1, Bank=5, relRow1=4
Hammering 0x7f0f3f129000 and 0x7f0f3f16d000 -> Channel=0, Dimm=0, Rank=1, Bank=5, relRow1=5
Hammering 0x7f0f3f14f000 and 0x7f0f3f24f000 -> Channel=0, Dimm=0, Rank=1, Bank=5, relRow1=6
Hammering 0x7f0f3f16d000 and 0x7f0f3f26d000 -> Channel=0, Dimm=0, Rank=1, Bank=5, relRow1=7
Hammering 0x7f0f3f24f000 and 0x7f0f3f20b000 -> Channel=0, Dimm=0, Rank=1, Bank=5, relRow1=8
Hammering 0x7f0f3f26d000 and 0x7f0f3f229000 -> Channel=0, Dimm=0, Rank=1, Bank=5, relRow1=9
Hammering 0x7f0f3f20b000 and 0x7f0f3f1d7000 -> Channel=0, Dimm=0, Rank=1, Bank=5, relRow1=10
Hammering 0x7f0f3f229000 and 0x7f0f3f1f5000 -> Channel=0, Dimm=0, Rank=1, Bank=5, relRow1=11
Hammering 0x7f0f3f1d7000 and 0x7f0f3f193000 -> Channel=0, Dimm=0, Rank=1, Bank=5, relRow1=12
Hammering 0x7f0f3f1f5000 and 0x7f0f3f1b1000 -> Channel=0, Dimm=0, Rank=1, Bank=5, relRow1=13
Hammering 0x7f0f3f193000 and 0x7f0f3f095000 -> Channel=0, Dimm=0, Rank=1, Bank=5, relRow1=14
Hammering 0x7f0f3f1b1000 and 0x7f0f3f0b7000 -> Channel=0, Dimm=0, Rank=1, Bank=5, relRow1=15
Hammering 0x7f0f3f095000 and 0x7f0f3f0d1000 -> Channel=0, Dimm=0, Rank=1, Bank=6, relRow1=0
Hammering 0x7f0f3f0b7000 and 0x7f0f3f0f3000 -> Channel=0, Dimm=0, Rank=1, Bank=6, relRow1=1
Hammering 0x7f0f3f0d1000 and 0x7f0f3f10d000 -> Channel=0, Dimm=0, Rank=1, Bank=6, relRow1=2
Hammering 0x7f0f3f0f3000 and 0x7f0f3f12f000 -> Channel=0, Dimm=0, Rank=1, Bank=6, relRow1=3
Hammering 0x7f0f3f10d000 and 0x7f0f3f149000 -> Channel=0, Dimm=0, Rank=1, Bank=6, relRow1=4
Hammering 0x7f0f3f12f000 and 0x7f0f3f16b000 -> Channel=0, Dimm=0, Rank=1, Bank=6, relRow1=5
Hammering 0x7f0f3f149000 and 0x7f0f3f249000 -> Channel=0, Dimm=0, Rank=1, Bank=6, relRow1=6
Hammering 0x7f0f3f16b000 and 0x7f0f3f26b000 -> Channel=0, Dimm=0, Rank=1, Bank=6, relRow1=7
Hammering 0x7f0f3f249000 and 0x7f0f3f20d000 -> Channel=0, Dimm=0, Rank=1, Bank=6, relRow1=8
Hammering 0x7f0f3f26b000 and 0x7f0f3f22f000 -> Channel=0, Dimm=0, Rank=1, Bank=6, relRow1=9
Hammering 0x7f0f3f20d000 and 0x7f0f3f1d1000 -> Channel=0, Dimm=0, Rank=1, Bank=6, relRow1=10
Hammering 0x7f0f3f22f000 and 0x7f0f3f1f3000 -> Channel=0, Dimm=0, Rank=1, Bank=6, relRow1=11
Hammering 0x7f0f3f1d1000 and 0x7f0f3f195000 -> Channel=0, Dimm=0, Rank=1, Bank=6, relRow1=12
Hammering 0x7f0f3f1f3000 and 0x7f0f3f1b7000 -> Channel=0, Dimm=0, Rank=1, Bank=6, relRow1=13
Hammering 0x7f0f3f195000 and 0x7f0f3f097000 -> Channel=0, Dimm=0, Rank=1, Bank=6, relRow1=14
Hammering 0x7f0f3f1b7000 and 0x7f0f3f0b5000 -> Channel=0, Dimm=0, Rank=1, Bank=6, relRow1=15
Hammering 0x7f0f3f097000 and 0x7f0f3f0d3000 -> Channel=0, Dimm=0, Rank=1, Bank=7, relRow1=0
Hammering 0x7f0f3f0b5000 and 0x7f0f3f0f1000 -> Channel=0, Dimm=0, Rank=1, Bank=7, relRow1=1
Hammering 0x7f0f3f0d3000 and 0x7f0f3f10f000 -> Channel=0, Dimm=0, Rank=1, Bank=7, relRow1=2
Hammering 0x7f0f3f0f1000 and 0x7f0f3f12d000 -> Channel=0, Dimm=0, Rank=1, Bank=7, relRow1=3
Hammering 0x7f0f3f10f000 and 0x7f0f3f14b000 -> Channel=0, Dimm=0, Rank=1, Bank=7, relRow1=4
Hammering 0x7f0f3f12d000 and 0x7f0f3f169000 -> Channel=0, Dimm=0, Rank=1, Bank=7, relRow1=5
Hammering 0x7f0f3f14b000 and 0x7f0f3f24b000 -> Channel=0, Dimm=0, Rank=1, Bank=7, relRow1=6
Hammering 0x7f0f3f169000 and 0x7f0f3f269000 -> Channel=0, Dimm=0, Rank=1, Bank=7, relRow1=7
Hammering 0x7f0f3f24b000 and 0x7f0f3f20f000 -> Channel=0, Dimm=0, Rank=1, Bank=7, relRow1=8
Hammering 0x7f0f3f269000 and 0x7f0f3f22d000 -> Channel=0, Dimm=0, Rank=1, Bank=7, relRow1=9
Hammering 0x7f0f3f20f000 and 0x7f0f3f1d3000 -> Channel=0, Dimm=0, Rank=1, Bank=7, relRow1=10
Hammering 0x7f0f3f22d000 and 0x7f0f3f1f1000 -> Channel=0, Dimm=0, Rank=1, Bank=7, relRow1=11
Hammering 0x7f0f3f1d3000 and 0x7f0f3f197000 -> Channel=0, Dimm=0, Rank=1, Bank=7, relRow1=12
Hammering 0x7f0f3f1f1000 and 0x7f0f3f1b5000 -> Channel=0, Dimm=0, Rank=1, Bank=7, relRow1=13
Total bitflips=46
