Hammering 0x7f62efc60000 and 0x7f62efca4000 -> Channel=0, Dimm=0, Rank=0, Bank=0, relRow1=0
[0]Found bitflip addr[0]=0x7f62efc82000[968] 0xff->0xfe
[0]Found bitflip addr[0]=0x7f62efc82000[1427] 0xff->0xfb
[0]Found bitflip addr[0]=0x7f62efc82000[2421] 0xff->0xf7
[0]Found bitflip addr[0]=0x7f62efc82000[3216] 0xff->0x7f
[0]Found bitflip addr[0]=0x7f62efc82000[4838] 0xff->0xef
Hammering 0x7f62efc82000 and 0x7f62efcc6000 -> Channel=0, Dimm=0, Rank=0, Bank=0, relRow1=1
[0]Found bitflip addr[0]=0x7f62efca4000[1116] 0xff->0xf7
[0]Found bitflip addr[0]=0x7f62efca4000[3854] 0xff->0xf7
[0]Found bitflip addr[0]=0x7f62efca4000[5821] 0xff->0xbf
[0]Found bitflip addr[0]=0x7f62efca4000[6138] 0xff->0xfd
[0]Found bitflip addr[0]=0x7f62efca4000[6456] 0xff->0xdf
Hammering 0x7f62efca4000 and 0x7f62efce8000 -> Channel=0, Dimm=0, Rank=0, Bank=0, relRow1=2
[0]Found bitflip addr[0]=0x7f62efcc6000[66] 0xff->0xbf
[0]Found bitflip addr[0]=0x7f62efcc6000[1379] 0xff->0xdf
[0]Found bitflip addr[0]=0x7f62efcc6000[6994] 0xff->0x7f
Hammering 0x7f62efcc6000 and 0x7f62efd0a000 -> Channel=0, Dimm=0, Rank=0, Bank=0, relRow1=3
[0]Found bitflip addr[0]=0x7f62efce8000[2570] 0xff->0xfb
[0]Found bitflip addr[0]=0x7f62efce8000[3852] 0xff->0xdf
[0]Found bitflip addr[0]=0x7f62efce8000[7565] 0xff->0xef
[0]Found bitflip addr[0]=0x7f62efce8000[7594] 0xff->0xfe
[0]Found bitflip addr[0]=0x7f62efce8000[7691] 0xff->0xdf
Hammering 0x7f62efce8000 and 0x7f62efd2c000 -> Channel=0, Dimm=0, Rank=0, Bank=0, relRow1=4
[0]Found bitflip addr[0]=0x7f62efd0a000[2576] 0xff->0xfb
[0]Found bitflip addr[0]=0x7f62efd0a000[3088] 0xff->0xef
[0]Found bitflip addr[0]=0x7f62efd0a000[6148] 0xff->0xfb
Hammering 0x7f62efd0a000 and 0x7f62efd4e000 -> Channel=0, Dimm=0, Rank=0, Bank=0, relRow1=5
[0]Found bitflip addr[0]=0x7f62efd2c000[1662] 0xff->0xfe
[0]Found bitflip addr[0]=0x7f62efd2c000[2188] 0xff->0xfd
Hammering 0x7f62efd2c000 and 0x7f62efe2c000 -> Channel=0, Dimm=0, Rank=0, Bank=0, relRow1=6
Hammering 0x7f62efd4e000 and 0x7f62efe4e000 -> Channel=0, Dimm=0, Rank=0, Bank=0, relRow1=7
Hammering 0x7f62efe2c000 and 0x7f62efde8000 -> Channel=0, Dimm=0, Rank=0, Bank=0, relRow1=8
Hammering 0x7f62efe4e000 and 0x7f62efe0a000 -> Channel=0, Dimm=0, Rank=0, Bank=0, relRow1=9
Hammering 0x7f62efde8000 and 0x7f62efda4000 -> Channel=0, Dimm=0, Rank=0, Bank=0, relRow1=10
Hammering 0x7f62efe0a000 and 0x7f62efdc6000 -> Channel=0, Dimm=0, Rank=0, Bank=0, relRow1=11
Hammering 0x7f62efda4000 and 0x7f62efd60000 -> Channel=0, Dimm=0, Rank=0, Bank=0, relRow1=12
[0]Found bitflip addr[0]=0x7f62efdc6000[1811] 0xff->0xef
Hammering 0x7f62efdc6000 and 0x7f62efd82000 -> Channel=0, Dimm=0, Rank=0, Bank=0, relRow1=13
Hammering 0x7f62efd60000 and 0x7f62efc62000 -> Channel=0, Dimm=0, Rank=0, Bank=0, relRow1=14
Hammering 0x7f62efd82000 and 0x7f62efc80000 -> Channel=0, Dimm=0, Rank=0, Bank=0, relRow1=15
Hammering 0x7f62efc62000 and 0x7f62efca6000 -> Channel=0, Dimm=0, Rank=0, Bank=1, relRow1=0
[0]Found bitflip addr[0]=0x7f62efc80000[7634] 0xff->0xfe
Hammering 0x7f62efc80000 and 0x7f62efcc4000 -> Channel=0, Dimm=0, Rank=0, Bank=1, relRow1=1
[0]Found bitflip addr[0]=0x7f62efca6000[6956] 0xff->0xfd
Hammering 0x7f62efca6000 and 0x7f62efcea000 -> Channel=0, Dimm=0, Rank=0, Bank=1, relRow1=2
[0]Found bitflip addr[0]=0x7f62efcc4000[545] 0xff->0xef
[0]Found bitflip addr[0]=0x7f62efcc4000[2036] 0xff->0xef
[0]Found bitflip addr[0]=0x7f62efcc4000[4724] 0xff->0xfb
[0]Found bitflip addr[0]=0x7f62efcc4000[4741] 0xff->0xfb
[0]Found bitflip addr[0]=0x7f62efcc4000[7168] 0xff->0xf7
[0]Found bitflip addr[0]=0x7f62efcc4000[7552] 0xff->0xef
Hammering 0x7f62efcc4000 and 0x7f62efd08000 -> Channel=0, Dimm=0, Rank=0, Bank=1, relRow1=3
Hammering 0x7f62efcea000 and 0x7f62efd2e000 -> Channel=0, Dimm=0, Rank=0, Bank=1, relRow1=4
[0]Found bitflip addr[0]=0x7f62efd08000[870] 0xff->0xfd
[0]Found bitflip addr[0]=0x7f62efd08000[2915] 0xff->0xf7
[0]Found bitflip addr[0]=0x7f62efd08000[5588] 0xff->0xbf
[0]Found bitflip addr[0]=0x7f62efd08000[5793] 0xff->0xef
[0]Found bitflip addr[0]=0x7f62efd08000[5893] 0xff->0xf7
[0]Found bitflip addr[0]=0x7f62efd08000[6032] 0xff->0xfb
[0]Found bitflip addr[0]=0x7f62efd08000[6119] 0xff->0xf7
[0]Found bitflip addr[0]=0x7f62efd08000[6279] 0xff->0xf7
[0]Found bitflip addr[0]=0x7f62efd08000[6545] 0xff->0xdf
[0]Found bitflip addr[0]=0x7f62efd08000[7472] 0xff->0x7f
Hammering 0x7f62efd08000 and 0x7f62efd4c000 -> Channel=0, Dimm=0, Rank=0, Bank=1, relRow1=5
[0]Found bitflip addr[0]=0x7f62efd2e000[815] 0xff->0xf7
[0]Found bitflip addr[0]=0x7f62efd2e000[2047] 0xff->0xbf
[0]Found bitflip addr[0]=0x7f62efd2e000[3722] 0xff->0xf7
Hammering 0x7f62efd2e000 and 0x7f62efe2e000 -> Channel=0, Dimm=0, Rank=0, Bank=1, relRow1=6
Hammering 0x7f62efd4c000 and 0x7f62efe4c000 -> Channel=0, Dimm=0, Rank=0, Bank=1, relRow1=7
Hammering 0x7f62efe2e000 and 0x7f62efdea000 -> Channel=0, Dimm=0, Rank=0, Bank=1, relRow1=8
Hammering 0x7f62efe4c000 and 0x7f62efe08000 -> Channel=0, Dimm=0, Rank=0, Bank=1, relRow1=9
Hammering 0x7f62efdea000 and 0x7f62efda6000 -> Channel=0, Dimm=0, Rank=0, Bank=1, relRow1=10
Hammering 0x7f62efe08000 and 0x7f62efdc4000 -> Channel=0, Dimm=0, Rank=0, Bank=1, relRow1=11
Hammering 0x7f62efda6000 and 0x7f62efd62000 -> Channel=0, Dimm=0, Rank=0, Bank=1, relRow1=12
[0]Found bitflip addr[0]=0x7f62efdc4000[677] 0xff->0xfd
[0]Found bitflip addr[0]=0x7f62efdc4000[3154] 0xff->0xfe
[0]Found bitflip addr[0]=0x7f62efdc4000[3622] 0xff->0xef
[0]Found bitflip addr[0]=0x7f62efdc4000[4690] 0xff->0xfd
[0]Found bitflip addr[0]=0x7f62efdc4000[7521] 0xff->0xfd
Hammering 0x7f62efdc4000 and 0x7f62efd80000 -> Channel=0, Dimm=0, Rank=0, Bank=1, relRow1=13
[0]Found bitflip addr[0]=0x7f62efd62000[872] 0xff->0xf7
[0]Found bitflip addr[0]=0x7f62efd62000[4170] 0xff->0xdf
Hammering 0x7f62efd62000 and 0x7f62efc64000 -> Channel=0, Dimm=0, Rank=0, Bank=1, relRow1=14
Hammering 0x7f62efd80000 and 0x7f62efc86000 -> Channel=0, Dimm=0, Rank=0, Bank=1, relRow1=15
Hammering 0x7f62efc64000 and 0x7f62efca0000 -> Channel=0, Dimm=0, Rank=0, Bank=2, relRow1=0
[0]Found bitflip addr[0]=0x7f62efc86000[2022] 0xff->0xef
[0]Found bitflip addr[0]=0x7f62efc86000[3365] 0xff->0xef
[0]Found bitflip addr[0]=0x7f62efc86000[6803] 0xff->0xfb
[0]Found bitflip addr[0]=0x7f62efc86000[6807] 0xff->0xef
[0]Found bitflip addr[0]=0x7f62efc86000[7281] 0xff->0xfe
Hammering 0x7f62efc86000 and 0x7f62efcc2000 -> Channel=0, Dimm=0, Rank=0, Bank=2, relRow1=1
[0]Found bitflip addr[0]=0x7f62efca0000[7071] 0xff->0xbf
Hammering 0x7f62efca0000 and 0x7f62efcec000 -> Channel=0, Dimm=0, Rank=0, Bank=2, relRow1=2
[0]Found bitflip addr[0]=0x7f62efcc2000[406] 0xff->0xef
[0]Found bitflip addr[0]=0x7f62efcc2000[852] 0xff->0xef
[0]Found bitflip addr[0]=0x7f62efcc2000[2080] 0xff->0xef
[0]Found bitflip addr[0]=0x7f62efcc2000[4561] 0xff->0xef
Hammering 0x7f62efcc2000 and 0x7f62efd0e000 -> Channel=0, Dimm=0, Rank=0, Bank=2, relRow1=3
[0]Found bitflip addr[0]=0x7f62efcec000[1531] 0xff->0xfe
[0]Found bitflip addr[0]=0x7f62efcec000[2379] 0xff->0x5f
[0]Found bitflip addr[0]=0x7f62efcec000[2954] 0xff->0xf7
[0]Found bitflip addr[0]=0x7f62efcec000[3819] 0xff->0xfe
[0]Found bitflip addr[0]=0x7f62efcec000[4171] 0xff->0xfe
Hammering 0x7f62efcec000 and 0x7f62efd28000 -> Channel=0, Dimm=0, Rank=0, Bank=2, relRow1=4
[0]Found bitflip addr[0]=0x7f62efd0e000[2148] 0xff->0xfe
[0]Found bitflip addr[0]=0x7f62efd0e000[2359] 0xff->0xbf
[0]Found bitflip addr[0]=0x7f62efd0e000[3091] 0xff->0xfb
Hammering 0x7f62efd0e000 and 0x7f62efd4a000 -> Channel=0, Dimm=0, Rank=0, Bank=2, relRow1=5
[0]Found bitflip addr[0]=0x7f62efd28000[2298] 0xff->0xf7
[0]Found bitflip addr[0]=0x7f62efd28000[2761] 0xff->0xfe
[0]Found bitflip addr[0]=0x7f62efd28000[4779] 0xff->0xfb
[0]Found bitflip addr[0]=0x7f62efd28000[6587] 0xff->0x7f
[0]Found bitflip addr[0]=0x7f62efd28000[7214] 0xff->0xbf
[0]Found bitflip addr[0]=0x7f62efd28000[7709] 0xff->0xfe
Hammering 0x7f62efd28000 and 0x7f62efe28000 -> Channel=0, Dimm=0, Rank=0, Bank=2, relRow1=6
Hammering 0x7f62efd4a000 and 0x7f62efe4a000 -> Channel=0, Dimm=0, Rank=0, Bank=2, relRow1=7
Hammering 0x7f62efe28000 and 0x7f62efdec000 -> Channel=0, Dimm=0, Rank=0, Bank=2, relRow1=8
Hammering 0x7f62efe4a000 and 0x7f62efe0e000 -> Channel=0, Dimm=0, Rank=0, Bank=2, relRow1=9
Hammering 0x7f62efdec000 and 0x7f62efda0000 -> Channel=0, Dimm=0, Rank=0, Bank=2, relRow1=10
Hammering 0x7f62efe0e000 and 0x7f62efdc2000 -> Channel=0, Dimm=0, Rank=0, Bank=2, relRow1=11
Hammering 0x7f62efda0000 and 0x7f62efd64000 -> Channel=0, Dimm=0, Rank=0, Bank=2, relRow1=12
[0]Found bitflip addr[0]=0x7f62efdc2000[3686] 0xff->0xfe
Hammering 0x7f62efdc2000 and 0x7f62efd86000 -> Channel=0, Dimm=0, Rank=0, Bank=2, relRow1=13
[0]Found bitflip addr[0]=0x7f62efd64000[1180] 0xff->0xef
[0]Found bitflip addr[0]=0x7f62efd64000[5067] 0xff->0xf7
[0]Found bitflip addr[0]=0x7f62efd64000[6874] 0xff->0xfd
Hammering 0x7f62efd64000 and 0x7f62efc66000 -> Channel=0, Dimm=0, Rank=0, Bank=2, relRow1=14
Hammering 0x7f62efd86000 and 0x7f62efc84000 -> Channel=0, Dimm=0, Rank=0, Bank=2, relRow1=15
Hammering 0x7f62efc66000 and 0x7f62efca2000 -> Channel=0, Dimm=0, Rank=0, Bank=3, relRow1=0
[0]Found bitflip addr[0]=0x7f62efc84000[2276] 0xff->0xfb
[0]Found bitflip addr[0]=0x7f62efc84000[6565] 0xff->0xfd
[0]Found bitflip addr[0]=0x7f62efc84000[8150] 0xff->0xdf
Hammering 0x7f62efc84000 and 0x7f62efcc0000 -> Channel=0, Dimm=0, Rank=0, Bank=3, relRow1=1
[0]Found bitflip addr[0]=0x7f62efca2000[2490] 0xff->0xfb
[0]Found bitflip addr[0]=0x7f62efca2000[5754] 0xff->0xef
[0]Found bitflip addr[0]=0x7f62efca2000[7355] 0xff->0xf7
[0]Found bitflip addr[0]=0x7f62efca2000[8189] 0xff->0xdf
Hammering 0x7f62efca2000 and 0x7f62efcee000 -> Channel=0, Dimm=0, Rank=0, Bank=3, relRow1=2
[0]Found bitflip addr[0]=0x7f62efcc0000[1125] 0xff->0xef
[0]Found bitflip addr[0]=0x7f62efcc0000[6807] 0xff->0xf7
Hammering 0x7f62efcc0000 and 0x7f62efd0c000 -> Channel=0, Dimm=0, Rank=0, Bank=3, relRow1=3
[0]Found bitflip addr[0]=0x7f62efcee000[911] 0xff->0xdf
[0]Found bitflip addr[0]=0x7f62efcee000[1118] 0xff->0xfe
[0]Found bitflip addr[0]=0x7f62efcee000[5293] 0xff->0xfe
Hammering 0x7f62efcee000 and 0x7f62efd2a000 -> Channel=0, Dimm=0, Rank=0, Bank=3, relRow1=4
[0]Found bitflip addr[0]=0x7f62efd0c000[3794] 0xff->0xf7
[0]Found bitflip addr[0]=0x7f62efd0c000[7506] 0xff->0xbf
Hammering 0x7f62efd0c000 and 0x7f62efd48000 -> Channel=0, Dimm=0, Rank=0, Bank=3, relRow1=5
[0]Found bitflip addr[0]=0x7f62efd2a000[1404] 0xff->0xdf
[0]Found bitflip addr[0]=0x7f62efd2a000[3242] 0xff->0x7f
[0]Found bitflip addr[0]=0x7f62efd2a000[3768] 0xff->0xfb
[0]Found bitflip addr[0]=0x7f62efd2a000[5721] 0xff->0x7f
[0]Found bitflip addr[0]=0x7f62efd2a000[6942] 0xff->0xfe
Hammering 0x7f62efd2a000 and 0x7f62efe2a000 -> Channel=0, Dimm=0, Rank=0, Bank=3, relRow1=6
Hammering 0x7f62efd48000 and 0x7f62efe48000 -> Channel=0, Dimm=0, Rank=0, Bank=3, relRow1=7
Hammering 0x7f62efe2a000 and 0x7f62efdee000 -> Channel=0, Dimm=0, Rank=0, Bank=3, relRow1=8
Hammering 0x7f62efe48000 and 0x7f62efe0c000 -> Channel=0, Dimm=0, Rank=0, Bank=3, relRow1=9
Hammering 0x7f62efdee000 and 0x7f62efda2000 -> Channel=0, Dimm=0, Rank=0, Bank=3, relRow1=10
Hammering 0x7f62efe0c000 and 0x7f62efdc0000 -> Channel=0, Dimm=0, Rank=0, Bank=3, relRow1=11
Hammering 0x7f62efda2000 and 0x7f62efd66000 -> Channel=0, Dimm=0, Rank=0, Bank=3, relRow1=12
[0]Found bitflip addr[0]=0x7f62efdc0000[3266] 0xff->0xfe
[0]Found bitflip addr[0]=0x7f62efdc0000[4097] 0xff->0xdf
[0]Found bitflip addr[0]=0x7f62efdc0000[4135] 0xff->0x7f
[0]Found bitflip addr[0]=0x7f62efdc0000[4688] 0xff->0xdf
[0]Found bitflip addr[0]=0x7f62efdc0000[5075] 0xff->0xf7
[0]Found bitflip addr[0]=0x7f62efdc0000[8100] 0xff->0xfe
Hammering 0x7f62efdc0000 and 0x7f62efd84000 -> Channel=0, Dimm=0, Rank=0, Bank=3, relRow1=13
[0]Found bitflip addr[0]=0x7f62efd66000[4079] 0xff->0xfe
[0]Found bitflip addr[0]=0x7f62efd66000[5901] 0xff->0xfe
[0]Found bitflip addr[0]=0x7f62efd66000[6907] 0xff->0xfe
Hammering 0x7f62efd66000 and 0x7f62efc68000 -> Channel=0, Dimm=0, Rank=0, Bank=3, relRow1=14
Hammering 0x7f62efd84000 and 0x7f62efc8a000 -> Channel=0, Dimm=0, Rank=0, Bank=3, relRow1=15
Hammering 0x7f62efc68000 and 0x7f62efcac000 -> Channel=0, Dimm=0, Rank=0, Bank=4, relRow1=0
[0]Found bitflip addr[0]=0x7f62efc8a000[742] 0xff->0xfe
[0]Found bitflip addr[0]=0x7f62efc8a000[2228] 0xff->0xfd
[0]Found bitflip addr[0]=0x7f62efc8a000[3154] 0xff->0xef
[0]Found bitflip addr[0]=0x7f62efc8a000[4098] 0xff->0xbf
[0]Found bitflip addr[0]=0x7f62efc8a000[4291] 0xff->0xfb
[0]Found bitflip addr[0]=0x7f62efc8a000[5220] 0xff->0xf7
[0]Found bitflip addr[0]=0x7f62efc8a000[7829] 0xff->0xf7
Hammering 0x7f62efc8a000 and 0x7f62efcce000 -> Channel=0, Dimm=0, Rank=0, Bank=4, relRow1=1
[0]Found bitflip addr[0]=0x7f62efcac000[1212] 0xff->0xfe
[0]Found bitflip addr[0]=0x7f62efcac000[1976] 0xff->0xfb
[0]Found bitflip addr[0]=0x7f62efcac000[2040] 0xff->0xfd
[0]Found bitflip addr[0]=0x7f62efcac000[5707] 0xff->0xef
[0]Found bitflip addr[0]=0x7f62efcac000[6136] 0xff->0xfe
[0]Found bitflip addr[0]=0x7f62efcac000[6974] 0xff->0xfd
[0]Found bitflip addr[0]=0x7f62efcac000[7307] 0xff->0xf7
Hammering 0x7f62efcac000 and 0x7f62efce0000 -> Channel=0, Dimm=0, Rank=0, Bank=4, relRow1=2
[0]Found bitflip addr[0]=0x7f62efcce000[2128] 0xff->0xfd
[0]Found bitflip addr[0]=0x7f62efcce000[5171] 0xff->0xdf
[0]Found bitflip addr[0]=0x7f62efcce000[5507] 0xff->0x7f
[0]Found bitflip addr[0]=0x7f62efcce000[5730] 0xff->0xfb
[0]Found bitflip addr[0]=0x7f62efcce000[6915] 0xff->0x7f
[0]Found bitflip addr[0]=0x7f62efcce000[6919] 0xff->0xbf
Hammering 0x7f62efcce000 and 0x7f62efd02000 -> Channel=0, Dimm=0, Rank=0, Bank=4, relRow1=3
[0]Found bitflip addr[0]=0x7f62efce0000[762] 0xff->0xbf
[0]Found bitflip addr[0]=0x7f62efce0000[1370] 0xff->0xfe
[0]Found bitflip addr[0]=0x7f62efce0000[1794] 0xff->0xef
[0]Found bitflip addr[0]=0x7f62efce0000[2571] 0xff->0xf7
[0]Found bitflip addr[0]=0x7f62efce0000[5390] 0xff->0xef
Hammering 0x7f62efce0000 and 0x7f62efd24000 -> Channel=0, Dimm=0, Rank=0, Bank=4, relRow1=4
[0]Found bitflip addr[0]=0x7f62efd02000[483] 0xff->0xfb
[0]Found bitflip addr[0]=0x7f62efd02000[1120] 0xff->0xbf
[0]Found bitflip addr[0]=0x7f62efd02000[6610] 0xff->0xfe
Hammering 0x7f62efd02000 and 0x7f62efd46000 -> Channel=0, Dimm=0, Rank=0, Bank=4, relRow1=5
[0]Found bitflip addr[0]=0x7f62efd24000[990] 0xff->0xfd
[0]Found bitflip addr[0]=0x7f62efd24000[2296] 0xff->0xdf
[0]Found bitflip addr[0]=0x7f62efd24000[3323] 0xff->0x7f
[0]Found bitflip addr[0]=0x7f62efd24000[3467] 0xff->0x7f
[0]Found bitflip addr[0]=0x7f62efd24000[5368] 0xff->0x7f
[0]Found bitflip addr[0]=0x7f62efd24000[5912] 0xff->0xfb
[0]Found bitflip addr[0]=0x7f62efd24000[6216] 0xff->0x7f
[0]Found bitflip addr[0]=0x7f62efd24000[7690] 0xff->0xf7
[0]Found bitflip addr[0]=0x7f62efd24000[7691] 0xff->0xfe
Hammering 0x7f62efd24000 and 0x7f62efe24000 -> Channel=0, Dimm=0, Rank=0, Bank=4, relRow1=6
Hammering 0x7f62efd46000 and 0x7f62efe46000 -> Channel=0, Dimm=0, Rank=0, Bank=4, relRow1=7
Hammering 0x7f62efe24000 and 0x7f62efde0000 -> Channel=0, Dimm=0, Rank=0, Bank=4, relRow1=8
Hammering 0x7f62efe46000 and 0x7f62efe02000 -> Channel=0, Dimm=0, Rank=0, Bank=4, relRow1=9
Hammering 0x7f62efde0000 and 0x7f62efdac000 -> Channel=0, Dimm=0, Rank=0, Bank=4, relRow1=10
Hammering 0x7f62efe02000 and 0x7f62efdce000 -> Channel=0, Dimm=0, Rank=0, Bank=4, relRow1=11
Hammering 0x7f62efdac000 and 0x7f62efd68000 -> Channel=0, Dimm=0, Rank=0, Bank=4, relRow1=12
[0]Found bitflip addr[0]=0x7f62efdce000[3094] 0xff->0xdf
[0]Found bitflip addr[0]=0x7f62efdce000[3777] 0xff->0xbf
Hammering 0x7f62efdce000 and 0x7f62efd8a000 -> Channel=0, Dimm=0, Rank=0, Bank=4, relRow1=13
[0]Found bitflip addr[0]=0x7f62efd68000[1659] 0xff->0xfe
[0]Found bitflip addr[0]=0x7f62efd68000[2959] 0xff->0xfe
[0]Found bitflip addr[0]=0x7f62efd68000[3229] 0xff->0xdf
[0]Found bitflip addr[0]=0x7f62efd68000[4415] 0xff->0xfb
[0]Found bitflip addr[0]=0x7f62efd68000[4830] 0xff->0xbf
[0]Found bitflip addr[0]=0x7f62efd68000[5641] 0xff->0xfe
[0]Found bitflip addr[0]=0x7f62efd68000[7725] 0xff->0xef
Hammering 0x7f62efd68000 and 0x7f62efc6a000 -> Channel=0, Dimm=0, Rank=0, Bank=4, relRow1=14
Hammering 0x7f62efd8a000 and 0x7f62efc88000 -> Channel=0, Dimm=0, Rank=0, Bank=4, relRow1=15
Hammering 0x7f62efc6a000 and 0x7f62efcae000 -> Channel=0, Dimm=0, Rank=0, Bank=5, relRow1=0
[0]Found bitflip addr[0]=0x7f62efc88000[98] 0xff->0xfb
[0]Found bitflip addr[0]=0x7f62efc88000[2386] 0xff->0x7f
[0]Found bitflip addr[0]=0x7f62efc88000[3232] 0xff->0xf7
[0]Found bitflip addr[0]=0x7f62efc88000[3280] 0xff->0xef
[0]Found bitflip addr[0]=0x7f62efc88000[3366] 0xff->0xfd
[0]Found bitflip addr[0]=0x7f62efc88000[4625] 0xff->0xdf
[0]Found bitflip addr[0]=0x7f62efc88000[5254] 0xff->0xfb
[0]Found bitflip addr[0]=0x7f62efc88000[6978] 0xff->0xef
[0]Found bitflip addr[0]=0x7f62efc88000[7521] 0xff->0xfd
Hammering 0x7f62efc88000 and 0x7f62efccc000 -> Channel=0, Dimm=0, Rank=0, Bank=5, relRow1=1
[0]Found bitflip addr[0]=0x7f62efcae000[776] 0xff->0xdf
[0]Found bitflip addr[0]=0x7f62efcae000[3787] 0xff->0x7f
[0]Found bitflip addr[0]=0x7f62efcae000[3898] 0xff->0xf7
[0]Found bitflip addr[0]=0x7f62efcae000[4045] 0xff->0xef
[0]Found bitflip addr[0]=0x7f62efcae000[4312] 0xff->0x7f
[0]Found bitflip addr[0]=0x7f62efcae000[5247] 0xff->0xbf
[0]Found bitflip addr[0]=0x7f62efcae000[6105] 0xff->0xef
Hammering 0x7f62efcae000 and 0x7f62efce2000 -> Channel=0, Dimm=0, Rank=0, Bank=5, relRow1=2
[0]Found bitflip addr[0]=0x7f62efccc000[1941] 0xff->0x7f
[0]Found bitflip addr[0]=0x7f62efccc000[2993] 0xff->0xf7
[0]Found bitflip addr[0]=0x7f62efccc000[4871] 0xff->0x7f
[0]Found bitflip addr[0]=0x7f62efccc000[7542] 0xff->0xfd
[0]Found bitflip addr[0]=0x7f62efccc000[7575] 0xff->0xfb
Hammering 0x7f62efccc000 and 0x7f62efd00000 -> Channel=0, Dimm=0, Rank=0, Bank=5, relRow1=3
[0]Found bitflip addr[0]=0x7f62efce2000[200] 0xff->0xf7
[0]Found bitflip addr[0]=0x7f62efce2000[2504] 0xff->0x7f
[0]Found bitflip addr[0]=0x7f62efce2000[2937] 0xff->0xbf
[0]Found bitflip addr[0]=0x7f62efce2000[2991] 0xff->0xfe
[0]Found bitflip addr[0]=0x7f62efce2000[7480] 0xff->0xfb
[0]Found bitflip addr[0]=0x7f62efce2000[7515] 0xff->0xef
Hammering 0x7f62efce2000 and 0x7f62efd26000 -> Channel=0, Dimm=0, Rank=0, Bank=5, relRow1=4
[0]Found bitflip addr[0]=0x7f62efd00000[1191] 0xff->0xf7
[0]Found bitflip addr[0]=0x7f62efd00000[1296] 0xff->0xf7
[0]Found bitflip addr[0]=0x7f62efd00000[1524] 0xff->0x7f
[0]Found bitflip addr[0]=0x7f62efd00000[3761] 0xff->0x7f
[0]Found bitflip addr[0]=0x7f62efd00000[4115] 0xff->0x7f
[0]Found bitflip addr[0]=0x7f62efd00000[4417] 0xff->0xfd
[0]Found bitflip addr[0]=0x7f62efd00000[5217] 0xff->0xfb
[0]Found bitflip addr[0]=0x7f62efd00000[5392] 0xff->0xfd
[0]Found bitflip addr[0]=0x7f62efd00000[5713] 0xff->0xfd
[0]Found bitflip addr[0]=0x7f62efd00000[6130] 0xff->0xfd
[0]Found bitflip addr[0]=0x7f62efd00000[7970] 0xff->0xfe
Hammering 0x7f62efd00000 and 0x7f62efd44000 -> Channel=0, Dimm=0, Rank=0, Bank=5, relRow1=5
[0]Found bitflip addr[0]=0x7f62efd26000[2062] 0xff->0xdf
[0]Found bitflip addr[0]=0x7f62efd26000[2653] 0xff->0x7f
[0]Found bitflip addr[0]=0x7f62efd26000[3320] 0xff->0xfd
[0]Found bitflip addr[0]=0x7f62efd26000[3321] 0xff->0xbf
[0]Found bitflip addr[0]=0x7f62efd26000[7400] 0xff->0x7f
Hammering 0x7f62efd26000 and 0x7f62efe26000 -> Channel=0, Dimm=0, Rank=0, Bank=5, relRow1=6
Hammering 0x7f62efd44000 and 0x7f62efe44000 -> Channel=0, Dimm=0, Rank=0, Bank=5, relRow1=7
Hammering 0x7f62efe26000 and 0x7f62efde2000 -> Channel=0, Dimm=0, Rank=0, Bank=5, relRow1=8
Hammering 0x7f62efe44000 and 0x7f62efe00000 -> Channel=0, Dimm=0, Rank=0, Bank=5, relRow1=9
Hammering 0x7f62efde2000 and 0x7f62efdae000 -> Channel=0, Dimm=0, Rank=0, Bank=5, relRow1=10
Hammering 0x7f62efe00000 and 0x7f62efdcc000 -> Channel=0, Dimm=0, Rank=0, Bank=5, relRow1=11
Hammering 0x7f62efdae000 and 0x7f62efd6a000 -> Channel=0, Dimm=0, Rank=0, Bank=5, relRow1=12
[0]Found bitflip addr[0]=0x7f62efdcc000[402] 0xff->0xfd
[0]Found bitflip addr[0]=0x7f62efdcc000[1457] 0xff->0xfd
[0]Found bitflip addr[0]=0x7f62efdcc000[1858] 0xff->0xdf
[0]Found bitflip addr[0]=0x7f62efdcc000[2038] 0xff->0xfd
[0]Found bitflip addr[0]=0x7f62efdcc000[2550] 0xff->0xef
[0]Found bitflip addr[0]=0x7f62efdcc000[3122] 0xff->0xfd
Hammering 0x7f62efdcc000 and 0x7f62efd88000 -> Channel=0, Dimm=0, Rank=0, Bank=5, relRow1=13
[0]Found bitflip addr[0]=0x7f62efd6a000[936] 0xff->0x7f
[0]Found bitflip addr[0]=0x7f62efd6a000[2426] 0xff->0xf7
[0]Found bitflip addr[0]=0x7f62efd6a000[4569] 0xff->0x7f
[0]Found bitflip addr[0]=0x7f62efd6a000[4664] 0xff->0xf7
[0]Found bitflip addr[0]=0x7f62efd6a000[5640] 0xff->0xf7
[0]Found bitflip addr[0]=0x7f62efd6a000[6776] 0xff->0xf7
[0]Found bitflip addr[0]=0x7f62efd6a000[7546] 0xff->0xdf
Hammering 0x7f62efd6a000 and 0x7f62efc6c000 -> Channel=0, Dimm=0, Rank=0, Bank=5, relRow1=14
Hammering 0x7f62efd88000 and 0x7f62efc8e000 -> Channel=0, Dimm=0, Rank=0, Bank=5, relRow1=15
Hammering 0x7f62efc6c000 and 0x7f62efca8000 -> Channel=0, Dimm=0, Rank=0, Bank=6, relRow1=0
[0]Found bitflip addr[0]=0x7f62efc8e000[819] 0xff->0xfd
[0]Found bitflip addr[0]=0x7f62efc8e000[2032] 0xff->0xfe
[0]Found bitflip addr[0]=0x7f62efc8e000[6113] 0xff->0xfd
[0]Found bitflip addr[0]=0x7f62efc8e000[6596] 0xff->0xfd
[0]Found bitflip addr[0]=0x7f62efc8e000[7331] 0xff->0xfd
Hammering 0x7f62efc8e000 and 0x7f62efcca000 -> Channel=0, Dimm=0, Rank=0, Bank=6, relRow1=1
[0]Found bitflip addr[0]=0x7f62efca8000[906] 0xff->0xdf
[0]Found bitflip addr[0]=0x7f62efca8000[987] 0xff->0xbf
[0]Found bitflip addr[0]=0x7f62efca8000[2360] 0xff->0xf7
[0]Found bitflip addr[0]=0x7f62efca8000[6520] 0xff->0xbf
[0]Found bitflip addr[0]=0x7f62efca8000[6600] 0xff->0xdf
[0]Found bitflip addr[0]=0x7f62efca8000[7611] 0xff->0x7f
Hammering 0x7f62efca8000 and 0x7f62efce4000 -> Channel=0, Dimm=0, Rank=0, Bank=6, relRow1=2
[0]Found bitflip addr[0]=0x7f62efcca000[5232] 0xff->0xef
[0]Found bitflip addr[0]=0x7f62efcca000[5639] 0xff->0xdf
[0]Found bitflip addr[0]=0x7f62efcca000[6352] 0xff->0x7f
[0]Found bitflip addr[0]=0x7f62efcca000[7331] 0xff->0x7f
Hammering 0x7f62efcca000 and 0x7f62efd06000 -> Channel=0, Dimm=0, Rank=0, Bank=6, relRow1=3
[0]Found bitflip addr[0]=0x7f62efce4000[1042] 0xff->0xfe
[0]Found bitflip addr[0]=0x7f62efce4000[1337] 0xff->0xfe
[0]Found bitflip addr[0]=0x7f62efce4000[1493] 0xff->0xfe
[0]Found bitflip addr[0]=0x7f62efce4000[1528] 0xff->0xbf
[0]Found bitflip addr[0]=0x7f62efce4000[2296] 0xff->0xfe
[0]Found bitflip addr[0]=0x7f62efce4000[2314] 0xff->0xfe
[0]Found bitflip addr[0]=0x7f62efce4000[3433] 0xff->0xf7
[0]Found bitflip addr[0]=0x7f62efce4000[3646] 0xff->0xfe
[0]Found bitflip addr[0]=0x7f62efce4000[4622] 0xff->0xf7
[0]Found bitflip addr[0]=0x7f62efce4000[5288] 0xff->0xfb
[0]Found bitflip addr[0]=0x7f62efce4000[5577] 0xff->0xdf
[0]Found bitflip addr[0]=0x7f62efce4000[6011] 0xff->0xfd
[0]Found bitflip addr[0]=0x7f62efce4000[6930] 0xff->0xfd
Hammering 0x7f62efce4000 and 0x7f62efd20000 -> Channel=0, Dimm=0, Rank=0, Bank=6, relRow1=4
[0]Found bitflip addr[0]=0x7f62efd06000[2710] 0xff->0xfd
[0]Found bitflip addr[0]=0x7f62efd06000[2960] 0xff->0x7f
[0]Found bitflip addr[0]=0x7f62efd06000[3639] 0xff->0xef
Hammering 0x7f62efd06000 and 0x7f62efd42000 -> Channel=0, Dimm=0, Rank=0, Bank=6, relRow1=5
[0]Found bitflip addr[0]=0x7f62efd20000[1626] 0xff->0xfe
[0]Found bitflip addr[0]=0x7f62efd20000[2266] 0xff->0xfb
[0]Found bitflip addr[0]=0x7f62efd20000[3311] 0xff->0xef
[0]Found bitflip addr[0]=0x7f62efd20000[3402] 0xff->0xef
[0]Found bitflip addr[0]=0x7f62efd20000[3688] 0xff->0xfd
[0]Found bitflip addr[0]=0x7f62efd20000[4413] 0xff->0xfb
Hammering 0x7f62efd20000 and 0x7f62efe20000 -> Channel=0, Dimm=0, Rank=0, Bank=6, relRow1=6
Hammering 0x7f62efd42000 and 0x7f62efe42000 -> Channel=0, Dimm=0, Rank=0, Bank=6, relRow1=7
Hammering 0x7f62efe20000 and 0x7f62efde4000 -> Channel=0, Dimm=0, Rank=0, Bank=6, relRow1=8
Hammering 0x7f62efe42000 and 0x7f62efe06000 -> Channel=0, Dimm=0, Rank=0, Bank=6, relRow1=9
Hammering 0x7f62efde4000 and 0x7f62efda8000 -> Channel=0, Dimm=0, Rank=0, Bank=6, relRow1=10
Hammering 0x7f62efe06000 and 0x7f62efdca000 -> Channel=0, Dimm=0, Rank=0, Bank=6, relRow1=11
Hammering 0x7f62efda8000 and 0x7f62efd6c000 -> Channel=0, Dimm=0, Rank=0, Bank=6, relRow1=12
[0]Found bitflip addr[0]=0x7f62efdca000[229] 0xff->0xfe
[0]Found bitflip addr[0]=0x7f62efdca000[1970] 0xff->0xef
[0]Found bitflip addr[0]=0x7f62efdca000[4400] 0xff->0xfd
[0]Found bitflip addr[0]=0x7f62efdca000[4449] 0xff->0xef
[0]Found bitflip addr[0]=0x7f62efdca000[7493] 0xff->0xfd
Hammering 0x7f62efdca000 and 0x7f62efd8e000 -> Channel=0, Dimm=0, Rank=0, Bank=6, relRow1=13
[0]Found bitflip addr[0]=0x7f62efd6c000[3001] 0xff->0xdf
[0]Found bitflip addr[0]=0x7f62efd6c000[3403] 0xff->0xf7
[0]Found bitflip addr[0]=0x7f62efd6c000[4126] 0xff->0xdf
[0]Found bitflip addr[0]=0x7f62efd6c000[4281] 0xff->0xfe
Hammering 0x7f62efd6c000 and 0x7f62efc6e000 -> Channel=0, Dimm=0, Rank=0, Bank=6, relRow1=14
Hammering 0x7f62efd8e000 and 0x7f62efc8c000 -> Channel=0, Dimm=0, Rank=0, Bank=6, relRow1=15
Hammering 0x7f62efc6e000 and 0x7f62efcaa000 -> Channel=0, Dimm=0, Rank=0, Bank=7, relRow1=0
[0]Found bitflip addr[0]=0x7f62efc8c000[817] 0xff->0x7f
[0]Found bitflip addr[0]=0x7f62efc8c000[1044] 0xff->0xbf
[0]Found bitflip addr[0]=0x7f62efc8c000[2065] 0xff->0xfd
[0]Found bitflip addr[0]=0x7f62efc8c000[4630] 0xff->0xf7
[0]Found bitflip addr[0]=0x7f62efc8c000[6675] 0xff->0xfb
Hammering 0x7f62efc8c000 and 0x7f62efcc8000 -> Channel=0, Dimm=0, Rank=0, Bank=7, relRow1=1
[0]Found bitflip addr[0]=0x7f62efcaa000[942] 0xff->0xfd
[0]Found bitflip addr[0]=0x7f62efcaa000[1229] 0xff->0xf7
[0]Found bitflip addr[0]=0x7f62efcaa000[2044] 0xff->0xf7
[0]Found bitflip addr[0]=0x7f62efcaa000[2063] 0xff->0xbf
[0]Found bitflip addr[0]=0x7f62efcaa000[4509] 0xff->0xf7
[0]Found bitflip addr[0]=0x7f62efcaa000[5210] 0xff->0x7f
[0]Found bitflip addr[0]=0x7f62efcaa000[6314] 0xff->0x7f
Hammering 0x7f62efcaa000 and 0x7f62efce6000 -> Channel=0, Dimm=0, Rank=0, Bank=7, relRow1=2
[0]Found bitflip addr[0]=0x7f62efcc8000[624] 0xff->0xbf
[0]Found bitflip addr[0]=0x7f62efcc8000[2882] 0xff->0x7f
Hammering 0x7f62efcc8000 and 0x7f62efd04000 -> Channel=0, Dimm=0, Rank=0, Bank=7, relRow1=3
[0]Found bitflip addr[0]=0x7f62efce6000[5978] 0xff->0xfd
[0]Found bitflip addr[0]=0x7f62efce6000[6090] 0xff->0xfb
Hammering 0x7f62efce6000 and 0x7f62efd22000 -> Channel=0, Dimm=0, Rank=0, Bank=7, relRow1=4
[0]Found bitflip addr[0]=0x7f62efd04000[979] 0xff->0xef
[0]Found bitflip addr[0]=0x7f62efd04000[2881] 0xff->0xef
[0]Found bitflip addr[0]=0x7f62efd04000[3556] 0xff->0xfe
[0]Found bitflip addr[0]=0x7f62efd04000[5975] 0xff->0xfd
[0]Found bitflip addr[0]=0x7f62efd04000[7046] 0xff->0xef
[0]Found bitflip addr[0]=0x7f62efd04000[7271] 0xff->0xf7
Hammering 0x7f62efd04000 and 0x7f62efd40000 -> Channel=0, Dimm=0, Rank=0, Bank=7, relRow1=5
[0]Found bitflip addr[0]=0x7f62efd22000[474] 0xff->0xfd
[0]Found bitflip addr[0]=0x7f62efd22000[778] 0xff->0xef
[0]Found bitflip addr[0]=0x7f62efd22000[1960] 0xff->0xdf
[0]Found bitflip addr[0]=0x7f62efd22000[4041] 0xff->0xbf
[0]Found bitflip addr[0]=0x7f62efd22000[5641] 0xff->0xdf
[0]Found bitflip addr[0]=0x7f62efd22000[5966] 0xff->0xbf
[0]Found bitflip addr[0]=0x7f62efd22000[5976] 0xff->0xbf
[0]Found bitflip addr[0]=0x7f62efd22000[7743] 0xff->0xfd
Hammering 0x7f62efd22000 and 0x7f62efe22000 -> Channel=0, Dimm=0, Rank=0, Bank=7, relRow1=6
Hammering 0x7f62efd40000 and 0x7f62efe40000 -> Channel=0, Dimm=0, Rank=0, Bank=7, relRow1=7
Hammering 0x7f62efe22000 and 0x7f62efde6000 -> Channel=0, Dimm=0, Rank=0, Bank=7, relRow1=8
Hammering 0x7f62efe40000 and 0x7f62efe04000 -> Channel=0, Dimm=0, Rank=0, Bank=7, relRow1=9
Hammering 0x7f62efde6000 and 0x7f62efdaa000 -> Channel=0, Dimm=0, Rank=0, Bank=7, relRow1=10
Hammering 0x7f62efe04000 and 0x7f62efdc8000 -> Channel=0, Dimm=0, Rank=0, Bank=7, relRow1=11
Hammering 0x7f62efdaa000 and 0x7f62efd6e000 -> Channel=0, Dimm=0, Rank=0, Bank=7, relRow1=12
[0]Found bitflip addr[0]=0x7f62efdc8000[1472] 0xff->0xdf
[0]Found bitflip addr[0]=0x7f62efdc8000[1616] 0xff->0xdf
[0]Found bitflip addr[0]=0x7f62efdc8000[1632] 0xff->0xfb
[0]Found bitflip addr[0]=0x7f62efdc8000[1650] 0xff->0xef
[0]Found bitflip addr[0]=0x7f62efdc8000[4615] 0xff->0xfd
[0]Found bitflip addr[0]=0x7f62efdc8000[6277] 0xff->0xfb
Hammering 0x7f62efdc8000 and 0x7f62efd8c000 -> Channel=0, Dimm=0, Rank=0, Bank=7, relRow1=13
[0]Found bitflip addr[0]=0x7f62efd6e000[1416] 0xff->0xfe
[0]Found bitflip addr[0]=0x7f62efd6e000[2573] 0xff->0xfe
[0]Found bitflip addr[0]=0x7f62efd6e000[2857] 0xff->0xbf
Hammering 0x7f62efd6e000 and 0x7f62efc70000 -> Channel=0, Dimm=0, Rank=0, Bank=7, relRow1=14
Hammering 0x7f62efd8c000 and 0x7f62efc92000 -> Channel=0, Dimm=0, Rank=0, Bank=7, relRow1=15
Hammering 0x7f62efc70000 and 0x7f62efcb4000 -> Channel=0, Dimm=0, Rank=1, Bank=0, relRow1=0
[0]Found bitflip addr[0]=0x7f62efc92000[547] 0xff->0xf7
[0]Found bitflip addr[0]=0x7f62efc92000[3856] 0xff->0xfd
Hammering 0x7f62efc92000 and 0x7f62efcd6000 -> Channel=0, Dimm=0, Rank=1, Bank=0, relRow1=1
[0]Found bitflip addr[0]=0x7f62efcb4000[408] 0xff->0xfe
[0]Found bitflip addr[0]=0x7f62efcb4000[1897] 0xff->0xef
[0]Found bitflip addr[0]=0x7f62efcb4000[2139] 0xff->0xf7
[0]Found bitflip addr[0]=0x7f62efcb4000[5192] 0xff->0xf7
[0]Found bitflip addr[0]=0x7f62efcb4000[5961] 0xff->0xbf
[0]Found bitflip addr[0]=0x7f62efcb4000[6428] 0xff->0xfb
[0]Found bitflip addr[0]=0x7f62efcb4000[7679] 0xff->0xfb
[0]Found bitflip addr[0]=0x7f62efcb4000[8152] 0xff->0xfe
Hammering 0x7f62efcb4000 and 0x7f62efcf8000 -> Channel=0, Dimm=0, Rank=1, Bank=0, relRow1=2
[0]Found bitflip addr[0]=0x7f62efcd6000[2839] 0xff->0xfb
[0]Found bitflip addr[0]=0x7f62efcd6000[3045] 0xff->0xbf
[0]Found bitflip addr[0]=0x7f62efcd6000[4067] 0xff->0xfd
[0]Found bitflip addr[0]=0x7f62efcd6000[4946] 0xff->0xfe
[0]Found bitflip addr[0]=0x7f62efcd6000[5845] 0xff->0xbf
[0]Found bitflip addr[0]=0x7f62efcd6000[6358] 0xff->0x7f
[0]Found bitflip addr[0]=0x7f62efcd6000[7525] 0xff->0xfd
Hammering 0x7f62efcd6000 and 0x7f62efd1a000 -> Channel=0, Dimm=0, Rank=1, Bank=0, relRow1=3
[0]Found bitflip addr[0]=0x7f62efcf8000[1402] 0xff->0xfd
[0]Found bitflip addr[0]=0x7f62efcf8000[3160] 0xff->0xdf
[0]Found bitflip addr[0]=0x7f62efcf8000[4106] 0xff->0xdf
[0]Found bitflip addr[0]=0x7f62efcf8000[4957] 0xff->0xf7
[0]Found bitflip addr[0]=0x7f62efcf8000[7499] 0xff->0xbf
Hammering 0x7f62efcf8000 and 0x7f62efd3c000 -> Channel=0, Dimm=0, Rank=1, Bank=0, relRow1=4
[0]Found bitflip addr[0]=0x7f62efd1a000[727] 0xff->0x7f
[0]Found bitflip addr[0]=0x7f62efd1a000[2593] 0xff->0xdf
[0]Found bitflip addr[0]=0x7f62efd1a000[4241] 0xff->0xfe
[0]Found bitflip addr[0]=0x7f62efd1a000[6470] 0xff->0x7f
[0]Found bitflip addr[0]=0x7f62efd1a000[7699] 0xff->0xbf
Hammering 0x7f62efd1a000 and 0x7f62efd5e000 -> Channel=0, Dimm=0, Rank=1, Bank=0, relRow1=5
[0]Found bitflip addr[0]=0x7f62efd3c000[1160] 0xff->0xf7
[0]Found bitflip addr[0]=0x7f62efd3c000[2060] 0xff->0xfb
[0]Found bitflip addr[0]=0x7f62efd3c000[2172] 0xff->0xdf
[0]Found bitflip addr[0]=0x7f62efd3c000[2540] 0xff->0x7f
[0]Found bitflip addr[0]=0x7f62efd3c000[2667] 0xff->0xf7
[0]Found bitflip addr[0]=0x7f62efd3c000[7051] 0xff->0xf7
Hammering 0x7f62efd3c000 and 0x7f62efe3c000 -> Channel=0, Dimm=0, Rank=1, Bank=0, relRow1=6
Hammering 0x7f62efd5e000 and 0x7f62efe5e000 -> Channel=0, Dimm=0, Rank=1, Bank=0, relRow1=7
Hammering 0x7f62efe3c000 and 0x7f62efdf8000 -> Channel=0, Dimm=0, Rank=1, Bank=0, relRow1=8
Hammering 0x7f62efe5e000 and 0x7f62efe1a000 -> Channel=0, Dimm=0, Rank=1, Bank=0, relRow1=9
Hammering 0x7f62efdf8000 and 0x7f62efdb4000 -> Channel=0, Dimm=0, Rank=1, Bank=0, relRow1=10
Hammering 0x7f62efe1a000 and 0x7f62efdd6000 -> Channel=0, Dimm=0, Rank=1, Bank=0, relRow1=11
Hammering 0x7f62efdb4000 and 0x7f62efd70000 -> Channel=0, Dimm=0, Rank=1, Bank=0, relRow1=12
[0]Found bitflip addr[0]=0x7f62efdd6000[1953] 0xff->0xef
[0]Found bitflip addr[0]=0x7f62efdd6000[3170] 0xff->0xfb
[0]Found bitflip addr[0]=0x7f62efdd6000[4593] 0xff->0xf7
[0]Found bitflip addr[0]=0x7f62efdd6000[6820] 0xff->0x7f
[0]Found bitflip addr[0]=0x7f62efdd6000[7571] 0xff->0xfb
Hammering 0x7f62efdd6000 and 0x7f62efd92000 -> Channel=0, Dimm=0, Rank=1, Bank=0, relRow1=13
[0]Found bitflip addr[0]=0x7f62efd70000[767] 0xff->0x7f
[0]Found bitflip addr[0]=0x7f62efd70000[4584] 0xff->0xdf
[0]Found bitflip addr[0]=0x7f62efd70000[5374] 0xff->0x7f
[0]Found bitflip addr[0]=0x7f62efd70000[7725] 0xff->0xfd
Hammering 0x7f62efd70000 and 0x7f62efc72000 -> Channel=0, Dimm=0, Rank=1, Bank=0, relRow1=14
Hammering 0x7f62efd92000 and 0x7f62efc90000 -> Channel=0, Dimm=0, Rank=1, Bank=0, relRow1=15
Hammering 0x7f62efc72000 and 0x7f62efcb6000 -> Channel=0, Dimm=0, Rank=1, Bank=1, relRow1=0
[0]Found bitflip addr[0]=0x7f62efc90000[608] 0xff->0xdf
[0]Found bitflip addr[0]=0x7f62efc90000[3027] 0xff->0xf7
[0]Found bitflip addr[0]=0x7f62efc90000[3447] 0xff->0xbf
[0]Found bitflip addr[0]=0x7f62efc90000[4530] 0xff->0xbf
[0]Found bitflip addr[0]=0x7f62efc90000[5425] 0xff->0xf7
Hammering 0x7f62efc90000 and 0x7f62efcd4000 -> Channel=0, Dimm=0, Rank=1, Bank=1, relRow1=1
[0]Found bitflip addr[0]=0x7f62efcb6000[382] 0xff->0xfe
[0]Found bitflip addr[0]=0x7f62efcb6000[1535] 0xff->0xbf
[0]Found bitflip addr[0]=0x7f62efcb6000[1661] 0xff->0xfb
[0]Found bitflip addr[0]=0x7f62efcb6000[4751] 0xff->0xf7
Hammering 0x7f62efcb6000 and 0x7f62efcfa000 -> Channel=0, Dimm=0, Rank=1, Bank=1, relRow1=2
[0]Found bitflip addr[0]=0x7f62efcd4000[1796] 0xff->0xef
[0]Found bitflip addr[0]=0x7f62efcd4000[4592] 0xff->0xf7
[0]Found bitflip addr[0]=0x7f62efcd4000[7956] 0xff->0xef
Hammering 0x7f62efcd4000 and 0x7f62efd18000 -> Channel=0, Dimm=0, Rank=1, Bank=1, relRow1=3
[0]Found bitflip addr[0]=0x7f62efcfa000[1517] 0xff->0xfd
[0]Found bitflip addr[0]=0x7f62efcfa000[3051] 0xff->0x7f
[0]Found bitflip addr[0]=0x7f62efcfa000[3178] 0xff->0xbf
[0]Found bitflip addr[0]=0x7f62efcfa000[3256] 0xff->0xef
[0]Found bitflip addr[0]=0x7f62efcfa000[5224] 0xff->0xf7
[0]Found bitflip addr[0]=0x7f62efcfa000[5389] 0xff->0xbf
[0]Found bitflip addr[0]=0x7f62efcfa000[6171] 0xff->0xfd
[0]Found bitflip addr[0]=0x7f62efcfa000[6668] 0xff->0xfd
[0]Found bitflip addr[0]=0x7f62efcfa000[7229] 0xff->0xbf
Hammering 0x7f62efcfa000 and 0x7f62efd3e000 -> Channel=0, Dimm=0, Rank=1, Bank=1, relRow1=4
[0]Found bitflip addr[0]=0x7f62efd18000[3396] 0xff->0xdf
[0]Found bitflip addr[0]=0x7f62efd18000[4307] 0xff->0xbf
[0]Found bitflip addr[0]=0x7f62efd18000[5317] 0xff->0xf7
[0]Found bitflip addr[0]=0x7f62efd18000[7076] 0xff->0xbf
Hammering 0x7f62efd18000 and 0x7f62efd5c000 -> Channel=0, Dimm=0, Rank=1, Bank=1, relRow1=5
[0]Found bitflip addr[0]=0x7f62efd3e000[587] 0xff->0xfe
[0]Found bitflip addr[0]=0x7f62efd3e000[2700] 0xff->0xef
[0]Found bitflip addr[0]=0x7f62efd3e000[3370] 0xff->0xbf
[0]Found bitflip addr[0]=0x7f62efd3e000[4334] 0xff->0xdf
[0]Found bitflip addr[0]=0x7f62efd3e000[4652] 0xff->0xfd
[0]Found bitflip addr[0]=0x7f62efd3e000[5931] 0xff->0xf7
[0]Found bitflip addr[0]=0x7f62efd3e000[6552] 0xff->0xf7
Hammering 0x7f62efd3e000 and 0x7f62efe3e000 -> Channel=0, Dimm=0, Rank=1, Bank=1, relRow1=6
Hammering 0x7f62efd5c000 and 0x7f62efe5c000 -> Channel=0, Dimm=0, Rank=1, Bank=1, relRow1=7
Hammering 0x7f62efe3e000 and 0x7f62efdfa000 -> Channel=0, Dimm=0, Rank=1, Bank=1, relRow1=8
Hammering 0x7f62efe5c000 and 0x7f62efe18000 -> Channel=0, Dimm=0, Rank=1, Bank=1, relRow1=9
Hammering 0x7f62efdfa000 and 0x7f62efdb6000 -> Channel=0, Dimm=0, Rank=1, Bank=1, relRow1=10
Hammering 0x7f62efe18000 and 0x7f62efdd4000 -> Channel=0, Dimm=0, Rank=1, Bank=1, relRow1=11
Hammering 0x7f62efdb6000 and 0x7f62efd72000 -> Channel=0, Dimm=0, Rank=1, Bank=1, relRow1=12
[0]Found bitflip addr[0]=0x7f62efdd4000[1888] 0xff->0xbf
[0]Found bitflip addr[0]=0x7f62efdd4000[2386] 0xff->0xbf
[0]Found bitflip addr[0]=0x7f62efdd4000[3031] 0xff->0x7f
[0]Found bitflip addr[0]=0x7f62efdd4000[6032] 0xff->0xfb
[0]Found bitflip addr[0]=0x7f62efdd4000[7300] 0xff->0xf7
[0]Found bitflip addr[0]=0x7f62efdd4000[7776] 0xff->0xf7
[0]Found bitflip addr[0]=0x7f62efdd4000[8148] 0xff->0xfd
Hammering 0x7f62efdd4000 and 0x7f62efd90000 -> Channel=0, Dimm=0, Rank=1, Bank=1, relRow1=13
[0]Found bitflip addr[0]=0x7f62efd72000[7241] 0xff->0xfb
[0]Found bitflip addr[0]=0x7f62efd72000[7386] 0xff->0xfd
[0]Found bitflip addr[0]=0x7f62efd72000[8124] 0xff->0xdf
Hammering 0x7f62efd72000 and 0x7f62efc74000 -> Channel=0, Dimm=0, Rank=1, Bank=1, relRow1=14
Hammering 0x7f62efd90000 and 0x7f62efc96000 -> Channel=0, Dimm=0, Rank=1, Bank=1, relRow1=15
Hammering 0x7f62efc74000 and 0x7f62efcb0000 -> Channel=0, Dimm=0, Rank=1, Bank=2, relRow1=0
[0]Found bitflip addr[0]=0x7f62efc96000[2885] 0xff->0xdf
[0]Found bitflip addr[0]=0x7f62efc96000[2886] 0xff->0xf7
[0]Found bitflip addr[0]=0x7f62efc96000[4016] 0xff->0xef
[0]Found bitflip addr[0]=0x7f62efc96000[6694] 0xff->0xef
Hammering 0x7f62efc96000 and 0x7f62efcd2000 -> Channel=0, Dimm=0, Rank=1, Bank=2, relRow1=1
[0]Found bitflip addr[0]=0x7f62efcb0000[5774] 0xff->0xbf
[0]Found bitflip addr[0]=0x7f62efcb0000[5910] 0xff->0xfd
Hammering 0x7f62efcb0000 and 0x7f62efcfc000 -> Channel=0, Dimm=0, Rank=1, Bank=2, relRow1=2
[0]Found bitflip addr[0]=0x7f62efcd2000[389] 0xff->0xf7
[0]Found bitflip addr[0]=0x7f62efcd2000[736] 0xff->0xf7
[0]Found bitflip addr[0]=0x7f62efcd2000[5907] 0xff->0xf7
[0]Found bitflip addr[0]=0x7f62efcd2000[7458] 0xff->0x7f
Hammering 0x7f62efcd2000 and 0x7f62efd1e000 -> Channel=0, Dimm=0, Rank=1, Bank=2, relRow1=3
[0]Found bitflip addr[0]=0x7f62efcfc000[974] 0xff->0xfb
[0]Found bitflip addr[0]=0x7f62efcfc000[1436] 0xff->0xfb
[0]Found bitflip addr[0]=0x7f62efcfc000[1758] 0xff->0xf7
[0]Found bitflip addr[0]=0x7f62efcfc000[2184] 0xff->0xbf
[0]Found bitflip addr[0]=0x7f62efcfc000[2796] 0xff->0xfd
[0]Found bitflip addr[0]=0x7f62efcfc000[5533] 0xff->0xf7
[0]Found bitflip addr[0]=0x7f62efcfc000[6042] 0xff->0xef
[0]Found bitflip addr[0]=0x7f62efcfc000[6301] 0xff->0xfb
Hammering 0x7f62efcfc000 and 0x7f62efd38000 -> Channel=0, Dimm=0, Rank=1, Bank=2, relRow1=4
[0]Found bitflip addr[0]=0x7f62efd1e000[2114] 0xff->0xbf
[0]Found bitflip addr[0]=0x7f62efd1e000[4195] 0xff->0xf7
[0]Found bitflip addr[0]=0x7f62efd1e000[4512] 0xff->0xbf
[0]Found bitflip addr[0]=0x7f62efd1e000[6836] 0xff->0xfe
Hammering 0x7f62efd1e000 and 0x7f62efd5a000 -> Channel=0, Dimm=0, Rank=1, Bank=2, relRow1=5
[0]Found bitflip addr[0]=0x7f62efd38000[1290] 0xff->0xdf
[0]Found bitflip addr[0]=0x7f62efd38000[1742] 0xff->0xfb
[0]Found bitflip addr[0]=0x7f62efd38000[3852] 0xff->0x7f
[0]Found bitflip addr[0]=0x7f62efd38000[4349] 0xff->0xfd
[0]Found bitflip addr[0]=0x7f62efd38000[7005] 0xff->0x7f
Hammering 0x7f62efd38000 and 0x7f62efe38000 -> Channel=0, Dimm=0, Rank=1, Bank=2, relRow1=6
Hammering 0x7f62efd5a000 and 0x7f62efe5a000 -> Channel=0, Dimm=0, Rank=1, Bank=2, relRow1=7
Hammering 0x7f62efe38000 and 0x7f62efdfc000 -> Channel=0, Dimm=0, Rank=1, Bank=2, relRow1=8
Hammering 0x7f62efe5a000 and 0x7f62efe1e000 -> Channel=0, Dimm=0, Rank=1, Bank=2, relRow1=9
Hammering 0x7f62efdfc000 and 0x7f62efdb0000 -> Channel=0, Dimm=0, Rank=1, Bank=2, relRow1=10
Hammering 0x7f62efe1e000 and 0x7f62efdd2000 -> Channel=0, Dimm=0, Rank=1, Bank=2, relRow1=11
Hammering 0x7f62efdb0000 and 0x7f62efd74000 -> Channel=0, Dimm=0, Rank=1, Bank=2, relRow1=12
[0]Found bitflip addr[0]=0x7f62efdd2000[2338] 0xff->0xfe
[0]Found bitflip addr[0]=0x7f62efdd2000[2706] 0xff->0x7f
[0]Found bitflip addr[0]=0x7f62efdd2000[4368] 0xff->0xf7
[0]Found bitflip addr[0]=0x7f62efdd2000[4663] 0xff->0xdf
[0]Found bitflip addr[0]=0x7f62efdd2000[5443] 0xff->0xfe
[0]Found bitflip addr[0]=0x7f62efdd2000[6117] 0xff->0xef
[0]Found bitflip addr[0]=0x7f62efdd2000[7063] 0xff->0xfb
Hammering 0x7f62efdd2000 and 0x7f62efd96000 -> Channel=0, Dimm=0, Rank=1, Bank=2, relRow1=13
[0]Found bitflip addr[0]=0x7f62efd74000[4137] 0xff->0xfb
Hammering 0x7f62efd74000 and 0x7f62efc76000 -> Channel=0, Dimm=0, Rank=1, Bank=2, relRow1=14
Hammering 0x7f62efd96000 and 0x7f62efc94000 -> Channel=0, Dimm=0, Rank=1, Bank=2, relRow1=15
Hammering 0x7f62efc76000 and 0x7f62efcb2000 -> Channel=0, Dimm=0, Rank=1, Bank=3, relRow1=0
[0]Found bitflip addr[0]=0x7f62efc94000[1975] 0xff->0x7f
[0]Found bitflip addr[0]=0x7f62efc94000[4389] 0xff->0xfd
[0]Found bitflip addr[0]=0x7f62efc94000[5890] 0xff->0xef
Hammering 0x7f62efc94000 and 0x7f62efcd0000 -> Channel=0, Dimm=0, Rank=1, Bank=3, relRow1=1
[0]Found bitflip addr[0]=0x7f62efcb2000[492] 0xff->0x7f
[0]Found bitflip addr[0]=0x7f62efcb2000[1194] 0xff->0xfb
[0]Found bitflip addr[0]=0x7f62efcb2000[1933] 0xff->0xdf
[0]Found bitflip addr[0]=0x7f62efcb2000[3036] 0xff->0xbf
Hammering 0x7f62efcb2000 and 0x7f62efcfe000 -> Channel=0, Dimm=0, Rank=1, Bank=3, relRow1=2
[0]Found bitflip addr[0]=0x7f62efcd0000[930] 0xff->0xef
[0]Found bitflip addr[0]=0x7f62efcd0000[3766] 0xff->0xbf
Hammering 0x7f62efcd0000 and 0x7f62efd1c000 -> Channel=0, Dimm=0, Rank=1, Bank=3, relRow1=3
[0]Found bitflip addr[0]=0x7f62efcfe000[1149] 0xff->0xdf
[0]Found bitflip addr[0]=0x7f62efcfe000[1499] 0xff->0xdf
[0]Found bitflip addr[0]=0x7f62efcfe000[1800] 0xff->0xbf
[0]Found bitflip addr[0]=0x7f62efcfe000[1979] 0xff->0xdf
[0]Found bitflip addr[0]=0x7f62efcfe000[2156] 0xff->0xfd
[0]Found bitflip addr[0]=0x7f62efcfe000[3466] 0xff->0xdf
[0]Found bitflip addr[0]=0x7f62efcfe000[4734] 0xff->0xfb
[0]Found bitflip addr[0]=0x7f62efcfe000[5018] 0xff->0xfe
Hammering 0x7f62efcfe000 and 0x7f62efd3a000 -> Channel=0, Dimm=0, Rank=1, Bank=3, relRow1=4
Hammering 0x7f62efd1c000 and 0x7f62efd58000 -> Channel=0, Dimm=0, Rank=1, Bank=3, relRow1=5
[0]Found bitflip addr[0]=0x7f62efd3a000[2316] 0xff->0xbf
[0]Found bitflip addr[0]=0x7f62efd3a000[5516] 0xff->0xfe
Hammering 0x7f62efd3a000 and 0x7f62efe3a000 -> Channel=0, Dimm=0, Rank=1, Bank=3, relRow1=6
Hammering 0x7f62efd58000 and 0x7f62efe58000 -> Channel=0, Dimm=0, Rank=1, Bank=3, relRow1=7
Hammering 0x7f62efe3a000 and 0x7f62efdfe000 -> Channel=0, Dimm=0, Rank=1, Bank=3, relRow1=8
Hammering 0x7f62efe58000 and 0x7f62efe1c000 -> Channel=0, Dimm=0, Rank=1, Bank=3, relRow1=9
Hammering 0x7f62efdfe000 and 0x7f62efdb2000 -> Channel=0, Dimm=0, Rank=1, Bank=3, relRow1=10
Hammering 0x7f62efe1c000 and 0x7f62efdd0000 -> Channel=0, Dimm=0, Rank=1, Bank=3, relRow1=11
Hammering 0x7f62efdb2000 and 0x7f62efd76000 -> Channel=0, Dimm=0, Rank=1, Bank=3, relRow1=12
[0]Found bitflip addr[0]=0x7f62efdd0000[2] 0xff->0xf7
[0]Found bitflip addr[0]=0x7f62efdd0000[404] 0xff->0xf7
[0]Found bitflip addr[0]=0x7f62efdd0000[3056] 0xff->0xfe
[0]Found bitflip addr[0]=0x7f62efdd0000[4916] 0xff->0xfb
[0]Found bitflip addr[0]=0x7f62efdd0000[6228] 0xff->0xfd
Hammering 0x7f62efdd0000 and 0x7f62efd94000 -> Channel=0, Dimm=0, Rank=1, Bank=3, relRow1=13
[0]Found bitflip addr[0]=0x7f62efd76000[3576] 0xff->0xf7
[0]Found bitflip addr[0]=0x7f62efd76000[6648] 0xff->0xef
Hammering 0x7f62efd76000 and 0x7f62efc78000 -> Channel=0, Dimm=0, Rank=1, Bank=3, relRow1=14
Hammering 0x7f62efd94000 and 0x7f62efc9a000 -> Channel=0, Dimm=0, Rank=1, Bank=3, relRow1=15
Hammering 0x7f62efc78000 and 0x7f62efcbc000 -> Channel=0, Dimm=0, Rank=1, Bank=4, relRow1=0
[0]Found bitflip addr[0]=0x7f62efc9a000[2197] 0xff->0xf7
[0]Found bitflip addr[0]=0x7f62efc9a000[3395] 0xff->0xbf
[0]Found bitflip addr[0]=0x7f62efc9a000[3798] 0xff->0xfb
[0]Found bitflip addr[0]=0x7f62efc9a000[5030] 0xff->0x7f
[0]Found bitflip addr[0]=0x7f62efc9a000[6567] 0xff->0xfb
Hammering 0x7f62efc9a000 and 0x7f62efcde000 -> Channel=0, Dimm=0, Rank=1, Bank=4, relRow1=1
[0]Found bitflip addr[0]=0x7f62efcbc000[459] 0xff->0xfb
[0]Found bitflip addr[0]=0x7f62efcbc000[1003] 0xff->0xfe
[0]Found bitflip addr[0]=0x7f62efcbc000[5770] 0xff->0xfb
Hammering 0x7f62efcbc000 and 0x7f62efcf0000 -> Channel=0, Dimm=0, Rank=1, Bank=4, relRow1=2
[0]Found bitflip addr[0]=0x7f62efcde000[3554] 0xff->0xfb
[0]Found bitflip addr[0]=0x7f62efcde000[4326] 0xff->0xfe
[0]Found bitflip addr[0]=0x7f62efcde000[5334] 0xff->0xdf
Hammering 0x7f62efcde000 and 0x7f62efd12000 -> Channel=0, Dimm=0, Rank=1, Bank=4, relRow1=3
[0]Found bitflip addr[0]=0x7f62efcf0000[970] 0xff->0x7f
[0]Found bitflip addr[0]=0x7f62efcf0000[1400] 0xff->0xfd
[0]Found bitflip addr[0]=0x7f62efcf0000[1800] 0xff->0xbf
[0]Found bitflip addr[0]=0x7f62efcf0000[5819] 0xff->0xfd
[0]Found bitflip addr[0]=0x7f62efcf0000[5966] 0xff->0xef
[0]Found bitflip addr[0]=0x7f62efcf0000[6520] 0xff->0xfd
Hammering 0x7f62efcf0000 and 0x7f62efd34000 -> Channel=0, Dimm=0, Rank=1, Bank=4, relRow1=4
[0]Found bitflip addr[0]=0x7f62efd12000[416] 0xff->0xbf
[0]Found bitflip addr[0]=0x7f62efd12000[1760] 0xff->0xbf
[0]Found bitflip addr[0]=0x7f62efd12000[4272] 0xff->0xf7
Hammering 0x7f62efd12000 and 0x7f62efd56000 -> Channel=0, Dimm=0, Rank=1, Bank=4, relRow1=5
[0]Found bitflip addr[0]=0x7f62efd34000[655] 0xff->0xdf
[0]Found bitflip addr[0]=0x7f62efd34000[824] 0xff->0xfb
[0]Found bitflip addr[0]=0x7f62efd34000[1929] 0xff->0xfb
[0]Found bitflip addr[0]=0x7f62efd34000[3823] 0xff->0xfb
[0]Found bitflip addr[0]=0x7f62efd34000[6167] 0xff->0x7f
Hammering 0x7f62efd34000 and 0x7f62efe34000 -> Channel=0, Dimm=0, Rank=1, Bank=4, relRow1=6
Hammering 0x7f62efd56000 and 0x7f62efe56000 -> Channel=0, Dimm=0, Rank=1, Bank=4, relRow1=7
Hammering 0x7f62efe34000 and 0x7f62efdf0000 -> Channel=0, Dimm=0, Rank=1, Bank=4, relRow1=8
Hammering 0x7f62efe56000 and 0x7f62efe12000 -> Channel=0, Dimm=0, Rank=1, Bank=4, relRow1=9
Hammering 0x7f62efdf0000 and 0x7f62efdbc000 -> Channel=0, Dimm=0, Rank=1, Bank=4, relRow1=10
Hammering 0x7f62efe12000 and 0x7f62efdde000 -> Channel=0, Dimm=0, Rank=1, Bank=4, relRow1=11
Hammering 0x7f62efdbc000 and 0x7f62efd78000 -> Channel=0, Dimm=0, Rank=1, Bank=4, relRow1=12
[0]Found bitflip addr[0]=0x7f62efdde000[19] 0xff->0xfe
[0]Found bitflip addr[0]=0x7f62efdde000[2773] 0xff->0xf7
[0]Found bitflip addr[0]=0x7f62efdde000[3366] 0xff->0xfe
[0]Found bitflip addr[0]=0x7f62efdde000[4129] 0xff->0xdf
[0]Found bitflip addr[0]=0x7f62efdde000[4497] 0xff->0xf7
[0]Found bitflip addr[0]=0x7f62efdde000[5300] 0xff->0xbf
Hammering 0x7f62efdde000 and 0x7f62efd9a000 -> Channel=0, Dimm=0, Rank=1, Bank=4, relRow1=13
[0]Found bitflip addr[0]=0x7f62efd78000[266] 0xff->0xfd
[0]Found bitflip addr[0]=0x7f62efd78000[665] 0xff->0xf7
[0]Found bitflip addr[0]=0x7f62efd78000[1470] 0xff->0xfb
[0]Found bitflip addr[0]=0x7f62efd78000[3611] 0xff->0xdf
[0]Found bitflip addr[0]=0x7f62efd78000[7246] 0xff->0xfd
Hammering 0x7f62efd78000 and 0x7f62efc7a000 -> Channel=0, Dimm=0, Rank=1, Bank=4, relRow1=14
Hammering 0x7f62efd9a000 and 0x7f62efc98000 -> Channel=0, Dimm=0, Rank=1, Bank=4, relRow1=15
Hammering 0x7f62efc7a000 and 0x7f62efcbe000 -> Channel=0, Dimm=0, Rank=1, Bank=5, relRow1=0
[0]Found bitflip addr[0]=0x7f62efc98000[4952] 0xff->0xf7
[0]Found bitflip addr[0]=0x7f62efc98000[5568] 0xff->0xef
[0]Found bitflip addr[0]=0x7f62efc98000[5570] 0xff->0xfb
[0]Found bitflip addr[0]=0x7f62efc98000[6375] 0xff->0xf7
[0]Found bitflip addr[0]=0x7f62efc98000[6762] 0xff->0x7f
[0]Found bitflip addr[0]=0x7f62efc98000[7223] 0xff->0xf7
[0]Found bitflip addr[0]=0x7f62efc98000[7248] 0xff->0xfd
[0]Found bitflip addr[0]=0x7f62efc98000[7952] 0xff->0xdf
Hammering 0x7f62efc98000 and 0x7f62efcdc000 -> Channel=0, Dimm=0, Rank=1, Bank=5, relRow1=1
[0]Found bitflip addr[0]=0x7f62efcbe000[1307] 0xff->0xef
[0]Found bitflip addr[0]=0x7f62efcbe000[3109] 0xff->0xfb
[0]Found bitflip addr[0]=0x7f62efcbe000[3407] 0xff->0xfe
[0]Found bitflip addr[0]=0x7f62efcbe000[3896] 0xff->0xfd
[0]Found bitflip addr[0]=0x7f62efcbe000[7722] 0xff->0xef
[0]Found bitflip addr[0]=0x7f62efcbe000[7934] 0xff->0xfb
Hammering 0x7f62efcbe000 and 0x7f62efcf2000 -> Channel=0, Dimm=0, Rank=1, Bank=5, relRow1=2
[0]Found bitflip addr[0]=0x7f62efcdc000[912] 0xff->0xf7
[0]Found bitflip addr[0]=0x7f62efcdc000[1267] 0xff->0xfe
[0]Found bitflip addr[0]=0x7f62efcdc000[3792] 0xff->0xf7
[0]Found bitflip addr[0]=0x7f62efcdc000[5878] 0xff->0xfb
[0]Found bitflip addr[0]=0x7f62efcdc000[7042] 0xff->0xbf
Hammering 0x7f62efcdc000 and 0x7f62efd10000 -> Channel=0, Dimm=0, Rank=1, Bank=5, relRow1=3
[0]Found bitflip addr[0]=0x7f62efcf2000[2872] 0xff->0xfe
[0]Found bitflip addr[0]=0x7f62efcf2000[4250] 0xff->0xef
[0]Found bitflip addr[0]=0x7f62efcf2000[4905] 0xff->0xfb
[0]Found bitflip addr[0]=0x7f62efcf2000[5103] 0xff->0xdf
[0]Found bitflip addr[0]=0x7f62efcf2000[5368] 0xff->0xf7
[0]Found bitflip addr[0]=0x7f62efcf2000[6138] 0xff->0xfd
[0]Found bitflip addr[0]=0x7f62efcf2000[6541] 0xff->0xfb
[0]Found bitflip addr[0]=0x7f62efcf2000[6970] 0xff->0xf7
Hammering 0x7f62efcf2000 and 0x7f62efd36000 -> Channel=0, Dimm=0, Rank=1, Bank=5, relRow1=4
[0]Found bitflip addr[0]=0x7f62efd10000[1075] 0xff->0xef
[0]Found bitflip addr[0]=0x7f62efd10000[3655] 0xff->0xbf
[0]Found bitflip addr[0]=0x7f62efd10000[4246] 0xff->0xfd
[0]Found bitflip addr[0]=0x7f62efd10000[4402] 0xff->0xfe
[0]Found bitflip addr[0]=0x7f62efd10000[4576] 0xff->0xfe
[0]Found bitflip addr[0]=0x7f62efd10000[6165] 0xff->0xf7
[0]Found bitflip addr[0]=0x7f62efd10000[6805] 0xff->0xfb
[0]Found bitflip addr[0]=0x7f62efd10000[7572] 0xff->0xfd
Hammering 0x7f62efd10000 and 0x7f62efd54000 -> Channel=0, Dimm=0, Rank=1, Bank=5, relRow1=5
[0]Found bitflip addr[0]=0x7f62efd36000[298] 0xff->0xfb
[0]Found bitflip addr[0]=0x7f62efd36000[380] 0xff->0x7f
[0]Found bitflip addr[0]=0x7f62efd36000[796] 0xff->0xdf
[0]Found bitflip addr[0]=0x7f62efd36000[2875] 0xff->0xdf
[0]Found bitflip addr[0]=0x7f62efd36000[4846] 0xff->0xf7
[0]Found bitflip addr[0]=0x7f62efd36000[4857] 0xff->0xbf
[0]Found bitflip addr[0]=0x7f62efd36000[5305] 0xff->0xbf
[0]Found bitflip addr[0]=0x7f62efd36000[5386] 0xff->0xf7
[0]Found bitflip addr[0]=0x7f62efd36000[6440] 0xff->0xf7
Hammering 0x7f62efd36000 and 0x7f62efe36000 -> Channel=0, Dimm=0, Rank=1, Bank=5, relRow1=6
Hammering 0x7f62efd54000 and 0x7f62efe54000 -> Channel=0, Dimm=0, Rank=1, Bank=5, relRow1=7
Hammering 0x7f62efe36000 and 0x7f62efdf2000 -> Channel=0, Dimm=0, Rank=1, Bank=5, relRow1=8
Hammering 0x7f62efe54000 and 0x7f62efe10000 -> Channel=0, Dimm=0, Rank=1, Bank=5, relRow1=9
Hammering 0x7f62efdf2000 and 0x7f62efdbe000 -> Channel=0, Dimm=0, Rank=1, Bank=5, relRow1=10
Hammering 0x7f62efe10000 and 0x7f62efddc000 -> Channel=0, Dimm=0, Rank=1, Bank=5, relRow1=11
Hammering 0x7f62efdbe000 and 0x7f62efd7a000 -> Channel=0, Dimm=0, Rank=1, Bank=5, relRow1=12
[0]Found bitflip addr[0]=0x7f62efddc000[1923] 0xff->0xf7
[0]Found bitflip addr[0]=0x7f62efddc000[2197] 0xff->0xdf
[0]Found bitflip addr[0]=0x7f62efddc000[3351] 0xff->0xef
[0]Found bitflip addr[0]=0x7f62efddc000[3473] 0xff->0xdf
[0]Found bitflip addr[0]=0x7f62efddc000[5973] 0xff->0xfe
[0]Found bitflip addr[0]=0x7f62efddc000[6625] 0xff->0xdf
[0]Found bitflip addr[0]=0x7f62efddc000[7858] 0xff->0x7f
[0]Found bitflip addr[0]=0x7f62efddc000[8166] 0xff->0xfd
Hammering 0x7f62efddc000 and 0x7f62efd98000 -> Channel=0, Dimm=0, Rank=1, Bank=5, relRow1=13
[0]Found bitflip addr[0]=0x7f62efd7a000[1358] 0xff->0xfe
[0]Found bitflip addr[0]=0x7f62efd7a000[1432] 0xff->0x7f
[0]Found bitflip addr[0]=0x7f62efd7a000[2456] 0xff->0xfe
[0]Found bitflip addr[0]=0x7f62efd7a000[2777] 0xff->0xfb
[0]Found bitflip addr[0]=0x7f62efd7a000[7786] 0xff->0xfe
Hammering 0x7f62efd7a000 and 0x7f62efc7c000 -> Channel=0, Dimm=0, Rank=1, Bank=5, relRow1=14
Hammering 0x7f62efd98000 and 0x7f62efc9e000 -> Channel=0, Dimm=0, Rank=1, Bank=5, relRow1=15
Hammering 0x7f62efc7c000 and 0x7f62efcb8000 -> Channel=0, Dimm=0, Rank=1, Bank=6, relRow1=0
[0]Found bitflip addr[0]=0x7f62efc9e000[977] 0xff->0xfe
[0]Found bitflip addr[0]=0x7f62efc9e000[3810] 0xff->0xbd
[0]Found bitflip addr[0]=0x7f62efc9e000[6773] 0xff->0xfd
Hammering 0x7f62efc9e000 and 0x7f62efcda000 -> Channel=0, Dimm=0, Rank=1, Bank=6, relRow1=1
[0]Found bitflip addr[0]=0x7f62efcb8000[1244] 0xff->0x7f
[0]Found bitflip addr[0]=0x7f62efcb8000[1705] 0xff->0x7f
[0]Found bitflip addr[0]=0x7f62efcb8000[2379] 0xff->0x7f
[0]Found bitflip addr[0]=0x7f62efcb8000[2395] 0xff->0x7f
[0]Found bitflip addr[0]=0x7f62efcb8000[3354] 0xff->0xfe
[0]Found bitflip addr[0]=0x7f62efcb8000[3897] 0xff->0xfb
[0]Found bitflip addr[0]=0x7f62efcb8000[4862] 0xff->0xf7
[0]Found bitflip addr[0]=0x7f62efcb8000[5006] 0xff->0xfd
[0]Found bitflip addr[0]=0x7f62efcb8000[5198] 0xff->0xfe
[0]Found bitflip addr[0]=0x7f62efcb8000[5790] 0xff->0xfb
[0]Found bitflip addr[0]=0x7f62efcb8000[6616] 0xff->0xfb
[0]Found bitflip addr[0]=0x7f62efcb8000[6909] 0xff->0xf7
Hammering 0x7f62efcb8000 and 0x7f62efcf4000 -> Channel=0, Dimm=0, Rank=1, Bank=6, relRow1=2
[0]Found bitflip addr[0]=0x7f62efcda000[2246] 0xff->0xbf
[0]Found bitflip addr[0]=0x7f62efcda000[2739] 0xff->0xef
[0]Found bitflip addr[0]=0x7f62efcda000[3330] 0xff->0xfb
[0]Found bitflip addr[0]=0x7f62efcda000[4161] 0xff->0xfb
[0]Found bitflip addr[0]=0x7f62efcda000[7442] 0xff->0xdf
Hammering 0x7f62efcda000 and 0x7f62efd16000 -> Channel=0, Dimm=0, Rank=1, Bank=6, relRow1=3
[0]Found bitflip addr[0]=0x7f62efcf4000[2286] 0xff->0xdf
[0]Found bitflip addr[0]=0x7f62efcf4000[3038] 0xff->0xfd
[0]Found bitflip addr[0]=0x7f62efcf4000[5496] 0xff->0x7f
[0]Found bitflip addr[0]=0x7f62efcf4000[5528] 0xff->0xfb
Hammering 0x7f62efcf4000 and 0x7f62efd30000 -> Channel=0, Dimm=0, Rank=1, Bank=6, relRow1=4
[0]Found bitflip addr[0]=0x7f62efd16000[918] 0xff->0xfe
[0]Found bitflip addr[0]=0x7f62efd16000[2630] 0xff->0xfd
[0]Found bitflip addr[0]=0x7f62efd16000[4162] 0xff->0xbf
[0]Found bitflip addr[0]=0x7f62efd16000[6114] 0xff->0xbf
[0]Found bitflip addr[0]=0x7f62efd16000[6720] 0xff->0xfe
Hammering 0x7f62efd16000 and 0x7f62efd52000 -> Channel=0, Dimm=0, Rank=1, Bank=6, relRow1=5
[0]Found bitflip addr[0]=0x7f62efd30000[632] 0xff->0xbf
[0]Found bitflip addr[0]=0x7f62efd30000[859] 0xff->0xef
[0]Found bitflip addr[0]=0x7f62efd30000[1205] 0xff->0x7f
[0]Found bitflip addr[0]=0x7f62efd30000[1647] 0xff->0xdf
[0]Found bitflip addr[0]=0x7f62efd30000[2219] 0xff->0xdf
[0]Found bitflip addr[0]=0x7f62efd30000[2427] 0xff->0xfe
[0]Found bitflip addr[0]=0x7f62efd30000[5064] 0xff->0xf7
[0]Found bitflip addr[0]=0x7f62efd30000[5629] 0xff->0xf7
[0]Found bitflip addr[0]=0x7f62efd30000[5816] 0xff->0x7f
[0]Found bitflip addr[0]=0x7f62efd30000[7384] 0xff->0xef
Hammering 0x7f62efd30000 and 0x7f62efe30000 -> Channel=0, Dimm=0, Rank=1, Bank=6, relRow1=6
Hammering 0x7f62efd52000 and 0x7f62efe52000 -> Channel=0, Dimm=0, Rank=1, Bank=6, relRow1=7
Hammering 0x7f62efe30000 and 0x7f62efdf4000 -> Channel=0, Dimm=0, Rank=1, Bank=6, relRow1=8
Hammering 0x7f62efe52000 and 0x7f62efe16000 -> Channel=0, Dimm=0, Rank=1, Bank=6, relRow1=9
Hammering 0x7f62efdf4000 and 0x7f62efdb8000 -> Channel=0, Dimm=0, Rank=1, Bank=6, relRow1=10
Hammering 0x7f62efe16000 and 0x7f62efdda000 -> Channel=0, Dimm=0, Rank=1, Bank=6, relRow1=11
Hammering 0x7f62efdb8000 and 0x7f62efd7c000 -> Channel=0, Dimm=0, Rank=1, Bank=6, relRow1=12
[0]Found bitflip addr[0]=0x7f62efdda000[3859] 0xff->0xfd
[0]Found bitflip addr[0]=0x7f62efdda000[5056] 0xff->0xef
[0]Found bitflip addr[0]=0x7f62efdda000[5926] 0xff->0xfd
[0]Found bitflip addr[0]=0x7f62efdda000[6021] 0xff->0x7f
[0]Found bitflip addr[0]=0x7f62efdda000[6614] 0xff->0xf7
Hammering 0x7f62efdda000 and 0x7f62efd9e000 -> Channel=0, Dimm=0, Rank=1, Bank=6, relRow1=13
[0]Found bitflip addr[0]=0x7f62efd7c000[2634] 0xff->0xfd
[0]Found bitflip addr[0]=0x7f62efd7c000[3613] 0xff->0x7f
[0]Found bitflip addr[0]=0x7f62efd7c000[4578] 0xff->0xfd
[0]Found bitflip addr[0]=0x7f62efd7c000[7288] 0xff->0xdf
Hammering 0x7f62efd7c000 and 0x7f62efc7e000 -> Channel=0, Dimm=0, Rank=1, Bank=6, relRow1=14
Hammering 0x7f62efd9e000 and 0x7f62efc9c000 -> Channel=0, Dimm=0, Rank=1, Bank=6, relRow1=15
Hammering 0x7f62efc7e000 and 0x7f62efcba000 -> Channel=0, Dimm=0, Rank=1, Bank=7, relRow1=0
[0]Found bitflip addr[0]=0x7f62efc9c000[1557] 0xff->0x7f
[0]Found bitflip addr[0]=0x7f62efc9c000[4754] 0xff->0xfb
Hammering 0x7f62efc9c000 and 0x7f62efcd8000 -> Channel=0, Dimm=0, Rank=1, Bank=7, relRow1=1
[0]Found bitflip addr[0]=0x7f62efcba000[1401] 0xff->0xf7
[0]Found bitflip addr[0]=0x7f62efcba000[2271] 0xff->0xbf
[0]Found bitflip addr[0]=0x7f62efcba000[3613] 0xff->0xf7
[0]Found bitflip addr[0]=0x7f62efcba000[3900] 0xff->0xfe
[0]Found bitflip addr[0]=0x7f62efcba000[4602] 0xff->0xbf
[0]Found bitflip addr[0]=0x7f62efcba000[6777] 0xff->0xfd
[0]Found bitflip addr[0]=0x7f62efcba000[6862] 0xff->0xf7
[0]Found bitflip addr[0]=0x7f62efcba000[7499] 0xff->0xfe
Hammering 0x7f62efcba000 and 0x7f62efcf6000 -> Channel=0, Dimm=0, Rank=1, Bank=7, relRow1=2
[0]Found bitflip addr[0]=0x7f62efcd8000[3153] 0xff->0xdf
Hammering 0x7f62efcd8000 and 0x7f62efd14000 -> Channel=0, Dimm=0, Rank=1, Bank=7, relRow1=3
[0]Found bitflip addr[0]=0x7f62efcf6000[3208] 0xff->0xdf
[0]Found bitflip addr[0]=0x7f62efcf6000[5307] 0xff->0xfe
[0]Found bitflip addr[0]=0x7f62efcf6000[6104] 0xff->0xfe
[0]Found bitflip addr[0]=0x7f62efcf6000[7289] 0xff->0xfb
Hammering 0x7f62efcf6000 and 0x7f62efd32000 -> Channel=0, Dimm=0, Rank=1, Bank=7, relRow1=4
[0]Found bitflip addr[0]=0x7f62efd14000[528] 0xff->0xf7
[0]Found bitflip addr[0]=0x7f62efd14000[1043] 0xff->0xbf
[0]Found bitflip addr[0]=0x7f62efd14000[1441] 0xff->0xdf
[0]Found bitflip addr[0]=0x7f62efd14000[2611] 0xff->0xbf
Hammering 0x7f62efd14000 and 0x7f62efd50000 -> Channel=0, Dimm=0, Rank=1, Bank=7, relRow1=5
[0]Found bitflip addr[0]=0x7f62efd32000[25] 0xff->0xfd
[0]Found bitflip addr[0]=0x7f62efd32000[2024] 0xff->0x7f
[0]Found bitflip addr[0]=0x7f62efd32000[6574] 0xff->0xfe
[0]Found bitflip addr[0]=0x7f62efd32000[7051] 0xff->0xef
[0]Found bitflip addr[0]=0x7f62efd32000[7641] 0xff->0xf7
Hammering 0x7f62efd32000 and 0x7f62efe32000 -> Channel=0, Dimm=0, Rank=1, Bank=7, relRow1=6
Hammering 0x7f62efd50000 and 0x7f62efe50000 -> Channel=0, Dimm=0, Rank=1, Bank=7, relRow1=7
Hammering 0x7f62efe32000 and 0x7f62efdf6000 -> Channel=0, Dimm=0, Rank=1, Bank=7, relRow1=8
Hammering 0x7f62efe50000 and 0x7f62efe14000 -> Channel=0, Dimm=0, Rank=1, Bank=7, relRow1=9
Hammering 0x7f62efdf6000 and 0x7f62efdba000 -> Channel=0, Dimm=0, Rank=1, Bank=7, relRow1=10
Hammering 0x7f62efe14000 and 0x7f62efdd8000 -> Channel=0, Dimm=0, Rank=1, Bank=7, relRow1=11
Hammering 0x7f62efdba000 and 0x7f62efd7e000 -> Channel=0, Dimm=0, Rank=1, Bank=7, relRow1=12
[0]Found bitflip addr[0]=0x7f62efdd8000[224] 0xff->0xef
[0]Found bitflip addr[0]=0x7f62efdd8000[5223] 0xff->0x7f
[0]Found bitflip addr[0]=0x7f62efdd8000[6720] 0xff->0xfd
[0]Found bitflip addr[0]=0x7f62efdd8000[6886] 0xff->0xfb
Hammering 0x7f62efdd8000 and 0x7f62efd9c000 -> Channel=0, Dimm=0, Rank=1, Bank=7, relRow1=13
[0]Found bitflip addr[0]=0x7f62efd7e000[1369] 0xff->0xbf
[0]Found bitflip addr[0]=0x7f62efd7e000[5066] 0xff->0xf7
[0]Found bitflip addr[0]=0x7f62efd7e000[5244] 0xff->0x7f
[0]Found bitflip addr[0]=0x7f62efd7e000[6938] 0xff->0xfd
Total bitflips=613
