Hammering 0x7f5a8129b000 and 0x7f5a812df000 -> Channel=0, Dimm=0, Rank=0, Bank=0, relRow1=0
[0]Found bitflip addr[0]=0x7f5a812bd000[2979] 0xff->0xf7
[0]Found bitflip addr[0]=0x7f5a812bd000[4551] 0xff->0xdf
[0]Found bitflip addr[0]=0x7f5a812bd000[5030] 0xff->0xfe
[0]Found bitflip addr[0]=0x7f5a812bd000[7553] 0xff->0xdf
Hammering 0x7f5a812bd000 and 0x7f5a81301000 -> Channel=0, Dimm=0, Rank=0, Bank=0, relRow1=1
[0]Found bitflip addr[0]=0x7f5a812df000[2024] 0xff->0xfb
[0]Found bitflip addr[0]=0x7f5a812df000[4569] 0xff->0x7f
[0]Found bitflip addr[0]=0x7f5a812df000[5833] 0xff->0xfe
[0]Found bitflip addr[0]=0x7f5a812df000[8173] 0xff->0xfb
Hammering 0x7f5a812df000 and 0x7f5a81323000 -> Channel=0, Dimm=0, Rank=0, Bank=0, relRow1=2
[0]Found bitflip addr[0]=0x7f5a81301000[846] 0xff->0xfd
[0]Found bitflip addr[0]=0x7f5a81301000[1878] 0xff->0xfb
[0]Found bitflip addr[0]=0x7f5a81301000[3090] 0xff->0xfd
[0]Found bitflip addr[0]=0x7f5a81301000[5190] 0xff->0xfd
Hammering 0x7f5a81301000 and 0x7f5a81345000 -> Channel=0, Dimm=0, Rank=0, Bank=0, relRow1=3
[0]Found bitflip addr[0]=0x7f5a81323000[110] 0xff->0xdf
[0]Found bitflip addr[0]=0x7f5a81323000[5279] 0xff->0xfe
[0]Found bitflip addr[0]=0x7f5a81323000[7163] 0xff->0xbf
Hammering 0x7f5a81323000 and 0x7f5a81367000 -> Channel=0, Dimm=0, Rank=0, Bank=0, relRow1=4
[0]Found bitflip addr[0]=0x7f5a81345000[753] 0xff->0xfb
[0]Found bitflip addr[0]=0x7f5a81345000[1476] 0xff->0xfe
[0]Found bitflip addr[0]=0x7f5a81345000[2546] 0xff->0xfb
[0]Found bitflip addr[0]=0x7f5a81345000[2548] 0xff->0xdf
[0]Found bitflip addr[0]=0x7f5a81345000[3074] 0xff->0x7f
[0]Found bitflip addr[0]=0x7f5a81345000[4423] 0xff->0xfb
Hammering 0x7f5a81345000 and 0x7f5a81389000 -> Channel=0, Dimm=0, Rank=0, Bank=0, relRow1=5
[0]Found bitflip addr[0]=0x7f5a81367000[2511] 0xff->0xdf
[0]Found bitflip addr[0]=0x7f5a81367000[3113] 0xff->0xfe
[0]Found bitflip addr[0]=0x7f5a81367000[4399] 0xff->0xdf
[0]Found bitflip addr[0]=0x7f5a81367000[5179] 0xff->0xdf
Hammering 0x7f5a81367000 and 0x7f5a81467000 -> Channel=0, Dimm=0, Rank=0, Bank=0, relRow1=6
Hammering 0x7f5a81389000 and 0x7f5a81489000 -> Channel=0, Dimm=0, Rank=0, Bank=0, relRow1=7
Hammering 0x7f5a81467000 and 0x7f5a81423000 -> Channel=0, Dimm=0, Rank=0, Bank=0, relRow1=8
Hammering 0x7f5a81489000 and 0x7f5a81445000 -> Channel=0, Dimm=0, Rank=0, Bank=0, relRow1=9
Hammering 0x7f5a81423000 and 0x7f5a813df000 -> Channel=0, Dimm=0, Rank=0, Bank=0, relRow1=10
Hammering 0x7f5a81445000 and 0x7f5a81401000 -> Channel=0, Dimm=0, Rank=0, Bank=0, relRow1=11
Hammering 0x7f5a813df000 and 0x7f5a8139b000 -> Channel=0, Dimm=0, Rank=0, Bank=0, relRow1=12
Hammering 0x7f5a81401000 and 0x7f5a813bd000 -> Channel=0, Dimm=0, Rank=0, Bank=0, relRow1=13
Hammering 0x7f5a8139b000 and 0x7f5a8129d000 -> Channel=0, Dimm=0, Rank=0, Bank=0, relRow1=14
Hammering 0x7f5a813bd000 and 0x7f5a812bb000 -> Channel=0, Dimm=0, Rank=0, Bank=0, relRow1=15
Hammering 0x7f5a8129d000 and 0x7f5a812e1000 -> Channel=0, Dimm=0, Rank=0, Bank=1, relRow1=0
[0]Found bitflip addr[0]=0x7f5a812bb000[1152] 0xff->0xfe
[0]Found bitflip addr[0]=0x7f5a812bb000[3187] 0xff->0xfd
[0]Found bitflip addr[0]=0x7f5a812bb000[4223] 0xff->0x7f
[0]Found bitflip addr[0]=0x7f5a812bb000[4741] 0xff->0xfb
[0]Found bitflip addr[0]=0x7f5a812bb000[4791] 0xff->0x7f
[0]Found bitflip addr[0]=0x7f5a812bb000[6823] 0xff->0xfb
Hammering 0x7f5a812bb000 and 0x7f5a812ff000 -> Channel=0, Dimm=0, Rank=0, Bank=1, relRow1=1
[0]Found bitflip addr[0]=0x7f5a812e1000[1497] 0xff->0xfd
[0]Found bitflip addr[0]=0x7f5a812e1000[2348] 0xff->0x7f
[0]Found bitflip addr[0]=0x7f5a812e1000[3774] 0xff->0xef
[0]Found bitflip addr[0]=0x7f5a812e1000[4109] 0xff->0x7f
[0]Found bitflip addr[0]=0x7f5a812e1000[6491] 0xff->0xf7
Hammering 0x7f5a812e1000 and 0x7f5a81325000 -> Channel=0, Dimm=0, Rank=0, Bank=1, relRow1=2
[0]Found bitflip addr[0]=0x7f5a812ff000[4289] 0xff->0x7f
[0]Found bitflip addr[0]=0x7f5a812ff000[4432] 0xff->0xf7
[0]Found bitflip addr[0]=0x7f5a812ff000[5600] 0xff->0x7f
[0]Found bitflip addr[0]=0x7f5a812ff000[7345] 0xff->0xbf
Hammering 0x7f5a812ff000 and 0x7f5a81343000 -> Channel=0, Dimm=0, Rank=0, Bank=1, relRow1=3
[0]Found bitflip addr[0]=0x7f5a81325000[4282] 0xff->0xef
[0]Found bitflip addr[0]=0x7f5a81325000[6685] 0xff->0x7f
[0]Found bitflip addr[0]=0x7f5a81325000[7006] 0xff->0xfe
[0]Found bitflip addr[0]=0x7f5a81325000[8072] 0xff->0x7f
Hammering 0x7f5a81325000 and 0x7f5a81369000 -> Channel=0, Dimm=0, Rank=0, Bank=1, relRow1=4
[0]Found bitflip addr[0]=0x7f5a81343000[6451] 0xff->0xfe
Hammering 0x7f5a81343000 and 0x7f5a81387000 -> Channel=0, Dimm=0, Rank=0, Bank=1, relRow1=5
[0]Found bitflip addr[0]=0x7f5a81369000[5018] 0xff->0xfe
[0]Found bitflip addr[0]=0x7f5a81369000[5274] 0xff->0xf7
[0]Found bitflip addr[0]=0x7f5a81369000[5419] 0xff->0xef
[0]Found bitflip addr[0]=0x7f5a81369000[6266] 0xff->0x7f
[0]Found bitflip addr[0]=0x7f5a81369000[6463] 0xff->0xdf
[0]Found bitflip addr[0]=0x7f5a81369000[7564] 0xff->0x7f
Hammering 0x7f5a81369000 and 0x7f5a81469000 -> Channel=0, Dimm=0, Rank=0, Bank=1, relRow1=6
Hammering 0x7f5a81387000 and 0x7f5a81487000 -> Channel=0, Dimm=0, Rank=0, Bank=1, relRow1=7
Hammering 0x7f5a81469000 and 0x7f5a81425000 -> Channel=0, Dimm=0, Rank=0, Bank=1, relRow1=8
Hammering 0x7f5a81487000 and 0x7f5a81443000 -> Channel=0, Dimm=0, Rank=0, Bank=1, relRow1=9
Hammering 0x7f5a81425000 and 0x7f5a813e1000 -> Channel=0, Dimm=0, Rank=0, Bank=1, relRow1=10
Hammering 0x7f5a81443000 and 0x7f5a813ff000 -> Channel=0, Dimm=0, Rank=0, Bank=1, relRow1=11
Hammering 0x7f5a813e1000 and 0x7f5a8139d000 -> Channel=0, Dimm=0, Rank=0, Bank=1, relRow1=12
[0]Found bitflip addr[0]=0x7f5a813ff000[274] 0xff->0xdf
[0]Found bitflip addr[0]=0x7f5a813ff000[3988] 0xff->0x7f
Hammering 0x7f5a813ff000 and 0x7f5a813bb000 -> Channel=0, Dimm=0, Rank=0, Bank=1, relRow1=13
[0]Found bitflip addr[0]=0x7f5a8139d000[92] 0xff->0xef
[0]Found bitflip addr[0]=0x7f5a8139d000[168] 0xff->0xbf
[0]Found bitflip addr[0]=0x7f5a8139d000[797] 0xff->0xfb
[0]Found bitflip addr[0]=0x7f5a8139d000[872] 0xff->0xf7
[0]Found bitflip addr[0]=0x7f5a8139d000[1580] 0xff->0xbf
[0]Found bitflip addr[0]=0x7f5a8139d000[2991] 0xff->0xbf
[0]Found bitflip addr[0]=0x7f5a8139d000[4088] 0xff->0xfb
[0]Found bitflip addr[0]=0x7f5a8139d000[4570] 0xff->0xfb
[0]Found bitflip addr[0]=0x7f5a8139d000[5948] 0xff->0xbf
[0]Found bitflip addr[0]=0x7f5a8139d000[6671] 0xff->0x7f
[0]Found bitflip addr[0]=0x7f5a8139d000[6697] 0xff->0x7f
[0]Found bitflip addr[0]=0x7f5a8139d000[7306] 0xff->0xdf
Hammering 0x7f5a8139d000 and 0x7f5a8129f000 -> Channel=0, Dimm=0, Rank=0, Bank=1, relRow1=14
Hammering 0x7f5a813bb000 and 0x7f5a812c1000 -> Channel=0, Dimm=0, Rank=0, Bank=1, relRow1=15
Hammering 0x7f5a8129f000 and 0x7f5a812db000 -> Channel=0, Dimm=0, Rank=0, Bank=2, relRow1=0
Hammering 0x7f5a812c1000 and 0x7f5a812fd000 -> Channel=0, Dimm=0, Rank=0, Bank=2, relRow1=1
Hammering 0x7f5a812db000 and 0x7f5a81327000 -> Channel=0, Dimm=0, Rank=0, Bank=2, relRow1=2
[0]Found bitflip addr[0]=0x7f5a812fd000[1862] 0xff->0xfd
[0]Found bitflip addr[0]=0x7f5a812fd000[5571] 0xff->0xfe
[0]Found bitflip addr[0]=0x7f5a812fd000[5799] 0xff->0x7f
[0]Found bitflip addr[0]=0x7f5a812fd000[6288] 0xff->0x7f
[0]Found bitflip addr[0]=0x7f5a812fd000[6903] 0xff->0xf7
Hammering 0x7f5a812fd000 and 0x7f5a81349000 -> Channel=0, Dimm=0, Rank=0, Bank=2, relRow1=3
[0]Found bitflip addr[0]=0x7f5a81327000[1535] 0xff->0xf7
[0]Found bitflip addr[0]=0x7f5a81327000[3215] 0xff->0xbf
Hammering 0x7f5a81327000 and 0x7f5a81363000 -> Channel=0, Dimm=0, Rank=0, Bank=2, relRow1=4
[0]Found bitflip addr[0]=0x7f5a81349000[1200] 0xff->0x7f
[0]Found bitflip addr[0]=0x7f5a81349000[1799] 0xff->0xf7
[0]Found bitflip addr[0]=0x7f5a81349000[5125] 0xff->0xfe
[0]Found bitflip addr[0]=0x7f5a81349000[6132] 0xff->0xdf
[0]Found bitflip addr[0]=0x7f5a81349000[6355] 0xff->0xfd
[0]Found bitflip addr[0]=0x7f5a81349000[6502] 0xff->0xfe
[0]Found bitflip addr[0]=0x7f5a81349000[7109] 0xff->0xef
Hammering 0x7f5a81349000 and 0x7f5a81385000 -> Channel=0, Dimm=0, Rank=0, Bank=2, relRow1=5
[0]Found bitflip addr[0]=0x7f5a81363000[2059] 0xff->0xbf
Hammering 0x7f5a81363000 and 0x7f5a81463000 -> Channel=0, Dimm=0, Rank=0, Bank=2, relRow1=6
Hammering 0x7f5a81385000 and 0x7f5a81485000 -> Channel=0, Dimm=0, Rank=0, Bank=2, relRow1=7
Hammering 0x7f5a81463000 and 0x7f5a81427000 -> Channel=0, Dimm=0, Rank=0, Bank=2, relRow1=8
Hammering 0x7f5a81485000 and 0x7f5a81449000 -> Channel=0, Dimm=0, Rank=0, Bank=2, relRow1=9
Hammering 0x7f5a81427000 and 0x7f5a813db000 -> Channel=0, Dimm=0, Rank=0, Bank=2, relRow1=10
Hammering 0x7f5a81449000 and 0x7f5a813fd000 -> Channel=0, Dimm=0, Rank=0, Bank=2, relRow1=11
Hammering 0x7f5a813db000 and 0x7f5a8139f000 -> Channel=0, Dimm=0, Rank=0, Bank=2, relRow1=12
[0]Found bitflip addr[0]=0x7f5a813fd000[615] 0xff->0xdf
[0]Found bitflip addr[0]=0x7f5a813fd000[1559] 0xff->0xbf
[0]Found bitflip addr[0]=0x7f5a813fd000[2068] 0xff->0xfb
[0]Found bitflip addr[0]=0x7f5a813fd000[4039] 0xff->0xef
Hammering 0x7f5a813fd000 and 0x7f5a813c1000 -> Channel=0, Dimm=0, Rank=0, Bank=2, relRow1=13
[0]Found bitflip addr[0]=0x7f5a8139f000[3615] 0xff->0xfd
[0]Found bitflip addr[0]=0x7f5a8139f000[4203] 0xff->0x7f
[0]Found bitflip addr[0]=0x7f5a8139f000[7300] 0xff->0xf7
Hammering 0x7f5a8139f000 and 0x7f5a812a1000 -> Channel=0, Dimm=0, Rank=0, Bank=2, relRow1=14
Hammering 0x7f5a813c1000 and 0x7f5a812bf000 -> Channel=0, Dimm=0, Rank=0, Bank=2, relRow1=15
Hammering 0x7f5a812a1000 and 0x7f5a812dd000 -> Channel=0, Dimm=0, Rank=0, Bank=3, relRow1=0
[0]Found bitflip addr[0]=0x7f5a812bf000[3009] 0xff->0xf7
[0]Found bitflip addr[0]=0x7f5a812bf000[4942] 0xff->0xbf
[0]Found bitflip addr[0]=0x7f5a812bf000[5492] 0xff->0x7f
Hammering 0x7f5a812bf000 and 0x7f5a812fb000 -> Channel=0, Dimm=0, Rank=0, Bank=3, relRow1=1
[0]Found bitflip addr[0]=0x7f5a812dd000[2668] 0xff->0xef
Hammering 0x7f5a812dd000 and 0x7f5a81329000 -> Channel=0, Dimm=0, Rank=0, Bank=3, relRow1=2
[0]Found bitflip addr[0]=0x7f5a812fb000[5574] 0xff->0xef
Hammering 0x7f5a812fb000 and 0x7f5a81347000 -> Channel=0, Dimm=0, Rank=0, Bank=3, relRow1=3
[0]Found bitflip addr[0]=0x7f5a81329000[168] 0xff->0xef
[0]Found bitflip addr[0]=0x7f5a81329000[1770] 0xff->0xfe
[0]Found bitflip addr[0]=0x7f5a81329000[2174] 0xff->0xdf
[0]Found bitflip addr[0]=0x7f5a81329000[4104] 0xff->0xfe
[0]Found bitflip addr[0]=0x7f5a81329000[5932] 0xff->0xfd
[0]Found bitflip addr[0]=0x7f5a81329000[6445] 0xff->0xdf
Hammering 0x7f5a81329000 and 0x7f5a81365000 -> Channel=0, Dimm=0, Rank=0, Bank=3, relRow1=4
[0]Found bitflip addr[0]=0x7f5a81347000[3955] 0xff->0xf7
[0]Found bitflip addr[0]=0x7f5a81347000[5109] 0xff->0x7f
[0]Found bitflip addr[0]=0x7f5a81347000[5443] 0xff->0xfd
[0]Found bitflip addr[0]=0x7f5a81347000[6196] 0xff->0xfd
Hammering 0x7f5a81347000 and 0x7f5a81383000 -> Channel=0, Dimm=0, Rank=0, Bank=3, relRow1=5
[0]Found bitflip addr[0]=0x7f5a81365000[3628] 0xff->0xfd
[0]Found bitflip addr[0]=0x7f5a81365000[5483] 0xff->0xfb
[0]Found bitflip addr[0]=0x7f5a81365000[5513] 0xff->0xbf
Hammering 0x7f5a81365000 and 0x7f5a81465000 -> Channel=0, Dimm=0, Rank=0, Bank=3, relRow1=6
Hammering 0x7f5a81383000 and 0x7f5a81483000 -> Channel=0, Dimm=0, Rank=0, Bank=3, relRow1=7
Hammering 0x7f5a81465000 and 0x7f5a81429000 -> Channel=0, Dimm=0, Rank=0, Bank=3, relRow1=8
Hammering 0x7f5a81483000 and 0x7f5a81447000 -> Channel=0, Dimm=0, Rank=0, Bank=3, relRow1=9
Hammering 0x7f5a81429000 and 0x7f5a813dd000 -> Channel=0, Dimm=0, Rank=0, Bank=3, relRow1=10
Hammering 0x7f5a81447000 and 0x7f5a813fb000 -> Channel=0, Dimm=0, Rank=0, Bank=3, relRow1=11
Hammering 0x7f5a813dd000 and 0x7f5a813a1000 -> Channel=0, Dimm=0, Rank=0, Bank=3, relRow1=12
[0]Found bitflip addr[0]=0x7f5a813fb000[4594] 0xff->0xef
[0]Found bitflip addr[0]=0x7f5a813fb000[5637] 0xff->0x7f
[0]Found bitflip addr[0]=0x7f5a813fb000[6580] 0xff->0xfd
[0]Found bitflip addr[0]=0x7f5a813fb000[7700] 0xff->0xf7
Hammering 0x7f5a813fb000 and 0x7f5a813bf000 -> Channel=0, Dimm=0, Rank=0, Bank=3, relRow1=13
[0]Found bitflip addr[0]=0x7f5a813a1000[939] 0xff->0xfd
[0]Found bitflip addr[0]=0x7f5a813a1000[7162] 0xff->0xdf
Hammering 0x7f5a813a1000 and 0x7f5a812a3000 -> Channel=0, Dimm=0, Rank=0, Bank=3, relRow1=14
Hammering 0x7f5a813bf000 and 0x7f5a812c5000 -> Channel=0, Dimm=0, Rank=0, Bank=3, relRow1=15
Hammering 0x7f5a812a3000 and 0x7f5a812e7000 -> Channel=0, Dimm=0, Rank=0, Bank=4, relRow1=0
[0]Found bitflip addr[0]=0x7f5a812c5000[1859] 0xff->0xbf
[0]Found bitflip addr[0]=0x7f5a812c5000[2391] 0xff->0xef
[0]Found bitflip addr[0]=0x7f5a812c5000[3876] 0xff->0xf7
Hammering 0x7f5a812c5000 and 0x7f5a81309000 -> Channel=0, Dimm=0, Rank=0, Bank=4, relRow1=1
[0]Found bitflip addr[0]=0x7f5a812e7000[1133] 0xff->0xfb
[0]Found bitflip addr[0]=0x7f5a812e7000[1182] 0xff->0xfb
Hammering 0x7f5a812e7000 and 0x7f5a8131b000 -> Channel=0, Dimm=0, Rank=0, Bank=4, relRow1=2
[0]Found bitflip addr[0]=0x7f5a81309000[4595] 0xff->0xef
[0]Found bitflip addr[0]=0x7f5a81309000[6864] 0xff->0xbf
Hammering 0x7f5a81309000 and 0x7f5a8133d000 -> Channel=0, Dimm=0, Rank=0, Bank=4, relRow1=3
[0]Found bitflip addr[0]=0x7f5a8131b000[2278] 0xff->0xf7
[0]Found bitflip addr[0]=0x7f5a8131b000[2586] 0xff->0xfd
[0]Found bitflip addr[0]=0x7f5a8131b000[2857] 0xff->0xbf
[0]Found bitflip addr[0]=0x7f5a8131b000[3418] 0xff->0x7f
[0]Found bitflip addr[0]=0x7f5a8131b000[3676] 0xff->0xf7
[0]Found bitflip addr[0]=0x7f5a8131b000[4456] 0xff->0x7f
[0]Found bitflip addr[0]=0x7f5a8131b000[5803] 0xff->0xfb
[0]Found bitflip addr[0]=0x7f5a8131b000[5928] 0xff->0x7f
[0]Found bitflip addr[0]=0x7f5a8131b000[6366] 0xff->0x7f
[0]Found bitflip addr[0]=0x7f5a8131b000[6572] 0xff->0xdf
[0]Found bitflip addr[0]=0x7f5a8131b000[7338] 0xff->0xbf
[0]Found bitflip addr[0]=0x7f5a8131b000[7871] 0xff->0xbf
Hammering 0x7f5a8131b000 and 0x7f5a8135f000 -> Channel=0, Dimm=0, Rank=0, Bank=4, relRow1=4
[0]Found bitflip addr[0]=0x7f5a8133d000[1379] 0xff->0xdf
[0]Found bitflip addr[0]=0x7f5a8133d000[1763] 0xff->0xbf
[0]Found bitflip addr[0]=0x7f5a8133d000[4115] 0xff->0x7f
Hammering 0x7f5a8133d000 and 0x7f5a81381000 -> Channel=0, Dimm=0, Rank=0, Bank=4, relRow1=5
[0]Found bitflip addr[0]=0x7f5a8135f000[1513] 0xff->0xfb
[0]Found bitflip addr[0]=0x7f5a8135f000[3326] 0xff->0xef
[0]Found bitflip addr[0]=0x7f5a8135f000[5192] 0xff->0xfe
Hammering 0x7f5a8135f000 and 0x7f5a8145f000 -> Channel=0, Dimm=0, Rank=0, Bank=4, relRow1=6
Hammering 0x7f5a81381000 and 0x7f5a81481000 -> Channel=0, Dimm=0, Rank=0, Bank=4, relRow1=7
Hammering 0x7f5a8145f000 and 0x7f5a8141b000 -> Channel=0, Dimm=0, Rank=0, Bank=4, relRow1=8
Hammering 0x7f5a81481000 and 0x7f5a8143d000 -> Channel=0, Dimm=0, Rank=0, Bank=4, relRow1=9
Hammering 0x7f5a8141b000 and 0x7f5a813e7000 -> Channel=0, Dimm=0, Rank=0, Bank=4, relRow1=10
Hammering 0x7f5a8143d000 and 0x7f5a81409000 -> Channel=0, Dimm=0, Rank=0, Bank=4, relRow1=11
Hammering 0x7f5a813e7000 and 0x7f5a813a3000 -> Channel=0, Dimm=0, Rank=0, Bank=4, relRow1=12
Hammering 0x7f5a81409000 and 0x7f5a813c5000 -> Channel=0, Dimm=0, Rank=0, Bank=4, relRow1=13
Hammering 0x7f5a813a3000 and 0x7f5a812a5000 -> Channel=0, Dimm=0, Rank=0, Bank=4, relRow1=14
Hammering 0x7f5a813c5000 and 0x7f5a812c3000 -> Channel=0, Dimm=0, Rank=0, Bank=4, relRow1=15
Hammering 0x7f5a812a5000 and 0x7f5a812e9000 -> Channel=0, Dimm=0, Rank=0, Bank=5, relRow1=0
[0]Found bitflip addr[0]=0x7f5a812c3000[3250] 0xff->0xef
[0]Found bitflip addr[0]=0x7f5a812c3000[4832] 0xff->0xdf
[0]Found bitflip addr[0]=0x7f5a812c3000[6069] 0xff->0xfb
Hammering 0x7f5a812c3000 and 0x7f5a81307000 -> Channel=0, Dimm=0, Rank=0, Bank=5, relRow1=1
[0]Found bitflip addr[0]=0x7f5a812e9000[2282] 0xff->0xf7
[0]Found bitflip addr[0]=0x7f5a812e9000[3551] 0xff->0xef
[0]Found bitflip addr[0]=0x7f5a812e9000[6395] 0xff->0xfd
Hammering 0x7f5a812e9000 and 0x7f5a8131d000 -> Channel=0, Dimm=0, Rank=0, Bank=5, relRow1=2
[0]Found bitflip addr[0]=0x7f5a81307000[1412] 0xff->0x7f
[0]Found bitflip addr[0]=0x7f5a81307000[1889] 0xff->0xfd
[0]Found bitflip addr[0]=0x7f5a81307000[7895] 0xff->0xbf
Hammering 0x7f5a81307000 and 0x7f5a8133b000 -> Channel=0, Dimm=0, Rank=0, Bank=5, relRow1=3
[0]Found bitflip addr[0]=0x7f5a8131d000[520] 0xff->0xfe
[0]Found bitflip addr[0]=0x7f5a8131d000[1240] 0xff->0xbf
[0]Found bitflip addr[0]=0x7f5a8131d000[1722] 0xff->0xbf
[0]Found bitflip addr[0]=0x7f5a8131d000[2971] 0xff->0xbf
[0]Found bitflip addr[0]=0x7f5a8131d000[4505] 0xff->0xfb
[0]Found bitflip addr[0]=0x7f5a8131d000[5864] 0xff->0xbf
[0]Found bitflip addr[0]=0x7f5a8131d000[5934] 0xff->0xdf
Hammering 0x7f5a8131d000 and 0x7f5a81361000 -> Channel=0, Dimm=0, Rank=0, Bank=5, relRow1=4
Hammering 0x7f5a8133b000 and 0x7f5a8137f000 -> Channel=0, Dimm=0, Rank=0, Bank=5, relRow1=5
[0]Found bitflip addr[0]=0x7f5a81361000[1066] 0xff->0xbf
[0]Found bitflip addr[0]=0x7f5a81361000[2971] 0xff->0xfd
[0]Found bitflip addr[0]=0x7f5a81361000[3472] 0xff->0xfb
[0]Found bitflip addr[0]=0x7f5a81361000[3518] 0xff->0xbf
[0]Found bitflip addr[0]=0x7f5a81361000[4270] 0xff->0xfd
[0]Found bitflip addr[0]=0x7f5a81361000[4318] 0xff->0xfb
[0]Found bitflip addr[0]=0x7f5a81361000[7752] 0xff->0xfe
[0]Found bitflip addr[0]=0x7f5a81361000[7835] 0xff->0xbf
[0]Found bitflip addr[0]=0x7f5a81361000[8028] 0xff->0xef
Hammering 0x7f5a81361000 and 0x7f5a81461000 -> Channel=0, Dimm=0, Rank=0, Bank=5, relRow1=6
Hammering 0x7f5a8137f000 and 0x7f5a8147f000 -> Channel=0, Dimm=0, Rank=0, Bank=5, relRow1=7
Hammering 0x7f5a81461000 and 0x7f5a8141d000 -> Channel=0, Dimm=0, Rank=0, Bank=5, relRow1=8
Hammering 0x7f5a8147f000 and 0x7f5a8143b000 -> Channel=0, Dimm=0, Rank=0, Bank=5, relRow1=9
Hammering 0x7f5a8141d000 and 0x7f5a813e9000 -> Channel=0, Dimm=0, Rank=0, Bank=5, relRow1=10
Hammering 0x7f5a8143b000 and 0x7f5a81407000 -> Channel=0, Dimm=0, Rank=0, Bank=5, relRow1=11
Hammering 0x7f5a813e9000 and 0x7f5a813a5000 -> Channel=0, Dimm=0, Rank=0, Bank=5, relRow1=12
Hammering 0x7f5a81407000 and 0x7f5a813c3000 -> Channel=0, Dimm=0, Rank=0, Bank=5, relRow1=13
Hammering 0x7f5a813a5000 and 0x7f5a812a7000 -> Channel=0, Dimm=0, Rank=0, Bank=5, relRow1=14
Hammering 0x7f5a813c3000 and 0x7f5a812c9000 -> Channel=0, Dimm=0, Rank=0, Bank=5, relRow1=15
Hammering 0x7f5a812a7000 and 0x7f5a812e3000 -> Channel=0, Dimm=0, Rank=0, Bank=6, relRow1=0
[0]Found bitflip addr[0]=0x7f5a812c9000[662] 0xff->0xef
[0]Found bitflip addr[0]=0x7f5a812c9000[1285] 0xff->0xbf
[0]Found bitflip addr[0]=0x7f5a812c9000[1299] 0xff->0xfd
[0]Found bitflip addr[0]=0x7f5a812c9000[4710] 0xff->0xfb
[0]Found bitflip addr[0]=0x7f5a812c9000[7349] 0xff->0xfb
Hammering 0x7f5a812c9000 and 0x7f5a81305000 -> Channel=0, Dimm=0, Rank=0, Bank=6, relRow1=1
[0]Found bitflip addr[0]=0x7f5a812e3000[1228] 0xff->0xfe
[0]Found bitflip addr[0]=0x7f5a812e3000[2285] 0xff->0xdf
[0]Found bitflip addr[0]=0x7f5a812e3000[2410] 0xff->0xfd
[0]Found bitflip addr[0]=0x7f5a812e3000[3547] 0xff->0xdf
[0]Found bitflip addr[0]=0x7f5a812e3000[4232] 0xff->0x7f
[0]Found bitflip addr[0]=0x7f5a812e3000[6303] 0xff->0xdf
Hammering 0x7f5a812e3000 and 0x7f5a8131f000 -> Channel=0, Dimm=0, Rank=0, Bank=6, relRow1=2
[0]Found bitflip addr[0]=0x7f5a81305000[2498] 0xff->0xef
[0]Found bitflip addr[0]=0x7f5a81305000[4081] 0xff->0xfd
[0]Found bitflip addr[0]=0x7f5a81305000[4503] 0xff->0xfd
[0]Found bitflip addr[0]=0x7f5a81305000[5123] 0xff->0xdf
[0]Found bitflip addr[0]=0x7f5a81305000[6162] 0xff->0xf7
[0]Found bitflip addr[0]=0x7f5a81305000[6165] 0xff->0xbf
Hammering 0x7f5a81305000 and 0x7f5a81341000 -> Channel=0, Dimm=0, Rank=0, Bank=6, relRow1=3
[0]Found bitflip addr[0]=0x7f5a8131f000[666] 0xff->0xfd
[0]Found bitflip addr[0]=0x7f5a8131f000[3162] 0xff->0xfd
[0]Found bitflip addr[0]=0x7f5a8131f000[3865] 0xff->0xbf
[0]Found bitflip addr[0]=0x7f5a8131f000[5144] 0xff->0xf7
Hammering 0x7f5a8131f000 and 0x7f5a8135b000 -> Channel=0, Dimm=0, Rank=0, Bank=6, relRow1=4
[0]Found bitflip addr[0]=0x7f5a81341000[2326] 0xff->0xfe
[0]Found bitflip addr[0]=0x7f5a81341000[2839] 0xff->0xfb
[0]Found bitflip addr[0]=0x7f5a81341000[4787] 0xff->0xfe
[0]Found bitflip addr[0]=0x7f5a81341000[4788] 0xff->0xfe
[0]Found bitflip addr[0]=0x7f5a81341000[5412] 0xff->0xf7
Hammering 0x7f5a81341000 and 0x7f5a8137d000 -> Channel=0, Dimm=0, Rank=0, Bank=6, relRow1=5
[0]Found bitflip addr[0]=0x7f5a8135b000[765] 0xff->0xfd
[0]Found bitflip addr[0]=0x7f5a8135b000[1297] 0xff->0xbf
[0]Found bitflip addr[0]=0x7f5a8135b000[1514] 0xff->0xdf
[0]Found bitflip addr[0]=0x7f5a8135b000[1562] 0xff->0xfe
[0]Found bitflip addr[0]=0x7f5a8135b000[1592] 0xff->0xfd
[0]Found bitflip addr[0]=0x7f5a8135b000[3864] 0xff->0xfe
[0]Found bitflip addr[0]=0x7f5a8135b000[4157] 0xff->0xfb
[0]Found bitflip addr[0]=0x7f5a8135b000[4541] 0xff->0xbf
[0]Found bitflip addr[0]=0x7f5a8135b000[5672] 0xff->0xbf
[0]Found bitflip addr[0]=0x7f5a8135b000[6042] 0xff->0xfe
Hammering 0x7f5a8135b000 and 0x7f5a8145b000 -> Channel=0, Dimm=0, Rank=0, Bank=6, relRow1=6
Hammering 0x7f5a8137d000 and 0x7f5a8147d000 -> Channel=0, Dimm=0, Rank=0, Bank=6, relRow1=7
Hammering 0x7f5a8145b000 and 0x7f5a8141f000 -> Channel=0, Dimm=0, Rank=0, Bank=6, relRow1=8
Hammering 0x7f5a8147d000 and 0x7f5a81441000 -> Channel=0, Dimm=0, Rank=0, Bank=6, relRow1=9
Hammering 0x7f5a8141f000 and 0x7f5a813e3000 -> Channel=0, Dimm=0, Rank=0, Bank=6, relRow1=10
Hammering 0x7f5a81441000 and 0x7f5a81405000 -> Channel=0, Dimm=0, Rank=0, Bank=6, relRow1=11
Hammering 0x7f5a813e3000 and 0x7f5a813a7000 -> Channel=0, Dimm=0, Rank=0, Bank=6, relRow1=12
Hammering 0x7f5a81405000 and 0x7f5a813c9000 -> Channel=0, Dimm=0, Rank=0, Bank=6, relRow1=13
Hammering 0x7f5a813a7000 and 0x7f5a812a9000 -> Channel=0, Dimm=0, Rank=0, Bank=6, relRow1=14
Hammering 0x7f5a813c9000 and 0x7f5a812c7000 -> Channel=0, Dimm=0, Rank=0, Bank=6, relRow1=15
Hammering 0x7f5a812a9000 and 0x7f5a812e5000 -> Channel=0, Dimm=0, Rank=0, Bank=7, relRow1=0
[0]Found bitflip addr[0]=0x7f5a812c7000[1122] 0xff->0xfe
[0]Found bitflip addr[0]=0x7f5a812c7000[1281] 0xff->0xef
[0]Found bitflip addr[0]=0x7f5a812c7000[1664] 0xff->0xf7
[0]Found bitflip addr[0]=0x7f5a812c7000[2784] 0xff->0xef
[0]Found bitflip addr[0]=0x7f5a812c7000[8112] 0xff->0xdf
Hammering 0x7f5a812c7000 and 0x7f5a81303000 -> Channel=0, Dimm=0, Rank=0, Bank=7, relRow1=1
[0]Found bitflip addr[0]=0x7f5a812e5000[1295] 0xff->0xfd
[0]Found bitflip addr[0]=0x7f5a812e5000[4637] 0xff->0xdf
[0]Found bitflip addr[0]=0x7f5a812e5000[5082] 0xff->0xfd
Hammering 0x7f5a812e5000 and 0x7f5a81321000 -> Channel=0, Dimm=0, Rank=0, Bank=7, relRow1=2
[0]Found bitflip addr[0]=0x7f5a81303000[115] 0xff->0xfe
[0]Found bitflip addr[0]=0x7f5a81303000[885] 0xff->0x7f
[0]Found bitflip addr[0]=0x7f5a81303000[1939] 0xff->0xfd
[0]Found bitflip addr[0]=0x7f5a81303000[5600] 0xff->0xf7
[0]Found bitflip addr[0]=0x7f5a81303000[5618] 0xff->0xbf
[0]Found bitflip addr[0]=0x7f5a81303000[7698] 0xff->0xfb
Hammering 0x7f5a81303000 and 0x7f5a8133f000 -> Channel=0, Dimm=0, Rank=0, Bank=7, relRow1=3
[0]Found bitflip addr[0]=0x7f5a81321000[473] 0xff->0xdf
[0]Found bitflip addr[0]=0x7f5a81321000[744] 0xff->0xfd
[0]Found bitflip addr[0]=0x7f5a81321000[5274] 0xff->0xef
Hammering 0x7f5a81321000 and 0x7f5a8135d000 -> Channel=0, Dimm=0, Rank=0, Bank=7, relRow1=4
[0]Found bitflip addr[0]=0x7f5a8133f000[2258] 0xff->0xfe
[0]Found bitflip addr[0]=0x7f5a8133f000[4438] 0xff->0xdf
[0]Found bitflip addr[0]=0x7f5a8133f000[6003] 0xff->0xef
[0]Found bitflip addr[0]=0x7f5a8133f000[6369] 0xff->0xfd
Hammering 0x7f5a8133f000 and 0x7f5a8137b000 -> Channel=0, Dimm=0, Rank=0, Bank=7, relRow1=5
[0]Found bitflip addr[0]=0x7f5a8135d000[139] 0xff->0xf7
[0]Found bitflip addr[0]=0x7f5a8135d000[266] 0xff->0xbf
[0]Found bitflip addr[0]=0x7f5a8135d000[1295] 0xff->0xfd
[0]Found bitflip addr[0]=0x7f5a8135d000[1711] 0xff->0xfd
[0]Found bitflip addr[0]=0x7f5a8135d000[1851] 0xff->0xfb
[0]Found bitflip addr[0]=0x7f5a8135d000[3917] 0xff->0xf7
[0]Found bitflip addr[0]=0x7f5a8135d000[5816] 0xff->0xfb
Hammering 0x7f5a8135d000 and 0x7f5a8145d000 -> Channel=0, Dimm=0, Rank=0, Bank=7, relRow1=6
Hammering 0x7f5a8137b000 and 0x7f5a8147b000 -> Channel=0, Dimm=0, Rank=0, Bank=7, relRow1=7
Hammering 0x7f5a8145d000 and 0x7f5a81421000 -> Channel=0, Dimm=0, Rank=0, Bank=7, relRow1=8
Hammering 0x7f5a8147b000 and 0x7f5a8143f000 -> Channel=0, Dimm=0, Rank=0, Bank=7, relRow1=9
Hammering 0x7f5a81421000 and 0x7f5a813e5000 -> Channel=0, Dimm=0, Rank=0, Bank=7, relRow1=10
Hammering 0x7f5a8143f000 and 0x7f5a81403000 -> Channel=0, Dimm=0, Rank=0, Bank=7, relRow1=11
Hammering 0x7f5a813e5000 and 0x7f5a813a9000 -> Channel=0, Dimm=0, Rank=0, Bank=7, relRow1=12
Hammering 0x7f5a81403000 and 0x7f5a813c7000 -> Channel=0, Dimm=0, Rank=0, Bank=7, relRow1=13
Hammering 0x7f5a813a9000 and 0x7f5a812ab000 -> Channel=0, Dimm=0, Rank=0, Bank=7, relRow1=14
Hammering 0x7f5a813c7000 and 0x7f5a812cd000 -> Channel=0, Dimm=0, Rank=0, Bank=7, relRow1=15
Hammering 0x7f5a812ab000 and 0x7f5a812ef000 -> Channel=0, Dimm=0, Rank=1, Bank=0, relRow1=0
Hammering 0x7f5a812cd000 and 0x7f5a81311000 -> Channel=0, Dimm=0, Rank=1, Bank=0, relRow1=1
Hammering 0x7f5a812ef000 and 0x7f5a81333000 -> Channel=0, Dimm=0, Rank=1, Bank=0, relRow1=2
Hammering 0x7f5a81311000 and 0x7f5a81355000 -> Channel=0, Dimm=0, Rank=1, Bank=0, relRow1=3
Hammering 0x7f5a81333000 and 0x7f5a81377000 -> Channel=0, Dimm=0, Rank=1, Bank=0, relRow1=4
Hammering 0x7f5a81355000 and 0x7f5a81399000 -> Channel=0, Dimm=0, Rank=1, Bank=0, relRow1=5
Hammering 0x7f5a81377000 and 0x7f5a81477000 -> Channel=0, Dimm=0, Rank=1, Bank=0, relRow1=6
Hammering 0x7f5a81399000 and 0x7f5a81499000 -> Channel=0, Dimm=0, Rank=1, Bank=0, relRow1=7
Hammering 0x7f5a81477000 and 0x7f5a81433000 -> Channel=0, Dimm=0, Rank=1, Bank=0, relRow1=8
Hammering 0x7f5a81499000 and 0x7f5a81455000 -> Channel=0, Dimm=0, Rank=1, Bank=0, relRow1=9
Hammering 0x7f5a81433000 and 0x7f5a813ef000 -> Channel=0, Dimm=0, Rank=1, Bank=0, relRow1=10
Hammering 0x7f5a81455000 and 0x7f5a81411000 -> Channel=0, Dimm=0, Rank=1, Bank=0, relRow1=11
Hammering 0x7f5a813ef000 and 0x7f5a813ab000 -> Channel=0, Dimm=0, Rank=1, Bank=0, relRow1=12
Hammering 0x7f5a81411000 and 0x7f5a813cd000 -> Channel=0, Dimm=0, Rank=1, Bank=0, relRow1=13
Hammering 0x7f5a813ab000 and 0x7f5a812ad000 -> Channel=0, Dimm=0, Rank=1, Bank=0, relRow1=14
Hammering 0x7f5a813cd000 and 0x7f5a812cb000 -> Channel=0, Dimm=0, Rank=1, Bank=0, relRow1=15
Hammering 0x7f5a812ad000 and 0x7f5a812f1000 -> Channel=0, Dimm=0, Rank=1, Bank=1, relRow1=0
Hammering 0x7f5a812cb000 and 0x7f5a8130f000 -> Channel=0, Dimm=0, Rank=1, Bank=1, relRow1=1
Hammering 0x7f5a812f1000 and 0x7f5a81335000 -> Channel=0, Dimm=0, Rank=1, Bank=1, relRow1=2
Hammering 0x7f5a8130f000 and 0x7f5a81353000 -> Channel=0, Dimm=0, Rank=1, Bank=1, relRow1=3
Hammering 0x7f5a81335000 and 0x7f5a81379000 -> Channel=0, Dimm=0, Rank=1, Bank=1, relRow1=4
Hammering 0x7f5a81353000 and 0x7f5a81397000 -> Channel=0, Dimm=0, Rank=1, Bank=1, relRow1=5
Hammering 0x7f5a81379000 and 0x7f5a81479000 -> Channel=0, Dimm=0, Rank=1, Bank=1, relRow1=6
Hammering 0x7f5a81397000 and 0x7f5a81497000 -> Channel=0, Dimm=0, Rank=1, Bank=1, relRow1=7
Hammering 0x7f5a81479000 and 0x7f5a81435000 -> Channel=0, Dimm=0, Rank=1, Bank=1, relRow1=8
Hammering 0x7f5a81497000 and 0x7f5a81453000 -> Channel=0, Dimm=0, Rank=1, Bank=1, relRow1=9
Hammering 0x7f5a81435000 and 0x7f5a813f1000 -> Channel=0, Dimm=0, Rank=1, Bank=1, relRow1=10
Hammering 0x7f5a81453000 and 0x7f5a8140f000 -> Channel=0, Dimm=0, Rank=1, Bank=1, relRow1=11
Hammering 0x7f5a813f1000 and 0x7f5a813ad000 -> Channel=0, Dimm=0, Rank=1, Bank=1, relRow1=12
Hammering 0x7f5a8140f000 and 0x7f5a813cb000 -> Channel=0, Dimm=0, Rank=1, Bank=1, relRow1=13
Hammering 0x7f5a813ad000 and 0x7f5a812af000 -> Channel=0, Dimm=0, Rank=1, Bank=1, relRow1=14
Hammering 0x7f5a813cb000 and 0x7f5a812d1000 -> Channel=0, Dimm=0, Rank=1, Bank=1, relRow1=15
Hammering 0x7f5a812af000 and 0x7f5a812eb000 -> Channel=0, Dimm=0, Rank=1, Bank=2, relRow1=0
Hammering 0x7f5a812d1000 and 0x7f5a8130d000 -> Channel=0, Dimm=0, Rank=1, Bank=2, relRow1=1
Hammering 0x7f5a812eb000 and 0x7f5a81337000 -> Channel=0, Dimm=0, Rank=1, Bank=2, relRow1=2
Hammering 0x7f5a8130d000 and 0x7f5a81359000 -> Channel=0, Dimm=0, Rank=1, Bank=2, relRow1=3
Hammering 0x7f5a81337000 and 0x7f5a81373000 -> Channel=0, Dimm=0, Rank=1, Bank=2, relRow1=4
Hammering 0x7f5a81359000 and 0x7f5a81395000 -> Channel=0, Dimm=0, Rank=1, Bank=2, relRow1=5
Hammering 0x7f5a81373000 and 0x7f5a81473000 -> Channel=0, Dimm=0, Rank=1, Bank=2, relRow1=6
Hammering 0x7f5a81395000 and 0x7f5a81495000 -> Channel=0, Dimm=0, Rank=1, Bank=2, relRow1=7
Hammering 0x7f5a81473000 and 0x7f5a81437000 -> Channel=0, Dimm=0, Rank=1, Bank=2, relRow1=8
Hammering 0x7f5a81495000 and 0x7f5a81459000 -> Channel=0, Dimm=0, Rank=1, Bank=2, relRow1=9
Hammering 0x7f5a81437000 and 0x7f5a813eb000 -> Channel=0, Dimm=0, Rank=1, Bank=2, relRow1=10
Hammering 0x7f5a81459000 and 0x7f5a8140d000 -> Channel=0, Dimm=0, Rank=1, Bank=2, relRow1=11
Hammering 0x7f5a813eb000 and 0x7f5a813af000 -> Channel=0, Dimm=0, Rank=1, Bank=2, relRow1=12
Hammering 0x7f5a8140d000 and 0x7f5a813d1000 -> Channel=0, Dimm=0, Rank=1, Bank=2, relRow1=13
Hammering 0x7f5a813af000 and 0x7f5a812b1000 -> Channel=0, Dimm=0, Rank=1, Bank=2, relRow1=14
Hammering 0x7f5a813d1000 and 0x7f5a812cf000 -> Channel=0, Dimm=0, Rank=1, Bank=2, relRow1=15
Hammering 0x7f5a812b1000 and 0x7f5a812ed000 -> Channel=0, Dimm=0, Rank=1, Bank=3, relRow1=0
Hammering 0x7f5a812cf000 and 0x7f5a8130b000 -> Channel=0, Dimm=0, Rank=1, Bank=3, relRow1=1
Hammering 0x7f5a812ed000 and 0x7f5a81339000 -> Channel=0, Dimm=0, Rank=1, Bank=3, relRow1=2
Hammering 0x7f5a8130b000 and 0x7f5a81357000 -> Channel=0, Dimm=0, Rank=1, Bank=3, relRow1=3
Hammering 0x7f5a81339000 and 0x7f5a81375000 -> Channel=0, Dimm=0, Rank=1, Bank=3, relRow1=4
Hammering 0x7f5a81357000 and 0x7f5a81393000 -> Channel=0, Dimm=0, Rank=1, Bank=3, relRow1=5
Hammering 0x7f5a81375000 and 0x7f5a81475000 -> Channel=0, Dimm=0, Rank=1, Bank=3, relRow1=6
Hammering 0x7f5a81393000 and 0x7f5a81493000 -> Channel=0, Dimm=0, Rank=1, Bank=3, relRow1=7
Hammering 0x7f5a81475000 and 0x7f5a81439000 -> Channel=0, Dimm=0, Rank=1, Bank=3, relRow1=8
Hammering 0x7f5a81493000 and 0x7f5a81457000 -> Channel=0, Dimm=0, Rank=1, Bank=3, relRow1=9
Hammering 0x7f5a81439000 and 0x7f5a813ed000 -> Channel=0, Dimm=0, Rank=1, Bank=3, relRow1=10
Hammering 0x7f5a81457000 and 0x7f5a8140b000 -> Channel=0, Dimm=0, Rank=1, Bank=3, relRow1=11
Hammering 0x7f5a813ed000 and 0x7f5a813b1000 -> Channel=0, Dimm=0, Rank=1, Bank=3, relRow1=12
Hammering 0x7f5a8140b000 and 0x7f5a813cf000 -> Channel=0, Dimm=0, Rank=1, Bank=3, relRow1=13
Hammering 0x7f5a813b1000 and 0x7f5a812b3000 -> Channel=0, Dimm=0, Rank=1, Bank=3, relRow1=14
Hammering 0x7f5a813cf000 and 0x7f5a812d5000 -> Channel=0, Dimm=0, Rank=1, Bank=3, relRow1=15
Hammering 0x7f5a812b3000 and 0x7f5a812f7000 -> Channel=0, Dimm=0, Rank=1, Bank=4, relRow1=0
Hammering 0x7f5a812d5000 and 0x7f5a81319000 -> Channel=0, Dimm=0, Rank=1, Bank=4, relRow1=1
Hammering 0x7f5a812f7000 and 0x7f5a8132b000 -> Channel=0, Dimm=0, Rank=1, Bank=4, relRow1=2
Hammering 0x7f5a81319000 and 0x7f5a8134d000 -> Channel=0, Dimm=0, Rank=1, Bank=4, relRow1=3
Hammering 0x7f5a8132b000 and 0x7f5a8136f000 -> Channel=0, Dimm=0, Rank=1, Bank=4, relRow1=4
Hammering 0x7f5a8134d000 and 0x7f5a81391000 -> Channel=0, Dimm=0, Rank=1, Bank=4, relRow1=5
Hammering 0x7f5a8136f000 and 0x7f5a8146f000 -> Channel=0, Dimm=0, Rank=1, Bank=4, relRow1=6
Hammering 0x7f5a81391000 and 0x7f5a81491000 -> Channel=0, Dimm=0, Rank=1, Bank=4, relRow1=7
Hammering 0x7f5a8146f000 and 0x7f5a8142b000 -> Channel=0, Dimm=0, Rank=1, Bank=4, relRow1=8
Hammering 0x7f5a81491000 and 0x7f5a8144d000 -> Channel=0, Dimm=0, Rank=1, Bank=4, relRow1=9
Hammering 0x7f5a8142b000 and 0x7f5a813f7000 -> Channel=0, Dimm=0, Rank=1, Bank=4, relRow1=10
Hammering 0x7f5a8144d000 and 0x7f5a81419000 -> Channel=0, Dimm=0, Rank=1, Bank=4, relRow1=11
Hammering 0x7f5a813f7000 and 0x7f5a813b3000 -> Channel=0, Dimm=0, Rank=1, Bank=4, relRow1=12
Hammering 0x7f5a81419000 and 0x7f5a813d5000 -> Channel=0, Dimm=0, Rank=1, Bank=4, relRow1=13
Hammering 0x7f5a813b3000 and 0x7f5a812b5000 -> Channel=0, Dimm=0, Rank=1, Bank=4, relRow1=14
Hammering 0x7f5a813d5000 and 0x7f5a812d3000 -> Channel=0, Dimm=0, Rank=1, Bank=4, relRow1=15
Hammering 0x7f5a812b5000 and 0x7f5a812f9000 -> Channel=0, Dimm=0, Rank=1, Bank=5, relRow1=0
Hammering 0x7f5a812d3000 and 0x7f5a81317000 -> Channel=0, Dimm=0, Rank=1, Bank=5, relRow1=1
Hammering 0x7f5a812f9000 and 0x7f5a8132d000 -> Channel=0, Dimm=0, Rank=1, Bank=5, relRow1=2
Hammering 0x7f5a81317000 and 0x7f5a8134b000 -> Channel=0, Dimm=0, Rank=1, Bank=5, relRow1=3
Hammering 0x7f5a8132d000 and 0x7f5a81371000 -> Channel=0, Dimm=0, Rank=1, Bank=5, relRow1=4
Hammering 0x7f5a8134b000 and 0x7f5a8138f000 -> Channel=0, Dimm=0, Rank=1, Bank=5, relRow1=5
Hammering 0x7f5a81371000 and 0x7f5a81471000 -> Channel=0, Dimm=0, Rank=1, Bank=5, relRow1=6
Hammering 0x7f5a8138f000 and 0x7f5a8148f000 -> Channel=0, Dimm=0, Rank=1, Bank=5, relRow1=7
Hammering 0x7f5a81471000 and 0x7f5a8142d000 -> Channel=0, Dimm=0, Rank=1, Bank=5, relRow1=8
Hammering 0x7f5a8148f000 and 0x7f5a8144b000 -> Channel=0, Dimm=0, Rank=1, Bank=5, relRow1=9
Hammering 0x7f5a8142d000 and 0x7f5a813f9000 -> Channel=0, Dimm=0, Rank=1, Bank=5, relRow1=10
Hammering 0x7f5a8144b000 and 0x7f5a81417000 -> Channel=0, Dimm=0, Rank=1, Bank=5, relRow1=11
Hammering 0x7f5a813f9000 and 0x7f5a813b5000 -> Channel=0, Dimm=0, Rank=1, Bank=5, relRow1=12
Hammering 0x7f5a81417000 and 0x7f5a813d3000 -> Channel=0, Dimm=0, Rank=1, Bank=5, relRow1=13
Hammering 0x7f5a813b5000 and 0x7f5a812b7000 -> Channel=0, Dimm=0, Rank=1, Bank=5, relRow1=14
Hammering 0x7f5a813d3000 and 0x7f5a812d9000 -> Channel=0, Dimm=0, Rank=1, Bank=5, relRow1=15
Hammering 0x7f5a812b7000 and 0x7f5a812f3000 -> Channel=0, Dimm=0, Rank=1, Bank=6, relRow1=0
Hammering 0x7f5a812d9000 and 0x7f5a81315000 -> Channel=0, Dimm=0, Rank=1, Bank=6, relRow1=1
Hammering 0x7f5a812f3000 and 0x7f5a8132f000 -> Channel=0, Dimm=0, Rank=1, Bank=6, relRow1=2
Hammering 0x7f5a81315000 and 0x7f5a81351000 -> Channel=0, Dimm=0, Rank=1, Bank=6, relRow1=3
Hammering 0x7f5a8132f000 and 0x7f5a8136b000 -> Channel=0, Dimm=0, Rank=1, Bank=6, relRow1=4
Hammering 0x7f5a81351000 and 0x7f5a8138d000 -> Channel=0, Dimm=0, Rank=1, Bank=6, relRow1=5
Hammering 0x7f5a8136b000 and 0x7f5a8146b000 -> Channel=0, Dimm=0, Rank=1, Bank=6, relRow1=6
Hammering 0x7f5a8138d000 and 0x7f5a8148d000 -> Channel=0, Dimm=0, Rank=1, Bank=6, relRow1=7
Hammering 0x7f5a8146b000 and 0x7f5a8142f000 -> Channel=0, Dimm=0, Rank=1, Bank=6, relRow1=8
Hammering 0x7f5a8148d000 and 0x7f5a81451000 -> Channel=0, Dimm=0, Rank=1, Bank=6, relRow1=9
Hammering 0x7f5a8142f000 and 0x7f5a813f3000 -> Channel=0, Dimm=0, Rank=1, Bank=6, relRow1=10
Hammering 0x7f5a81451000 and 0x7f5a81415000 -> Channel=0, Dimm=0, Rank=1, Bank=6, relRow1=11
Hammering 0x7f5a813f3000 and 0x7f5a813b7000 -> Channel=0, Dimm=0, Rank=1, Bank=6, relRow1=12
Hammering 0x7f5a81415000 and 0x7f5a813d9000 -> Channel=0, Dimm=0, Rank=1, Bank=6, relRow1=13
Hammering 0x7f5a813b7000 and 0x7f5a812b9000 -> Channel=0, Dimm=0, Rank=1, Bank=6, relRow1=14
Hammering 0x7f5a813d9000 and 0x7f5a812d7000 -> Channel=0, Dimm=0, Rank=1, Bank=6, relRow1=15
Hammering 0x7f5a812b9000 and 0x7f5a812f5000 -> Channel=0, Dimm=0, Rank=1, Bank=7, relRow1=0
Hammering 0x7f5a812d7000 and 0x7f5a81313000 -> Channel=0, Dimm=0, Rank=1, Bank=7, relRow1=1
Hammering 0x7f5a812f5000 and 0x7f5a81331000 -> Channel=0, Dimm=0, Rank=1, Bank=7, relRow1=2
Hammering 0x7f5a81313000 and 0x7f5a8134f000 -> Channel=0, Dimm=0, Rank=1, Bank=7, relRow1=3
Hammering 0x7f5a81331000 and 0x7f5a8136d000 -> Channel=0, Dimm=0, Rank=1, Bank=7, relRow1=4
Hammering 0x7f5a8134f000 and 0x7f5a8138b000 -> Channel=0, Dimm=0, Rank=1, Bank=7, relRow1=5
Hammering 0x7f5a8136d000 and 0x7f5a8146d000 -> Channel=0, Dimm=0, Rank=1, Bank=7, relRow1=6
Hammering 0x7f5a8138b000 and 0x7f5a8148b000 -> Channel=0, Dimm=0, Rank=1, Bank=7, relRow1=7
Hammering 0x7f5a8146d000 and 0x7f5a81431000 -> Channel=0, Dimm=0, Rank=1, Bank=7, relRow1=8
Hammering 0x7f5a8148b000 and 0x7f5a8144f000 -> Channel=0, Dimm=0, Rank=1, Bank=7, relRow1=9
Hammering 0x7f5a81431000 and 0x7f5a813f5000 -> Channel=0, Dimm=0, Rank=1, Bank=7, relRow1=10
Hammering 0x7f5a8144f000 and 0x7f5a81413000 -> Channel=0, Dimm=0, Rank=1, Bank=7, relRow1=11
Hammering 0x7f5a813f5000 and 0x7f5a813b9000 -> Channel=0, Dimm=0, Rank=1, Bank=7, relRow1=12
Hammering 0x7f5a81413000 and 0x7f5a813d7000 -> Channel=0, Dimm=0, Rank=1, Bank=7, relRow1=13
Total bitflips=225
